<?xml version="1.0" encoding="utf-8"?>
<test-run id="2" testcasecount="133" result="Failed(Child)" total="133" passed="59" failed="74" inconclusive="0" skipped="0" asserts="0" engine-version="3.5.0.0" clr-version="4.0.30319.42000" start-time="2020-12-18 15:49:52Z" end-time="2020-12-18 15:50:03Z" duration="10,4885463">
  <test-suite type="TestSuite" id="1000" name="2020WS.UnityPP" fullname="2020WS.UnityPP" runstate="Runnable" testcasecount="133" result="Failed" site="Child" start-time="2020-12-18 15:49:52Z" end-time="2020-12-18 15:50:03Z" duration="10.488546" total="133" passed="59" failed="74" inconclusive="0" skipped="0" asserts="0">
    <properties />
    <failure>
      <message><![CDATA[One or more child tests had errors]]></message>
    </failure>
    <test-suite type="Assembly" id="1156" name="Tests.dll" fullname="C:/Unity/workspace/2020WS.UnityPP.Ann-droids/Library/ScriptAssemblies/Tests.dll" runstate="Runnable" testcasecount="132" result="Failed" site="Child" start-time="2020-12-18 15:49:52Z" end-time="2020-12-18 15:50:03Z" duration="10.307666" total="132" passed="58" failed="74" inconclusive="0" skipped="0" asserts="0">
      <properties>
        <property name="_PID" value="12860" />
        <property name="_APPDOMAIN" value="Unity Child Domain" />
        <property name="platform" value="PlayMode" />
      </properties>
      <failure>
        <message><![CDATA[One or more child tests had errors]]></message>
      </failure>
      <test-suite type="TestSuite" id="1157" name="Tests" fullname="Tests" runstate="Runnable" testcasecount="132" result="Failed" site="Child" start-time="2020-12-18 15:49:52Z" end-time="2020-12-18 15:50:03Z" duration="10.155056" total="132" passed="58" failed="74" inconclusive="0" skipped="0" asserts="0">
        <properties />
        <failure>
          <message><![CDATA[One or more child tests had errors]]></message>
        </failure>
        <test-suite type="TestFixture" id="1001" name="Testat01" fullname="Tests.Testat01" classname="Tests.Testat01" runstate="Runnable" testcasecount="4" result="Passed" start-time="2020-12-18 15:49:52Z" end-time="2020-12-18 15:49:53Z" duration="0.121102" total="4" passed="4" failed="0" inconclusive="0" skipped="0" asserts="0">
          <properties />
          <test-case id="1003" name="T01_GitInitialized" fullname="Tests.Testat01.T01_GitInitialized" methodname="T01_GitInitialized" classname="Tests.Testat01" runstate="Runnable" seed="1262927057" result="Passed" start-time="2020-12-18 15:49:52Z" end-time="2020-12-18 15:49:52Z" duration="0.026678" asserts="0">
            <properties />
          </test-case>
          <test-case id="1002" name="T02_TestUnityVersion" fullname="Tests.Testat01.T02_TestUnityVersion" methodname="T02_TestUnityVersion" classname="Tests.Testat01" runstate="Runnable" seed="1518906654" result="Passed" start-time="2020-12-18 15:49:52Z" end-time="2020-12-18 15:49:52Z" duration="0.009222" asserts="0">
            <properties />
          </test-case>
          <test-case id="1004" name="T03a_SceneExists" fullname="Tests.Testat01.T03a_SceneExists" methodname="T03a_SceneExists" classname="Tests.Testat01" runstate="Runnable" seed="2021801473" result="Passed" start-time="2020-12-18 15:49:52Z" end-time="2020-12-18 15:49:52Z" duration="0.001542" asserts="0">
            <properties />
          </test-case>
          <test-case id="1005" name="T03b_HelloWorldLog" fullname="Tests.Testat01.T03b_HelloWorldLog" methodname="T03b_HelloWorldLog" classname="Tests.Testat01" runstate="Runnable" seed="557291897" result="Passed" start-time="2020-12-18 15:49:52Z" end-time="2020-12-18 15:49:53Z" duration="0.049115" asserts="0">
            <properties>
              <property name="_JOINTYPE" value="UnityCombinatorial" />
            </properties>
            <output><![CDATA[Hallo Welt!
]]></output>
          </test-case>
        </test-suite>
        <test-suite type="TestFixture" id="1006" name="Testat02" fullname="Tests.Testat02" classname="Tests.Testat02" runstate="Runnable" testcasecount="62" result="Failed" site="Child" start-time="2020-12-18 15:49:53Z" end-time="2020-12-18 15:49:57Z" duration="4.357789" total="62" passed="6" failed="56" inconclusive="0" skipped="0" asserts="0">
          <properties />
          <failure>
            <message><![CDATA[One or more child tests had errors]]></message>
          </failure>
          <test-suite type="ParameterizedMethod" id="1009" name="T01_GitFiles" fullname="Tests.Testat02.T01_GitFiles" classname="Tests.Testat02" runstate="Runnable" testcasecount="2" result="Passed" start-time="2020-12-18 15:49:53Z" end-time="2020-12-18 15:49:53Z" duration="0.004847" total="2" passed="2" failed="0" inconclusive="0" skipped="0" asserts="0">
            <properties />
            <test-case id="1007" name="T01_GitFiles(&quot;./.gitignore&quot;)" fullname="Tests.Testat02.T01_GitFiles(&quot;./.gitignore&quot;)" methodname="T01_GitFiles" classname="Tests.Testat02" runstate="Runnable" seed="520586270" result="Passed" start-time="2020-12-18 15:49:53Z" end-time="2020-12-18 15:49:53Z" duration="0.001598" asserts="0">
              <properties />
            </test-case>
            <test-case id="1008" name="T01_GitFiles(&quot;./.gitattributes&quot;)" fullname="Tests.Testat02.T01_GitFiles(&quot;./.gitattributes&quot;)" methodname="T01_GitFiles" classname="Tests.Testat02" runstate="Runnable" seed="1327385976" result="Passed" start-time="2020-12-18 15:49:53Z" end-time="2020-12-18 15:49:53Z" duration="0.000935" asserts="0">
              <properties />
            </test-case>
          </test-suite>
          <test-case id="1010" name="T02_EmailAddress" fullname="Tests.Testat02.T02_EmailAddress" methodname="T02_EmailAddress" classname="Tests.Testat02" runstate="Runnable" seed="1547908280" result="Passed" start-time="2020-12-18 15:49:53Z" end-time="2020-12-18 15:49:53Z" duration="0.001443" asserts="0">
            <properties />
          </test-case>
          <test-case id="1011" name="T03a_SceneExists" fullname="Tests.Testat02.T03a_SceneExists" methodname="T03a_SceneExists" classname="Tests.Testat02" runstate="Runnable" seed="337634111" result="Passed" start-time="2020-12-18 15:49:53Z" end-time="2020-12-18 15:49:53Z" duration="0.001203" asserts="0">
            <properties />
          </test-case>
          <test-case id="1012" name="T03b_AvatarExists" fullname="Tests.Testat02.T03b_AvatarExists" methodname="T03b_AvatarExists" classname="Tests.Testat02" runstate="Runnable" seed="1545124687" result="Passed" start-time="2020-12-18 15:49:53Z" end-time="2020-12-18 15:49:53Z" duration="0.050342" asserts="0">
            <properties>
              <property name="_JOINTYPE" value="UnityCombinatorial" />
            </properties>
          </test-case>
          <test-suite type="ParameterizedMethod" id="1021" name="T03c_AvatarInput" fullname="Tests.Testat02.T03c_AvatarInput" classname="Tests.Testat02" runstate="Runnable" testcasecount="8" result="Failed" site="Child" start-time="2020-12-18 15:49:53Z" end-time="2020-12-18 15:49:53Z" duration="0.323399" total="8" passed="0" failed="8" inconclusive="0" skipped="0" asserts="0">
            <properties>
              <property name="_JOINTYPE" value="UnityCombinatorial" />
            </properties>
            <failure>
              <message><![CDATA[One or more child tests had errors]]></message>
            </failure>
            <test-case id="1013" name="T03c_AvatarInput(upArrow)" fullname="Tests.Testat02.T03c_AvatarInput(upArrow)" methodname="T03c_AvatarInput" classname="Tests.Testat02" runstate="Runnable" seed="1746388904" result="Failed" start-time="2020-12-18 15:49:53Z" end-time="2020-12-18 15:49:53Z" duration="0.048217" asserts="0">
              <properties />
              <failure>
                <message><![CDATA[  Must not move avatar when no input is happening.
  Expected: (0.0, 0.0, 0.0)
  But was:  (-1.6, -3.8, -2.0)
]]></message>
                <stack-trace><![CDATA[at Tests.Testat02+<T03c_AvatarInput>d__15.MoveNext () [0x000d6] in C:\Unity\workspace\2020WS.UnityPP.Ann-droids\Assets\Tests\Testat02.cs:122
at UnityEngine.TestTools.TestEnumerator+<Execute>d__6.MoveNext () [0x0004c] in C:\Unity\workspace\2020WS.UnityPP.Ann-droids\Library\PackageCache\com.unity.test-framework@1.1.18\UnityEngine.TestRunner\NUnitExtensions\Attributes\TestEnumerator.cs:36
]]></stack-trace>
              </failure>
            </test-case>
            <test-case id="1014" name="T03c_AvatarInput(downArrow)" fullname="Tests.Testat02.T03c_AvatarInput(downArrow)" methodname="T03c_AvatarInput" classname="Tests.Testat02" runstate="Runnable" seed="612474423" result="Failed" start-time="2020-12-18 15:49:53Z" end-time="2020-12-18 15:49:53Z" duration="0.029175" asserts="0">
              <properties />
              <failure>
                <message><![CDATA[  Must not move avatar when no input is happening.
  Expected: (0.0, 0.0, 0.0)
  But was:  (-1.6, -3.8, -2.0)
]]></message>
                <stack-trace><![CDATA[at Tests.Testat02+<T03c_AvatarInput>d__15.MoveNext () [0x000d6] in C:\Unity\workspace\2020WS.UnityPP.Ann-droids\Assets\Tests\Testat02.cs:122
at UnityEngine.TestTools.TestEnumerator+<Execute>d__6.MoveNext () [0x0004c] in C:\Unity\workspace\2020WS.UnityPP.Ann-droids\Library\PackageCache\com.unity.test-framework@1.1.18\UnityEngine.TestRunner\NUnitExtensions\Attributes\TestEnumerator.cs:36
]]></stack-trace>
              </failure>
            </test-case>
            <test-case id="1015" name="T03c_AvatarInput(leftArrow)" fullname="Tests.Testat02.T03c_AvatarInput(leftArrow)" methodname="T03c_AvatarInput" classname="Tests.Testat02" runstate="Runnable" seed="63064787" result="Failed" start-time="2020-12-18 15:49:53Z" end-time="2020-12-18 15:49:53Z" duration="0.038284" asserts="0">
              <properties />
              <failure>
                <message><![CDATA[  Must not move avatar when no input is happening.
  Expected: (0.0, 0.0, 0.0)
  But was:  (-1.6, -3.8, -2.0)
]]></message>
                <stack-trace><![CDATA[at Tests.Testat02+<T03c_AvatarInput>d__15.MoveNext () [0x000d6] in C:\Unity\workspace\2020WS.UnityPP.Ann-droids\Assets\Tests\Testat02.cs:122
at UnityEngine.TestTools.TestEnumerator+<Execute>d__6.MoveNext () [0x0004c] in C:\Unity\workspace\2020WS.UnityPP.Ann-droids\Library\PackageCache\com.unity.test-framework@1.1.18\UnityEngine.TestRunner\NUnitExtensions\Attributes\TestEnumerator.cs:36
]]></stack-trace>
              </failure>
            </test-case>
            <test-case id="1016" name="T03c_AvatarInput(rightArrow)" fullname="Tests.Testat02.T03c_AvatarInput(rightArrow)" methodname="T03c_AvatarInput" classname="Tests.Testat02" runstate="Runnable" seed="1666114489" result="Failed" start-time="2020-12-18 15:49:53Z" end-time="2020-12-18 15:49:53Z" duration="0.038769" asserts="0">
              <properties />
              <failure>
                <message><![CDATA[  Must not move avatar when no input is happening.
  Expected: (0.0, 0.0, 0.0)
  But was:  (-1.6, -3.8, -2.0)
]]></message>
                <stack-trace><![CDATA[at Tests.Testat02+<T03c_AvatarInput>d__15.MoveNext () [0x000d6] in C:\Unity\workspace\2020WS.UnityPP.Ann-droids\Assets\Tests\Testat02.cs:122
at UnityEngine.TestTools.TestEnumerator+<Execute>d__6.MoveNext () [0x0004c] in C:\Unity\workspace\2020WS.UnityPP.Ann-droids\Library\PackageCache\com.unity.test-framework@1.1.18\UnityEngine.TestRunner\NUnitExtensions\Attributes\TestEnumerator.cs:36
]]></stack-trace>
              </failure>
            </test-case>
            <test-case id="1017" name="T03c_AvatarInput(upArrow+rightArrow)" fullname="Tests.Testat02.T03c_AvatarInput(upArrow+rightArrow)" methodname="T03c_AvatarInput" classname="Tests.Testat02" runstate="Runnable" seed="1769939154" result="Failed" start-time="2020-12-18 15:49:53Z" end-time="2020-12-18 15:49:53Z" duration="0.038845" asserts="0">
              <properties />
              <failure>
                <message><![CDATA[  Must not move avatar when no input is happening.
  Expected: (0.0, 0.0, 0.0)
  But was:  (-1.6, -3.8, -2.0)
]]></message>
                <stack-trace><![CDATA[at Tests.Testat02+<T03c_AvatarInput>d__15.MoveNext () [0x000d6] in C:\Unity\workspace\2020WS.UnityPP.Ann-droids\Assets\Tests\Testat02.cs:122
at UnityEngine.TestTools.TestEnumerator+<Execute>d__6.MoveNext () [0x0004c] in C:\Unity\workspace\2020WS.UnityPP.Ann-droids\Library\PackageCache\com.unity.test-framework@1.1.18\UnityEngine.TestRunner\NUnitExtensions\Attributes\TestEnumerator.cs:36
]]></stack-trace>
              </failure>
            </test-case>
            <test-case id="1018" name="T03c_AvatarInput(downArrow+rightArrow)" fullname="Tests.Testat02.T03c_AvatarInput(downArrow+rightArrow)" methodname="T03c_AvatarInput" classname="Tests.Testat02" runstate="Runnable" seed="598951175" result="Failed" start-time="2020-12-18 15:49:53Z" end-time="2020-12-18 15:49:53Z" duration="0.038077" asserts="0">
              <properties />
              <failure>
                <message><![CDATA[  Must not move avatar when no input is happening.
  Expected: (0.0, 0.0, 0.0)
  But was:  (-1.6, -3.8, -2.0)
]]></message>
                <stack-trace><![CDATA[at Tests.Testat02+<T03c_AvatarInput>d__15.MoveNext () [0x000d6] in C:\Unity\workspace\2020WS.UnityPP.Ann-droids\Assets\Tests\Testat02.cs:122
at UnityEngine.TestTools.TestEnumerator+<Execute>d__6.MoveNext () [0x0004c] in C:\Unity\workspace\2020WS.UnityPP.Ann-droids\Library\PackageCache\com.unity.test-framework@1.1.18\UnityEngine.TestRunner\NUnitExtensions\Attributes\TestEnumerator.cs:36
]]></stack-trace>
              </failure>
            </test-case>
            <test-case id="1019" name="T03c_AvatarInput(upArrow+leftArrow)" fullname="Tests.Testat02.T03c_AvatarInput(upArrow+leftArrow)" methodname="T03c_AvatarInput" classname="Tests.Testat02" runstate="Runnable" seed="1387258088" result="Failed" start-time="2020-12-18 15:49:53Z" end-time="2020-12-18 15:49:53Z" duration="0.038950" asserts="0">
              <properties />
              <failure>
                <message><![CDATA[  Must not move avatar when no input is happening.
  Expected: (0.0, 0.0, 0.0)
  But was:  (-1.6, -3.8, -2.0)
]]></message>
                <stack-trace><![CDATA[at Tests.Testat02+<T03c_AvatarInput>d__15.MoveNext () [0x000d6] in C:\Unity\workspace\2020WS.UnityPP.Ann-droids\Assets\Tests\Testat02.cs:122
at UnityEngine.TestTools.TestEnumerator+<Execute>d__6.MoveNext () [0x0004c] in C:\Unity\workspace\2020WS.UnityPP.Ann-droids\Library\PackageCache\com.unity.test-framework@1.1.18\UnityEngine.TestRunner\NUnitExtensions\Attributes\TestEnumerator.cs:36
]]></stack-trace>
              </failure>
            </test-case>
            <test-case id="1020" name="T03c_AvatarInput(downArrow+leftArrow)" fullname="Tests.Testat02.T03c_AvatarInput(downArrow+leftArrow)" methodname="T03c_AvatarInput" classname="Tests.Testat02" runstate="Runnable" seed="2020413913" result="Failed" start-time="2020-12-18 15:49:53Z" end-time="2020-12-18 15:49:53Z" duration="0.038296" asserts="0">
              <properties />
              <failure>
                <message><![CDATA[  Must not move avatar when no input is happening.
  Expected: (0.0, 0.0, 0.0)
  But was:  (-1.6, -3.8, -2.0)
]]></message>
                <stack-trace><![CDATA[at Tests.Testat02+<T03c_AvatarInput>d__15.MoveNext () [0x000d6] in C:\Unity\workspace\2020WS.UnityPP.Ann-droids\Assets\Tests\Testat02.cs:122
at UnityEngine.TestTools.TestEnumerator+<Execute>d__6.MoveNext () [0x0004c] in C:\Unity\workspace\2020WS.UnityPP.Ann-droids\Library\PackageCache\com.unity.test-framework@1.1.18\UnityEngine.TestRunner\NUnitExtensions\Attributes\TestEnumerator.cs:36
]]></stack-trace>
              </failure>
            </test-case>
          </test-suite>
          <test-case id="1022" name="T04a_AvatarSpeedFieldExists" fullname="Tests.Testat02.T04a_AvatarSpeedFieldExists" methodname="T04a_AvatarSpeedFieldExists" classname="Tests.Testat02" runstate="Runnable" seed="965547621" result="Passed" start-time="2020-12-18 15:49:53Z" end-time="2020-12-18 15:49:53Z" duration="0.009253" asserts="0">
            <properties>
              <property name="_JOINTYPE" value="UnityCombinatorial" />
            </properties>
          </test-case>
          <test-suite type="ParameterizedMethod" id="1071" name="T04b_AvatarSpeedFieldWorks" fullname="Tests.Testat02.T04b_AvatarSpeedFieldWorks" classname="Tests.Testat02" runstate="Runnable" testcasecount="48" result="Failed" site="Child" start-time="2020-12-18 15:49:53Z" end-time="2020-12-18 15:49:57Z" duration="3.879948" total="48" passed="0" failed="48" inconclusive="0" skipped="0" asserts="0">
            <properties>
              <property name="_JOINTYPE" value="UnityCombinatorial" />
            </properties>
            <failure>
              <message><![CDATA[One or more child tests had errors]]></message>
            </failure>
            <test-case id="1023" name="T04b_AvatarSpeedFieldWorks(upArrow,0.0f,0)" fullname="Tests.Testat02.T04b_AvatarSpeedFieldWorks(upArrow,0.0f,0)" methodname="T04b_AvatarSpeedFieldWorks" classname="Tests.Testat02" runstate="Runnable" seed="378086399" result="Failed" start-time="2020-12-18 15:49:53Z" end-time="2020-12-18 15:49:53Z" duration="0.063238" asserts="0">
              <properties />
              <failure>
                <message><![CDATA[  With input upArrow, speed 0m/s and waiting 0 FixedUpdate frames, avatar should have arrived at position (0.0, 0.0, 0.0), but was (-1.6, -3.8, -2.0)
  Expected: True
  But was:  False
]]></message>
                <stack-trace><![CDATA[at Tests.Testat02+<T04b_AvatarSpeedFieldWorks>d__19.MoveNext () [0x0020a] in C:\Unity\workspace\2020WS.UnityPP.Ann-droids\Assets\Tests\Testat02.cs:202
at UnityEngine.TestTools.TestEnumerator+<Execute>d__6.MoveNext () [0x0004c] in C:\Unity\workspace\2020WS.UnityPP.Ann-droids\Library\PackageCache\com.unity.test-framework@1.1.18\UnityEngine.TestRunner\NUnitExtensions\Attributes\TestEnumerator.cs:36
]]></stack-trace>
              </failure>
            </test-case>
            <test-case id="1024" name="T04b_AvatarSpeedFieldWorks(upArrow,0.0f,2)" fullname="Tests.Testat02.T04b_AvatarSpeedFieldWorks(upArrow,0.0f,2)" methodname="T04b_AvatarSpeedFieldWorks" classname="Tests.Testat02" runstate="Runnable" seed="1367722327" result="Failed" start-time="2020-12-18 15:49:53Z" end-time="2020-12-18 15:49:53Z" duration="0.080999" asserts="0">
              <properties />
              <failure>
                <message><![CDATA[  With input upArrow, speed 0m/s and waiting 2 FixedUpdate frames, avatar should have arrived at position (0.0, 0.0, 0.0), but was (-1.6, -3.8, -2.0)
  Expected: True
  But was:  False
]]></message>
                <stack-trace><![CDATA[at Tests.Testat02+<T04b_AvatarSpeedFieldWorks>d__19.MoveNext () [0x0020a] in C:\Unity\workspace\2020WS.UnityPP.Ann-droids\Assets\Tests\Testat02.cs:202
at UnityEngine.TestTools.TestEnumerator+<Execute>d__6.MoveNext () [0x0004c] in C:\Unity\workspace\2020WS.UnityPP.Ann-droids\Library\PackageCache\com.unity.test-framework@1.1.18\UnityEngine.TestRunner\NUnitExtensions\Attributes\TestEnumerator.cs:36
]]></stack-trace>
              </failure>
            </test-case>
            <test-case id="1025" name="T04b_AvatarSpeedFieldWorks(upArrow,0.0f,4)" fullname="Tests.Testat02.T04b_AvatarSpeedFieldWorks(upArrow,0.0f,4)" methodname="T04b_AvatarSpeedFieldWorks" classname="Tests.Testat02" runstate="Runnable" seed="303142657" result="Failed" start-time="2020-12-18 15:49:53Z" end-time="2020-12-18 15:49:53Z" duration="0.117539" asserts="0">
              <properties />
              <failure>
                <message><![CDATA[  With input upArrow, speed 0m/s and waiting 4 FixedUpdate frames, avatar should have arrived at position (0.0, 0.0, 0.0), but was (-1.6, -3.8, -2.0)
  Expected: True
  But was:  False
]]></message>
                <stack-trace><![CDATA[at Tests.Testat02+<T04b_AvatarSpeedFieldWorks>d__19.MoveNext () [0x0020a] in C:\Unity\workspace\2020WS.UnityPP.Ann-droids\Assets\Tests\Testat02.cs:202
at UnityEngine.TestTools.TestEnumerator+<Execute>d__6.MoveNext () [0x0004c] in C:\Unity\workspace\2020WS.UnityPP.Ann-droids\Library\PackageCache\com.unity.test-framework@1.1.18\UnityEngine.TestRunner\NUnitExtensions\Attributes\TestEnumerator.cs:36
]]></stack-trace>
              </failure>
            </test-case>
            <test-case id="1026" name="T04b_AvatarSpeedFieldWorks(upArrow,5.0f,0)" fullname="Tests.Testat02.T04b_AvatarSpeedFieldWorks(upArrow,5.0f,0)" methodname="T04b_AvatarSpeedFieldWorks" classname="Tests.Testat02" runstate="Runnable" seed="1177853232" result="Failed" start-time="2020-12-18 15:49:53Z" end-time="2020-12-18 15:49:53Z" duration="0.038593" asserts="0">
              <properties />
              <failure>
                <message><![CDATA[  With input upArrow, speed 5m/s and waiting 0 FixedUpdate frames, avatar should have arrived at position (0.0, 0.0, 0.0), but was (-1.6, -3.8, -2.0)
  Expected: True
  But was:  False
]]></message>
                <stack-trace><![CDATA[at Tests.Testat02+<T04b_AvatarSpeedFieldWorks>d__19.MoveNext () [0x0020a] in C:\Unity\workspace\2020WS.UnityPP.Ann-droids\Assets\Tests\Testat02.cs:202
at UnityEngine.TestTools.TestEnumerator+<Execute>d__6.MoveNext () [0x0004c] in C:\Unity\workspace\2020WS.UnityPP.Ann-droids\Library\PackageCache\com.unity.test-framework@1.1.18\UnityEngine.TestRunner\NUnitExtensions\Attributes\TestEnumerator.cs:36
]]></stack-trace>
              </failure>
            </test-case>
            <test-case id="1027" name="T04b_AvatarSpeedFieldWorks(upArrow,5.0f,2)" fullname="Tests.Testat02.T04b_AvatarSpeedFieldWorks(upArrow,5.0f,2)" methodname="T04b_AvatarSpeedFieldWorks" classname="Tests.Testat02" runstate="Runnable" seed="958439835" result="Failed" start-time="2020-12-18 15:49:53Z" end-time="2020-12-18 15:49:53Z" duration="0.079084" asserts="0">
              <properties />
              <failure>
                <message><![CDATA[  With input upArrow, speed 5m/s and waiting 2 FixedUpdate frames, avatar should have arrived at position (0.0, 0.2, 0.0), but was (-1.6, -3.6, -2.0)
  Expected: True
  But was:  False
]]></message>
                <stack-trace><![CDATA[at Tests.Testat02+<T04b_AvatarSpeedFieldWorks>d__19.MoveNext () [0x0020a] in C:\Unity\workspace\2020WS.UnityPP.Ann-droids\Assets\Tests\Testat02.cs:202
at UnityEngine.TestTools.TestEnumerator+<Execute>d__6.MoveNext () [0x0004c] in C:\Unity\workspace\2020WS.UnityPP.Ann-droids\Library\PackageCache\com.unity.test-framework@1.1.18\UnityEngine.TestRunner\NUnitExtensions\Attributes\TestEnumerator.cs:36
]]></stack-trace>
              </failure>
            </test-case>
            <test-case id="1028" name="T04b_AvatarSpeedFieldWorks(upArrow,5.0f,4)" fullname="Tests.Testat02.T04b_AvatarSpeedFieldWorks(upArrow,5.0f,4)" methodname="T04b_AvatarSpeedFieldWorks" classname="Tests.Testat02" runstate="Runnable" seed="915577419" result="Failed" start-time="2020-12-18 15:49:53Z" end-time="2020-12-18 15:49:53Z" duration="0.117211" asserts="0">
              <properties />
              <failure>
                <message><![CDATA[  With input upArrow, speed 5m/s and waiting 4 FixedUpdate frames, avatar should have arrived at position (0.0, 0.4, 0.0), but was (-1.6, -3.4, -2.0)
  Expected: True
  But was:  False
]]></message>
                <stack-trace><![CDATA[at Tests.Testat02+<T04b_AvatarSpeedFieldWorks>d__19.MoveNext () [0x0020a] in C:\Unity\workspace\2020WS.UnityPP.Ann-droids\Assets\Tests\Testat02.cs:202
at UnityEngine.TestTools.TestEnumerator+<Execute>d__6.MoveNext () [0x0004c] in C:\Unity\workspace\2020WS.UnityPP.Ann-droids\Library\PackageCache\com.unity.test-framework@1.1.18\UnityEngine.TestRunner\NUnitExtensions\Attributes\TestEnumerator.cs:36
]]></stack-trace>
              </failure>
            </test-case>
            <test-case id="1029" name="T04b_AvatarSpeedFieldWorks(downArrow,0.0f,0)" fullname="Tests.Testat02.T04b_AvatarSpeedFieldWorks(downArrow,0.0f,0)" methodname="T04b_AvatarSpeedFieldWorks" classname="Tests.Testat02" runstate="Runnable" seed="438880553" result="Failed" start-time="2020-12-18 15:49:53Z" end-time="2020-12-18 15:49:54Z" duration="0.038739" asserts="0">
              <properties />
              <failure>
                <message><![CDATA[  With input downArrow, speed 0m/s and waiting 0 FixedUpdate frames, avatar should have arrived at position (0.0, 0.0, 0.0), but was (-1.6, -3.8, -2.0)
  Expected: True
  But was:  False
]]></message>
                <stack-trace><![CDATA[at Tests.Testat02+<T04b_AvatarSpeedFieldWorks>d__19.MoveNext () [0x0020a] in C:\Unity\workspace\2020WS.UnityPP.Ann-droids\Assets\Tests\Testat02.cs:202
at UnityEngine.TestTools.TestEnumerator+<Execute>d__6.MoveNext () [0x0004c] in C:\Unity\workspace\2020WS.UnityPP.Ann-droids\Library\PackageCache\com.unity.test-framework@1.1.18\UnityEngine.TestRunner\NUnitExtensions\Attributes\TestEnumerator.cs:36
]]></stack-trace>
              </failure>
            </test-case>
            <test-case id="1030" name="T04b_AvatarSpeedFieldWorks(downArrow,0.0f,2)" fullname="Tests.Testat02.T04b_AvatarSpeedFieldWorks(downArrow,0.0f,2)" methodname="T04b_AvatarSpeedFieldWorks" classname="Tests.Testat02" runstate="Runnable" seed="1095411016" result="Failed" start-time="2020-12-18 15:49:54Z" end-time="2020-12-18 15:49:54Z" duration="0.077902" asserts="0">
              <properties />
              <failure>
                <message><![CDATA[  With input downArrow, speed 0m/s and waiting 2 FixedUpdate frames, avatar should have arrived at position (0.0, 0.0, 0.0), but was (-1.6, -3.8, -2.0)
  Expected: True
  But was:  False
]]></message>
                <stack-trace><![CDATA[at Tests.Testat02+<T04b_AvatarSpeedFieldWorks>d__19.MoveNext () [0x0020a] in C:\Unity\workspace\2020WS.UnityPP.Ann-droids\Assets\Tests\Testat02.cs:202
at UnityEngine.TestTools.TestEnumerator+<Execute>d__6.MoveNext () [0x0004c] in C:\Unity\workspace\2020WS.UnityPP.Ann-droids\Library\PackageCache\com.unity.test-framework@1.1.18\UnityEngine.TestRunner\NUnitExtensions\Attributes\TestEnumerator.cs:36
]]></stack-trace>
              </failure>
            </test-case>
            <test-case id="1031" name="T04b_AvatarSpeedFieldWorks(downArrow,0.0f,4)" fullname="Tests.Testat02.T04b_AvatarSpeedFieldWorks(downArrow,0.0f,4)" methodname="T04b_AvatarSpeedFieldWorks" classname="Tests.Testat02" runstate="Runnable" seed="1502663314" result="Failed" start-time="2020-12-18 15:49:54Z" end-time="2020-12-18 15:49:54Z" duration="0.118951" asserts="0">
              <properties />
              <failure>
                <message><![CDATA[  With input downArrow, speed 0m/s and waiting 4 FixedUpdate frames, avatar should have arrived at position (0.0, 0.0, 0.0), but was (-1.6, -3.8, -2.0)
  Expected: True
  But was:  False
]]></message>
                <stack-trace><![CDATA[at Tests.Testat02+<T04b_AvatarSpeedFieldWorks>d__19.MoveNext () [0x0020a] in C:\Unity\workspace\2020WS.UnityPP.Ann-droids\Assets\Tests\Testat02.cs:202
at UnityEngine.TestTools.TestEnumerator+<Execute>d__6.MoveNext () [0x0004c] in C:\Unity\workspace\2020WS.UnityPP.Ann-droids\Library\PackageCache\com.unity.test-framework@1.1.18\UnityEngine.TestRunner\NUnitExtensions\Attributes\TestEnumerator.cs:36
]]></stack-trace>
              </failure>
            </test-case>
            <test-case id="1032" name="T04b_AvatarSpeedFieldWorks(downArrow,5.0f,0)" fullname="Tests.Testat02.T04b_AvatarSpeedFieldWorks(downArrow,5.0f,0)" methodname="T04b_AvatarSpeedFieldWorks" classname="Tests.Testat02" runstate="Runnable" seed="2077395586" result="Failed" start-time="2020-12-18 15:49:54Z" end-time="2020-12-18 15:49:54Z" duration="0.037888" asserts="0">
              <properties />
              <failure>
                <message><![CDATA[  With input downArrow, speed 5m/s and waiting 0 FixedUpdate frames, avatar should have arrived at position (0.0, 0.0, 0.0), but was (-1.6, -3.8, -2.0)
  Expected: True
  But was:  False
]]></message>
                <stack-trace><![CDATA[at Tests.Testat02+<T04b_AvatarSpeedFieldWorks>d__19.MoveNext () [0x0020a] in C:\Unity\workspace\2020WS.UnityPP.Ann-droids\Assets\Tests\Testat02.cs:202
at UnityEngine.TestTools.TestEnumerator+<Execute>d__6.MoveNext () [0x0004c] in C:\Unity\workspace\2020WS.UnityPP.Ann-droids\Library\PackageCache\com.unity.test-framework@1.1.18\UnityEngine.TestRunner\NUnitExtensions\Attributes\TestEnumerator.cs:36
]]></stack-trace>
              </failure>
            </test-case>
            <test-case id="1033" name="T04b_AvatarSpeedFieldWorks(downArrow,5.0f,2)" fullname="Tests.Testat02.T04b_AvatarSpeedFieldWorks(downArrow,5.0f,2)" methodname="T04b_AvatarSpeedFieldWorks" classname="Tests.Testat02" runstate="Runnable" seed="954340226" result="Failed" start-time="2020-12-18 15:49:54Z" end-time="2020-12-18 15:49:54Z" duration="0.078924" asserts="0">
              <properties />
              <failure>
                <message><![CDATA[  With input downArrow, speed 5m/s and waiting 2 FixedUpdate frames, avatar should have arrived at position (0.0, -0.2, 0.0), but was (-1.6, -4.0, -2.0)
  Expected: True
  But was:  False
]]></message>
                <stack-trace><![CDATA[at Tests.Testat02+<T04b_AvatarSpeedFieldWorks>d__19.MoveNext () [0x0020a] in C:\Unity\workspace\2020WS.UnityPP.Ann-droids\Assets\Tests\Testat02.cs:202
at UnityEngine.TestTools.TestEnumerator+<Execute>d__6.MoveNext () [0x0004c] in C:\Unity\workspace\2020WS.UnityPP.Ann-droids\Library\PackageCache\com.unity.test-framework@1.1.18\UnityEngine.TestRunner\NUnitExtensions\Attributes\TestEnumerator.cs:36
]]></stack-trace>
              </failure>
            </test-case>
            <test-case id="1034" name="T04b_AvatarSpeedFieldWorks(downArrow,5.0f,4)" fullname="Tests.Testat02.T04b_AvatarSpeedFieldWorks(downArrow,5.0f,4)" methodname="T04b_AvatarSpeedFieldWorks" classname="Tests.Testat02" runstate="Runnable" seed="564820116" result="Failed" start-time="2020-12-18 15:49:54Z" end-time="2020-12-18 15:49:54Z" duration="0.117722" asserts="0">
              <properties />
              <failure>
                <message><![CDATA[  With input downArrow, speed 5m/s and waiting 4 FixedUpdate frames, avatar should have arrived at position (0.0, -0.4, 0.0), but was (-1.6, -4.2, -2.0)
  Expected: True
  But was:  False
]]></message>
                <stack-trace><![CDATA[at Tests.Testat02+<T04b_AvatarSpeedFieldWorks>d__19.MoveNext () [0x0020a] in C:\Unity\workspace\2020WS.UnityPP.Ann-droids\Assets\Tests\Testat02.cs:202
at UnityEngine.TestTools.TestEnumerator+<Execute>d__6.MoveNext () [0x0004c] in C:\Unity\workspace\2020WS.UnityPP.Ann-droids\Library\PackageCache\com.unity.test-framework@1.1.18\UnityEngine.TestRunner\NUnitExtensions\Attributes\TestEnumerator.cs:36
]]></stack-trace>
              </failure>
            </test-case>
            <test-case id="1035" name="T04b_AvatarSpeedFieldWorks(leftArrow,0.0f,0)" fullname="Tests.Testat02.T04b_AvatarSpeedFieldWorks(leftArrow,0.0f,0)" methodname="T04b_AvatarSpeedFieldWorks" classname="Tests.Testat02" runstate="Runnable" seed="1143939051" result="Failed" start-time="2020-12-18 15:49:54Z" end-time="2020-12-18 15:49:54Z" duration="0.038792" asserts="0">
              <properties />
              <failure>
                <message><![CDATA[  With input leftArrow, speed 0m/s and waiting 0 FixedUpdate frames, avatar should have arrived at position (0.0, 0.0, 0.0), but was (-1.6, -3.8, -2.0)
  Expected: True
  But was:  False
]]></message>
                <stack-trace><![CDATA[at Tests.Testat02+<T04b_AvatarSpeedFieldWorks>d__19.MoveNext () [0x0020a] in C:\Unity\workspace\2020WS.UnityPP.Ann-droids\Assets\Tests\Testat02.cs:202
at UnityEngine.TestTools.TestEnumerator+<Execute>d__6.MoveNext () [0x0004c] in C:\Unity\workspace\2020WS.UnityPP.Ann-droids\Library\PackageCache\com.unity.test-framework@1.1.18\UnityEngine.TestRunner\NUnitExtensions\Attributes\TestEnumerator.cs:36
]]></stack-trace>
              </failure>
            </test-case>
            <test-case id="1036" name="T04b_AvatarSpeedFieldWorks(leftArrow,0.0f,2)" fullname="Tests.Testat02.T04b_AvatarSpeedFieldWorks(leftArrow,0.0f,2)" methodname="T04b_AvatarSpeedFieldWorks" classname="Tests.Testat02" runstate="Runnable" seed="890090741" result="Failed" start-time="2020-12-18 15:49:54Z" end-time="2020-12-18 15:49:54Z" duration="0.077986" asserts="0">
              <properties />
              <failure>
                <message><![CDATA[  With input leftArrow, speed 0m/s and waiting 2 FixedUpdate frames, avatar should have arrived at position (0.0, 0.0, 0.0), but was (-1.6, -3.8, -2.0)
  Expected: True
  But was:  False
]]></message>
                <stack-trace><![CDATA[at Tests.Testat02+<T04b_AvatarSpeedFieldWorks>d__19.MoveNext () [0x0020a] in C:\Unity\workspace\2020WS.UnityPP.Ann-droids\Assets\Tests\Testat02.cs:202
at UnityEngine.TestTools.TestEnumerator+<Execute>d__6.MoveNext () [0x0004c] in C:\Unity\workspace\2020WS.UnityPP.Ann-droids\Library\PackageCache\com.unity.test-framework@1.1.18\UnityEngine.TestRunner\NUnitExtensions\Attributes\TestEnumerator.cs:36
]]></stack-trace>
              </failure>
            </test-case>
            <test-case id="1037" name="T04b_AvatarSpeedFieldWorks(leftArrow,0.0f,4)" fullname="Tests.Testat02.T04b_AvatarSpeedFieldWorks(leftArrow,0.0f,4)" methodname="T04b_AvatarSpeedFieldWorks" classname="Tests.Testat02" runstate="Runnable" seed="344673304" result="Failed" start-time="2020-12-18 15:49:54Z" end-time="2020-12-18 15:49:54Z" duration="0.118527" asserts="0">
              <properties />
              <failure>
                <message><![CDATA[  With input leftArrow, speed 0m/s and waiting 4 FixedUpdate frames, avatar should have arrived at position (0.0, 0.0, 0.0), but was (-1.6, -3.8, -2.0)
  Expected: True
  But was:  False
]]></message>
                <stack-trace><![CDATA[at Tests.Testat02+<T04b_AvatarSpeedFieldWorks>d__19.MoveNext () [0x0020a] in C:\Unity\workspace\2020WS.UnityPP.Ann-droids\Assets\Tests\Testat02.cs:202
at UnityEngine.TestTools.TestEnumerator+<Execute>d__6.MoveNext () [0x0004c] in C:\Unity\workspace\2020WS.UnityPP.Ann-droids\Library\PackageCache\com.unity.test-framework@1.1.18\UnityEngine.TestRunner\NUnitExtensions\Attributes\TestEnumerator.cs:36
]]></stack-trace>
              </failure>
            </test-case>
            <test-case id="1038" name="T04b_AvatarSpeedFieldWorks(leftArrow,5.0f,0)" fullname="Tests.Testat02.T04b_AvatarSpeedFieldWorks(leftArrow,5.0f,0)" methodname="T04b_AvatarSpeedFieldWorks" classname="Tests.Testat02" runstate="Runnable" seed="370411530" result="Failed" start-time="2020-12-18 15:49:54Z" end-time="2020-12-18 15:49:54Z" duration="0.038488" asserts="0">
              <properties />
              <failure>
                <message><![CDATA[  With input leftArrow, speed 5m/s and waiting 0 FixedUpdate frames, avatar should have arrived at position (0.0, 0.0, 0.0), but was (-1.6, -3.8, -2.0)
  Expected: True
  But was:  False
]]></message>
                <stack-trace><![CDATA[at Tests.Testat02+<T04b_AvatarSpeedFieldWorks>d__19.MoveNext () [0x0020a] in C:\Unity\workspace\2020WS.UnityPP.Ann-droids\Assets\Tests\Testat02.cs:202
at UnityEngine.TestTools.TestEnumerator+<Execute>d__6.MoveNext () [0x0004c] in C:\Unity\workspace\2020WS.UnityPP.Ann-droids\Library\PackageCache\com.unity.test-framework@1.1.18\UnityEngine.TestRunner\NUnitExtensions\Attributes\TestEnumerator.cs:36
]]></stack-trace>
              </failure>
            </test-case>
            <test-case id="1039" name="T04b_AvatarSpeedFieldWorks(leftArrow,5.0f,2)" fullname="Tests.Testat02.T04b_AvatarSpeedFieldWorks(leftArrow,5.0f,2)" methodname="T04b_AvatarSpeedFieldWorks" classname="Tests.Testat02" runstate="Runnable" seed="1140596621" result="Failed" start-time="2020-12-18 15:49:54Z" end-time="2020-12-18 15:49:54Z" duration="0.079080" asserts="0">
              <properties />
              <failure>
                <message><![CDATA[  With input leftArrow, speed 5m/s and waiting 2 FixedUpdate frames, avatar should have arrived at position (-0.2, 0.0, 0.0), but was (-1.8, -3.8, -2.0)
  Expected: True
  But was:  False
]]></message>
                <stack-trace><![CDATA[at Tests.Testat02+<T04b_AvatarSpeedFieldWorks>d__19.MoveNext () [0x0020a] in C:\Unity\workspace\2020WS.UnityPP.Ann-droids\Assets\Tests\Testat02.cs:202
at UnityEngine.TestTools.TestEnumerator+<Execute>d__6.MoveNext () [0x0004c] in C:\Unity\workspace\2020WS.UnityPP.Ann-droids\Library\PackageCache\com.unity.test-framework@1.1.18\UnityEngine.TestRunner\NUnitExtensions\Attributes\TestEnumerator.cs:36
]]></stack-trace>
              </failure>
            </test-case>
            <test-case id="1040" name="T04b_AvatarSpeedFieldWorks(leftArrow,5.0f,4)" fullname="Tests.Testat02.T04b_AvatarSpeedFieldWorks(leftArrow,5.0f,4)" methodname="T04b_AvatarSpeedFieldWorks" classname="Tests.Testat02" runstate="Runnable" seed="843003739" result="Failed" start-time="2020-12-18 15:49:54Z" end-time="2020-12-18 15:49:54Z" duration="0.117678" asserts="0">
              <properties />
              <failure>
                <message><![CDATA[  With input leftArrow, speed 5m/s and waiting 4 FixedUpdate frames, avatar should have arrived at position (-0.4, 0.0, 0.0), but was (-2.0, -3.8, -2.0)
  Expected: True
  But was:  False
]]></message>
                <stack-trace><![CDATA[at Tests.Testat02+<T04b_AvatarSpeedFieldWorks>d__19.MoveNext () [0x0020a] in C:\Unity\workspace\2020WS.UnityPP.Ann-droids\Assets\Tests\Testat02.cs:202
at UnityEngine.TestTools.TestEnumerator+<Execute>d__6.MoveNext () [0x0004c] in C:\Unity\workspace\2020WS.UnityPP.Ann-droids\Library\PackageCache\com.unity.test-framework@1.1.18\UnityEngine.TestRunner\NUnitExtensions\Attributes\TestEnumerator.cs:36
]]></stack-trace>
              </failure>
            </test-case>
            <test-case id="1041" name="T04b_AvatarSpeedFieldWorks(rightArrow,0.0f,0)" fullname="Tests.Testat02.T04b_AvatarSpeedFieldWorks(rightArrow,0.0f,0)" methodname="T04b_AvatarSpeedFieldWorks" classname="Tests.Testat02" runstate="Runnable" seed="1594868587" result="Failed" start-time="2020-12-18 15:49:54Z" end-time="2020-12-18 15:49:54Z" duration="0.038546" asserts="0">
              <properties />
              <failure>
                <message><![CDATA[  With input rightArrow, speed 0m/s and waiting 0 FixedUpdate frames, avatar should have arrived at position (0.0, 0.0, 0.0), but was (-1.6, -3.8, -2.0)
  Expected: True
  But was:  False
]]></message>
                <stack-trace><![CDATA[at Tests.Testat02+<T04b_AvatarSpeedFieldWorks>d__19.MoveNext () [0x0020a] in C:\Unity\workspace\2020WS.UnityPP.Ann-droids\Assets\Tests\Testat02.cs:202
at UnityEngine.TestTools.TestEnumerator+<Execute>d__6.MoveNext () [0x0004c] in C:\Unity\workspace\2020WS.UnityPP.Ann-droids\Library\PackageCache\com.unity.test-framework@1.1.18\UnityEngine.TestRunner\NUnitExtensions\Attributes\TestEnumerator.cs:36
]]></stack-trace>
              </failure>
            </test-case>
            <test-case id="1042" name="T04b_AvatarSpeedFieldWorks(rightArrow,0.0f,2)" fullname="Tests.Testat02.T04b_AvatarSpeedFieldWorks(rightArrow,0.0f,2)" methodname="T04b_AvatarSpeedFieldWorks" classname="Tests.Testat02" runstate="Runnable" seed="1243750036" result="Failed" start-time="2020-12-18 15:49:54Z" end-time="2020-12-18 15:49:55Z" duration="0.078179" asserts="0">
              <properties />
              <failure>
                <message><![CDATA[  With input rightArrow, speed 0m/s and waiting 2 FixedUpdate frames, avatar should have arrived at position (0.0, 0.0, 0.0), but was (-1.6, -3.8, -2.0)
  Expected: True
  But was:  False
]]></message>
                <stack-trace><![CDATA[at Tests.Testat02+<T04b_AvatarSpeedFieldWorks>d__19.MoveNext () [0x0020a] in C:\Unity\workspace\2020WS.UnityPP.Ann-droids\Assets\Tests\Testat02.cs:202
at UnityEngine.TestTools.TestEnumerator+<Execute>d__6.MoveNext () [0x0004c] in C:\Unity\workspace\2020WS.UnityPP.Ann-droids\Library\PackageCache\com.unity.test-framework@1.1.18\UnityEngine.TestRunner\NUnitExtensions\Attributes\TestEnumerator.cs:36
]]></stack-trace>
              </failure>
            </test-case>
            <test-case id="1043" name="T04b_AvatarSpeedFieldWorks(rightArrow,0.0f,4)" fullname="Tests.Testat02.T04b_AvatarSpeedFieldWorks(rightArrow,0.0f,4)" methodname="T04b_AvatarSpeedFieldWorks" classname="Tests.Testat02" runstate="Runnable" seed="1354346760" result="Failed" start-time="2020-12-18 15:49:55Z" end-time="2020-12-18 15:49:55Z" duration="0.118564" asserts="0">
              <properties />
              <failure>
                <message><![CDATA[  With input rightArrow, speed 0m/s and waiting 4 FixedUpdate frames, avatar should have arrived at position (0.0, 0.0, 0.0), but was (-1.6, -3.8, -2.0)
  Expected: True
  But was:  False
]]></message>
                <stack-trace><![CDATA[at Tests.Testat02+<T04b_AvatarSpeedFieldWorks>d__19.MoveNext () [0x0020a] in C:\Unity\workspace\2020WS.UnityPP.Ann-droids\Assets\Tests\Testat02.cs:202
at UnityEngine.TestTools.TestEnumerator+<Execute>d__6.MoveNext () [0x0004c] in C:\Unity\workspace\2020WS.UnityPP.Ann-droids\Library\PackageCache\com.unity.test-framework@1.1.18\UnityEngine.TestRunner\NUnitExtensions\Attributes\TestEnumerator.cs:36
]]></stack-trace>
              </failure>
            </test-case>
            <test-case id="1044" name="T04b_AvatarSpeedFieldWorks(rightArrow,5.0f,0)" fullname="Tests.Testat02.T04b_AvatarSpeedFieldWorks(rightArrow,5.0f,0)" methodname="T04b_AvatarSpeedFieldWorks" classname="Tests.Testat02" runstate="Runnable" seed="373766478" result="Failed" start-time="2020-12-18 15:49:55Z" end-time="2020-12-18 15:49:55Z" duration="0.038551" asserts="0">
              <properties />
              <failure>
                <message><![CDATA[  With input rightArrow, speed 5m/s and waiting 0 FixedUpdate frames, avatar should have arrived at position (0.0, 0.0, 0.0), but was (-1.6, -3.8, -2.0)
  Expected: True
  But was:  False
]]></message>
                <stack-trace><![CDATA[at Tests.Testat02+<T04b_AvatarSpeedFieldWorks>d__19.MoveNext () [0x0020a] in C:\Unity\workspace\2020WS.UnityPP.Ann-droids\Assets\Tests\Testat02.cs:202
at UnityEngine.TestTools.TestEnumerator+<Execute>d__6.MoveNext () [0x0004c] in C:\Unity\workspace\2020WS.UnityPP.Ann-droids\Library\PackageCache\com.unity.test-framework@1.1.18\UnityEngine.TestRunner\NUnitExtensions\Attributes\TestEnumerator.cs:36
]]></stack-trace>
              </failure>
            </test-case>
            <test-case id="1045" name="T04b_AvatarSpeedFieldWorks(rightArrow,5.0f,2)" fullname="Tests.Testat02.T04b_AvatarSpeedFieldWorks(rightArrow,5.0f,2)" methodname="T04b_AvatarSpeedFieldWorks" classname="Tests.Testat02" runstate="Runnable" seed="752023594" result="Failed" start-time="2020-12-18 15:49:55Z" end-time="2020-12-18 15:49:55Z" duration="0.078370" asserts="0">
              <properties />
              <failure>
                <message><![CDATA[  With input rightArrow, speed 5m/s and waiting 2 FixedUpdate frames, avatar should have arrived at position (0.2, 0.0, 0.0), but was (-1.4, -3.8, -2.0)
  Expected: True
  But was:  False
]]></message>
                <stack-trace><![CDATA[at Tests.Testat02+<T04b_AvatarSpeedFieldWorks>d__19.MoveNext () [0x0020a] in C:\Unity\workspace\2020WS.UnityPP.Ann-droids\Assets\Tests\Testat02.cs:202
at UnityEngine.TestTools.TestEnumerator+<Execute>d__6.MoveNext () [0x0004c] in C:\Unity\workspace\2020WS.UnityPP.Ann-droids\Library\PackageCache\com.unity.test-framework@1.1.18\UnityEngine.TestRunner\NUnitExtensions\Attributes\TestEnumerator.cs:36
]]></stack-trace>
              </failure>
            </test-case>
            <test-case id="1046" name="T04b_AvatarSpeedFieldWorks(rightArrow,5.0f,4)" fullname="Tests.Testat02.T04b_AvatarSpeedFieldWorks(rightArrow,5.0f,4)" methodname="T04b_AvatarSpeedFieldWorks" classname="Tests.Testat02" runstate="Runnable" seed="636840766" result="Failed" start-time="2020-12-18 15:49:55Z" end-time="2020-12-18 15:49:55Z" duration="0.118379" asserts="0">
              <properties />
              <failure>
                <message><![CDATA[  With input rightArrow, speed 5m/s and waiting 4 FixedUpdate frames, avatar should have arrived at position (0.4, 0.0, 0.0), but was (-1.2, -3.8, -2.0)
  Expected: True
  But was:  False
]]></message>
                <stack-trace><![CDATA[at Tests.Testat02+<T04b_AvatarSpeedFieldWorks>d__19.MoveNext () [0x0020a] in C:\Unity\workspace\2020WS.UnityPP.Ann-droids\Assets\Tests\Testat02.cs:202
at UnityEngine.TestTools.TestEnumerator+<Execute>d__6.MoveNext () [0x0004c] in C:\Unity\workspace\2020WS.UnityPP.Ann-droids\Library\PackageCache\com.unity.test-framework@1.1.18\UnityEngine.TestRunner\NUnitExtensions\Attributes\TestEnumerator.cs:36
]]></stack-trace>
              </failure>
            </test-case>
            <test-case id="1047" name="T04b_AvatarSpeedFieldWorks(upArrow+rightArrow,0.0f,0)" fullname="Tests.Testat02.T04b_AvatarSpeedFieldWorks(upArrow+rightArrow,0.0f,0)" methodname="T04b_AvatarSpeedFieldWorks" classname="Tests.Testat02" runstate="Runnable" seed="1485225210" result="Failed" start-time="2020-12-18 15:49:55Z" end-time="2020-12-18 15:49:55Z" duration="0.038926" asserts="0">
              <properties />
              <failure>
                <message><![CDATA[  With input upArrow+rightArrow, speed 0m/s and waiting 0 FixedUpdate frames, avatar should have arrived at position (0.0, 0.0, 0.0), but was (-1.6, -3.8, -2.0)
  Expected: True
  But was:  False
]]></message>
                <stack-trace><![CDATA[at Tests.Testat02+<T04b_AvatarSpeedFieldWorks>d__19.MoveNext () [0x0020a] in C:\Unity\workspace\2020WS.UnityPP.Ann-droids\Assets\Tests\Testat02.cs:202
at UnityEngine.TestTools.TestEnumerator+<Execute>d__6.MoveNext () [0x0004c] in C:\Unity\workspace\2020WS.UnityPP.Ann-droids\Library\PackageCache\com.unity.test-framework@1.1.18\UnityEngine.TestRunner\NUnitExtensions\Attributes\TestEnumerator.cs:36
]]></stack-trace>
              </failure>
            </test-case>
            <test-case id="1048" name="T04b_AvatarSpeedFieldWorks(upArrow+rightArrow,0.0f,2)" fullname="Tests.Testat02.T04b_AvatarSpeedFieldWorks(upArrow+rightArrow,0.0f,2)" methodname="T04b_AvatarSpeedFieldWorks" classname="Tests.Testat02" runstate="Runnable" seed="1896791655" result="Failed" start-time="2020-12-18 15:49:55Z" end-time="2020-12-18 15:49:55Z" duration="0.078484" asserts="0">
              <properties />
              <failure>
                <message><![CDATA[  With input upArrow+rightArrow, speed 0m/s and waiting 2 FixedUpdate frames, avatar should have arrived at position (0.0, 0.0, 0.0), but was (-1.6, -3.8, -2.0)
  Expected: True
  But was:  False
]]></message>
                <stack-trace><![CDATA[at Tests.Testat02+<T04b_AvatarSpeedFieldWorks>d__19.MoveNext () [0x0020a] in C:\Unity\workspace\2020WS.UnityPP.Ann-droids\Assets\Tests\Testat02.cs:202
at UnityEngine.TestTools.TestEnumerator+<Execute>d__6.MoveNext () [0x0004c] in C:\Unity\workspace\2020WS.UnityPP.Ann-droids\Library\PackageCache\com.unity.test-framework@1.1.18\UnityEngine.TestRunner\NUnitExtensions\Attributes\TestEnumerator.cs:36
]]></stack-trace>
              </failure>
            </test-case>
            <test-case id="1049" name="T04b_AvatarSpeedFieldWorks(upArrow+rightArrow,0.0f,4)" fullname="Tests.Testat02.T04b_AvatarSpeedFieldWorks(upArrow+rightArrow,0.0f,4)" methodname="T04b_AvatarSpeedFieldWorks" classname="Tests.Testat02" runstate="Runnable" seed="48666827" result="Failed" start-time="2020-12-18 15:49:55Z" end-time="2020-12-18 15:49:55Z" duration="0.115860" asserts="0">
              <properties />
              <failure>
                <message><![CDATA[  With input upArrow+rightArrow, speed 0m/s and waiting 4 FixedUpdate frames, avatar should have arrived at position (0.0, 0.0, 0.0), but was (-1.6, -3.8, -2.0)
  Expected: True
  But was:  False
]]></message>
                <stack-trace><![CDATA[at Tests.Testat02+<T04b_AvatarSpeedFieldWorks>d__19.MoveNext () [0x0020a] in C:\Unity\workspace\2020WS.UnityPP.Ann-droids\Assets\Tests\Testat02.cs:202
at UnityEngine.TestTools.TestEnumerator+<Execute>d__6.MoveNext () [0x0004c] in C:\Unity\workspace\2020WS.UnityPP.Ann-droids\Library\PackageCache\com.unity.test-framework@1.1.18\UnityEngine.TestRunner\NUnitExtensions\Attributes\TestEnumerator.cs:36
]]></stack-trace>
              </failure>
            </test-case>
            <test-case id="1050" name="T04b_AvatarSpeedFieldWorks(upArrow+rightArrow,5.0f,0)" fullname="Tests.Testat02.T04b_AvatarSpeedFieldWorks(upArrow+rightArrow,5.0f,0)" methodname="T04b_AvatarSpeedFieldWorks" classname="Tests.Testat02" runstate="Runnable" seed="1999153642" result="Failed" start-time="2020-12-18 15:49:55Z" end-time="2020-12-18 15:49:55Z" duration="0.039235" asserts="0">
              <properties />
              <failure>
                <message><![CDATA[  With input upArrow+rightArrow, speed 5m/s and waiting 0 FixedUpdate frames, avatar should have arrived at position (0.0, 0.0, 0.0), but was (-1.6, -3.8, -2.0)
  Expected: True
  But was:  False
]]></message>
                <stack-trace><![CDATA[at Tests.Testat02+<T04b_AvatarSpeedFieldWorks>d__19.MoveNext () [0x0020a] in C:\Unity\workspace\2020WS.UnityPP.Ann-droids\Assets\Tests\Testat02.cs:202
at UnityEngine.TestTools.TestEnumerator+<Execute>d__6.MoveNext () [0x0004c] in C:\Unity\workspace\2020WS.UnityPP.Ann-droids\Library\PackageCache\com.unity.test-framework@1.1.18\UnityEngine.TestRunner\NUnitExtensions\Attributes\TestEnumerator.cs:36
]]></stack-trace>
              </failure>
            </test-case>
            <test-case id="1051" name="T04b_AvatarSpeedFieldWorks(upArrow+rightArrow,5.0f,2)" fullname="Tests.Testat02.T04b_AvatarSpeedFieldWorks(upArrow+rightArrow,5.0f,2)" methodname="T04b_AvatarSpeedFieldWorks" classname="Tests.Testat02" runstate="Runnable" seed="689258701" result="Failed" start-time="2020-12-18 15:49:55Z" end-time="2020-12-18 15:49:55Z" duration="0.075661" asserts="0">
              <properties />
              <failure>
                <message><![CDATA[  With input upArrow+rightArrow, speed 5m/s and waiting 2 FixedUpdate frames, avatar should have arrived at position (0.1, 0.1, 0.0), but was (-1.5, -3.7, -2.0)
  Expected: True
  But was:  False
]]></message>
                <stack-trace><![CDATA[at Tests.Testat02+<T04b_AvatarSpeedFieldWorks>d__19.MoveNext () [0x0020a] in C:\Unity\workspace\2020WS.UnityPP.Ann-droids\Assets\Tests\Testat02.cs:202
at UnityEngine.TestTools.TestEnumerator+<Execute>d__6.MoveNext () [0x0004c] in C:\Unity\workspace\2020WS.UnityPP.Ann-droids\Library\PackageCache\com.unity.test-framework@1.1.18\UnityEngine.TestRunner\NUnitExtensions\Attributes\TestEnumerator.cs:36
]]></stack-trace>
              </failure>
            </test-case>
            <test-case id="1052" name="T04b_AvatarSpeedFieldWorks(upArrow+rightArrow,5.0f,4)" fullname="Tests.Testat02.T04b_AvatarSpeedFieldWorks(upArrow+rightArrow,5.0f,4)" methodname="T04b_AvatarSpeedFieldWorks" classname="Tests.Testat02" runstate="Runnable" seed="601295792" result="Failed" start-time="2020-12-18 15:49:55Z" end-time="2020-12-18 15:49:55Z" duration="0.118798" asserts="0">
              <properties />
              <failure>
                <message><![CDATA[  With input upArrow+rightArrow, speed 5m/s and waiting 4 FixedUpdate frames, avatar should have arrived at position (0.3, 0.3, 0.0), but was (-1.3, -3.5, -2.0)
  Expected: True
  But was:  False
]]></message>
                <stack-trace><![CDATA[at Tests.Testat02+<T04b_AvatarSpeedFieldWorks>d__19.MoveNext () [0x0020a] in C:\Unity\workspace\2020WS.UnityPP.Ann-droids\Assets\Tests\Testat02.cs:202
at UnityEngine.TestTools.TestEnumerator+<Execute>d__6.MoveNext () [0x0004c] in C:\Unity\workspace\2020WS.UnityPP.Ann-droids\Library\PackageCache\com.unity.test-framework@1.1.18\UnityEngine.TestRunner\NUnitExtensions\Attributes\TestEnumerator.cs:36
]]></stack-trace>
              </failure>
            </test-case>
            <test-case id="1053" name="T04b_AvatarSpeedFieldWorks(downArrow+rightArrow,0.0f,0)" fullname="Tests.Testat02.T04b_AvatarSpeedFieldWorks(downArrow+rightArrow,0.0f,0)" methodname="T04b_AvatarSpeedFieldWorks" classname="Tests.Testat02" runstate="Runnable" seed="1903209914" result="Failed" start-time="2020-12-18 15:49:55Z" end-time="2020-12-18 15:49:55Z" duration="0.037047" asserts="0">
              <properties />
              <failure>
                <message><![CDATA[  With input downArrow+rightArrow, speed 0m/s and waiting 0 FixedUpdate frames, avatar should have arrived at position (0.0, 0.0, 0.0), but was (-1.6, -3.8, -2.0)
  Expected: True
  But was:  False
]]></message>
                <stack-trace><![CDATA[at Tests.Testat02+<T04b_AvatarSpeedFieldWorks>d__19.MoveNext () [0x0020a] in C:\Unity\workspace\2020WS.UnityPP.Ann-droids\Assets\Tests\Testat02.cs:202
at UnityEngine.TestTools.TestEnumerator+<Execute>d__6.MoveNext () [0x0004c] in C:\Unity\workspace\2020WS.UnityPP.Ann-droids\Library\PackageCache\com.unity.test-framework@1.1.18\UnityEngine.TestRunner\NUnitExtensions\Attributes\TestEnumerator.cs:36
]]></stack-trace>
              </failure>
            </test-case>
            <test-case id="1054" name="T04b_AvatarSpeedFieldWorks(downArrow+rightArrow,0.0f,2)" fullname="Tests.Testat02.T04b_AvatarSpeedFieldWorks(downArrow+rightArrow,0.0f,2)" methodname="T04b_AvatarSpeedFieldWorks" classname="Tests.Testat02" runstate="Runnable" seed="991856241" result="Failed" start-time="2020-12-18 15:49:55Z" end-time="2020-12-18 15:49:56Z" duration="0.078776" asserts="0">
              <properties />
              <failure>
                <message><![CDATA[  With input downArrow+rightArrow, speed 0m/s and waiting 2 FixedUpdate frames, avatar should have arrived at position (0.0, 0.0, 0.0), but was (-1.6, -3.8, -2.0)
  Expected: True
  But was:  False
]]></message>
                <stack-trace><![CDATA[at Tests.Testat02+<T04b_AvatarSpeedFieldWorks>d__19.MoveNext () [0x0020a] in C:\Unity\workspace\2020WS.UnityPP.Ann-droids\Assets\Tests\Testat02.cs:202
at UnityEngine.TestTools.TestEnumerator+<Execute>d__6.MoveNext () [0x0004c] in C:\Unity\workspace\2020WS.UnityPP.Ann-droids\Library\PackageCache\com.unity.test-framework@1.1.18\UnityEngine.TestRunner\NUnitExtensions\Attributes\TestEnumerator.cs:36
]]></stack-trace>
              </failure>
            </test-case>
            <test-case id="1055" name="T04b_AvatarSpeedFieldWorks(downArrow+rightArrow,0.0f,4)" fullname="Tests.Testat02.T04b_AvatarSpeedFieldWorks(downArrow+rightArrow,0.0f,4)" methodname="T04b_AvatarSpeedFieldWorks" classname="Tests.Testat02" runstate="Runnable" seed="1830442082" result="Failed" start-time="2020-12-18 15:49:56Z" end-time="2020-12-18 15:49:56Z" duration="0.117619" asserts="0">
              <properties />
              <failure>
                <message><![CDATA[  With input downArrow+rightArrow, speed 0m/s and waiting 4 FixedUpdate frames, avatar should have arrived at position (0.0, 0.0, 0.0), but was (-1.6, -3.8, -2.0)
  Expected: True
  But was:  False
]]></message>
                <stack-trace><![CDATA[at Tests.Testat02+<T04b_AvatarSpeedFieldWorks>d__19.MoveNext () [0x0020a] in C:\Unity\workspace\2020WS.UnityPP.Ann-droids\Assets\Tests\Testat02.cs:202
at UnityEngine.TestTools.TestEnumerator+<Execute>d__6.MoveNext () [0x0004c] in C:\Unity\workspace\2020WS.UnityPP.Ann-droids\Library\PackageCache\com.unity.test-framework@1.1.18\UnityEngine.TestRunner\NUnitExtensions\Attributes\TestEnumerator.cs:36
]]></stack-trace>
              </failure>
            </test-case>
            <test-case id="1056" name="T04b_AvatarSpeedFieldWorks(downArrow+rightArrow,5.0f,0)" fullname="Tests.Testat02.T04b_AvatarSpeedFieldWorks(downArrow+rightArrow,5.0f,0)" methodname="T04b_AvatarSpeedFieldWorks" classname="Tests.Testat02" runstate="Runnable" seed="1379783472" result="Failed" start-time="2020-12-18 15:49:56Z" end-time="2020-12-18 15:49:56Z" duration="0.038257" asserts="0">
              <properties />
              <failure>
                <message><![CDATA[  With input downArrow+rightArrow, speed 5m/s and waiting 0 FixedUpdate frames, avatar should have arrived at position (0.0, 0.0, 0.0), but was (-1.6, -3.8, -2.0)
  Expected: True
  But was:  False
]]></message>
                <stack-trace><![CDATA[at Tests.Testat02+<T04b_AvatarSpeedFieldWorks>d__19.MoveNext () [0x0020a] in C:\Unity\workspace\2020WS.UnityPP.Ann-droids\Assets\Tests\Testat02.cs:202
at UnityEngine.TestTools.TestEnumerator+<Execute>d__6.MoveNext () [0x0004c] in C:\Unity\workspace\2020WS.UnityPP.Ann-droids\Library\PackageCache\com.unity.test-framework@1.1.18\UnityEngine.TestRunner\NUnitExtensions\Attributes\TestEnumerator.cs:36
]]></stack-trace>
              </failure>
            </test-case>
            <test-case id="1057" name="T04b_AvatarSpeedFieldWorks(downArrow+rightArrow,5.0f,2)" fullname="Tests.Testat02.T04b_AvatarSpeedFieldWorks(downArrow+rightArrow,5.0f,2)" methodname="T04b_AvatarSpeedFieldWorks" classname="Tests.Testat02" runstate="Runnable" seed="386980947" result="Failed" start-time="2020-12-18 15:49:56Z" end-time="2020-12-18 15:49:56Z" duration="0.079458" asserts="0">
              <properties />
              <failure>
                <message><![CDATA[  With input downArrow+rightArrow, speed 5m/s and waiting 2 FixedUpdate frames, avatar should have arrived at position (0.1, -0.1, 0.0), but was (-1.5, -4.0, -2.0)
  Expected: True
  But was:  False
]]></message>
                <stack-trace><![CDATA[at Tests.Testat02+<T04b_AvatarSpeedFieldWorks>d__19.MoveNext () [0x0020a] in C:\Unity\workspace\2020WS.UnityPP.Ann-droids\Assets\Tests\Testat02.cs:202
at UnityEngine.TestTools.TestEnumerator+<Execute>d__6.MoveNext () [0x0004c] in C:\Unity\workspace\2020WS.UnityPP.Ann-droids\Library\PackageCache\com.unity.test-framework@1.1.18\UnityEngine.TestRunner\NUnitExtensions\Attributes\TestEnumerator.cs:36
]]></stack-trace>
              </failure>
            </test-case>
            <test-case id="1058" name="T04b_AvatarSpeedFieldWorks(downArrow+rightArrow,5.0f,4)" fullname="Tests.Testat02.T04b_AvatarSpeedFieldWorks(downArrow+rightArrow,5.0f,4)" methodname="T04b_AvatarSpeedFieldWorks" classname="Tests.Testat02" runstate="Runnable" seed="862218042" result="Failed" start-time="2020-12-18 15:49:56Z" end-time="2020-12-18 15:49:56Z" duration="0.116972" asserts="0">
              <properties />
              <failure>
                <message><![CDATA[  With input downArrow+rightArrow, speed 5m/s and waiting 4 FixedUpdate frames, avatar should have arrived at position (0.3, -0.3, 0.0), but was (-1.3, -4.1, -2.0)
  Expected: True
  But was:  False
]]></message>
                <stack-trace><![CDATA[at Tests.Testat02+<T04b_AvatarSpeedFieldWorks>d__19.MoveNext () [0x0020a] in C:\Unity\workspace\2020WS.UnityPP.Ann-droids\Assets\Tests\Testat02.cs:202
at UnityEngine.TestTools.TestEnumerator+<Execute>d__6.MoveNext () [0x0004c] in C:\Unity\workspace\2020WS.UnityPP.Ann-droids\Library\PackageCache\com.unity.test-framework@1.1.18\UnityEngine.TestRunner\NUnitExtensions\Attributes\TestEnumerator.cs:36
]]></stack-trace>
              </failure>
            </test-case>
            <test-case id="1059" name="T04b_AvatarSpeedFieldWorks(upArrow+leftArrow,0.0f,0)" fullname="Tests.Testat02.T04b_AvatarSpeedFieldWorks(upArrow+leftArrow,0.0f,0)" methodname="T04b_AvatarSpeedFieldWorks" classname="Tests.Testat02" runstate="Runnable" seed="22616275" result="Failed" start-time="2020-12-18 15:49:56Z" end-time="2020-12-18 15:49:56Z" duration="0.038637" asserts="0">
              <properties />
              <failure>
                <message><![CDATA[  With input upArrow+leftArrow, speed 0m/s and waiting 0 FixedUpdate frames, avatar should have arrived at position (0.0, 0.0, 0.0), but was (-1.6, -3.8, -2.0)
  Expected: True
  But was:  False
]]></message>
                <stack-trace><![CDATA[at Tests.Testat02+<T04b_AvatarSpeedFieldWorks>d__19.MoveNext () [0x0020a] in C:\Unity\workspace\2020WS.UnityPP.Ann-droids\Assets\Tests\Testat02.cs:202
at UnityEngine.TestTools.TestEnumerator+<Execute>d__6.MoveNext () [0x0004c] in C:\Unity\workspace\2020WS.UnityPP.Ann-droids\Library\PackageCache\com.unity.test-framework@1.1.18\UnityEngine.TestRunner\NUnitExtensions\Attributes\TestEnumerator.cs:36
]]></stack-trace>
              </failure>
            </test-case>
            <test-case id="1060" name="T04b_AvatarSpeedFieldWorks(upArrow+leftArrow,0.0f,2)" fullname="Tests.Testat02.T04b_AvatarSpeedFieldWorks(upArrow+leftArrow,0.0f,2)" methodname="T04b_AvatarSpeedFieldWorks" classname="Tests.Testat02" runstate="Runnable" seed="1874561997" result="Failed" start-time="2020-12-18 15:49:56Z" end-time="2020-12-18 15:49:56Z" duration="0.077995" asserts="0">
              <properties />
              <failure>
                <message><![CDATA[  With input upArrow+leftArrow, speed 0m/s and waiting 2 FixedUpdate frames, avatar should have arrived at position (0.0, 0.0, 0.0), but was (-1.6, -3.8, -2.0)
  Expected: True
  But was:  False
]]></message>
                <stack-trace><![CDATA[at Tests.Testat02+<T04b_AvatarSpeedFieldWorks>d__19.MoveNext () [0x0020a] in C:\Unity\workspace\2020WS.UnityPP.Ann-droids\Assets\Tests\Testat02.cs:202
at UnityEngine.TestTools.TestEnumerator+<Execute>d__6.MoveNext () [0x0004c] in C:\Unity\workspace\2020WS.UnityPP.Ann-droids\Library\PackageCache\com.unity.test-framework@1.1.18\UnityEngine.TestRunner\NUnitExtensions\Attributes\TestEnumerator.cs:36
]]></stack-trace>
              </failure>
            </test-case>
            <test-case id="1061" name="T04b_AvatarSpeedFieldWorks(upArrow+leftArrow,0.0f,4)" fullname="Tests.Testat02.T04b_AvatarSpeedFieldWorks(upArrow+leftArrow,0.0f,4)" methodname="T04b_AvatarSpeedFieldWorks" classname="Tests.Testat02" runstate="Runnable" seed="909195513" result="Failed" start-time="2020-12-18 15:49:56Z" end-time="2020-12-18 15:49:56Z" duration="0.118881" asserts="0">
              <properties />
              <failure>
                <message><![CDATA[  With input upArrow+leftArrow, speed 0m/s and waiting 4 FixedUpdate frames, avatar should have arrived at position (0.0, 0.0, 0.0), but was (-1.6, -3.8, -2.0)
  Expected: True
  But was:  False
]]></message>
                <stack-trace><![CDATA[at Tests.Testat02+<T04b_AvatarSpeedFieldWorks>d__19.MoveNext () [0x0020a] in C:\Unity\workspace\2020WS.UnityPP.Ann-droids\Assets\Tests\Testat02.cs:202
at UnityEngine.TestTools.TestEnumerator+<Execute>d__6.MoveNext () [0x0004c] in C:\Unity\workspace\2020WS.UnityPP.Ann-droids\Library\PackageCache\com.unity.test-framework@1.1.18\UnityEngine.TestRunner\NUnitExtensions\Attributes\TestEnumerator.cs:36
]]></stack-trace>
              </failure>
            </test-case>
            <test-case id="1062" name="T04b_AvatarSpeedFieldWorks(upArrow+leftArrow,5.0f,0)" fullname="Tests.Testat02.T04b_AvatarSpeedFieldWorks(upArrow+leftArrow,5.0f,0)" methodname="T04b_AvatarSpeedFieldWorks" classname="Tests.Testat02" runstate="Runnable" seed="619338101" result="Failed" start-time="2020-12-18 15:49:56Z" end-time="2020-12-18 15:49:56Z" duration="0.038057" asserts="0">
              <properties />
              <failure>
                <message><![CDATA[  With input upArrow+leftArrow, speed 5m/s and waiting 0 FixedUpdate frames, avatar should have arrived at position (0.0, 0.0, 0.0), but was (-1.6, -3.8, -2.0)
  Expected: True
  But was:  False
]]></message>
                <stack-trace><![CDATA[at Tests.Testat02+<T04b_AvatarSpeedFieldWorks>d__19.MoveNext () [0x0020a] in C:\Unity\workspace\2020WS.UnityPP.Ann-droids\Assets\Tests\Testat02.cs:202
at UnityEngine.TestTools.TestEnumerator+<Execute>d__6.MoveNext () [0x0004c] in C:\Unity\workspace\2020WS.UnityPP.Ann-droids\Library\PackageCache\com.unity.test-framework@1.1.18\UnityEngine.TestRunner\NUnitExtensions\Attributes\TestEnumerator.cs:36
]]></stack-trace>
              </failure>
            </test-case>
            <test-case id="1063" name="T04b_AvatarSpeedFieldWorks(upArrow+leftArrow,5.0f,2)" fullname="Tests.Testat02.T04b_AvatarSpeedFieldWorks(upArrow+leftArrow,5.0f,2)" methodname="T04b_AvatarSpeedFieldWorks" classname="Tests.Testat02" runstate="Runnable" seed="1618347361" result="Failed" start-time="2020-12-18 15:49:56Z" end-time="2020-12-18 15:49:56Z" duration="0.078747" asserts="0">
              <properties />
              <failure>
                <message><![CDATA[  With input upArrow+leftArrow, speed 5m/s and waiting 2 FixedUpdate frames, avatar should have arrived at position (-0.1, 0.1, 0.0), but was (-1.7, -3.7, -2.0)
  Expected: True
  But was:  False
]]></message>
                <stack-trace><![CDATA[at Tests.Testat02+<T04b_AvatarSpeedFieldWorks>d__19.MoveNext () [0x0020a] in C:\Unity\workspace\2020WS.UnityPP.Ann-droids\Assets\Tests\Testat02.cs:202
at UnityEngine.TestTools.TestEnumerator+<Execute>d__6.MoveNext () [0x0004c] in C:\Unity\workspace\2020WS.UnityPP.Ann-droids\Library\PackageCache\com.unity.test-framework@1.1.18\UnityEngine.TestRunner\NUnitExtensions\Attributes\TestEnumerator.cs:36
]]></stack-trace>
              </failure>
            </test-case>
            <test-case id="1064" name="T04b_AvatarSpeedFieldWorks(upArrow+leftArrow,5.0f,4)" fullname="Tests.Testat02.T04b_AvatarSpeedFieldWorks(upArrow+leftArrow,5.0f,4)" methodname="T04b_AvatarSpeedFieldWorks" classname="Tests.Testat02" runstate="Runnable" seed="108683389" result="Failed" start-time="2020-12-18 15:49:56Z" end-time="2020-12-18 15:49:56Z" duration="0.116902" asserts="0">
              <properties />
              <failure>
                <message><![CDATA[  With input upArrow+leftArrow, speed 5m/s and waiting 4 FixedUpdate frames, avatar should have arrived at position (-0.3, 0.3, 0.0), but was (-1.9, -3.5, -2.0)
  Expected: True
  But was:  False
]]></message>
                <stack-trace><![CDATA[at Tests.Testat02+<T04b_AvatarSpeedFieldWorks>d__19.MoveNext () [0x0020a] in C:\Unity\workspace\2020WS.UnityPP.Ann-droids\Assets\Tests\Testat02.cs:202
at UnityEngine.TestTools.TestEnumerator+<Execute>d__6.MoveNext () [0x0004c] in C:\Unity\workspace\2020WS.UnityPP.Ann-droids\Library\PackageCache\com.unity.test-framework@1.1.18\UnityEngine.TestRunner\NUnitExtensions\Attributes\TestEnumerator.cs:36
]]></stack-trace>
              </failure>
            </test-case>
            <test-case id="1065" name="T04b_AvatarSpeedFieldWorks(downArrow+leftArrow,0.0f,0)" fullname="Tests.Testat02.T04b_AvatarSpeedFieldWorks(downArrow+leftArrow,0.0f,0)" methodname="T04b_AvatarSpeedFieldWorks" classname="Tests.Testat02" runstate="Runnable" seed="701660779" result="Failed" start-time="2020-12-18 15:49:56Z" end-time="2020-12-18 15:49:56Z" duration="0.038352" asserts="0">
              <properties />
              <failure>
                <message><![CDATA[  With input downArrow+leftArrow, speed 0m/s and waiting 0 FixedUpdate frames, avatar should have arrived at position (0.0, 0.0, 0.0), but was (-1.6, -3.8, -2.0)
  Expected: True
  But was:  False
]]></message>
                <stack-trace><![CDATA[at Tests.Testat02+<T04b_AvatarSpeedFieldWorks>d__19.MoveNext () [0x0020a] in C:\Unity\workspace\2020WS.UnityPP.Ann-droids\Assets\Tests\Testat02.cs:202
at UnityEngine.TestTools.TestEnumerator+<Execute>d__6.MoveNext () [0x0004c] in C:\Unity\workspace\2020WS.UnityPP.Ann-droids\Library\PackageCache\com.unity.test-framework@1.1.18\UnityEngine.TestRunner\NUnitExtensions\Attributes\TestEnumerator.cs:36
]]></stack-trace>
              </failure>
            </test-case>
            <test-case id="1066" name="T04b_AvatarSpeedFieldWorks(downArrow+leftArrow,0.0f,2)" fullname="Tests.Testat02.T04b_AvatarSpeedFieldWorks(downArrow+leftArrow,0.0f,2)" methodname="T04b_AvatarSpeedFieldWorks" classname="Tests.Testat02" runstate="Runnable" seed="702168817" result="Failed" start-time="2020-12-18 15:49:56Z" end-time="2020-12-18 15:49:56Z" duration="0.078340" asserts="0">
              <properties />
              <failure>
                <message><![CDATA[  With input downArrow+leftArrow, speed 0m/s and waiting 2 FixedUpdate frames, avatar should have arrived at position (0.0, 0.0, 0.0), but was (-1.6, -3.8, -2.0)
  Expected: True
  But was:  False
]]></message>
                <stack-trace><![CDATA[at Tests.Testat02+<T04b_AvatarSpeedFieldWorks>d__19.MoveNext () [0x0020a] in C:\Unity\workspace\2020WS.UnityPP.Ann-droids\Assets\Tests\Testat02.cs:202
at UnityEngine.TestTools.TestEnumerator+<Execute>d__6.MoveNext () [0x0004c] in C:\Unity\workspace\2020WS.UnityPP.Ann-droids\Library\PackageCache\com.unity.test-framework@1.1.18\UnityEngine.TestRunner\NUnitExtensions\Attributes\TestEnumerator.cs:36
]]></stack-trace>
              </failure>
            </test-case>
            <test-case id="1067" name="T04b_AvatarSpeedFieldWorks(downArrow+leftArrow,0.0f,4)" fullname="Tests.Testat02.T04b_AvatarSpeedFieldWorks(downArrow+leftArrow,0.0f,4)" methodname="T04b_AvatarSpeedFieldWorks" classname="Tests.Testat02" runstate="Runnable" seed="1169516004" result="Failed" start-time="2020-12-18 15:49:56Z" end-time="2020-12-18 15:49:57Z" duration="0.118384" asserts="0">
              <properties />
              <failure>
                <message><![CDATA[  With input downArrow+leftArrow, speed 0m/s and waiting 4 FixedUpdate frames, avatar should have arrived at position (0.0, 0.0, 0.0), but was (-1.6, -3.8, -2.0)
  Expected: True
  But was:  False
]]></message>
                <stack-trace><![CDATA[at Tests.Testat02+<T04b_AvatarSpeedFieldWorks>d__19.MoveNext () [0x0020a] in C:\Unity\workspace\2020WS.UnityPP.Ann-droids\Assets\Tests\Testat02.cs:202
at UnityEngine.TestTools.TestEnumerator+<Execute>d__6.MoveNext () [0x0004c] in C:\Unity\workspace\2020WS.UnityPP.Ann-droids\Library\PackageCache\com.unity.test-framework@1.1.18\UnityEngine.TestRunner\NUnitExtensions\Attributes\TestEnumerator.cs:36
]]></stack-trace>
              </failure>
            </test-case>
            <test-case id="1068" name="T04b_AvatarSpeedFieldWorks(downArrow+leftArrow,5.0f,0)" fullname="Tests.Testat02.T04b_AvatarSpeedFieldWorks(downArrow+leftArrow,5.0f,0)" methodname="T04b_AvatarSpeedFieldWorks" classname="Tests.Testat02" runstate="Runnable" seed="1306326714" result="Failed" start-time="2020-12-18 15:49:57Z" end-time="2020-12-18 15:49:57Z" duration="0.042213" asserts="0">
              <properties />
              <failure>
                <message><![CDATA[  With input downArrow+leftArrow, speed 5m/s and waiting 0 FixedUpdate frames, avatar should have arrived at position (0.0, 0.0, 0.0), but was (-1.6, -3.8, -2.0)
  Expected: True
  But was:  False
]]></message>
                <stack-trace><![CDATA[at Tests.Testat02+<T04b_AvatarSpeedFieldWorks>d__19.MoveNext () [0x0020a] in C:\Unity\workspace\2020WS.UnityPP.Ann-droids\Assets\Tests\Testat02.cs:202
at UnityEngine.TestTools.TestEnumerator+<Execute>d__6.MoveNext () [0x0004c] in C:\Unity\workspace\2020WS.UnityPP.Ann-droids\Library\PackageCache\com.unity.test-framework@1.1.18\UnityEngine.TestRunner\NUnitExtensions\Attributes\TestEnumerator.cs:36
]]></stack-trace>
              </failure>
            </test-case>
            <test-case id="1069" name="T04b_AvatarSpeedFieldWorks(downArrow+leftArrow,5.0f,2)" fullname="Tests.Testat02.T04b_AvatarSpeedFieldWorks(downArrow+leftArrow,5.0f,2)" methodname="T04b_AvatarSpeedFieldWorks" classname="Tests.Testat02" runstate="Runnable" seed="763602144" result="Failed" start-time="2020-12-18 15:49:57Z" end-time="2020-12-18 15:49:57Z" duration="0.074883" asserts="0">
              <properties />
              <failure>
                <message><![CDATA[  With input downArrow+leftArrow, speed 5m/s and waiting 2 FixedUpdate frames, avatar should have arrived at position (-0.1, -0.1, 0.0), but was (-1.7, -4.0, -2.0)
  Expected: True
  But was:  False
]]></message>
                <stack-trace><![CDATA[at Tests.Testat02+<T04b_AvatarSpeedFieldWorks>d__19.MoveNext () [0x0020a] in C:\Unity\workspace\2020WS.UnityPP.Ann-droids\Assets\Tests\Testat02.cs:202
at UnityEngine.TestTools.TestEnumerator+<Execute>d__6.MoveNext () [0x0004c] in C:\Unity\workspace\2020WS.UnityPP.Ann-droids\Library\PackageCache\com.unity.test-framework@1.1.18\UnityEngine.TestRunner\NUnitExtensions\Attributes\TestEnumerator.cs:36
]]></stack-trace>
              </failure>
            </test-case>
            <test-case id="1070" name="T04b_AvatarSpeedFieldWorks(downArrow+leftArrow,5.0f,4)" fullname="Tests.Testat02.T04b_AvatarSpeedFieldWorks(downArrow+leftArrow,5.0f,4)" methodname="T04b_AvatarSpeedFieldWorks" classname="Tests.Testat02" runstate="Runnable" seed="1332691080" result="Failed" start-time="2020-12-18 15:49:57Z" end-time="2020-12-18 15:49:57Z" duration="0.118138" asserts="0">
              <properties />
              <failure>
                <message><![CDATA[  With input downArrow+leftArrow, speed 5m/s and waiting 4 FixedUpdate frames, avatar should have arrived at position (-0.3, -0.3, 0.0), but was (-1.9, -4.1, -2.0)
  Expected: True
  But was:  False
]]></message>
                <stack-trace><![CDATA[at Tests.Testat02+<T04b_AvatarSpeedFieldWorks>d__19.MoveNext () [0x0020a] in C:\Unity\workspace\2020WS.UnityPP.Ann-droids\Assets\Tests\Testat02.cs:202
at UnityEngine.TestTools.TestEnumerator+<Execute>d__6.MoveNext () [0x0004c] in C:\Unity\workspace\2020WS.UnityPP.Ann-droids\Library\PackageCache\com.unity.test-framework@1.1.18\UnityEngine.TestRunner\NUnitExtensions\Attributes\TestEnumerator.cs:36
]]></stack-trace>
              </failure>
            </test-case>
          </test-suite>
        </test-suite>
        <test-suite type="TestFixture" id="1072" name="Testat03" fullname="Tests.Testat03" classname="Tests.Testat03" runstate="Runnable" testcasecount="19" result="Failed" site="Child" start-time="2020-12-18 15:49:57Z" end-time="2020-12-18 15:49:59Z" duration="2.406139" total="19" passed="18" failed="1" inconclusive="0" skipped="0" asserts="0">
          <properties />
          <failure>
            <message><![CDATA[One or more child tests had errors]]></message>
          </failure>
          <test-suite type="ParameterizedMethod" id="1075" name="T02_GitTagExists" fullname="Tests.Testat03.T02_GitTagExists" classname="Tests.Testat03" runstate="Runnable" testcasecount="2" result="Passed" start-time="2020-12-18 15:49:57Z" end-time="2020-12-18 15:49:57Z" duration="0.110308" total="2" passed="2" failed="0" inconclusive="0" skipped="0" asserts="0">
            <properties />
            <test-case id="1073" name="T02_GitTagExists(&quot;Tx01&quot;)" fullname="Tests.Testat03.T02_GitTagExists(&quot;Tx01&quot;)" methodname="T02_GitTagExists" classname="Tests.Testat03" runstate="Runnable" seed="503035148" result="Passed" start-time="2020-12-18 15:49:57Z" end-time="2020-12-18 15:49:57Z" duration="0.059402" asserts="0">
              <properties />
            </test-case>
            <test-case id="1074" name="T02_GitTagExists(&quot;Tx02&quot;)" fullname="Tests.Testat03.T02_GitTagExists(&quot;Tx02&quot;)" methodname="T02_GitTagExists" classname="Tests.Testat03" runstate="Runnable" seed="1309002958" result="Passed" start-time="2020-12-18 15:49:57Z" end-time="2020-12-18 15:49:57Z" duration="0.048929" asserts="0">
              <properties />
            </test-case>
          </test-suite>
          <test-suite type="ParameterizedMethod" id="1078" name="T03_PrefabExists" fullname="Tests.Testat03.T03_PrefabExists" classname="Tests.Testat03" runstate="Runnable" testcasecount="2" result="Passed" start-time="2020-12-18 15:49:57Z" end-time="2020-12-18 15:49:57Z" duration="0.004985" total="2" passed="2" failed="0" inconclusive="0" skipped="0" asserts="0">
            <properties />
            <test-case id="1076" name="T03_PrefabExists(&quot;Assets/Prefabs/Avatar.prefab&quot;)" fullname="Tests.Testat03.T03_PrefabExists(&quot;Assets/Prefabs/Avatar.prefab&quot;)" methodname="T03_PrefabExists" classname="Tests.Testat03" runstate="Runnable" seed="103713674" result="Passed" start-time="2020-12-18 15:49:57Z" end-time="2020-12-18 15:49:57Z" duration="0.001606" asserts="0">
              <properties />
            </test-case>
            <test-case id="1077" name="T03_PrefabExists(&quot;Assets/Prefabs/Platform.prefab&quot;)" fullname="Tests.Testat03.T03_PrefabExists(&quot;Assets/Prefabs/Platform.prefab&quot;)" methodname="T03_PrefabExists" classname="Tests.Testat03" runstate="Runnable" seed="1966781819" result="Passed" start-time="2020-12-18 15:49:57Z" end-time="2020-12-18 15:49:57Z" duration="0.000864" asserts="0">
              <properties />
            </test-case>
          </test-suite>
          <test-case id="1079" name="T04a_PlatformPrefab" fullname="Tests.Testat03.T04a_PlatformPrefab" methodname="T04a_PlatformPrefab" classname="Tests.Testat03" runstate="Runnable" seed="1309576183" result="Passed" start-time="2020-12-18 15:49:57Z" end-time="2020-12-18 15:49:57Z" duration="0.008301" asserts="0">
            <properties />
          </test-case>
          <test-case id="1080" name="T04b_PlatformGravity" fullname="Tests.Testat03.T04b_PlatformGravity" methodname="T04b_PlatformGravity" classname="Tests.Testat03" runstate="Runnable" seed="1313531907" result="Passed" start-time="2020-12-18 15:49:57Z" end-time="2020-12-18 15:49:57Z" duration="0.212786" asserts="0">
            <properties>
              <property name="_JOINTYPE" value="UnityCombinatorial" />
            </properties>
          </test-case>
          <test-case id="1081" name="T05a_AvatarPrefab" fullname="Tests.Testat03.T05a_AvatarPrefab" methodname="T05a_AvatarPrefab" classname="Tests.Testat03" runstate="Runnable" seed="1723572425" result="Passed" start-time="2020-12-18 15:49:57Z" end-time="2020-12-18 15:49:57Z" duration="0.013481" asserts="0">
            <properties />
          </test-case>
          <test-case id="1082" name="T05b_AvatarGravityWhenFalling" fullname="Tests.Testat03.T05b_AvatarGravityWhenFalling" methodname="T05b_AvatarGravityWhenFalling" classname="Tests.Testat03" runstate="Runnable" seed="90880216" result="Passed" start-time="2020-12-18 15:49:57Z" end-time="2020-12-18 15:49:58Z" duration="0.204931" asserts="0">
            <properties>
              <property name="_JOINTYPE" value="UnityCombinatorial" />
            </properties>
          </test-case>
          <test-suite type="ParameterizedMethod" id="1091" name="T05c_AvatarMovement" fullname="Tests.Testat03.T05c_AvatarMovement" classname="Tests.Testat03" runstate="Runnable" testcasecount="8" result="Passed" start-time="2020-12-18 15:49:58Z" end-time="2020-12-18 15:49:59Z" duration="1.279520" total="8" passed="8" failed="0" inconclusive="0" skipped="0" asserts="0">
            <properties>
              <property name="_JOINTYPE" value="UnityCombinatorial" />
            </properties>
            <test-case id="1083" name="T05c_AvatarMovement(rightArrow,0.0f,2)" fullname="Tests.Testat03.T05c_AvatarMovement(rightArrow,0.0f,2)" methodname="T05c_AvatarMovement" classname="Tests.Testat03" runstate="Runnable" seed="356425510" result="Passed" start-time="2020-12-18 15:49:58Z" end-time="2020-12-18 15:49:58Z" duration="0.096195" asserts="0">
              <properties />
            </test-case>
            <test-case id="1084" name="T05c_AvatarMovement(rightArrow,0.0f,8)" fullname="Tests.Testat03.T05c_AvatarMovement(rightArrow,0.0f,8)" methodname="T05c_AvatarMovement" classname="Tests.Testat03" runstate="Runnable" seed="1776915898" result="Passed" start-time="2020-12-18 15:49:58Z" end-time="2020-12-18 15:49:58Z" duration="0.219401" asserts="0">
              <properties />
            </test-case>
            <test-case id="1085" name="T05c_AvatarMovement(rightArrow,5.0f,2)" fullname="Tests.Testat03.T05c_AvatarMovement(rightArrow,5.0f,2)" methodname="T05c_AvatarMovement" classname="Tests.Testat03" runstate="Runnable" seed="1348647735" result="Passed" start-time="2020-12-18 15:49:58Z" end-time="2020-12-18 15:49:58Z" duration="0.099208" asserts="0">
              <properties />
            </test-case>
            <test-case id="1086" name="T05c_AvatarMovement(rightArrow,5.0f,8)" fullname="Tests.Testat03.T05c_AvatarMovement(rightArrow,5.0f,8)" methodname="T05c_AvatarMovement" classname="Tests.Testat03" runstate="Runnable" seed="1953363119" result="Passed" start-time="2020-12-18 15:49:58Z" end-time="2020-12-18 15:49:58Z" duration="0.219586" asserts="0">
              <properties />
            </test-case>
            <test-case id="1087" name="T05c_AvatarMovement(leftArrow,0.0f,2)" fullname="Tests.Testat03.T05c_AvatarMovement(leftArrow,0.0f,2)" methodname="T05c_AvatarMovement" classname="Tests.Testat03" runstate="Runnable" seed="834583332" result="Passed" start-time="2020-12-18 15:49:58Z" end-time="2020-12-18 15:49:58Z" duration="0.099313" asserts="0">
              <properties />
            </test-case>
            <test-case id="1088" name="T05c_AvatarMovement(leftArrow,0.0f,8)" fullname="Tests.Testat03.T05c_AvatarMovement(leftArrow,0.0f,8)" methodname="T05c_AvatarMovement" classname="Tests.Testat03" runstate="Runnable" seed="1157172677" result="Passed" start-time="2020-12-18 15:49:58Z" end-time="2020-12-18 15:49:58Z" duration="0.219506" asserts="0">
              <properties />
            </test-case>
            <test-case id="1089" name="T05c_AvatarMovement(leftArrow,5.0f,2)" fullname="Tests.Testat03.T05c_AvatarMovement(leftArrow,5.0f,2)" methodname="T05c_AvatarMovement" classname="Tests.Testat03" runstate="Runnable" seed="394105310" result="Passed" start-time="2020-12-18 15:49:58Z" end-time="2020-12-18 15:49:59Z" duration="0.099408" asserts="0">
              <properties />
            </test-case>
            <test-case id="1090" name="T05c_AvatarMovement(leftArrow,5.0f,8)" fullname="Tests.Testat03.T05c_AvatarMovement(leftArrow,5.0f,8)" methodname="T05c_AvatarMovement" classname="Tests.Testat03" runstate="Runnable" seed="1235497162" result="Passed" start-time="2020-12-18 15:49:59Z" end-time="2020-12-18 15:49:59Z" duration="0.219420" asserts="0">
              <properties />
            </test-case>
          </test-suite>
          <test-case id="1092" name="T05d_AvatarGravityWhenGrounded" fullname="Tests.Testat03.T05d_AvatarGravityWhenGrounded" methodname="T05d_AvatarGravityWhenGrounded" classname="Tests.Testat03" runstate="Runnable" seed="343252580" result="Passed" start-time="2020-12-18 15:49:59Z" end-time="2020-12-18 15:49:59Z" duration="0.216315" asserts="0">
            <properties>
              <property name="_JOINTYPE" value="UnityCombinatorial" />
            </properties>
          </test-case>
          <test-case id="1093" name="T06a_SceneExists" fullname="Tests.Testat03.T06a_SceneExists" methodname="T06a_SceneExists" classname="Tests.Testat03" runstate="Runnable" seed="164948217" result="Passed" start-time="2020-12-18 15:49:59Z" end-time="2020-12-18 15:49:59Z" duration="0.001303" asserts="0">
            <properties />
          </test-case>
          <test-case id="1094" name="T06b_PrefabInstancesExistInScene" fullname="Tests.Testat03.T06b_PrefabInstancesExistInScene" methodname="T06b_PrefabInstancesExistInScene" classname="Tests.Testat03" runstate="Runnable" seed="2125772264" result="Failed" start-time="2020-12-18 15:49:59Z" end-time="2020-12-18 15:49:59Z" duration="0.339840" asserts="0">
            <properties>
              <property name="_JOINTYPE" value="UnityCombinatorial" />
            </properties>
            <failure>
              <message><![CDATA[  Scene PlatformTest must have exactly 1 instance(s) of prefab Avatar (UnityEngine.GameObject)!
  Expected: 1
  But was:  0
]]></message>
              <stack-trace><![CDATA[at Tests.Testat03+<T06b_PrefabInstancesExistInScene>d__30.MoveNext () [0x0010f] in C:\Unity\workspace\2020WS.UnityPP.Ann-droids\Assets\Tests\Testat03.cs:269
at UnityEngine.TestTools.TestEnumerator+<Execute>d__6.MoveNext () [0x0004c] in C:\Unity\workspace\2020WS.UnityPP.Ann-droids\Library\PackageCache\com.unity.test-framework@1.1.18\UnityEngine.TestRunner\NUnitExtensions\Attributes\TestEnumerator.cs:36
]]></stack-trace>
            </failure>
          </test-case>
        </test-suite>
        <test-suite type="TestFixture" id="1095" name="Testat04" fullname="Tests.Testat04" classname="Tests.Testat04" runstate="Runnable" testcasecount="12" result="Failed" site="Child" start-time="2020-12-18 15:49:59Z" end-time="2020-12-18 15:50:00Z" duration="0.310269" total="12" passed="11" failed="1" inconclusive="0" skipped="0" asserts="0">
          <properties />
          <failure>
            <message><![CDATA[One or more child tests had errors]]></message>
          </failure>
          <test-suite type="ParameterizedMethod" id="1098" name="T01_PrefabExists" fullname="Tests.Testat04.T01_PrefabExists" classname="Tests.Testat04" runstate="Runnable" testcasecount="2" result="Passed" start-time="2020-12-18 15:49:59Z" end-time="2020-12-18 15:49:59Z" duration="0.004373" total="2" passed="2" failed="0" inconclusive="0" skipped="0" asserts="0">
            <properties />
            <test-case id="1096" name="T01_PrefabExists(&quot;Assets/Prefabs/Avatar.prefab&quot;)" fullname="Tests.Testat04.T01_PrefabExists(&quot;Assets/Prefabs/Avatar.prefab&quot;)" methodname="T01_PrefabExists" classname="Tests.Testat04" runstate="Runnable" seed="1412404741" result="Passed" start-time="2020-12-18 15:49:59Z" end-time="2020-12-18 15:49:59Z" duration="0.001167" asserts="0">
              <properties />
            </test-case>
            <test-case id="1097" name="T01_PrefabExists(&quot;Assets/Prefabs/Platform.prefab&quot;)" fullname="Tests.Testat04.T01_PrefabExists(&quot;Assets/Prefabs/Platform.prefab&quot;)" methodname="T01_PrefabExists" classname="Tests.Testat04" runstate="Runnable" seed="293596643" result="Passed" start-time="2020-12-18 15:49:59Z" end-time="2020-12-18 15:49:59Z" duration="0.001125" asserts="0">
              <properties />
            </test-case>
          </test-suite>
          <test-suite type="ParameterizedMethod" id="1101" name="T02_MaterialsExists" fullname="Tests.Testat04.T02_MaterialsExists" classname="Tests.Testat04" runstate="Runnable" testcasecount="2" result="Passed" start-time="2020-12-18 15:49:59Z" end-time="2020-12-18 15:49:59Z" duration="0.005034" total="2" passed="2" failed="0" inconclusive="0" skipped="0" asserts="0">
            <properties />
            <test-case id="1099" name="T02_MaterialsExists(&quot;Assets/Materials/Avatar.mat&quot;)" fullname="Tests.Testat04.T02_MaterialsExists(&quot;Assets/Materials/Avatar.mat&quot;)" methodname="T02_MaterialsExists" classname="Tests.Testat04" runstate="Runnable" seed="1784207979" result="Passed" start-time="2020-12-18 15:49:59Z" end-time="2020-12-18 15:49:59Z" duration="0.001640" asserts="0">
              <properties />
            </test-case>
            <test-case id="1100" name="T02_MaterialsExists(&quot;Assets/Materials/Platform.mat&quot;)" fullname="Tests.Testat04.T02_MaterialsExists(&quot;Assets/Materials/Platform.mat&quot;)" methodname="T02_MaterialsExists" classname="Tests.Testat04" runstate="Runnable" seed="934723585" result="Passed" start-time="2020-12-18 15:49:59Z" end-time="2020-12-18 15:49:59Z" duration="0.001175" asserts="0">
              <properties />
            </test-case>
          </test-suite>
          <test-case id="1102" name="T03_PlatformPrefab" fullname="Tests.Testat04.T03_PlatformPrefab" methodname="T03_PlatformPrefab" classname="Tests.Testat04" runstate="Runnable" seed="210986311" result="Passed" start-time="2020-12-18 15:49:59Z" end-time="2020-12-18 15:49:59Z" duration="0.004534" asserts="0">
            <properties />
          </test-case>
          <test-case id="1106" name="T04_AvatarPrefab" fullname="Tests.Testat04.T04_AvatarPrefab" methodname="T04_AvatarPrefab" classname="Tests.Testat04" runstate="Runnable" seed="231495609" result="Passed" start-time="2020-12-18 15:49:59Z" end-time="2020-12-18 15:49:59Z" duration="0.002217" asserts="0">
            <properties />
          </test-case>
          <test-suite type="ParameterizedMethod" id="1105" name="T05_PlatformColor" fullname="Tests.Testat04.T05_PlatformColor" classname="Tests.Testat04" runstate="Runnable" testcasecount="2" result="Passed" start-time="2020-12-18 15:49:59Z" end-time="2020-12-18 15:50:00Z" duration="0.120078" total="2" passed="2" failed="0" inconclusive="0" skipped="0" asserts="0">
            <properties>
              <property name="_JOINTYPE" value="UnityCombinatorial" />
            </properties>
            <test-case id="1103" name="T05_PlatformColor(RGBA(0.000, 1.000, 0.000, 1.000))" fullname="Tests.Testat04.T05_PlatformColor(RGBA(0.000, 1.000, 0.000, 1.000))" methodname="T05_PlatformColor" classname="Tests.Testat04" runstate="Runnable" seed="1667411591" result="Passed" start-time="2020-12-18 15:49:59Z" end-time="2020-12-18 15:49:59Z" duration="0.058641" asserts="0">
              <properties />
            </test-case>
            <test-case id="1104" name="T05_PlatformColor(RGBA(1.000, 0.000, 1.000, 1.000))" fullname="Tests.Testat04.T05_PlatformColor(RGBA(1.000, 0.000, 1.000, 1.000))" methodname="T05_PlatformColor" classname="Tests.Testat04" runstate="Runnable" seed="178249626" result="Passed" start-time="2020-12-18 15:49:59Z" end-time="2020-12-18 15:50:00Z" duration="0.059012" asserts="0">
              <properties />
            </test-case>
          </test-suite>
          <test-suite type="ParameterizedMethod" id="1109" name="T06_AvatarColor" fullname="Tests.Testat04.T06_AvatarColor" classname="Tests.Testat04" runstate="Runnable" testcasecount="2" result="Passed" start-time="2020-12-18 15:50:00Z" end-time="2020-12-18 15:50:00Z" duration="0.118740" total="2" passed="2" failed="0" inconclusive="0" skipped="0" asserts="0">
            <properties>
              <property name="_JOINTYPE" value="UnityCombinatorial" />
            </properties>
            <test-case id="1107" name="T06_AvatarColor(RGBA(0.000, 1.000, 0.000, 1.000))" fullname="Tests.Testat04.T06_AvatarColor(RGBA(0.000, 1.000, 0.000, 1.000))" methodname="T06_AvatarColor" classname="Tests.Testat04" runstate="Runnable" seed="377341369" result="Passed" start-time="2020-12-18 15:50:00Z" end-time="2020-12-18 15:50:00Z" duration="0.057197" asserts="0">
              <properties />
            </test-case>
            <test-case id="1108" name="T06_AvatarColor(RGBA(1.000, 0.000, 1.000, 1.000))" fullname="Tests.Testat04.T06_AvatarColor(RGBA(1.000, 0.000, 1.000, 1.000))" methodname="T06_AvatarColor" classname="Tests.Testat04" runstate="Runnable" seed="1162776941" result="Passed" start-time="2020-12-18 15:50:00Z" end-time="2020-12-18 15:50:00Z" duration="0.059388" asserts="0">
              <properties />
            </test-case>
          </test-suite>
          <test-case id="1110" name="T07a_SceneExists" fullname="Tests.Testat04.T07a_SceneExists" methodname="T07a_SceneExists" classname="Tests.Testat04" runstate="Runnable" seed="348839939" result="Passed" start-time="2020-12-18 15:50:00Z" end-time="2020-12-18 15:50:00Z" duration="0.001330" asserts="0">
            <properties />
          </test-case>
          <test-case id="1111" name="T07b_PrefabInstancesExistInScene" fullname="Tests.Testat04.T07b_PrefabInstancesExistInScene" methodname="T07b_PrefabInstancesExistInScene" classname="Tests.Testat04" runstate="Runnable" seed="1020245683" result="Failed" start-time="2020-12-18 15:50:00Z" end-time="2020-12-18 15:50:00Z" duration="0.043642" asserts="0">
            <properties>
              <property name="_JOINTYPE" value="UnityCombinatorial" />
            </properties>
            <failure>
              <message><![CDATA[  Scene PlatformTest must have exactly 1 instance(s) of prefab Avatar (UnityEngine.GameObject)!
  Expected: 1
  But was:  0
]]></message>
              <stack-trace><![CDATA[at Tests.Testat04+<T07b_PrefabInstancesExistInScene>d__25.MoveNext () [0x00193] in C:\Unity\workspace\2020WS.UnityPP.Ann-droids\Assets\Tests\Testat04.cs:196
at UnityEngine.TestTools.TestEnumerator+<Execute>d__6.MoveNext () [0x0004c] in C:\Unity\workspace\2020WS.UnityPP.Ann-droids\Library\PackageCache\com.unity.test-framework@1.1.18\UnityEngine.TestRunner\NUnitExtensions\Attributes\TestEnumerator.cs:36
]]></stack-trace>
            </failure>
          </test-case>
        </test-suite>
        <test-suite type="TestFixture" id="1112" name="Testat05" fullname="Tests.Testat05" classname="Tests.Testat05" runstate="Runnable" testcasecount="16" result="Failed" site="Child" start-time="2020-12-18 15:50:00Z" end-time="2020-12-18 15:50:00Z" duration="0.131118" total="16" passed="12" failed="4" inconclusive="0" skipped="0" asserts="0">
          <properties />
          <failure>
            <message><![CDATA[One or more child tests had errors]]></message>
          </failure>
          <test-case id="1127" name="T02_MarioPrefab" fullname="Tests.Testat05.T02_MarioPrefab" methodname="T02_MarioPrefab" classname="Tests.Testat05" runstate="Runnable" seed="1401003350" result="Failed" start-time="2020-12-18 15:50:00Z" end-time="2020-12-18 15:50:00Z" duration="0.007355" asserts="0">
            <properties />
            <failure>
              <message><![CDATA[  The method 'GetCurrentAcceleration' in GameObject 'Mario (UnityEngine.GameObject)' must have exactly 0 parameters!
  Expected: 0
  But was:  1
]]></message>
              <stack-trace><![CDATA[at Tests.MethodBridge`1[T]..ctor (UnityEngine.GameObject obj, System.String name, System.Int32 parameterCount, System.String returnType) [0x00056] in C:\Unity\workspace\2020WS.UnityPP.Ann-droids\Assets\Tests\MethodBridge.cs:29
at Tests.GameObjectBridge.FindMethod[T] (System.String name, System.Int32 parameterCount, System.String returnType) [0x00001] in C:\Unity\workspace\2020WS.UnityPP.Ann-droids\Assets\Tests\GameObjectBridge.cs:36
at Tests.Testat05+MarioBridge..ctor (UnityEngine.GameObject gameObject, System.Boolean isInstance) [0x0004d] in C:\Unity\workspace\2020WS.UnityPP.Ann-droids\Assets\Tests\Testat05.cs:82
at Tests.Testat05.T02_MarioPrefab () [0x0000c] in C:\Unity\workspace\2020WS.UnityPP.Ann-droids\Assets\Tests\Testat05.cs:216
]]></stack-trace>
            </failure>
          </test-case>
          <test-suite type="ParameterizedMethod" id="1130" name="T03_MarioMovement" fullname="Tests.Testat05.T03_MarioMovement" classname="Tests.Testat05" runstate="Runnable" testcasecount="2" result="Failed" site="Child" start-time="2020-12-18 15:50:00Z" end-time="2020-12-18 15:50:00Z" duration="0.036562" total="2" passed="0" failed="2" inconclusive="0" skipped="0" asserts="0">
            <properties>
              <property name="_JOINTYPE" value="UnityCombinatorial" />
            </properties>
            <failure>
              <message><![CDATA[One or more child tests had errors]]></message>
            </failure>
            <test-case id="1128" name="T03_MarioMovement(rightArrow, 10m/s, 5m/s)" fullname="Tests.Testat05.T03_MarioMovement(rightArrow, 10m/s, 5m/s)" methodname="T03_MarioMovement" classname="Tests.Testat05" runstate="Runnable" seed="635263111" result="Failed" start-time="2020-12-18 15:50:00Z" end-time="2020-12-18 15:50:00Z" duration="0.012980" asserts="0">
              <properties />
              <failure>
                <message><![CDATA[  The method 'GetCurrentAcceleration' in GameObject 'Mario(Clone) (UnityEngine.GameObject)' must have exactly 0 parameters!
  Expected: 0
  But was:  1
]]></message>
                <stack-trace><![CDATA[at Tests.MethodBridge`1[T]..ctor (UnityEngine.GameObject obj, System.String name, System.Int32 parameterCount, System.String returnType) [0x00056] in C:\Unity\workspace\2020WS.UnityPP.Ann-droids\Assets\Tests\MethodBridge.cs:29
at Tests.GameObjectBridge.FindMethod[T] (System.String name, System.Int32 parameterCount, System.String returnType) [0x00001] in C:\Unity\workspace\2020WS.UnityPP.Ann-droids\Assets\Tests\GameObjectBridge.cs:36
at Tests.Testat05+MarioBridge..ctor (UnityEngine.GameObject gameObject, System.Boolean isInstance) [0x0004d] in C:\Unity\workspace\2020WS.UnityPP.Ann-droids\Assets\Tests\Testat05.cs:82
at Tests.Testat05.InstantiateMario (UnityEngine.Vector3 position) [0x0001a] in C:\Unity\workspace\2020WS.UnityPP.Ann-droids\Assets\Tests\Testat05.cs:380
at Tests.Testat05+<T03_MarioMovement>d__28.MoveNext () [0x00089] in C:\Unity\workspace\2020WS.UnityPP.Ann-droids\Assets\Tests\Testat05.cs:232
at UnityEngine.TestTools.TestEnumerator+<Execute>d__6.MoveNext () [0x0004c] in C:\Unity\workspace\2020WS.UnityPP.Ann-droids\Library\PackageCache\com.unity.test-framework@1.1.18\UnityEngine.TestRunner\NUnitExtensions\Attributes\TestEnumerator.cs:36
]]></stack-trace>
              </failure>
            </test-case>
            <test-case id="1129" name="T03_MarioMovement(leftArrow, 15m/s, 10m/s)" fullname="Tests.Testat05.T03_MarioMovement(leftArrow, 15m/s, 10m/s)" methodname="T03_MarioMovement" classname="Tests.Testat05" runstate="Runnable" seed="941464099" result="Failed" start-time="2020-12-18 15:50:00Z" end-time="2020-12-18 15:50:00Z" duration="0.016961" asserts="0">
              <properties />
              <failure>
                <message><![CDATA[  The method 'GetCurrentAcceleration' in GameObject 'Mario(Clone) (UnityEngine.GameObject)' must have exactly 0 parameters!
  Expected: 0
  But was:  1
]]></message>
                <stack-trace><![CDATA[at Tests.MethodBridge`1[T]..ctor (UnityEngine.GameObject obj, System.String name, System.Int32 parameterCount, System.String returnType) [0x00056] in C:\Unity\workspace\2020WS.UnityPP.Ann-droids\Assets\Tests\MethodBridge.cs:29
at Tests.GameObjectBridge.FindMethod[T] (System.String name, System.Int32 parameterCount, System.String returnType) [0x00001] in C:\Unity\workspace\2020WS.UnityPP.Ann-droids\Assets\Tests\GameObjectBridge.cs:36
at Tests.Testat05+MarioBridge..ctor (UnityEngine.GameObject gameObject, System.Boolean isInstance) [0x0004d] in C:\Unity\workspace\2020WS.UnityPP.Ann-droids\Assets\Tests\Testat05.cs:82
at Tests.Testat05.InstantiateMario (UnityEngine.Vector3 position) [0x0001a] in C:\Unity\workspace\2020WS.UnityPP.Ann-droids\Assets\Tests\Testat05.cs:380
at Tests.Testat05+<T03_MarioMovement>d__28.MoveNext () [0x00089] in C:\Unity\workspace\2020WS.UnityPP.Ann-droids\Assets\Tests\Testat05.cs:232
at UnityEngine.TestTools.TestEnumerator+<Execute>d__6.MoveNext () [0x0004c] in C:\Unity\workspace\2020WS.UnityPP.Ann-droids\Library\PackageCache\com.unity.test-framework@1.1.18\UnityEngine.TestRunner\NUnitExtensions\Attributes\TestEnumerator.cs:36
]]></stack-trace>
              </failure>
            </test-case>
          </test-suite>
          <test-suite type="ParameterizedMethod" id="1126" name="T04_PlatformPrefab" fullname="Tests.Testat05.T04_PlatformPrefab" classname="Tests.Testat05" runstate="Runnable" testcasecount="3" result="Passed" start-time="2020-12-18 15:50:00Z" end-time="2020-12-18 15:50:00Z" duration="0.017953" total="3" passed="3" failed="0" inconclusive="0" skipped="0" asserts="0">
            <properties />
            <test-case id="1123" name="T04_PlatformPrefab((Assets/Prefabs/Platform_Ice.prefab, Assets/PhysicsMaterials/Icy.physicsMaterial2D))" fullname="Tests.Testat05.T04_PlatformPrefab((Assets/Prefabs/Platform_Ice.prefab, Assets/PhysicsMaterials/Icy.physicsMaterial2D))" methodname="T04_PlatformPrefab" classname="Tests.Testat05" runstate="Runnable" seed="863020060" result="Passed" start-time="2020-12-18 15:50:00Z" end-time="2020-12-18 15:50:00Z" duration="0.007571" asserts="0">
              <properties />
            </test-case>
            <test-case id="1124" name="T04_PlatformPrefab((Assets/Prefabs/Platform_Metal.prefab, Assets/PhysicsMaterials/Default.physicsMaterial2D))" fullname="Tests.Testat05.T04_PlatformPrefab((Assets/Prefabs/Platform_Metal.prefab, Assets/PhysicsMaterials/Default.physicsMaterial2D))" methodname="T04_PlatformPrefab" classname="Tests.Testat05" runstate="Runnable" seed="2011048227" result="Passed" start-time="2020-12-18 15:50:00Z" end-time="2020-12-18 15:50:00Z" duration="0.003277" asserts="0">
              <properties />
            </test-case>
            <test-case id="1125" name="T04_PlatformPrefab((Assets/Prefabs/Platform_Dirt.prefab, Assets/PhysicsMaterials/Sticky.physicsMaterial2D))" fullname="Tests.Testat05.T04_PlatformPrefab((Assets/Prefabs/Platform_Dirt.prefab, Assets/PhysicsMaterials/Sticky.physicsMaterial2D))" methodname="T04_PlatformPrefab" classname="Tests.Testat05" runstate="Runnable" seed="900670014" result="Passed" start-time="2020-12-18 15:50:00Z" end-time="2020-12-18 15:50:00Z" duration="0.003073" asserts="0">
              <properties />
            </test-case>
          </test-suite>
          <test-suite type="ParameterizedMethod" id="1121" name="T05a_PhysicsMaterialExists" fullname="Tests.Testat05.T05a_PhysicsMaterialExists" classname="Tests.Testat05" runstate="Runnable" testcasecount="3" result="Passed" start-time="2020-12-18 15:50:00Z" end-time="2020-12-18 15:50:00Z" duration="0.006691" total="3" passed="3" failed="0" inconclusive="0" skipped="0" asserts="0">
            <properties />
            <test-case id="1118" name="T05a_PhysicsMaterialExists(&quot;Assets/PhysicsMaterials/Icy.physicsMaterial2D&quot;)" fullname="Tests.Testat05.T05a_PhysicsMaterialExists(&quot;Assets/PhysicsMaterials/Icy.physicsMaterial2D&quot;)" methodname="T05a_PhysicsMaterialExists" classname="Tests.Testat05" runstate="Runnable" seed="1422607667" result="Passed" start-time="2020-12-18 15:50:00Z" end-time="2020-12-18 15:50:00Z" duration="0.001289" asserts="0">
              <properties />
            </test-case>
            <test-case id="1119" name="T05a_PhysicsMaterialExists(&quot;Assets/PhysicsMaterials/Default.physicsMaterial2D&quot;)" fullname="Tests.Testat05.T05a_PhysicsMaterialExists(&quot;Assets/PhysicsMaterials/Default.physicsMaterial2D&quot;)" methodname="T05a_PhysicsMaterialExists" classname="Tests.Testat05" runstate="Runnable" seed="893166055" result="Passed" start-time="2020-12-18 15:50:00Z" end-time="2020-12-18 15:50:00Z" duration="0.001016" asserts="0">
              <properties />
            </test-case>
            <test-case id="1120" name="T05a_PhysicsMaterialExists(&quot;Assets/PhysicsMaterials/Sticky.physicsMaterial2D&quot;)" fullname="Tests.Testat05.T05a_PhysicsMaterialExists(&quot;Assets/PhysicsMaterials/Sticky.physicsMaterial2D&quot;)" methodname="T05a_PhysicsMaterialExists" classname="Tests.Testat05" runstate="Runnable" seed="1180605107" result="Passed" start-time="2020-12-18 15:50:00Z" end-time="2020-12-18 15:50:00Z" duration="0.000920" asserts="0">
              <properties />
            </test-case>
          </test-suite>
          <test-case id="1122" name="T05b_PhysicsMaterialsFriction" fullname="Tests.Testat05.T05b_PhysicsMaterialsFriction" methodname="T05b_PhysicsMaterialsFriction" classname="Tests.Testat05" runstate="Runnable" seed="234099688" result="Passed" start-time="2020-12-18 15:50:00Z" end-time="2020-12-18 15:50:00Z" duration="0.001707" asserts="0">
            <properties />
          </test-case>
          <test-suite type="ParameterizedMethod" id="1117" name="T06_PrefabExists" fullname="Tests.Testat05.T06_PrefabExists" classname="Tests.Testat05" runstate="Runnable" testcasecount="4" result="Passed" start-time="2020-12-18 15:50:00Z" end-time="2020-12-18 15:50:00Z" duration="0.007923" total="4" passed="4" failed="0" inconclusive="0" skipped="0" asserts="0">
            <properties />
            <test-case id="1113" name="T06_PrefabExists(&quot;Assets/Prefabs/Mario.prefab&quot;)" fullname="Tests.Testat05.T06_PrefabExists(&quot;Assets/Prefabs/Mario.prefab&quot;)" methodname="T06_PrefabExists" classname="Tests.Testat05" runstate="Runnable" seed="2027941773" result="Passed" start-time="2020-12-18 15:50:00Z" end-time="2020-12-18 15:50:00Z" duration="0.001356" asserts="0">
              <properties />
            </test-case>
            <test-case id="1114" name="T06_PrefabExists(&quot;Assets/Prefabs/Platform_Ice.prefab&quot;)" fullname="Tests.Testat05.T06_PrefabExists(&quot;Assets/Prefabs/Platform_Ice.prefab&quot;)" methodname="T06_PrefabExists" classname="Tests.Testat05" runstate="Runnable" seed="263308528" result="Passed" start-time="2020-12-18 15:50:00Z" end-time="2020-12-18 15:50:00Z" duration="0.000973" asserts="0">
              <properties />
            </test-case>
            <test-case id="1115" name="T06_PrefabExists(&quot;Assets/Prefabs/Platform_Metal.prefab&quot;)" fullname="Tests.Testat05.T06_PrefabExists(&quot;Assets/Prefabs/Platform_Metal.prefab&quot;)" methodname="T06_PrefabExists" classname="Tests.Testat05" runstate="Runnable" seed="155613685" result="Passed" start-time="2020-12-18 15:50:00Z" end-time="2020-12-18 15:50:00Z" duration="0.000875" asserts="0">
              <properties />
            </test-case>
            <test-case id="1116" name="T06_PrefabExists(&quot;Assets/Prefabs/Platform_Dirt.prefab&quot;)" fullname="Tests.Testat05.T06_PrefabExists(&quot;Assets/Prefabs/Platform_Dirt.prefab&quot;)" methodname="T06_PrefabExists" classname="Tests.Testat05" runstate="Runnable" seed="1684098004" result="Passed" start-time="2020-12-18 15:50:00Z" end-time="2020-12-18 15:50:00Z" duration="0.000875" asserts="0">
              <properties />
            </test-case>
          </test-suite>
          <test-case id="1131" name="T07a_SceneExists" fullname="Tests.Testat05.T07a_SceneExists" methodname="T07a_SceneExists" classname="Tests.Testat05" runstate="Runnable" seed="647108852" result="Passed" start-time="2020-12-18 15:50:00Z" end-time="2020-12-18 15:50:00Z" duration="0.001224" asserts="0">
            <properties />
          </test-case>
          <test-case id="1132" name="T07b_PrefabInstancesExistInScene" fullname="Tests.Testat05.T07b_PrefabInstancesExistInScene" methodname="T07b_PrefabInstancesExistInScene" classname="Tests.Testat05" runstate="Runnable" seed="640549007" result="Failed" start-time="2020-12-18 15:50:00Z" end-time="2020-12-18 15:50:00Z" duration="0.030860" asserts="0">
            <properties>
              <property name="_JOINTYPE" value="UnityCombinatorial" />
            </properties>
            <failure>
              <message><![CDATA[  The method 'GetCurrentAcceleration' in GameObject 'Mario (UnityEngine.GameObject)' must have exactly 0 parameters!
  Expected: 0
  But was:  1
]]></message>
              <stack-trace><![CDATA[at Tests.MethodBridge`1[T]..ctor (UnityEngine.GameObject obj, System.String name, System.Int32 parameterCount, System.String returnType) [0x00056] in C:\Unity\workspace\2020WS.UnityPP.Ann-droids\Assets\Tests\MethodBridge.cs:29
at Tests.GameObjectBridge.FindMethod[T] (System.String name, System.Int32 parameterCount, System.String returnType) [0x00001] in C:\Unity\workspace\2020WS.UnityPP.Ann-droids\Assets\Tests\GameObjectBridge.cs:36
at Tests.Testat05+MarioBridge..ctor (UnityEngine.GameObject gameObject, System.Boolean isInstance) [0x0004d] in C:\Unity\workspace\2020WS.UnityPP.Ann-droids\Assets\Tests\Testat05.cs:82
at Tests.Testat05+<>c.<T07b_PrefabInstancesExistInScene>b__30_1 (UnityEngine.GameObject obj) [0x00000] in C:\Unity\workspace\2020WS.UnityPP.Ann-droids\Assets\Tests\Testat05.cs:309
at System.Linq.Enumerable+WhereSelectEnumerableIterator`2[TSource,TResult].ToArray () [0x0002b] in <351e49e2a5bf4fd6beabb458ce2255f3>:0
at System.Linq.Enumerable.ToArray[TSource] (System.Collections.Generic.IEnumerable`1[T] source) [0x0001f] in <351e49e2a5bf4fd6beabb458ce2255f3>:0
at Tests.Testat05+<T07b_PrefabInstancesExistInScene>d__30.MoveNext () [0x000c4] in C:\Unity\workspace\2020WS.UnityPP.Ann-droids\Assets\Tests\Testat05.cs:308
at UnityEngine.TestTools.TestEnumerator+<Execute>d__6.MoveNext () [0x0004c] in C:\Unity\workspace\2020WS.UnityPP.Ann-droids\Library\PackageCache\com.unity.test-framework@1.1.18\UnityEngine.TestRunner\NUnitExtensions\Attributes\TestEnumerator.cs:36
]]></stack-trace>
            </failure>
          </test-case>
        </test-suite>
        <test-suite type="TestFixture" id="1133" name="Testat06" fullname="Tests.Testat06" classname="Tests.Testat06" runstate="Runnable" testcasecount="19" result="Failed" site="Child" start-time="2020-12-18 15:50:00Z" end-time="2020-12-18 15:50:03Z" duration="2.670535" total="19" passed="7" failed="12" inconclusive="0" skipped="0" asserts="0">
          <properties />
          <failure>
            <message><![CDATA[One or more child tests had errors]]></message>
          </failure>
          <test-suite type="ParameterizedMethod" id="1139" name="T01_PrefabExists" fullname="Tests.Testat06.T01_PrefabExists" classname="Tests.Testat06" runstate="Runnable" testcasecount="5" result="Passed" start-time="2020-12-18 15:50:00Z" end-time="2020-12-18 15:50:00Z" duration="0.009939" total="5" passed="5" failed="0" inconclusive="0" skipped="0" asserts="0">
            <properties />
            <test-case id="1134" name="T01_PrefabExists(&quot;Assets/Prefabs/Mario.prefab&quot;)" fullname="Tests.Testat06.T01_PrefabExists(&quot;Assets/Prefabs/Mario.prefab&quot;)" methodname="T01_PrefabExists" classname="Tests.Testat06" runstate="Runnable" seed="42751294" result="Passed" start-time="2020-12-18 15:50:00Z" end-time="2020-12-18 15:50:00Z" duration="0.001395" asserts="0">
              <properties />
            </test-case>
            <test-case id="1135" name="T01_PrefabExists(&quot;Assets/Prefabs/Platform_Ice.prefab&quot;)" fullname="Tests.Testat06.T01_PrefabExists(&quot;Assets/Prefabs/Platform_Ice.prefab&quot;)" methodname="T01_PrefabExists" classname="Tests.Testat06" runstate="Runnable" seed="661790392" result="Passed" start-time="2020-12-18 15:50:00Z" end-time="2020-12-18 15:50:00Z" duration="0.001188" asserts="0">
              <properties />
            </test-case>
            <test-case id="1136" name="T01_PrefabExists(&quot;Assets/Prefabs/Platform_Metal.prefab&quot;)" fullname="Tests.Testat06.T01_PrefabExists(&quot;Assets/Prefabs/Platform_Metal.prefab&quot;)" methodname="T01_PrefabExists" classname="Tests.Testat06" runstate="Runnable" seed="760627728" result="Passed" start-time="2020-12-18 15:50:00Z" end-time="2020-12-18 15:50:00Z" duration="0.000969" asserts="0">
              <properties />
            </test-case>
            <test-case id="1137" name="T01_PrefabExists(&quot;Assets/Prefabs/Platform_Dirt.prefab&quot;)" fullname="Tests.Testat06.T01_PrefabExists(&quot;Assets/Prefabs/Platform_Dirt.prefab&quot;)" methodname="T01_PrefabExists" classname="Tests.Testat06" runstate="Runnable" seed="563888878" result="Passed" start-time="2020-12-18 15:50:00Z" end-time="2020-12-18 15:50:00Z" duration="0.000881" asserts="0">
              <properties />
            </test-case>
            <test-case id="1138" name="T01_PrefabExists(&quot;Assets/Prefabs/ContactParticles.prefab&quot;)" fullname="Tests.Testat06.T01_PrefabExists(&quot;Assets/Prefabs/ContactParticles.prefab&quot;)" methodname="T01_PrefabExists" classname="Tests.Testat06" runstate="Runnable" seed="128649122" result="Passed" start-time="2020-12-18 15:50:00Z" end-time="2020-12-18 15:50:00Z" duration="0.000907" asserts="0">
              <properties />
            </test-case>
          </test-suite>
          <test-case id="1140" name="T02_ContactParticlesPrefab" fullname="Tests.Testat06.T02_ContactParticlesPrefab" methodname="T02_ContactParticlesPrefab" classname="Tests.Testat06" runstate="Runnable" seed="50292867" result="Passed" start-time="2020-12-18 15:50:00Z" end-time="2020-12-18 15:50:00Z" duration="0.002121" asserts="0">
            <properties />
          </test-case>
          <test-case id="1141" name="T03a_MarioPrefab" fullname="Tests.Testat06.T03a_MarioPrefab" methodname="T03a_MarioPrefab" classname="Tests.Testat06" runstate="Runnable" seed="1875316119" result="Passed" start-time="2020-12-18 15:50:00Z" end-time="2020-12-18 15:50:00Z" duration="0.001879" asserts="0">
            <properties />
          </test-case>
          <test-suite type="ParameterizedMethod" id="1148" name="T03b_ContactParticleSpawn" fullname="Tests.Testat06.T03b_ContactParticleSpawn" classname="Tests.Testat06" runstate="Runnable" testcasecount="6" result="Failed" site="Child" start-time="2020-12-18 15:50:00Z" end-time="2020-12-18 15:50:02Z" duration="2.279159" total="6" passed="0" failed="6" inconclusive="0" skipped="0" asserts="0">
            <properties>
              <property name="_JOINTYPE" value="UnityCombinatorial" />
            </properties>
            <failure>
              <message><![CDATA[One or more child tests had errors]]></message>
            </failure>
            <test-case id="1142" name="T03b_ContactParticleSpawn(&quot;Assets/Prefabs/Platform_Ice.prefab&quot;,((0.0, 0.0, 0.0), (0.0, 2.0, 0.0)))" fullname="Tests.Testat06.T03b_ContactParticleSpawn(&quot;Assets/Prefabs/Platform_Ice.prefab&quot;,((0.0, 0.0, 0.0), (0.0, 2.0, 0.0)))" methodname="T03b_ContactParticleSpawn" classname="Tests.Testat06" runstate="Runnable" seed="828834351" result="Failed" start-time="2020-12-18 15:50:00Z" end-time="2020-12-18 15:50:00Z" duration="0.370573" asserts="0">
              <properties />
              <failure>
                <message><![CDATA[  When spawning Mario at (0.0, 2.0, 0.0) and Platform 'Assets/Prefabs/Platform_Ice.prefab' at (0.0, 0.0, 0.0) in empty scene, Mario should have become grounded, but didn't!
  Expected: True
  But was:  False
]]></message>
                <stack-trace><![CDATA[at Tests.Testat06+<CreatePlatformTest>d__23.MoveNext () [0x001e9] in C:\Unity\workspace\2020WS.UnityPP.Ann-droids\Assets\Tests\Testat06.cs:181
at UnityEngine.TestTools.EnumerableTestMethodCommand+<ExecuteEnumerableAndRecordExceptions>d__3.MoveNext () [0x00038] in C:\Unity\workspace\2020WS.UnityPP.Ann-droids\Library\PackageCache\com.unity.test-framework@1.1.18\UnityEngine.TestRunner\NUnitExtensions\Commands\EnumerableTestMethodCommand.cs:68
]]></stack-trace>
              </failure>
            </test-case>
            <test-case id="1143" name="T03b_ContactParticleSpawn(&quot;Assets/Prefabs/Platform_Ice.prefab&quot;,((1.2, -1.0, 0.0), (1.4, 1.0, 0.0)))" fullname="Tests.Testat06.T03b_ContactParticleSpawn(&quot;Assets/Prefabs/Platform_Ice.prefab&quot;,((1.2, -1.0, 0.0), (1.4, 1.0, 0.0)))" methodname="T03b_ContactParticleSpawn" classname="Tests.Testat06" runstate="Runnable" seed="904531468" result="Failed" start-time="2020-12-18 15:50:00Z" end-time="2020-12-18 15:50:01Z" duration="0.377750" asserts="0">
              <properties />
              <failure>
                <message><![CDATA[  When spawning Mario at (1.4, 1.0, 0.0) and Platform 'Assets/Prefabs/Platform_Ice.prefab' at (1.2, -1.0, 0.0) in empty scene, Mario should have become grounded, but didn't!
  Expected: True
  But was:  False
]]></message>
                <stack-trace><![CDATA[at Tests.Testat06+<CreatePlatformTest>d__23.MoveNext () [0x001e9] in C:\Unity\workspace\2020WS.UnityPP.Ann-droids\Assets\Tests\Testat06.cs:181
at UnityEngine.TestTools.EnumerableTestMethodCommand+<ExecuteEnumerableAndRecordExceptions>d__3.MoveNext () [0x00038] in C:\Unity\workspace\2020WS.UnityPP.Ann-droids\Library\PackageCache\com.unity.test-framework@1.1.18\UnityEngine.TestRunner\NUnitExtensions\Commands\EnumerableTestMethodCommand.cs:68
]]></stack-trace>
              </failure>
            </test-case>
            <test-case id="1144" name="T03b_ContactParticleSpawn(&quot;Assets/Prefabs/Platform_Metal.prefab&quot;,((0.0, 0.0, 0.0), (0.0, 2.0, 0.0)))" fullname="Tests.Testat06.T03b_ContactParticleSpawn(&quot;Assets/Prefabs/Platform_Metal.prefab&quot;,((0.0, 0.0, 0.0), (0.0, 2.0, 0.0)))" methodname="T03b_ContactParticleSpawn" classname="Tests.Testat06" runstate="Runnable" seed="91146594" result="Failed" start-time="2020-12-18 15:50:01Z" end-time="2020-12-18 15:50:01Z" duration="0.378265" asserts="0">
              <properties />
              <failure>
                <message><![CDATA[  When spawning Mario at (0.0, 2.0, 0.0) and Platform 'Assets/Prefabs/Platform_Metal.prefab' at (0.0, 0.0, 0.0) in empty scene, Mario should have become grounded, but didn't!
  Expected: True
  But was:  False
]]></message>
                <stack-trace><![CDATA[at Tests.Testat06+<CreatePlatformTest>d__23.MoveNext () [0x001e9] in C:\Unity\workspace\2020WS.UnityPP.Ann-droids\Assets\Tests\Testat06.cs:181
at UnityEngine.TestTools.EnumerableTestMethodCommand+<ExecuteEnumerableAndRecordExceptions>d__3.MoveNext () [0x00038] in C:\Unity\workspace\2020WS.UnityPP.Ann-droids\Library\PackageCache\com.unity.test-framework@1.1.18\UnityEngine.TestRunner\NUnitExtensions\Commands\EnumerableTestMethodCommand.cs:68
]]></stack-trace>
              </failure>
            </test-case>
            <test-case id="1145" name="T03b_ContactParticleSpawn(&quot;Assets/Prefabs/Platform_Metal.prefab&quot;,((1.2, -1.0, 0.0), (1.4, 1.0, 0.0)))" fullname="Tests.Testat06.T03b_ContactParticleSpawn(&quot;Assets/Prefabs/Platform_Metal.prefab&quot;,((1.2, -1.0, 0.0), (1.4, 1.0, 0.0)))" methodname="T03b_ContactParticleSpawn" classname="Tests.Testat06" runstate="Runnable" seed="1613367078" result="Failed" start-time="2020-12-18 15:50:01Z" end-time="2020-12-18 15:50:01Z" duration="0.377980" asserts="0">
              <properties />
              <failure>
                <message><![CDATA[  When spawning Mario at (1.4, 1.0, 0.0) and Platform 'Assets/Prefabs/Platform_Metal.prefab' at (1.2, -1.0, 0.0) in empty scene, Mario should have become grounded, but didn't!
  Expected: True
  But was:  False
]]></message>
                <stack-trace><![CDATA[at Tests.Testat06+<CreatePlatformTest>d__23.MoveNext () [0x001e9] in C:\Unity\workspace\2020WS.UnityPP.Ann-droids\Assets\Tests\Testat06.cs:181
at UnityEngine.TestTools.EnumerableTestMethodCommand+<ExecuteEnumerableAndRecordExceptions>d__3.MoveNext () [0x00038] in C:\Unity\workspace\2020WS.UnityPP.Ann-droids\Library\PackageCache\com.unity.test-framework@1.1.18\UnityEngine.TestRunner\NUnitExtensions\Commands\EnumerableTestMethodCommand.cs:68
]]></stack-trace>
              </failure>
            </test-case>
            <test-case id="1146" name="T03b_ContactParticleSpawn(&quot;Assets/Prefabs/Platform_Dirt.prefab&quot;,((0.0, 0.0, 0.0), (0.0, 2.0, 0.0)))" fullname="Tests.Testat06.T03b_ContactParticleSpawn(&quot;Assets/Prefabs/Platform_Dirt.prefab&quot;,((0.0, 0.0, 0.0), (0.0, 2.0, 0.0)))" methodname="T03b_ContactParticleSpawn" classname="Tests.Testat06" runstate="Runnable" seed="2058413211" result="Failed" start-time="2020-12-18 15:50:01Z" end-time="2020-12-18 15:50:02Z" duration="0.378076" asserts="0">
              <properties />
              <failure>
                <message><![CDATA[  When spawning Mario at (0.0, 2.0, 0.0) and Platform 'Assets/Prefabs/Platform_Dirt.prefab' at (0.0, 0.0, 0.0) in empty scene, Mario should have become grounded, but didn't!
  Expected: True
  But was:  False
]]></message>
                <stack-trace><![CDATA[at Tests.Testat06+<CreatePlatformTest>d__23.MoveNext () [0x001e9] in C:\Unity\workspace\2020WS.UnityPP.Ann-droids\Assets\Tests\Testat06.cs:181
at UnityEngine.TestTools.EnumerableTestMethodCommand+<ExecuteEnumerableAndRecordExceptions>d__3.MoveNext () [0x00038] in C:\Unity\workspace\2020WS.UnityPP.Ann-droids\Library\PackageCache\com.unity.test-framework@1.1.18\UnityEngine.TestRunner\NUnitExtensions\Commands\EnumerableTestMethodCommand.cs:68
]]></stack-trace>
              </failure>
            </test-case>
            <test-case id="1147" name="T03b_ContactParticleSpawn(&quot;Assets/Prefabs/Platform_Dirt.prefab&quot;,((1.2, -1.0, 0.0), (1.4, 1.0, 0.0)))" fullname="Tests.Testat06.T03b_ContactParticleSpawn(&quot;Assets/Prefabs/Platform_Dirt.prefab&quot;,((1.2, -1.0, 0.0), (1.4, 1.0, 0.0)))" methodname="T03b_ContactParticleSpawn" classname="Tests.Testat06" runstate="Runnable" seed="1830835883" result="Failed" start-time="2020-12-18 15:50:02Z" end-time="2020-12-18 15:50:02Z" duration="0.378383" asserts="0">
              <properties />
              <failure>
                <message><![CDATA[  When spawning Mario at (1.4, 1.0, 0.0) and Platform 'Assets/Prefabs/Platform_Dirt.prefab' at (1.2, -1.0, 0.0) in empty scene, Mario should have become grounded, but didn't!
  Expected: True
  But was:  False
]]></message>
                <stack-trace><![CDATA[at Tests.Testat06+<CreatePlatformTest>d__23.MoveNext () [0x001e9] in C:\Unity\workspace\2020WS.UnityPP.Ann-droids\Assets\Tests\Testat06.cs:181
at UnityEngine.TestTools.EnumerableTestMethodCommand+<ExecuteEnumerableAndRecordExceptions>d__3.MoveNext () [0x00038] in C:\Unity\workspace\2020WS.UnityPP.Ann-droids\Library\PackageCache\com.unity.test-framework@1.1.18\UnityEngine.TestRunner\NUnitExtensions\Commands\EnumerableTestMethodCommand.cs:68
]]></stack-trace>
              </failure>
            </test-case>
          </test-suite>
          <test-suite type="ParameterizedMethod" id="1155" name="T04_PlatformBug" fullname="Tests.Testat06.T04_PlatformBug" classname="Tests.Testat06" runstate="Runnable" testcasecount="6" result="Failed" site="Child" start-time="2020-12-18 15:50:02Z" end-time="2020-12-18 15:50:03Z" duration="0.350689" total="6" passed="0" failed="6" inconclusive="0" skipped="0" asserts="0">
            <properties>
              <property name="_JOINTYPE" value="UnityCombinatorial" />
            </properties>
            <failure>
              <message><![CDATA[One or more child tests had errors]]></message>
            </failure>
            <test-case id="1149" name="T04_PlatformBug(&quot;Assets/Prefabs/Platform_Ice.prefab&quot;,((0.0, 1.0, 0.0), False))" fullname="Tests.Testat06.T04_PlatformBug(&quot;Assets/Prefabs/Platform_Ice.prefab&quot;,((0.0, 1.0, 0.0), False))" methodname="T04_PlatformBug" classname="Tests.Testat06" runstate="Runnable" seed="1611033440" result="Failed" start-time="2020-12-18 15:50:02Z" end-time="2020-12-18 15:50:02Z" duration="0.045242" asserts="0">
              <properties />
              <failure>
                <message><![CDATA[  When spawning Mario at (0.0, 0.0, 0.0) and Platform 'Assets/Prefabs/Platform_Ice.prefab' at (0.0, 1.0, 0.0) in empty scene, Mario should not have become grounded, but did!
  Expected: False
  But was:  True
]]></message>
                <stack-trace><![CDATA[at Tests.Testat06+<CreatePlatformTest>d__23.MoveNext () [0x00218] in C:\Unity\workspace\2020WS.UnityPP.Ann-droids\Assets\Tests\Testat06.cs:185
at UnityEngine.TestTools.EnumerableTestMethodCommand+<ExecuteEnumerableAndRecordExceptions>d__3.MoveNext () [0x00038] in C:\Unity\workspace\2020WS.UnityPP.Ann-droids\Library\PackageCache\com.unity.test-framework@1.1.18\UnityEngine.TestRunner\NUnitExtensions\Commands\EnumerableTestMethodCommand.cs:68
]]></stack-trace>
              </failure>
            </test-case>
            <test-case id="1150" name="T04_PlatformBug(&quot;Assets/Prefabs/Platform_Ice.prefab&quot;,((0.0, -1.0, 0.0), True))" fullname="Tests.Testat06.T04_PlatformBug(&quot;Assets/Prefabs/Platform_Ice.prefab&quot;,((0.0, -1.0, 0.0), True))" methodname="T04_PlatformBug" classname="Tests.Testat06" runstate="Runnable" seed="1914792648" result="Failed" start-time="2020-12-18 15:50:02Z" end-time="2020-12-18 15:50:02Z" duration="0.058138" asserts="0">
              <properties />
              <failure>
                <message><![CDATA[  When spawning Mario at (0.0, 0.0, 0.0) and Platform 'Assets/Prefabs/Platform_Ice.prefab' at (0.0, -1.0, 0.0) in empty scene, Mario should have become grounded, but didn't!
  Expected: True
  But was:  False
]]></message>
                <stack-trace><![CDATA[at Tests.Testat06+<CreatePlatformTest>d__23.MoveNext () [0x001e9] in C:\Unity\workspace\2020WS.UnityPP.Ann-droids\Assets\Tests\Testat06.cs:181
at UnityEngine.TestTools.EnumerableTestMethodCommand+<ExecuteEnumerableAndRecordExceptions>d__3.MoveNext () [0x00038] in C:\Unity\workspace\2020WS.UnityPP.Ann-droids\Library\PackageCache\com.unity.test-framework@1.1.18\UnityEngine.TestRunner\NUnitExtensions\Commands\EnumerableTestMethodCommand.cs:68
]]></stack-trace>
              </failure>
            </test-case>
            <test-case id="1151" name="T04_PlatformBug(&quot;Assets/Prefabs/Platform_Metal.prefab&quot;,((0.0, 1.0, 0.0), False))" fullname="Tests.Testat06.T04_PlatformBug(&quot;Assets/Prefabs/Platform_Metal.prefab&quot;,((0.0, 1.0, 0.0), False))" methodname="T04_PlatformBug" classname="Tests.Testat06" runstate="Runnable" seed="1371728385" result="Failed" start-time="2020-12-18 15:50:02Z" end-time="2020-12-18 15:50:02Z" duration="0.057919" asserts="0">
              <properties />
              <failure>
                <message><![CDATA[  When spawning Mario at (0.0, 0.0, 0.0) and Platform 'Assets/Prefabs/Platform_Metal.prefab' at (0.0, 1.0, 0.0) in empty scene, Mario should not have become grounded, but did!
  Expected: False
  But was:  True
]]></message>
                <stack-trace><![CDATA[at Tests.Testat06+<CreatePlatformTest>d__23.MoveNext () [0x00218] in C:\Unity\workspace\2020WS.UnityPP.Ann-droids\Assets\Tests\Testat06.cs:185
at UnityEngine.TestTools.EnumerableTestMethodCommand+<ExecuteEnumerableAndRecordExceptions>d__3.MoveNext () [0x00038] in C:\Unity\workspace\2020WS.UnityPP.Ann-droids\Library\PackageCache\com.unity.test-framework@1.1.18\UnityEngine.TestRunner\NUnitExtensions\Commands\EnumerableTestMethodCommand.cs:68
]]></stack-trace>
              </failure>
            </test-case>
            <test-case id="1152" name="T04_PlatformBug(&quot;Assets/Prefabs/Platform_Metal.prefab&quot;,((0.0, -1.0, 0.0), True))" fullname="Tests.Testat06.T04_PlatformBug(&quot;Assets/Prefabs/Platform_Metal.prefab&quot;,((0.0, -1.0, 0.0), True))" methodname="T04_PlatformBug" classname="Tests.Testat06" runstate="Runnable" seed="1831066764" result="Failed" start-time="2020-12-18 15:50:02Z" end-time="2020-12-18 15:50:02Z" duration="0.057984" asserts="0">
              <properties />
              <failure>
                <message><![CDATA[  When spawning Mario at (0.0, 0.0, 0.0) and Platform 'Assets/Prefabs/Platform_Metal.prefab' at (0.0, -1.0, 0.0) in empty scene, Mario should have become grounded, but didn't!
  Expected: True
  But was:  False
]]></message>
                <stack-trace><![CDATA[at Tests.Testat06+<CreatePlatformTest>d__23.MoveNext () [0x001e9] in C:\Unity\workspace\2020WS.UnityPP.Ann-droids\Assets\Tests\Testat06.cs:181
at UnityEngine.TestTools.EnumerableTestMethodCommand+<ExecuteEnumerableAndRecordExceptions>d__3.MoveNext () [0x00038] in C:\Unity\workspace\2020WS.UnityPP.Ann-droids\Library\PackageCache\com.unity.test-framework@1.1.18\UnityEngine.TestRunner\NUnitExtensions\Commands\EnumerableTestMethodCommand.cs:68
]]></stack-trace>
              </failure>
            </test-case>
            <test-case id="1153" name="T04_PlatformBug(&quot;Assets/Prefabs/Platform_Dirt.prefab&quot;,((0.0, 1.0, 0.0), False))" fullname="Tests.Testat06.T04_PlatformBug(&quot;Assets/Prefabs/Platform_Dirt.prefab&quot;,((0.0, 1.0, 0.0), False))" methodname="T04_PlatformBug" classname="Tests.Testat06" runstate="Runnable" seed="202147149" result="Failed" start-time="2020-12-18 15:50:02Z" end-time="2020-12-18 15:50:02Z" duration="0.058198" asserts="0">
              <properties />
              <failure>
                <message><![CDATA[  When spawning Mario at (0.0, 0.0, 0.0) and Platform 'Assets/Prefabs/Platform_Dirt.prefab' at (0.0, 1.0, 0.0) in empty scene, Mario should not have become grounded, but did!
  Expected: False
  But was:  True
]]></message>
                <stack-trace><![CDATA[at Tests.Testat06+<CreatePlatformTest>d__23.MoveNext () [0x00218] in C:\Unity\workspace\2020WS.UnityPP.Ann-droids\Assets\Tests\Testat06.cs:185
at UnityEngine.TestTools.EnumerableTestMethodCommand+<ExecuteEnumerableAndRecordExceptions>d__3.MoveNext () [0x00038] in C:\Unity\workspace\2020WS.UnityPP.Ann-droids\Library\PackageCache\com.unity.test-framework@1.1.18\UnityEngine.TestRunner\NUnitExtensions\Commands\EnumerableTestMethodCommand.cs:68
]]></stack-trace>
              </failure>
            </test-case>
            <test-case id="1154" name="T04_PlatformBug(&quot;Assets/Prefabs/Platform_Dirt.prefab&quot;,((0.0, -1.0, 0.0), True))" fullname="Tests.Testat06.T04_PlatformBug(&quot;Assets/Prefabs/Platform_Dirt.prefab&quot;,((0.0, -1.0, 0.0), True))" methodname="T04_PlatformBug" classname="Tests.Testat06" runstate="Runnable" seed="256185493" result="Failed" start-time="2020-12-18 15:50:02Z" end-time="2020-12-18 15:50:03Z" duration="0.059734" asserts="0">
              <properties />
              <failure>
                <message><![CDATA[  When spawning Mario at (0.0, 0.0, 0.0) and Platform 'Assets/Prefabs/Platform_Dirt.prefab' at (0.0, -1.0, 0.0) in empty scene, Mario should have become grounded, but didn't!
  Expected: True
  But was:  False
]]></message>
                <stack-trace><![CDATA[at Tests.Testat06+<CreatePlatformTest>d__23.MoveNext () [0x001e9] in C:\Unity\workspace\2020WS.UnityPP.Ann-droids\Assets\Tests\Testat06.cs:181
at UnityEngine.TestTools.EnumerableTestMethodCommand+<ExecuteEnumerableAndRecordExceptions>d__3.MoveNext () [0x00038] in C:\Unity\workspace\2020WS.UnityPP.Ann-droids\Library\PackageCache\com.unity.test-framework@1.1.18\UnityEngine.TestRunner\NUnitExtensions\Commands\EnumerableTestMethodCommand.cs:68
]]></stack-trace>
              </failure>
            </test-case>
          </test-suite>
        </test-suite>
      </test-suite>
    </test-suite>
    <test-suite type="Assembly" id="1160" name="Unity.InputSystem.IntegrationTests.dll" fullname="C:/Unity/workspace/2020WS.UnityPP.Ann-droids/Library/ScriptAssemblies/Unity.InputSystem.IntegrationTests.dll" runstate="Runnable" testcasecount="1" result="Passed" start-time="2020-12-18 15:50:03Z" end-time="2020-12-18 15:50:03Z" duration="0.020896" total="1" passed="1" failed="0" inconclusive="0" skipped="0" asserts="0">
      <properties>
        <property name="_PID" value="12860" />
        <property name="_APPDOMAIN" value="Unity Child Domain" />
        <property name="platform" value="PlayMode" />
      </properties>
      <test-suite type="TestFixture" id="1158" name="IntegrationTests" fullname="IntegrationTests" classname="IntegrationTests" runstate="Runnable" testcasecount="1" result="Passed" start-time="2020-12-18 15:50:03Z" end-time="2020-12-18 15:50:03Z" duration="0.019131" total="1" passed="1" failed="0" inconclusive="0" skipped="0" asserts="0">
        <properties />
        <test-case id="1159" name="Integration_CanSendAndReceiveEvents" fullname="IntegrationTests.Integration_CanSendAndReceiveEvents" methodname="Integration_CanSendAndReceiveEvents" classname="IntegrationTests" runstate="Runnable" seed="6858112" result="Passed" start-time="2020-12-18 15:50:03Z" end-time="2020-12-18 15:50:03Z" duration="0.017599" asserts="0">
          <properties>
            <property name="Category" value="Integration" />
          </properties>
        </test-case>
      </test-suite>
    </test-suite>
  </test-suite>
</test-run>