<?xml version="1.0" encoding="utf-8"?>
<test-run id="2" testcasecount="98" result="Failed(Child)" total="98" passed="38" failed="60" inconclusive="0" skipped="0" asserts="0" engine-version="3.5.0.0" clr-version="4.0.30319.42000" start-time="2020-12-01 20:30:24Z" end-time="2020-12-01 20:30:34Z" duration="10,0766644">
  <test-suite type="TestSuite" id="1000" name="2020WS.UnityPP" fullname="2020WS.UnityPP" runstate="Runnable" testcasecount="98" result="Failed" site="Child" start-time="2020-12-01 20:30:24Z" end-time="2020-12-01 20:30:34Z" duration="10.076664" total="98" passed="38" failed="60" inconclusive="0" skipped="0" asserts="0">
    <properties />
    <failure>
      <message><![CDATA[One or more child tests had errors]]></message>
    </failure>
    <test-suite type="Assembly" id="1112" name="Tests.dll" fullname="C:/Unity/workspace/2020WS.UnityPP.Ann-droids/Library/ScriptAssemblies/Tests.dll" runstate="Runnable" testcasecount="97" result="Failed" site="Child" start-time="2020-12-01 20:30:24Z" end-time="2020-12-01 20:30:34Z" duration="9.936915" total="97" passed="37" failed="60" inconclusive="0" skipped="0" asserts="0">
      <properties>
        <property name="_PID" value="19416" />
        <property name="_APPDOMAIN" value="Unity Child Domain" />
        <property name="platform" value="PlayMode" />
      </properties>
      <failure>
        <message><![CDATA[One or more child tests had errors]]></message>
      </failure>
      <test-suite type="TestSuite" id="1113" name="Tests" fullname="Tests" runstate="Runnable" testcasecount="97" result="Failed" site="Child" start-time="2020-12-01 20:30:24Z" end-time="2020-12-01 20:30:34Z" duration="9.832749" total="97" passed="37" failed="60" inconclusive="0" skipped="0" asserts="0">
        <properties />
        <failure>
          <message><![CDATA[One or more child tests had errors]]></message>
        </failure>
        <test-suite type="TestFixture" id="1001" name="Testat01" fullname="Tests.Testat01" classname="Tests.Testat01" runstate="Runnable" testcasecount="4" result="Passed" start-time="2020-12-01 20:30:24Z" end-time="2020-12-01 20:30:24Z" duration="0.141886" total="4" passed="4" failed="0" inconclusive="0" skipped="0" asserts="0">
          <properties />
          <test-case id="1003" name="TestGitInitialized" fullname="Tests.Testat01.TestGitInitialized" methodname="TestGitInitialized" classname="Tests.Testat01" runstate="Runnable" seed="495958703" result="Passed" start-time="2020-12-01 20:30:24Z" end-time="2020-12-01 20:30:24Z" duration="0.017526" asserts="0">
            <properties />
          </test-case>
          <test-case id="1005" name="TestHelloWorldLog" fullname="Tests.Testat01.TestHelloWorldLog" methodname="TestHelloWorldLog" classname="Tests.Testat01" runstate="Runnable" seed="2137830354" result="Passed" start-time="2020-12-01 20:30:24Z" end-time="2020-12-01 20:30:24Z" duration="0.097399" asserts="0">
            <properties>
              <property name="_JOINTYPE" value="UnityCombinatorial" />
            </properties>
            <output><![CDATA[Hallo Welt!
]]></output>
          </test-case>
          <test-case id="1004" name="TestSceneExists" fullname="Tests.Testat01.TestSceneExists" methodname="TestSceneExists" classname="Tests.Testat01" runstate="Runnable" seed="1465984594" result="Passed" start-time="2020-12-01 20:30:24Z" end-time="2020-12-01 20:30:24Z" duration="0.001357" asserts="0">
            <properties />
          </test-case>
          <test-case id="1002" name="TestUnityVersion" fullname="Tests.Testat01.TestUnityVersion" methodname="TestUnityVersion" classname="Tests.Testat01" runstate="Runnable" seed="499449078" result="Passed" start-time="2020-12-01 20:30:24Z" end-time="2020-12-01 20:30:24Z" duration="0.001451" asserts="0">
            <properties />
          </test-case>
        </test-suite>
        <test-suite type="TestFixture" id="1006" name="Testat02" fullname="Tests.Testat02" classname="Tests.Testat02" runstate="Runnable" testcasecount="62" result="Failed" site="Child" start-time="2020-12-01 20:30:24Z" end-time="2020-12-01 20:30:29Z" duration="4.411224" total="62" passed="6" failed="56" inconclusive="0" skipped="0" asserts="0">
          <properties />
          <failure>
            <message><![CDATA[One or more child tests had errors]]></message>
          </failure>
          <test-case id="1012" name="TestAvatarExists" fullname="Tests.Testat02.TestAvatarExists" methodname="TestAvatarExists" classname="Tests.Testat02" runstate="Runnable" seed="1893006845" result="Passed" start-time="2020-12-01 20:30:24Z" end-time="2020-12-01 20:30:24Z" duration="0.081650" asserts="0">
            <properties>
              <property name="_JOINTYPE" value="UnityCombinatorial" />
            </properties>
          </test-case>
          <test-suite type="ParameterizedMethod" id="1021" name="TestAvatarInput" fullname="Tests.Testat02.TestAvatarInput" classname="Tests.Testat02" runstate="Runnable" testcasecount="8" result="Failed" site="Child" start-time="2020-12-01 20:30:24Z" end-time="2020-12-01 20:30:25Z" duration="0.328253" total="8" passed="0" failed="8" inconclusive="0" skipped="0" asserts="0">
            <properties>
              <property name="_JOINTYPE" value="UnityCombinatorial" />
            </properties>
            <failure>
              <message><![CDATA[One or more child tests had errors]]></message>
            </failure>
            <test-case id="1013" name="TestAvatarInput(upArrow)" fullname="Tests.Testat02.TestAvatarInput(upArrow)" methodname="TestAvatarInput" classname="Tests.Testat02" runstate="Runnable" seed="2080132700" result="Failed" start-time="2020-12-01 20:30:24Z" end-time="2020-12-01 20:30:24Z" duration="0.047289" asserts="0">
              <properties />
              <failure>
                <message><![CDATA[  Must not move avatar when no input is happening.
  Expected: (0.0, 0.0, 0.0)
  But was:  (-1.6, -3.8, -2.0)
]]></message>
                <stack-trace><![CDATA[at Tests.Testat02+<TestAvatarInput>d__17.MoveNext () [0x000cd] in C:\Unity\workspace\2020WS.UnityPP.Ann-droids\Assets\Tests\Testat02.cs:135
at UnityEngine.TestTools.TestEnumerator+<Execute>d__6.MoveNext () [0x0004c] in C:\Unity\workspace\2020WS.UnityPP.Ann-droids\Library\PackageCache\com.unity.test-framework@1.1.18\UnityEngine.TestRunner\NUnitExtensions\Attributes\TestEnumerator.cs:36
]]></stack-trace>
              </failure>
            </test-case>
            <test-case id="1014" name="TestAvatarInput(downArrow)" fullname="Tests.Testat02.TestAvatarInput(downArrow)" methodname="TestAvatarInput" classname="Tests.Testat02" runstate="Runnable" seed="315514849" result="Failed" start-time="2020-12-01 20:30:24Z" end-time="2020-12-01 20:30:24Z" duration="0.036208" asserts="0">
              <properties />
              <failure>
                <message><![CDATA[  Must not move avatar when no input is happening.
  Expected: (0.0, 0.0, 0.0)
  But was:  (-1.6, -3.8, -2.0)
]]></message>
                <stack-trace><![CDATA[at Tests.Testat02+<TestAvatarInput>d__17.MoveNext () [0x000cd] in C:\Unity\workspace\2020WS.UnityPP.Ann-droids\Assets\Tests\Testat02.cs:135
at UnityEngine.TestTools.TestEnumerator+<Execute>d__6.MoveNext () [0x0004c] in C:\Unity\workspace\2020WS.UnityPP.Ann-droids\Library\PackageCache\com.unity.test-framework@1.1.18\UnityEngine.TestRunner\NUnitExtensions\Attributes\TestEnumerator.cs:36
]]></stack-trace>
              </failure>
            </test-case>
            <test-case id="1015" name="TestAvatarInput(leftArrow)" fullname="Tests.Testat02.TestAvatarInput(leftArrow)" methodname="TestAvatarInput" classname="Tests.Testat02" runstate="Runnable" seed="200266780" result="Failed" start-time="2020-12-01 20:30:24Z" end-time="2020-12-01 20:30:24Z" duration="0.037466" asserts="0">
              <properties />
              <failure>
                <message><![CDATA[  Must not move avatar when no input is happening.
  Expected: (0.0, 0.0, 0.0)
  But was:  (-1.6, -3.8, -2.0)
]]></message>
                <stack-trace><![CDATA[at Tests.Testat02+<TestAvatarInput>d__17.MoveNext () [0x000cd] in C:\Unity\workspace\2020WS.UnityPP.Ann-droids\Assets\Tests\Testat02.cs:135
at UnityEngine.TestTools.TestEnumerator+<Execute>d__6.MoveNext () [0x0004c] in C:\Unity\workspace\2020WS.UnityPP.Ann-droids\Library\PackageCache\com.unity.test-framework@1.1.18\UnityEngine.TestRunner\NUnitExtensions\Attributes\TestEnumerator.cs:36
]]></stack-trace>
              </failure>
            </test-case>
            <test-case id="1016" name="TestAvatarInput(rightArrow)" fullname="Tests.Testat02.TestAvatarInput(rightArrow)" methodname="TestAvatarInput" classname="Tests.Testat02" runstate="Runnable" seed="1516825115" result="Failed" start-time="2020-12-01 20:30:24Z" end-time="2020-12-01 20:30:24Z" duration="0.038596" asserts="0">
              <properties />
              <failure>
                <message><![CDATA[  Must not move avatar when no input is happening.
  Expected: (0.0, 0.0, 0.0)
  But was:  (-1.6, -3.8, -2.0)
]]></message>
                <stack-trace><![CDATA[at Tests.Testat02+<TestAvatarInput>d__17.MoveNext () [0x000cd] in C:\Unity\workspace\2020WS.UnityPP.Ann-droids\Assets\Tests\Testat02.cs:135
at UnityEngine.TestTools.TestEnumerator+<Execute>d__6.MoveNext () [0x0004c] in C:\Unity\workspace\2020WS.UnityPP.Ann-droids\Library\PackageCache\com.unity.test-framework@1.1.18\UnityEngine.TestRunner\NUnitExtensions\Attributes\TestEnumerator.cs:36
]]></stack-trace>
              </failure>
            </test-case>
            <test-case id="1017" name="TestAvatarInput(upArrow+rightArrow)" fullname="Tests.Testat02.TestAvatarInput(upArrow+rightArrow)" methodname="TestAvatarInput" classname="Tests.Testat02" runstate="Runnable" seed="813744686" result="Failed" start-time="2020-12-01 20:30:24Z" end-time="2020-12-01 20:30:24Z" duration="0.038427" asserts="0">
              <properties />
              <failure>
                <message><![CDATA[  Must not move avatar when no input is happening.
  Expected: (0.0, 0.0, 0.0)
  But was:  (-1.6, -3.8, -2.0)
]]></message>
                <stack-trace><![CDATA[at Tests.Testat02+<TestAvatarInput>d__17.MoveNext () [0x000cd] in C:\Unity\workspace\2020WS.UnityPP.Ann-droids\Assets\Tests\Testat02.cs:135
at UnityEngine.TestTools.TestEnumerator+<Execute>d__6.MoveNext () [0x0004c] in C:\Unity\workspace\2020WS.UnityPP.Ann-droids\Library\PackageCache\com.unity.test-framework@1.1.18\UnityEngine.TestRunner\NUnitExtensions\Attributes\TestEnumerator.cs:36
]]></stack-trace>
              </failure>
            </test-case>
            <test-case id="1018" name="TestAvatarInput(downArrow+rightArrow)" fullname="Tests.Testat02.TestAvatarInput(downArrow+rightArrow)" methodname="TestAvatarInput" classname="Tests.Testat02" runstate="Runnable" seed="1369178458" result="Failed" start-time="2020-12-01 20:30:24Z" end-time="2020-12-01 20:30:24Z" duration="0.038330" asserts="0">
              <properties />
              <failure>
                <message><![CDATA[  Must not move avatar when no input is happening.
  Expected: (0.0, 0.0, 0.0)
  But was:  (-1.6, -3.8, -2.0)
]]></message>
                <stack-trace><![CDATA[at Tests.Testat02+<TestAvatarInput>d__17.MoveNext () [0x000cd] in C:\Unity\workspace\2020WS.UnityPP.Ann-droids\Assets\Tests\Testat02.cs:135
at UnityEngine.TestTools.TestEnumerator+<Execute>d__6.MoveNext () [0x0004c] in C:\Unity\workspace\2020WS.UnityPP.Ann-droids\Library\PackageCache\com.unity.test-framework@1.1.18\UnityEngine.TestRunner\NUnitExtensions\Attributes\TestEnumerator.cs:36
]]></stack-trace>
              </failure>
            </test-case>
            <test-case id="1019" name="TestAvatarInput(upArrow+leftArrow)" fullname="Tests.Testat02.TestAvatarInput(upArrow+leftArrow)" methodname="TestAvatarInput" classname="Tests.Testat02" runstate="Runnable" seed="393602827" result="Failed" start-time="2020-12-01 20:30:24Z" end-time="2020-12-01 20:30:25Z" duration="0.038631" asserts="0">
              <properties />
              <failure>
                <message><![CDATA[  Must not move avatar when no input is happening.
  Expected: (0.0, 0.0, 0.0)
  But was:  (-1.6, -3.8, -2.0)
]]></message>
                <stack-trace><![CDATA[at Tests.Testat02+<TestAvatarInput>d__17.MoveNext () [0x000cd] in C:\Unity\workspace\2020WS.UnityPP.Ann-droids\Assets\Tests\Testat02.cs:135
at UnityEngine.TestTools.TestEnumerator+<Execute>d__6.MoveNext () [0x0004c] in C:\Unity\workspace\2020WS.UnityPP.Ann-droids\Library\PackageCache\com.unity.test-framework@1.1.18\UnityEngine.TestRunner\NUnitExtensions\Attributes\TestEnumerator.cs:36
]]></stack-trace>
              </failure>
            </test-case>
            <test-case id="1020" name="TestAvatarInput(downArrow+leftArrow)" fullname="Tests.Testat02.TestAvatarInput(downArrow+leftArrow)" methodname="TestAvatarInput" classname="Tests.Testat02" runstate="Runnable" seed="227707636" result="Failed" start-time="2020-12-01 20:30:25Z" end-time="2020-12-01 20:30:25Z" duration="0.038950" asserts="0">
              <properties />
              <failure>
                <message><![CDATA[  Must not move avatar when no input is happening.
  Expected: (0.0, 0.0, 0.0)
  But was:  (-1.6, -3.8, -2.0)
]]></message>
                <stack-trace><![CDATA[at Tests.Testat02+<TestAvatarInput>d__17.MoveNext () [0x000cd] in C:\Unity\workspace\2020WS.UnityPP.Ann-droids\Assets\Tests\Testat02.cs:135
at UnityEngine.TestTools.TestEnumerator+<Execute>d__6.MoveNext () [0x0004c] in C:\Unity\workspace\2020WS.UnityPP.Ann-droids\Library\PackageCache\com.unity.test-framework@1.1.18\UnityEngine.TestRunner\NUnitExtensions\Attributes\TestEnumerator.cs:36
]]></stack-trace>
              </failure>
            </test-case>
          </test-suite>
          <test-case id="1022" name="TestAvatarSpeedFieldExists" fullname="Tests.Testat02.TestAvatarSpeedFieldExists" methodname="TestAvatarSpeedFieldExists" classname="Tests.Testat02" runstate="Runnable" seed="1614577977" result="Passed" start-time="2020-12-01 20:30:25Z" end-time="2020-12-01 20:30:25Z" duration="0.037384" asserts="0">
            <properties>
              <property name="_JOINTYPE" value="UnityCombinatorial" />
            </properties>
          </test-case>
          <test-suite type="ParameterizedMethod" id="1071" name="TestAvatarSpeedFieldWorks" fullname="Tests.Testat02.TestAvatarSpeedFieldWorks" classname="Tests.Testat02" runstate="Runnable" testcasecount="48" result="Failed" site="Child" start-time="2020-12-01 20:30:25Z" end-time="2020-12-01 20:30:28Z" duration="3.871432" total="48" passed="0" failed="48" inconclusive="0" skipped="0" asserts="0">
            <properties>
              <property name="_JOINTYPE" value="UnityCombinatorial" />
            </properties>
            <failure>
              <message><![CDATA[One or more child tests had errors]]></message>
            </failure>
            <test-case id="1023" name="TestAvatarSpeedFieldWorks(upArrow,0.0f,0)" fullname="Tests.Testat02.TestAvatarSpeedFieldWorks(upArrow,0.0f,0)" methodname="TestAvatarSpeedFieldWorks" classname="Tests.Testat02" runstate="Runnable" seed="202906886" result="Failed" start-time="2020-12-01 20:30:25Z" end-time="2020-12-01 20:30:25Z" duration="0.057071" asserts="0">
              <properties />
              <failure>
                <message><![CDATA[  With input upArrow, speed 0m/s and waiting 0 FixedUpdate frames, avatar should have arrived at position (0.0, 0.0, 0.0), but was (-1.6, -3.8, -2.0)
  Expected: True
  But was:  False
]]></message>
                <stack-trace><![CDATA[at Tests.Testat02+<TestAvatarSpeedFieldWorks>d__20.MoveNext () [0x00203] in C:\Unity\workspace\2020WS.UnityPP.Ann-droids\Assets\Tests\Testat02.cs:213
at UnityEngine.TestTools.TestEnumerator+<Execute>d__6.MoveNext () [0x0004c] in C:\Unity\workspace\2020WS.UnityPP.Ann-droids\Library\PackageCache\com.unity.test-framework@1.1.18\UnityEngine.TestRunner\NUnitExtensions\Attributes\TestEnumerator.cs:36
]]></stack-trace>
              </failure>
            </test-case>
            <test-case id="1024" name="TestAvatarSpeedFieldWorks(upArrow,0.0f,2)" fullname="Tests.Testat02.TestAvatarSpeedFieldWorks(upArrow,0.0f,2)" methodname="TestAvatarSpeedFieldWorks" classname="Tests.Testat02" runstate="Runnable" seed="1518282245" result="Failed" start-time="2020-12-01 20:30:25Z" end-time="2020-12-01 20:30:25Z" duration="0.079244" asserts="0">
              <properties />
              <failure>
                <message><![CDATA[  With input upArrow, speed 0m/s and waiting 2 FixedUpdate frames, avatar should have arrived at position (0.0, 0.0, 0.0), but was (-1.6, -3.8, -2.0)
  Expected: True
  But was:  False
]]></message>
                <stack-trace><![CDATA[at Tests.Testat02+<TestAvatarSpeedFieldWorks>d__20.MoveNext () [0x00203] in C:\Unity\workspace\2020WS.UnityPP.Ann-droids\Assets\Tests\Testat02.cs:213
at UnityEngine.TestTools.TestEnumerator+<Execute>d__6.MoveNext () [0x0004c] in C:\Unity\workspace\2020WS.UnityPP.Ann-droids\Library\PackageCache\com.unity.test-framework@1.1.18\UnityEngine.TestRunner\NUnitExtensions\Attributes\TestEnumerator.cs:36
]]></stack-trace>
              </failure>
            </test-case>
            <test-case id="1025" name="TestAvatarSpeedFieldWorks(upArrow,0.0f,4)" fullname="Tests.Testat02.TestAvatarSpeedFieldWorks(upArrow,0.0f,4)" methodname="TestAvatarSpeedFieldWorks" classname="Tests.Testat02" runstate="Runnable" seed="540002738" result="Failed" start-time="2020-12-01 20:30:25Z" end-time="2020-12-01 20:30:25Z" duration="0.118375" asserts="0">
              <properties />
              <failure>
                <message><![CDATA[  With input upArrow, speed 0m/s and waiting 4 FixedUpdate frames, avatar should have arrived at position (0.0, 0.0, 0.0), but was (-1.6, -3.8, -2.0)
  Expected: True
  But was:  False
]]></message>
                <stack-trace><![CDATA[at Tests.Testat02+<TestAvatarSpeedFieldWorks>d__20.MoveNext () [0x00203] in C:\Unity\workspace\2020WS.UnityPP.Ann-droids\Assets\Tests\Testat02.cs:213
at UnityEngine.TestTools.TestEnumerator+<Execute>d__6.MoveNext () [0x0004c] in C:\Unity\workspace\2020WS.UnityPP.Ann-droids\Library\PackageCache\com.unity.test-framework@1.1.18\UnityEngine.TestRunner\NUnitExtensions\Attributes\TestEnumerator.cs:36
]]></stack-trace>
              </failure>
            </test-case>
            <test-case id="1026" name="TestAvatarSpeedFieldWorks(upArrow,5.0f,0)" fullname="Tests.Testat02.TestAvatarSpeedFieldWorks(upArrow,5.0f,0)" methodname="TestAvatarSpeedFieldWorks" classname="Tests.Testat02" runstate="Runnable" seed="1682218222" result="Failed" start-time="2020-12-01 20:30:25Z" end-time="2020-12-01 20:30:25Z" duration="0.038040" asserts="0">
              <properties />
              <failure>
                <message><![CDATA[  With input upArrow, speed 5m/s and waiting 0 FixedUpdate frames, avatar should have arrived at position (0.0, 0.0, 0.0), but was (-1.6, -3.7, -2.0)
  Expected: True
  But was:  False
]]></message>
                <stack-trace><![CDATA[at Tests.Testat02+<TestAvatarSpeedFieldWorks>d__20.MoveNext () [0x00203] in C:\Unity\workspace\2020WS.UnityPP.Ann-droids\Assets\Tests\Testat02.cs:213
at UnityEngine.TestTools.TestEnumerator+<Execute>d__6.MoveNext () [0x0004c] in C:\Unity\workspace\2020WS.UnityPP.Ann-droids\Library\PackageCache\com.unity.test-framework@1.1.18\UnityEngine.TestRunner\NUnitExtensions\Attributes\TestEnumerator.cs:36
]]></stack-trace>
              </failure>
            </test-case>
            <test-case id="1027" name="TestAvatarSpeedFieldWorks(upArrow,5.0f,2)" fullname="Tests.Testat02.TestAvatarSpeedFieldWorks(upArrow,5.0f,2)" methodname="TestAvatarSpeedFieldWorks" classname="Tests.Testat02" runstate="Runnable" seed="1633135175" result="Failed" start-time="2020-12-01 20:30:25Z" end-time="2020-12-01 20:30:25Z" duration="0.079416" asserts="0">
              <properties />
              <failure>
                <message><![CDATA[  With input upArrow, speed 5m/s and waiting 2 FixedUpdate frames, avatar should have arrived at position (0.0, 0.2, 0.0), but was (-1.6, -3.5, -2.0)
  Expected: True
  But was:  False
]]></message>
                <stack-trace><![CDATA[at Tests.Testat02+<TestAvatarSpeedFieldWorks>d__20.MoveNext () [0x00203] in C:\Unity\workspace\2020WS.UnityPP.Ann-droids\Assets\Tests\Testat02.cs:213
at UnityEngine.TestTools.TestEnumerator+<Execute>d__6.MoveNext () [0x0004c] in C:\Unity\workspace\2020WS.UnityPP.Ann-droids\Library\PackageCache\com.unity.test-framework@1.1.18\UnityEngine.TestRunner\NUnitExtensions\Attributes\TestEnumerator.cs:36
]]></stack-trace>
              </failure>
            </test-case>
            <test-case id="1028" name="TestAvatarSpeedFieldWorks(upArrow,5.0f,4)" fullname="Tests.Testat02.TestAvatarSpeedFieldWorks(upArrow,5.0f,4)" methodname="TestAvatarSpeedFieldWorks" classname="Tests.Testat02" runstate="Runnable" seed="1744645728" result="Failed" start-time="2020-12-01 20:30:25Z" end-time="2020-12-01 20:30:25Z" duration="0.117929" asserts="0">
              <properties />
              <failure>
                <message><![CDATA[  With input upArrow, speed 5m/s and waiting 4 FixedUpdate frames, avatar should have arrived at position (0.0, 0.4, 0.0), but was (-1.6, -3.3, -2.0)
  Expected: True
  But was:  False
]]></message>
                <stack-trace><![CDATA[at Tests.Testat02+<TestAvatarSpeedFieldWorks>d__20.MoveNext () [0x00203] in C:\Unity\workspace\2020WS.UnityPP.Ann-droids\Assets\Tests\Testat02.cs:213
at UnityEngine.TestTools.TestEnumerator+<Execute>d__6.MoveNext () [0x0004c] in C:\Unity\workspace\2020WS.UnityPP.Ann-droids\Library\PackageCache\com.unity.test-framework@1.1.18\UnityEngine.TestRunner\NUnitExtensions\Attributes\TestEnumerator.cs:36
]]></stack-trace>
              </failure>
            </test-case>
            <test-case id="1029" name="TestAvatarSpeedFieldWorks(downArrow,0.0f,0)" fullname="Tests.Testat02.TestAvatarSpeedFieldWorks(downArrow,0.0f,0)" methodname="TestAvatarSpeedFieldWorks" classname="Tests.Testat02" runstate="Runnable" seed="1460648129" result="Failed" start-time="2020-12-01 20:30:25Z" end-time="2020-12-01 20:30:25Z" duration="0.038270" asserts="0">
              <properties />
              <failure>
                <message><![CDATA[  With input downArrow, speed 0m/s and waiting 0 FixedUpdate frames, avatar should have arrived at position (0.0, 0.0, 0.0), but was (-1.6, -3.8, -2.0)
  Expected: True
  But was:  False
]]></message>
                <stack-trace><![CDATA[at Tests.Testat02+<TestAvatarSpeedFieldWorks>d__20.MoveNext () [0x00203] in C:\Unity\workspace\2020WS.UnityPP.Ann-droids\Assets\Tests\Testat02.cs:213
at UnityEngine.TestTools.TestEnumerator+<Execute>d__6.MoveNext () [0x0004c] in C:\Unity\workspace\2020WS.UnityPP.Ann-droids\Library\PackageCache\com.unity.test-framework@1.1.18\UnityEngine.TestRunner\NUnitExtensions\Attributes\TestEnumerator.cs:36
]]></stack-trace>
              </failure>
            </test-case>
            <test-case id="1030" name="TestAvatarSpeedFieldWorks(downArrow,0.0f,2)" fullname="Tests.Testat02.TestAvatarSpeedFieldWorks(downArrow,0.0f,2)" methodname="TestAvatarSpeedFieldWorks" classname="Tests.Testat02" runstate="Runnable" seed="1733510064" result="Failed" start-time="2020-12-01 20:30:25Z" end-time="2020-12-01 20:30:25Z" duration="0.078388" asserts="0">
              <properties />
              <failure>
                <message><![CDATA[  With input downArrow, speed 0m/s and waiting 2 FixedUpdate frames, avatar should have arrived at position (0.0, 0.0, 0.0), but was (-1.6, -3.8, -2.0)
  Expected: True
  But was:  False
]]></message>
                <stack-trace><![CDATA[at Tests.Testat02+<TestAvatarSpeedFieldWorks>d__20.MoveNext () [0x00203] in C:\Unity\workspace\2020WS.UnityPP.Ann-droids\Assets\Tests\Testat02.cs:213
at UnityEngine.TestTools.TestEnumerator+<Execute>d__6.MoveNext () [0x0004c] in C:\Unity\workspace\2020WS.UnityPP.Ann-droids\Library\PackageCache\com.unity.test-framework@1.1.18\UnityEngine.TestRunner\NUnitExtensions\Attributes\TestEnumerator.cs:36
]]></stack-trace>
              </failure>
            </test-case>
            <test-case id="1031" name="TestAvatarSpeedFieldWorks(downArrow,0.0f,4)" fullname="Tests.Testat02.TestAvatarSpeedFieldWorks(downArrow,0.0f,4)" methodname="TestAvatarSpeedFieldWorks" classname="Tests.Testat02" runstate="Runnable" seed="1189807482" result="Failed" start-time="2020-12-01 20:30:25Z" end-time="2020-12-01 20:30:25Z" duration="0.118840" asserts="0">
              <properties />
              <failure>
                <message><![CDATA[  With input downArrow, speed 0m/s and waiting 4 FixedUpdate frames, avatar should have arrived at position (0.0, 0.0, 0.0), but was (-1.6, -3.8, -2.0)
  Expected: True
  But was:  False
]]></message>
                <stack-trace><![CDATA[at Tests.Testat02+<TestAvatarSpeedFieldWorks>d__20.MoveNext () [0x00203] in C:\Unity\workspace\2020WS.UnityPP.Ann-droids\Assets\Tests\Testat02.cs:213
at UnityEngine.TestTools.TestEnumerator+<Execute>d__6.MoveNext () [0x0004c] in C:\Unity\workspace\2020WS.UnityPP.Ann-droids\Library\PackageCache\com.unity.test-framework@1.1.18\UnityEngine.TestRunner\NUnitExtensions\Attributes\TestEnumerator.cs:36
]]></stack-trace>
              </failure>
            </test-case>
            <test-case id="1032" name="TestAvatarSpeedFieldWorks(downArrow,5.0f,0)" fullname="Tests.Testat02.TestAvatarSpeedFieldWorks(downArrow,5.0f,0)" methodname="TestAvatarSpeedFieldWorks" classname="Tests.Testat02" runstate="Runnable" seed="977503607" result="Failed" start-time="2020-12-01 20:30:25Z" end-time="2020-12-01 20:30:25Z" duration="0.037828" asserts="0">
              <properties />
              <failure>
                <message><![CDATA[  With input downArrow, speed 5m/s and waiting 0 FixedUpdate frames, avatar should have arrived at position (0.0, 0.0, 0.0), but was (-1.6, -3.8, -2.0)
  Expected: True
  But was:  False
]]></message>
                <stack-trace><![CDATA[at Tests.Testat02+<TestAvatarSpeedFieldWorks>d__20.MoveNext () [0x00203] in C:\Unity\workspace\2020WS.UnityPP.Ann-droids\Assets\Tests\Testat02.cs:213
at UnityEngine.TestTools.TestEnumerator+<Execute>d__6.MoveNext () [0x0004c] in C:\Unity\workspace\2020WS.UnityPP.Ann-droids\Library\PackageCache\com.unity.test-framework@1.1.18\UnityEngine.TestRunner\NUnitExtensions\Attributes\TestEnumerator.cs:36
]]></stack-trace>
              </failure>
            </test-case>
            <test-case id="1033" name="TestAvatarSpeedFieldWorks(downArrow,5.0f,2)" fullname="Tests.Testat02.TestAvatarSpeedFieldWorks(downArrow,5.0f,2)" methodname="TestAvatarSpeedFieldWorks" classname="Tests.Testat02" runstate="Runnable" seed="211391166" result="Failed" start-time="2020-12-01 20:30:25Z" end-time="2020-12-01 20:30:25Z" duration="0.078722" asserts="0">
              <properties />
              <failure>
                <message><![CDATA[  With input downArrow, speed 5m/s and waiting 2 FixedUpdate frames, avatar should have arrived at position (0.0, -0.2, 0.0), but was (-1.6, -3.8, -2.0)
  Expected: True
  But was:  False
]]></message>
                <stack-trace><![CDATA[at Tests.Testat02+<TestAvatarSpeedFieldWorks>d__20.MoveNext () [0x00203] in C:\Unity\workspace\2020WS.UnityPP.Ann-droids\Assets\Tests\Testat02.cs:213
at UnityEngine.TestTools.TestEnumerator+<Execute>d__6.MoveNext () [0x0004c] in C:\Unity\workspace\2020WS.UnityPP.Ann-droids\Library\PackageCache\com.unity.test-framework@1.1.18\UnityEngine.TestRunner\NUnitExtensions\Attributes\TestEnumerator.cs:36
]]></stack-trace>
              </failure>
            </test-case>
            <test-case id="1034" name="TestAvatarSpeedFieldWorks(downArrow,5.0f,4)" fullname="Tests.Testat02.TestAvatarSpeedFieldWorks(downArrow,5.0f,4)" methodname="TestAvatarSpeedFieldWorks" classname="Tests.Testat02" runstate="Runnable" seed="37372487" result="Failed" start-time="2020-12-01 20:30:25Z" end-time="2020-12-01 20:30:26Z" duration="0.118098" asserts="0">
              <properties />
              <failure>
                <message><![CDATA[  With input downArrow, speed 5m/s and waiting 4 FixedUpdate frames, avatar should have arrived at position (0.0, -0.4, 0.0), but was (-1.6, -3.8, -2.0)
  Expected: True
  But was:  False
]]></message>
                <stack-trace><![CDATA[at Tests.Testat02+<TestAvatarSpeedFieldWorks>d__20.MoveNext () [0x00203] in C:\Unity\workspace\2020WS.UnityPP.Ann-droids\Assets\Tests\Testat02.cs:213
at UnityEngine.TestTools.TestEnumerator+<Execute>d__6.MoveNext () [0x0004c] in C:\Unity\workspace\2020WS.UnityPP.Ann-droids\Library\PackageCache\com.unity.test-framework@1.1.18\UnityEngine.TestRunner\NUnitExtensions\Attributes\TestEnumerator.cs:36
]]></stack-trace>
              </failure>
            </test-case>
            <test-case id="1035" name="TestAvatarSpeedFieldWorks(leftArrow,0.0f,0)" fullname="Tests.Testat02.TestAvatarSpeedFieldWorks(leftArrow,0.0f,0)" methodname="TestAvatarSpeedFieldWorks" classname="Tests.Testat02" runstate="Runnable" seed="1534042116" result="Failed" start-time="2020-12-01 20:30:26Z" end-time="2020-12-01 20:30:26Z" duration="0.038327" asserts="0">
              <properties />
              <failure>
                <message><![CDATA[  With input leftArrow, speed 0m/s and waiting 0 FixedUpdate frames, avatar should have arrived at position (0.0, 0.0, 0.0), but was (-1.6, -3.8, -2.0)
  Expected: True
  But was:  False
]]></message>
                <stack-trace><![CDATA[at Tests.Testat02+<TestAvatarSpeedFieldWorks>d__20.MoveNext () [0x00203] in C:\Unity\workspace\2020WS.UnityPP.Ann-droids\Assets\Tests\Testat02.cs:213
at UnityEngine.TestTools.TestEnumerator+<Execute>d__6.MoveNext () [0x0004c] in C:\Unity\workspace\2020WS.UnityPP.Ann-droids\Library\PackageCache\com.unity.test-framework@1.1.18\UnityEngine.TestRunner\NUnitExtensions\Attributes\TestEnumerator.cs:36
]]></stack-trace>
              </failure>
            </test-case>
            <test-case id="1036" name="TestAvatarSpeedFieldWorks(leftArrow,0.0f,2)" fullname="Tests.Testat02.TestAvatarSpeedFieldWorks(leftArrow,0.0f,2)" methodname="TestAvatarSpeedFieldWorks" classname="Tests.Testat02" runstate="Runnable" seed="79293017" result="Failed" start-time="2020-12-01 20:30:26Z" end-time="2020-12-01 20:30:26Z" duration="0.078780" asserts="0">
              <properties />
              <failure>
                <message><![CDATA[  With input leftArrow, speed 0m/s and waiting 2 FixedUpdate frames, avatar should have arrived at position (0.0, 0.0, 0.0), but was (-1.6, -3.8, -2.0)
  Expected: True
  But was:  False
]]></message>
                <stack-trace><![CDATA[at Tests.Testat02+<TestAvatarSpeedFieldWorks>d__20.MoveNext () [0x00203] in C:\Unity\workspace\2020WS.UnityPP.Ann-droids\Assets\Tests\Testat02.cs:213
at UnityEngine.TestTools.TestEnumerator+<Execute>d__6.MoveNext () [0x0004c] in C:\Unity\workspace\2020WS.UnityPP.Ann-droids\Library\PackageCache\com.unity.test-framework@1.1.18\UnityEngine.TestRunner\NUnitExtensions\Attributes\TestEnumerator.cs:36
]]></stack-trace>
              </failure>
            </test-case>
            <test-case id="1037" name="TestAvatarSpeedFieldWorks(leftArrow,0.0f,4)" fullname="Tests.Testat02.TestAvatarSpeedFieldWorks(leftArrow,0.0f,4)" methodname="TestAvatarSpeedFieldWorks" classname="Tests.Testat02" runstate="Runnable" seed="732513219" result="Failed" start-time="2020-12-01 20:30:26Z" end-time="2020-12-01 20:30:26Z" duration="0.118468" asserts="0">
              <properties />
              <failure>
                <message><![CDATA[  With input leftArrow, speed 0m/s and waiting 4 FixedUpdate frames, avatar should have arrived at position (0.0, 0.0, 0.0), but was (-1.6, -3.8, -2.0)
  Expected: True
  But was:  False
]]></message>
                <stack-trace><![CDATA[at Tests.Testat02+<TestAvatarSpeedFieldWorks>d__20.MoveNext () [0x00203] in C:\Unity\workspace\2020WS.UnityPP.Ann-droids\Assets\Tests\Testat02.cs:213
at UnityEngine.TestTools.TestEnumerator+<Execute>d__6.MoveNext () [0x0004c] in C:\Unity\workspace\2020WS.UnityPP.Ann-droids\Library\PackageCache\com.unity.test-framework@1.1.18\UnityEngine.TestRunner\NUnitExtensions\Attributes\TestEnumerator.cs:36
]]></stack-trace>
              </failure>
            </test-case>
            <test-case id="1038" name="TestAvatarSpeedFieldWorks(leftArrow,5.0f,0)" fullname="Tests.Testat02.TestAvatarSpeedFieldWorks(leftArrow,5.0f,0)" methodname="TestAvatarSpeedFieldWorks" classname="Tests.Testat02" runstate="Runnable" seed="497831396" result="Failed" start-time="2020-12-01 20:30:26Z" end-time="2020-12-01 20:30:26Z" duration="0.038177" asserts="0">
              <properties />
              <failure>
                <message><![CDATA[  With input leftArrow, speed 5m/s and waiting 0 FixedUpdate frames, avatar should have arrived at position (0.0, 0.0, 0.0), but was (-1.7, -3.8, -2.0)
  Expected: True
  But was:  False
]]></message>
                <stack-trace><![CDATA[at Tests.Testat02+<TestAvatarSpeedFieldWorks>d__20.MoveNext () [0x00203] in C:\Unity\workspace\2020WS.UnityPP.Ann-droids\Assets\Tests\Testat02.cs:213
at UnityEngine.TestTools.TestEnumerator+<Execute>d__6.MoveNext () [0x0004c] in C:\Unity\workspace\2020WS.UnityPP.Ann-droids\Library\PackageCache\com.unity.test-framework@1.1.18\UnityEngine.TestRunner\NUnitExtensions\Attributes\TestEnumerator.cs:36
]]></stack-trace>
              </failure>
            </test-case>
            <test-case id="1039" name="TestAvatarSpeedFieldWorks(leftArrow,5.0f,2)" fullname="Tests.Testat02.TestAvatarSpeedFieldWorks(leftArrow,5.0f,2)" methodname="TestAvatarSpeedFieldWorks" classname="Tests.Testat02" runstate="Runnable" seed="368800224" result="Failed" start-time="2020-12-01 20:30:26Z" end-time="2020-12-01 20:30:26Z" duration="0.078707" asserts="0">
              <properties />
              <failure>
                <message><![CDATA[  With input leftArrow, speed 5m/s and waiting 2 FixedUpdate frames, avatar should have arrived at position (-0.2, 0.0, 0.0), but was (-1.9, -3.8, -2.0)
  Expected: True
  But was:  False
]]></message>
                <stack-trace><![CDATA[at Tests.Testat02+<TestAvatarSpeedFieldWorks>d__20.MoveNext () [0x00203] in C:\Unity\workspace\2020WS.UnityPP.Ann-droids\Assets\Tests\Testat02.cs:213
at UnityEngine.TestTools.TestEnumerator+<Execute>d__6.MoveNext () [0x0004c] in C:\Unity\workspace\2020WS.UnityPP.Ann-droids\Library\PackageCache\com.unity.test-framework@1.1.18\UnityEngine.TestRunner\NUnitExtensions\Attributes\TestEnumerator.cs:36
]]></stack-trace>
              </failure>
            </test-case>
            <test-case id="1040" name="TestAvatarSpeedFieldWorks(leftArrow,5.0f,4)" fullname="Tests.Testat02.TestAvatarSpeedFieldWorks(leftArrow,5.0f,4)" methodname="TestAvatarSpeedFieldWorks" classname="Tests.Testat02" runstate="Runnable" seed="1167284160" result="Failed" start-time="2020-12-01 20:30:26Z" end-time="2020-12-01 20:30:26Z" duration="0.117814" asserts="0">
              <properties />
              <failure>
                <message><![CDATA[  With input leftArrow, speed 5m/s and waiting 4 FixedUpdate frames, avatar should have arrived at position (-0.4, 0.0, 0.0), but was (-2.1, -3.8, -2.0)
  Expected: True
  But was:  False
]]></message>
                <stack-trace><![CDATA[at Tests.Testat02+<TestAvatarSpeedFieldWorks>d__20.MoveNext () [0x00203] in C:\Unity\workspace\2020WS.UnityPP.Ann-droids\Assets\Tests\Testat02.cs:213
at UnityEngine.TestTools.TestEnumerator+<Execute>d__6.MoveNext () [0x0004c] in C:\Unity\workspace\2020WS.UnityPP.Ann-droids\Library\PackageCache\com.unity.test-framework@1.1.18\UnityEngine.TestRunner\NUnitExtensions\Attributes\TestEnumerator.cs:36
]]></stack-trace>
              </failure>
            </test-case>
            <test-case id="1041" name="TestAvatarSpeedFieldWorks(rightArrow,0.0f,0)" fullname="Tests.Testat02.TestAvatarSpeedFieldWorks(rightArrow,0.0f,0)" methodname="TestAvatarSpeedFieldWorks" classname="Tests.Testat02" runstate="Runnable" seed="1565948698" result="Failed" start-time="2020-12-01 20:30:26Z" end-time="2020-12-01 20:30:26Z" duration="0.038167" asserts="0">
              <properties />
              <failure>
                <message><![CDATA[  With input rightArrow, speed 0m/s and waiting 0 FixedUpdate frames, avatar should have arrived at position (0.0, 0.0, 0.0), but was (-1.6, -3.8, -2.0)
  Expected: True
  But was:  False
]]></message>
                <stack-trace><![CDATA[at Tests.Testat02+<TestAvatarSpeedFieldWorks>d__20.MoveNext () [0x00203] in C:\Unity\workspace\2020WS.UnityPP.Ann-droids\Assets\Tests\Testat02.cs:213
at UnityEngine.TestTools.TestEnumerator+<Execute>d__6.MoveNext () [0x0004c] in C:\Unity\workspace\2020WS.UnityPP.Ann-droids\Library\PackageCache\com.unity.test-framework@1.1.18\UnityEngine.TestRunner\NUnitExtensions\Attributes\TestEnumerator.cs:36
]]></stack-trace>
              </failure>
            </test-case>
            <test-case id="1042" name="TestAvatarSpeedFieldWorks(rightArrow,0.0f,2)" fullname="Tests.Testat02.TestAvatarSpeedFieldWorks(rightArrow,0.0f,2)" methodname="TestAvatarSpeedFieldWorks" classname="Tests.Testat02" runstate="Runnable" seed="789955581" result="Failed" start-time="2020-12-01 20:30:26Z" end-time="2020-12-01 20:30:26Z" duration="0.078170" asserts="0">
              <properties />
              <failure>
                <message><![CDATA[  With input rightArrow, speed 0m/s and waiting 2 FixedUpdate frames, avatar should have arrived at position (0.0, 0.0, 0.0), but was (-1.6, -3.8, -2.0)
  Expected: True
  But was:  False
]]></message>
                <stack-trace><![CDATA[at Tests.Testat02+<TestAvatarSpeedFieldWorks>d__20.MoveNext () [0x00203] in C:\Unity\workspace\2020WS.UnityPP.Ann-droids\Assets\Tests\Testat02.cs:213
at UnityEngine.TestTools.TestEnumerator+<Execute>d__6.MoveNext () [0x0004c] in C:\Unity\workspace\2020WS.UnityPP.Ann-droids\Library\PackageCache\com.unity.test-framework@1.1.18\UnityEngine.TestRunner\NUnitExtensions\Attributes\TestEnumerator.cs:36
]]></stack-trace>
              </failure>
            </test-case>
            <test-case id="1043" name="TestAvatarSpeedFieldWorks(rightArrow,0.0f,4)" fullname="Tests.Testat02.TestAvatarSpeedFieldWorks(rightArrow,0.0f,4)" methodname="TestAvatarSpeedFieldWorks" classname="Tests.Testat02" runstate="Runnable" seed="419719936" result="Failed" start-time="2020-12-01 20:30:26Z" end-time="2020-12-01 20:30:26Z" duration="0.115101" asserts="0">
              <properties />
              <failure>
                <message><![CDATA[  With input rightArrow, speed 0m/s and waiting 4 FixedUpdate frames, avatar should have arrived at position (0.0, 0.0, 0.0), but was (-1.6, -3.8, -2.0)
  Expected: True
  But was:  False
]]></message>
                <stack-trace><![CDATA[at Tests.Testat02+<TestAvatarSpeedFieldWorks>d__20.MoveNext () [0x00203] in C:\Unity\workspace\2020WS.UnityPP.Ann-droids\Assets\Tests\Testat02.cs:213
at UnityEngine.TestTools.TestEnumerator+<Execute>d__6.MoveNext () [0x0004c] in C:\Unity\workspace\2020WS.UnityPP.Ann-droids\Library\PackageCache\com.unity.test-framework@1.1.18\UnityEngine.TestRunner\NUnitExtensions\Attributes\TestEnumerator.cs:36
]]></stack-trace>
              </failure>
            </test-case>
            <test-case id="1044" name="TestAvatarSpeedFieldWorks(rightArrow,5.0f,0)" fullname="Tests.Testat02.TestAvatarSpeedFieldWorks(rightArrow,5.0f,0)" methodname="TestAvatarSpeedFieldWorks" classname="Tests.Testat02" runstate="Runnable" seed="41750675" result="Failed" start-time="2020-12-01 20:30:26Z" end-time="2020-12-01 20:30:26Z" duration="0.038579" asserts="0">
              <properties />
              <failure>
                <message><![CDATA[  With input rightArrow, speed 5m/s and waiting 0 FixedUpdate frames, avatar should have arrived at position (0.0, 0.0, 0.0), but was (-1.6, -3.8, -2.0)
  Expected: True
  But was:  False
]]></message>
                <stack-trace><![CDATA[at Tests.Testat02+<TestAvatarSpeedFieldWorks>d__20.MoveNext () [0x00203] in C:\Unity\workspace\2020WS.UnityPP.Ann-droids\Assets\Tests\Testat02.cs:213
at UnityEngine.TestTools.TestEnumerator+<Execute>d__6.MoveNext () [0x0004c] in C:\Unity\workspace\2020WS.UnityPP.Ann-droids\Library\PackageCache\com.unity.test-framework@1.1.18\UnityEngine.TestRunner\NUnitExtensions\Attributes\TestEnumerator.cs:36
]]></stack-trace>
              </failure>
            </test-case>
            <test-case id="1045" name="TestAvatarSpeedFieldWorks(rightArrow,5.0f,2)" fullname="Tests.Testat02.TestAvatarSpeedFieldWorks(rightArrow,5.0f,2)" methodname="TestAvatarSpeedFieldWorks" classname="Tests.Testat02" runstate="Runnable" seed="163522568" result="Failed" start-time="2020-12-01 20:30:26Z" end-time="2020-12-01 20:30:26Z" duration="0.078312" asserts="0">
              <properties />
              <failure>
                <message><![CDATA[  With input rightArrow, speed 5m/s and waiting 2 FixedUpdate frames, avatar should have arrived at position (0.2, 0.0, 0.0), but was (-1.6, -3.8, -2.0)
  Expected: True
  But was:  False
]]></message>
                <stack-trace><![CDATA[at Tests.Testat02+<TestAvatarSpeedFieldWorks>d__20.MoveNext () [0x00203] in C:\Unity\workspace\2020WS.UnityPP.Ann-droids\Assets\Tests\Testat02.cs:213
at UnityEngine.TestTools.TestEnumerator+<Execute>d__6.MoveNext () [0x0004c] in C:\Unity\workspace\2020WS.UnityPP.Ann-droids\Library\PackageCache\com.unity.test-framework@1.1.18\UnityEngine.TestRunner\NUnitExtensions\Attributes\TestEnumerator.cs:36
]]></stack-trace>
              </failure>
            </test-case>
            <test-case id="1046" name="TestAvatarSpeedFieldWorks(rightArrow,5.0f,4)" fullname="Tests.Testat02.TestAvatarSpeedFieldWorks(rightArrow,5.0f,4)" methodname="TestAvatarSpeedFieldWorks" classname="Tests.Testat02" runstate="Runnable" seed="434413546" result="Failed" start-time="2020-12-01 20:30:26Z" end-time="2020-12-01 20:30:27Z" duration="0.118575" asserts="0">
              <properties />
              <failure>
                <message><![CDATA[  With input rightArrow, speed 5m/s and waiting 4 FixedUpdate frames, avatar should have arrived at position (0.4, 0.0, 0.0), but was (-1.6, -3.8, -2.0)
  Expected: True
  But was:  False
]]></message>
                <stack-trace><![CDATA[at Tests.Testat02+<TestAvatarSpeedFieldWorks>d__20.MoveNext () [0x00203] in C:\Unity\workspace\2020WS.UnityPP.Ann-droids\Assets\Tests\Testat02.cs:213
at UnityEngine.TestTools.TestEnumerator+<Execute>d__6.MoveNext () [0x0004c] in C:\Unity\workspace\2020WS.UnityPP.Ann-droids\Library\PackageCache\com.unity.test-framework@1.1.18\UnityEngine.TestRunner\NUnitExtensions\Attributes\TestEnumerator.cs:36
]]></stack-trace>
              </failure>
            </test-case>
            <test-case id="1047" name="TestAvatarSpeedFieldWorks(upArrow+rightArrow,0.0f,0)" fullname="Tests.Testat02.TestAvatarSpeedFieldWorks(upArrow+rightArrow,0.0f,0)" methodname="TestAvatarSpeedFieldWorks" classname="Tests.Testat02" runstate="Runnable" seed="1471544971" result="Failed" start-time="2020-12-01 20:30:27Z" end-time="2020-12-01 20:30:27Z" duration="0.038426" asserts="0">
              <properties />
              <failure>
                <message><![CDATA[  With input upArrow+rightArrow, speed 0m/s and waiting 0 FixedUpdate frames, avatar should have arrived at position (0.0, 0.0, 0.0), but was (-1.6, -3.8, -2.0)
  Expected: True
  But was:  False
]]></message>
                <stack-trace><![CDATA[at Tests.Testat02+<TestAvatarSpeedFieldWorks>d__20.MoveNext () [0x00203] in C:\Unity\workspace\2020WS.UnityPP.Ann-droids\Assets\Tests\Testat02.cs:213
at UnityEngine.TestTools.TestEnumerator+<Execute>d__6.MoveNext () [0x0004c] in C:\Unity\workspace\2020WS.UnityPP.Ann-droids\Library\PackageCache\com.unity.test-framework@1.1.18\UnityEngine.TestRunner\NUnitExtensions\Attributes\TestEnumerator.cs:36
]]></stack-trace>
              </failure>
            </test-case>
            <test-case id="1048" name="TestAvatarSpeedFieldWorks(upArrow+rightArrow,0.0f,2)" fullname="Tests.Testat02.TestAvatarSpeedFieldWorks(upArrow+rightArrow,0.0f,2)" methodname="TestAvatarSpeedFieldWorks" classname="Tests.Testat02" runstate="Runnable" seed="326749258" result="Failed" start-time="2020-12-01 20:30:27Z" end-time="2020-12-01 20:30:27Z" duration="0.078123" asserts="0">
              <properties />
              <failure>
                <message><![CDATA[  With input upArrow+rightArrow, speed 0m/s and waiting 2 FixedUpdate frames, avatar should have arrived at position (0.0, 0.0, 0.0), but was (-1.6, -3.8, -2.0)
  Expected: True
  But was:  False
]]></message>
                <stack-trace><![CDATA[at Tests.Testat02+<TestAvatarSpeedFieldWorks>d__20.MoveNext () [0x00203] in C:\Unity\workspace\2020WS.UnityPP.Ann-droids\Assets\Tests\Testat02.cs:213
at UnityEngine.TestTools.TestEnumerator+<Execute>d__6.MoveNext () [0x0004c] in C:\Unity\workspace\2020WS.UnityPP.Ann-droids\Library\PackageCache\com.unity.test-framework@1.1.18\UnityEngine.TestRunner\NUnitExtensions\Attributes\TestEnumerator.cs:36
]]></stack-trace>
              </failure>
            </test-case>
            <test-case id="1049" name="TestAvatarSpeedFieldWorks(upArrow+rightArrow,0.0f,4)" fullname="Tests.Testat02.TestAvatarSpeedFieldWorks(upArrow+rightArrow,0.0f,4)" methodname="TestAvatarSpeedFieldWorks" classname="Tests.Testat02" runstate="Runnable" seed="532422785" result="Failed" start-time="2020-12-01 20:30:27Z" end-time="2020-12-01 20:30:27Z" duration="0.118458" asserts="0">
              <properties />
              <failure>
                <message><![CDATA[  With input upArrow+rightArrow, speed 0m/s and waiting 4 FixedUpdate frames, avatar should have arrived at position (0.0, 0.0, 0.0), but was (-1.6, -3.8, -2.0)
  Expected: True
  But was:  False
]]></message>
                <stack-trace><![CDATA[at Tests.Testat02+<TestAvatarSpeedFieldWorks>d__20.MoveNext () [0x00203] in C:\Unity\workspace\2020WS.UnityPP.Ann-droids\Assets\Tests\Testat02.cs:213
at UnityEngine.TestTools.TestEnumerator+<Execute>d__6.MoveNext () [0x0004c] in C:\Unity\workspace\2020WS.UnityPP.Ann-droids\Library\PackageCache\com.unity.test-framework@1.1.18\UnityEngine.TestRunner\NUnitExtensions\Attributes\TestEnumerator.cs:36
]]></stack-trace>
              </failure>
            </test-case>
            <test-case id="1050" name="TestAvatarSpeedFieldWorks(upArrow+rightArrow,5.0f,0)" fullname="Tests.Testat02.TestAvatarSpeedFieldWorks(upArrow+rightArrow,5.0f,0)" methodname="TestAvatarSpeedFieldWorks" classname="Tests.Testat02" runstate="Runnable" seed="985542308" result="Failed" start-time="2020-12-01 20:30:27Z" end-time="2020-12-01 20:30:27Z" duration="0.038328" asserts="0">
              <properties />
              <failure>
                <message><![CDATA[  With input upArrow+rightArrow, speed 5m/s and waiting 0 FixedUpdate frames, avatar should have arrived at position (0.0, 0.0, 0.0), but was (-1.6, -3.8, -2.0)
  Expected: True
  But was:  False
]]></message>
                <stack-trace><![CDATA[at Tests.Testat02+<TestAvatarSpeedFieldWorks>d__20.MoveNext () [0x00203] in C:\Unity\workspace\2020WS.UnityPP.Ann-droids\Assets\Tests\Testat02.cs:213
at UnityEngine.TestTools.TestEnumerator+<Execute>d__6.MoveNext () [0x0004c] in C:\Unity\workspace\2020WS.UnityPP.Ann-droids\Library\PackageCache\com.unity.test-framework@1.1.18\UnityEngine.TestRunner\NUnitExtensions\Attributes\TestEnumerator.cs:36
]]></stack-trace>
              </failure>
            </test-case>
            <test-case id="1051" name="TestAvatarSpeedFieldWorks(upArrow+rightArrow,5.0f,2)" fullname="Tests.Testat02.TestAvatarSpeedFieldWorks(upArrow+rightArrow,5.0f,2)" methodname="TestAvatarSpeedFieldWorks" classname="Tests.Testat02" runstate="Runnable" seed="1581412751" result="Failed" start-time="2020-12-01 20:30:27Z" end-time="2020-12-01 20:30:27Z" duration="0.078621" asserts="0">
              <properties />
              <failure>
                <message><![CDATA[  With input upArrow+rightArrow, speed 5m/s and waiting 2 FixedUpdate frames, avatar should have arrived at position (0.1, 0.1, 0.0), but was (-1.6, -3.8, -2.0)
  Expected: True
  But was:  False
]]></message>
                <stack-trace><![CDATA[at Tests.Testat02+<TestAvatarSpeedFieldWorks>d__20.MoveNext () [0x00203] in C:\Unity\workspace\2020WS.UnityPP.Ann-droids\Assets\Tests\Testat02.cs:213
at UnityEngine.TestTools.TestEnumerator+<Execute>d__6.MoveNext () [0x0004c] in C:\Unity\workspace\2020WS.UnityPP.Ann-droids\Library\PackageCache\com.unity.test-framework@1.1.18\UnityEngine.TestRunner\NUnitExtensions\Attributes\TestEnumerator.cs:36
]]></stack-trace>
              </failure>
            </test-case>
            <test-case id="1052" name="TestAvatarSpeedFieldWorks(upArrow+rightArrow,5.0f,4)" fullname="Tests.Testat02.TestAvatarSpeedFieldWorks(upArrow+rightArrow,5.0f,4)" methodname="TestAvatarSpeedFieldWorks" classname="Tests.Testat02" runstate="Runnable" seed="1779680268" result="Failed" start-time="2020-12-01 20:30:27Z" end-time="2020-12-01 20:30:27Z" duration="0.118134" asserts="0">
              <properties />
              <failure>
                <message><![CDATA[  With input upArrow+rightArrow, speed 5m/s and waiting 4 FixedUpdate frames, avatar should have arrived at position (0.3, 0.3, 0.0), but was (-1.6, -3.8, -2.0)
  Expected: True
  But was:  False
]]></message>
                <stack-trace><![CDATA[at Tests.Testat02+<TestAvatarSpeedFieldWorks>d__20.MoveNext () [0x00203] in C:\Unity\workspace\2020WS.UnityPP.Ann-droids\Assets\Tests\Testat02.cs:213
at UnityEngine.TestTools.TestEnumerator+<Execute>d__6.MoveNext () [0x0004c] in C:\Unity\workspace\2020WS.UnityPP.Ann-droids\Library\PackageCache\com.unity.test-framework@1.1.18\UnityEngine.TestRunner\NUnitExtensions\Attributes\TestEnumerator.cs:36
]]></stack-trace>
              </failure>
            </test-case>
            <test-case id="1053" name="TestAvatarSpeedFieldWorks(downArrow+rightArrow,0.0f,0)" fullname="Tests.Testat02.TestAvatarSpeedFieldWorks(downArrow+rightArrow,0.0f,0)" methodname="TestAvatarSpeedFieldWorks" classname="Tests.Testat02" runstate="Runnable" seed="868086959" result="Failed" start-time="2020-12-01 20:30:27Z" end-time="2020-12-01 20:30:27Z" duration="0.038553" asserts="0">
              <properties />
              <failure>
                <message><![CDATA[  With input downArrow+rightArrow, speed 0m/s and waiting 0 FixedUpdate frames, avatar should have arrived at position (0.0, 0.0, 0.0), but was (-1.6, -3.8, -2.0)
  Expected: True
  But was:  False
]]></message>
                <stack-trace><![CDATA[at Tests.Testat02+<TestAvatarSpeedFieldWorks>d__20.MoveNext () [0x00203] in C:\Unity\workspace\2020WS.UnityPP.Ann-droids\Assets\Tests\Testat02.cs:213
at UnityEngine.TestTools.TestEnumerator+<Execute>d__6.MoveNext () [0x0004c] in C:\Unity\workspace\2020WS.UnityPP.Ann-droids\Library\PackageCache\com.unity.test-framework@1.1.18\UnityEngine.TestRunner\NUnitExtensions\Attributes\TestEnumerator.cs:36
]]></stack-trace>
              </failure>
            </test-case>
            <test-case id="1054" name="TestAvatarSpeedFieldWorks(downArrow+rightArrow,0.0f,2)" fullname="Tests.Testat02.TestAvatarSpeedFieldWorks(downArrow+rightArrow,0.0f,2)" methodname="TestAvatarSpeedFieldWorks" classname="Tests.Testat02" runstate="Runnable" seed="978200320" result="Failed" start-time="2020-12-01 20:30:27Z" end-time="2020-12-01 20:30:27Z" duration="0.078633" asserts="0">
              <properties />
              <failure>
                <message><![CDATA[  With input downArrow+rightArrow, speed 0m/s and waiting 2 FixedUpdate frames, avatar should have arrived at position (0.0, 0.0, 0.0), but was (-1.6, -3.8, -2.0)
  Expected: True
  But was:  False
]]></message>
                <stack-trace><![CDATA[at Tests.Testat02+<TestAvatarSpeedFieldWorks>d__20.MoveNext () [0x00203] in C:\Unity\workspace\2020WS.UnityPP.Ann-droids\Assets\Tests\Testat02.cs:213
at UnityEngine.TestTools.TestEnumerator+<Execute>d__6.MoveNext () [0x0004c] in C:\Unity\workspace\2020WS.UnityPP.Ann-droids\Library\PackageCache\com.unity.test-framework@1.1.18\UnityEngine.TestRunner\NUnitExtensions\Attributes\TestEnumerator.cs:36
]]></stack-trace>
              </failure>
            </test-case>
            <test-case id="1055" name="TestAvatarSpeedFieldWorks(downArrow+rightArrow,0.0f,4)" fullname="Tests.Testat02.TestAvatarSpeedFieldWorks(downArrow+rightArrow,0.0f,4)" methodname="TestAvatarSpeedFieldWorks" classname="Tests.Testat02" runstate="Runnable" seed="1977271369" result="Failed" start-time="2020-12-01 20:30:27Z" end-time="2020-12-01 20:30:27Z" duration="0.117879" asserts="0">
              <properties />
              <failure>
                <message><![CDATA[  With input downArrow+rightArrow, speed 0m/s and waiting 4 FixedUpdate frames, avatar should have arrived at position (0.0, 0.0, 0.0), but was (-1.6, -3.8, -2.0)
  Expected: True
  But was:  False
]]></message>
                <stack-trace><![CDATA[at Tests.Testat02+<TestAvatarSpeedFieldWorks>d__20.MoveNext () [0x00203] in C:\Unity\workspace\2020WS.UnityPP.Ann-droids\Assets\Tests\Testat02.cs:213
at UnityEngine.TestTools.TestEnumerator+<Execute>d__6.MoveNext () [0x0004c] in C:\Unity\workspace\2020WS.UnityPP.Ann-droids\Library\PackageCache\com.unity.test-framework@1.1.18\UnityEngine.TestRunner\NUnitExtensions\Attributes\TestEnumerator.cs:36
]]></stack-trace>
              </failure>
            </test-case>
            <test-case id="1056" name="TestAvatarSpeedFieldWorks(downArrow+rightArrow,5.0f,0)" fullname="Tests.Testat02.TestAvatarSpeedFieldWorks(downArrow+rightArrow,5.0f,0)" methodname="TestAvatarSpeedFieldWorks" classname="Tests.Testat02" runstate="Runnable" seed="764569879" result="Failed" start-time="2020-12-01 20:30:27Z" end-time="2020-12-01 20:30:27Z" duration="0.038637" asserts="0">
              <properties />
              <failure>
                <message><![CDATA[  With input downArrow+rightArrow, speed 5m/s and waiting 0 FixedUpdate frames, avatar should have arrived at position (0.0, 0.0, 0.0), but was (-1.6, -3.8, -2.0)
  Expected: True
  But was:  False
]]></message>
                <stack-trace><![CDATA[at Tests.Testat02+<TestAvatarSpeedFieldWorks>d__20.MoveNext () [0x00203] in C:\Unity\workspace\2020WS.UnityPP.Ann-droids\Assets\Tests\Testat02.cs:213
at UnityEngine.TestTools.TestEnumerator+<Execute>d__6.MoveNext () [0x0004c] in C:\Unity\workspace\2020WS.UnityPP.Ann-droids\Library\PackageCache\com.unity.test-framework@1.1.18\UnityEngine.TestRunner\NUnitExtensions\Attributes\TestEnumerator.cs:36
]]></stack-trace>
              </failure>
            </test-case>
            <test-case id="1057" name="TestAvatarSpeedFieldWorks(downArrow+rightArrow,5.0f,2)" fullname="Tests.Testat02.TestAvatarSpeedFieldWorks(downArrow+rightArrow,5.0f,2)" methodname="TestAvatarSpeedFieldWorks" classname="Tests.Testat02" runstate="Runnable" seed="20538780" result="Failed" start-time="2020-12-01 20:30:27Z" end-time="2020-12-01 20:30:27Z" duration="0.078395" asserts="0">
              <properties />
              <failure>
                <message><![CDATA[  With input downArrow+rightArrow, speed 5m/s and waiting 2 FixedUpdate frames, avatar should have arrived at position (0.1, -0.1, 0.0), but was (-1.6, -3.8, -2.0)
  Expected: True
  But was:  False
]]></message>
                <stack-trace><![CDATA[at Tests.Testat02+<TestAvatarSpeedFieldWorks>d__20.MoveNext () [0x00203] in C:\Unity\workspace\2020WS.UnityPP.Ann-droids\Assets\Tests\Testat02.cs:213
at UnityEngine.TestTools.TestEnumerator+<Execute>d__6.MoveNext () [0x0004c] in C:\Unity\workspace\2020WS.UnityPP.Ann-droids\Library\PackageCache\com.unity.test-framework@1.1.18\UnityEngine.TestRunner\NUnitExtensions\Attributes\TestEnumerator.cs:36
]]></stack-trace>
              </failure>
            </test-case>
            <test-case id="1058" name="TestAvatarSpeedFieldWorks(downArrow+rightArrow,5.0f,4)" fullname="Tests.Testat02.TestAvatarSpeedFieldWorks(downArrow+rightArrow,5.0f,4)" methodname="TestAvatarSpeedFieldWorks" classname="Tests.Testat02" runstate="Runnable" seed="1433471927" result="Failed" start-time="2020-12-01 20:30:27Z" end-time="2020-12-01 20:30:28Z" duration="0.118318" asserts="0">
              <properties />
              <failure>
                <message><![CDATA[  With input downArrow+rightArrow, speed 5m/s and waiting 4 FixedUpdate frames, avatar should have arrived at position (0.3, -0.3, 0.0), but was (-1.6, -3.8, -2.0)
  Expected: True
  But was:  False
]]></message>
                <stack-trace><![CDATA[at Tests.Testat02+<TestAvatarSpeedFieldWorks>d__20.MoveNext () [0x00203] in C:\Unity\workspace\2020WS.UnityPP.Ann-droids\Assets\Tests\Testat02.cs:213
at UnityEngine.TestTools.TestEnumerator+<Execute>d__6.MoveNext () [0x0004c] in C:\Unity\workspace\2020WS.UnityPP.Ann-droids\Library\PackageCache\com.unity.test-framework@1.1.18\UnityEngine.TestRunner\NUnitExtensions\Attributes\TestEnumerator.cs:36
]]></stack-trace>
              </failure>
            </test-case>
            <test-case id="1059" name="TestAvatarSpeedFieldWorks(upArrow+leftArrow,0.0f,0)" fullname="Tests.Testat02.TestAvatarSpeedFieldWorks(upArrow+leftArrow,0.0f,0)" methodname="TestAvatarSpeedFieldWorks" classname="Tests.Testat02" runstate="Runnable" seed="1905622020" result="Failed" start-time="2020-12-01 20:30:28Z" end-time="2020-12-01 20:30:28Z" duration="0.038483" asserts="0">
              <properties />
              <failure>
                <message><![CDATA[  With input upArrow+leftArrow, speed 0m/s and waiting 0 FixedUpdate frames, avatar should have arrived at position (0.0, 0.0, 0.0), but was (-1.6, -3.8, -2.0)
  Expected: True
  But was:  False
]]></message>
                <stack-trace><![CDATA[at Tests.Testat02+<TestAvatarSpeedFieldWorks>d__20.MoveNext () [0x00203] in C:\Unity\workspace\2020WS.UnityPP.Ann-droids\Assets\Tests\Testat02.cs:213
at UnityEngine.TestTools.TestEnumerator+<Execute>d__6.MoveNext () [0x0004c] in C:\Unity\workspace\2020WS.UnityPP.Ann-droids\Library\PackageCache\com.unity.test-framework@1.1.18\UnityEngine.TestRunner\NUnitExtensions\Attributes\TestEnumerator.cs:36
]]></stack-trace>
              </failure>
            </test-case>
            <test-case id="1060" name="TestAvatarSpeedFieldWorks(upArrow+leftArrow,0.0f,2)" fullname="Tests.Testat02.TestAvatarSpeedFieldWorks(upArrow+leftArrow,0.0f,2)" methodname="TestAvatarSpeedFieldWorks" classname="Tests.Testat02" runstate="Runnable" seed="1914778890" result="Failed" start-time="2020-12-01 20:30:28Z" end-time="2020-12-01 20:30:28Z" duration="0.082343" asserts="0">
              <properties />
              <failure>
                <message><![CDATA[  With input upArrow+leftArrow, speed 0m/s and waiting 2 FixedUpdate frames, avatar should have arrived at position (0.0, 0.0, 0.0), but was (-1.6, -3.8, -2.0)
  Expected: True
  But was:  False
]]></message>
                <stack-trace><![CDATA[at Tests.Testat02+<TestAvatarSpeedFieldWorks>d__20.MoveNext () [0x00203] in C:\Unity\workspace\2020WS.UnityPP.Ann-droids\Assets\Tests\Testat02.cs:213
at UnityEngine.TestTools.TestEnumerator+<Execute>d__6.MoveNext () [0x0004c] in C:\Unity\workspace\2020WS.UnityPP.Ann-droids\Library\PackageCache\com.unity.test-framework@1.1.18\UnityEngine.TestRunner\NUnitExtensions\Attributes\TestEnumerator.cs:36
]]></stack-trace>
              </failure>
            </test-case>
            <test-case id="1061" name="TestAvatarSpeedFieldWorks(upArrow+leftArrow,0.0f,4)" fullname="Tests.Testat02.TestAvatarSpeedFieldWorks(upArrow+leftArrow,0.0f,4)" methodname="TestAvatarSpeedFieldWorks" classname="Tests.Testat02" runstate="Runnable" seed="238155951" result="Failed" start-time="2020-12-01 20:30:28Z" end-time="2020-12-01 20:30:28Z" duration="0.114547" asserts="0">
              <properties />
              <failure>
                <message><![CDATA[  With input upArrow+leftArrow, speed 0m/s and waiting 4 FixedUpdate frames, avatar should have arrived at position (0.0, 0.0, 0.0), but was (-1.6, -3.8, -2.0)
  Expected: True
  But was:  False
]]></message>
                <stack-trace><![CDATA[at Tests.Testat02+<TestAvatarSpeedFieldWorks>d__20.MoveNext () [0x00203] in C:\Unity\workspace\2020WS.UnityPP.Ann-droids\Assets\Tests\Testat02.cs:213
at UnityEngine.TestTools.TestEnumerator+<Execute>d__6.MoveNext () [0x0004c] in C:\Unity\workspace\2020WS.UnityPP.Ann-droids\Library\PackageCache\com.unity.test-framework@1.1.18\UnityEngine.TestRunner\NUnitExtensions\Attributes\TestEnumerator.cs:36
]]></stack-trace>
              </failure>
            </test-case>
            <test-case id="1062" name="TestAvatarSpeedFieldWorks(upArrow+leftArrow,5.0f,0)" fullname="Tests.Testat02.TestAvatarSpeedFieldWorks(upArrow+leftArrow,5.0f,0)" methodname="TestAvatarSpeedFieldWorks" classname="Tests.Testat02" runstate="Runnable" seed="959050430" result="Failed" start-time="2020-12-01 20:30:28Z" end-time="2020-12-01 20:30:28Z" duration="0.038059" asserts="0">
              <properties />
              <failure>
                <message><![CDATA[  With input upArrow+leftArrow, speed 5m/s and waiting 0 FixedUpdate frames, avatar should have arrived at position (0.0, 0.0, 0.0), but was (-1.6, -3.8, -2.0)
  Expected: True
  But was:  False
]]></message>
                <stack-trace><![CDATA[at Tests.Testat02+<TestAvatarSpeedFieldWorks>d__20.MoveNext () [0x00203] in C:\Unity\workspace\2020WS.UnityPP.Ann-droids\Assets\Tests\Testat02.cs:213
at UnityEngine.TestTools.TestEnumerator+<Execute>d__6.MoveNext () [0x0004c] in C:\Unity\workspace\2020WS.UnityPP.Ann-droids\Library\PackageCache\com.unity.test-framework@1.1.18\UnityEngine.TestRunner\NUnitExtensions\Attributes\TestEnumerator.cs:36
]]></stack-trace>
              </failure>
            </test-case>
            <test-case id="1063" name="TestAvatarSpeedFieldWorks(upArrow+leftArrow,5.0f,2)" fullname="Tests.Testat02.TestAvatarSpeedFieldWorks(upArrow+leftArrow,5.0f,2)" methodname="TestAvatarSpeedFieldWorks" classname="Tests.Testat02" runstate="Runnable" seed="1607183777" result="Failed" start-time="2020-12-01 20:30:28Z" end-time="2020-12-01 20:30:28Z" duration="0.078538" asserts="0">
              <properties />
              <failure>
                <message><![CDATA[  With input upArrow+leftArrow, speed 5m/s and waiting 2 FixedUpdate frames, avatar should have arrived at position (-0.1, 0.1, 0.0), but was (-1.6, -3.8, -2.0)
  Expected: True
  But was:  False
]]></message>
                <stack-trace><![CDATA[at Tests.Testat02+<TestAvatarSpeedFieldWorks>d__20.MoveNext () [0x00203] in C:\Unity\workspace\2020WS.UnityPP.Ann-droids\Assets\Tests\Testat02.cs:213
at UnityEngine.TestTools.TestEnumerator+<Execute>d__6.MoveNext () [0x0004c] in C:\Unity\workspace\2020WS.UnityPP.Ann-droids\Library\PackageCache\com.unity.test-framework@1.1.18\UnityEngine.TestRunner\NUnitExtensions\Attributes\TestEnumerator.cs:36
]]></stack-trace>
              </failure>
            </test-case>
            <test-case id="1064" name="TestAvatarSpeedFieldWorks(upArrow+leftArrow,5.0f,4)" fullname="Tests.Testat02.TestAvatarSpeedFieldWorks(upArrow+leftArrow,5.0f,4)" methodname="TestAvatarSpeedFieldWorks" classname="Tests.Testat02" runstate="Runnable" seed="1475625884" result="Failed" start-time="2020-12-01 20:30:28Z" end-time="2020-12-01 20:30:28Z" duration="0.118162" asserts="0">
              <properties />
              <failure>
                <message><![CDATA[  With input upArrow+leftArrow, speed 5m/s and waiting 4 FixedUpdate frames, avatar should have arrived at position (-0.3, 0.3, 0.0), but was (-1.6, -3.8, -2.0)
  Expected: True
  But was:  False
]]></message>
                <stack-trace><![CDATA[at Tests.Testat02+<TestAvatarSpeedFieldWorks>d__20.MoveNext () [0x00203] in C:\Unity\workspace\2020WS.UnityPP.Ann-droids\Assets\Tests\Testat02.cs:213
at UnityEngine.TestTools.TestEnumerator+<Execute>d__6.MoveNext () [0x0004c] in C:\Unity\workspace\2020WS.UnityPP.Ann-droids\Library\PackageCache\com.unity.test-framework@1.1.18\UnityEngine.TestRunner\NUnitExtensions\Attributes\TestEnumerator.cs:36
]]></stack-trace>
              </failure>
            </test-case>
            <test-case id="1065" name="TestAvatarSpeedFieldWorks(downArrow+leftArrow,0.0f,0)" fullname="Tests.Testat02.TestAvatarSpeedFieldWorks(downArrow+leftArrow,0.0f,0)" methodname="TestAvatarSpeedFieldWorks" classname="Tests.Testat02" runstate="Runnable" seed="1029909289" result="Failed" start-time="2020-12-01 20:30:28Z" end-time="2020-12-01 20:30:28Z" duration="0.038691" asserts="0">
              <properties />
              <failure>
                <message><![CDATA[  With input downArrow+leftArrow, speed 0m/s and waiting 0 FixedUpdate frames, avatar should have arrived at position (0.0, 0.0, 0.0), but was (-1.6, -3.8, -2.0)
  Expected: True
  But was:  False
]]></message>
                <stack-trace><![CDATA[at Tests.Testat02+<TestAvatarSpeedFieldWorks>d__20.MoveNext () [0x00203] in C:\Unity\workspace\2020WS.UnityPP.Ann-droids\Assets\Tests\Testat02.cs:213
at UnityEngine.TestTools.TestEnumerator+<Execute>d__6.MoveNext () [0x0004c] in C:\Unity\workspace\2020WS.UnityPP.Ann-droids\Library\PackageCache\com.unity.test-framework@1.1.18\UnityEngine.TestRunner\NUnitExtensions\Attributes\TestEnumerator.cs:36
]]></stack-trace>
              </failure>
            </test-case>
            <test-case id="1066" name="TestAvatarSpeedFieldWorks(downArrow+leftArrow,0.0f,2)" fullname="Tests.Testat02.TestAvatarSpeedFieldWorks(downArrow+leftArrow,0.0f,2)" methodname="TestAvatarSpeedFieldWorks" classname="Tests.Testat02" runstate="Runnable" seed="644661572" result="Failed" start-time="2020-12-01 20:30:28Z" end-time="2020-12-01 20:30:28Z" duration="0.077889" asserts="0">
              <properties />
              <failure>
                <message><![CDATA[  With input downArrow+leftArrow, speed 0m/s and waiting 2 FixedUpdate frames, avatar should have arrived at position (0.0, 0.0, 0.0), but was (-1.6, -3.8, -2.0)
  Expected: True
  But was:  False
]]></message>
                <stack-trace><![CDATA[at Tests.Testat02+<TestAvatarSpeedFieldWorks>d__20.MoveNext () [0x00203] in C:\Unity\workspace\2020WS.UnityPP.Ann-droids\Assets\Tests\Testat02.cs:213
at UnityEngine.TestTools.TestEnumerator+<Execute>d__6.MoveNext () [0x0004c] in C:\Unity\workspace\2020WS.UnityPP.Ann-droids\Library\PackageCache\com.unity.test-framework@1.1.18\UnityEngine.TestRunner\NUnitExtensions\Attributes\TestEnumerator.cs:36
]]></stack-trace>
              </failure>
            </test-case>
            <test-case id="1067" name="TestAvatarSpeedFieldWorks(downArrow+leftArrow,0.0f,4)" fullname="Tests.Testat02.TestAvatarSpeedFieldWorks(downArrow+leftArrow,0.0f,4)" methodname="TestAvatarSpeedFieldWorks" classname="Tests.Testat02" runstate="Runnable" seed="1901340877" result="Failed" start-time="2020-12-01 20:30:28Z" end-time="2020-12-01 20:30:28Z" duration="0.118394" asserts="0">
              <properties />
              <failure>
                <message><![CDATA[  With input downArrow+leftArrow, speed 0m/s and waiting 4 FixedUpdate frames, avatar should have arrived at position (0.0, 0.0, 0.0), but was (-1.6, -3.8, -2.0)
  Expected: True
  But was:  False
]]></message>
                <stack-trace><![CDATA[at Tests.Testat02+<TestAvatarSpeedFieldWorks>d__20.MoveNext () [0x00203] in C:\Unity\workspace\2020WS.UnityPP.Ann-droids\Assets\Tests\Testat02.cs:213
at UnityEngine.TestTools.TestEnumerator+<Execute>d__6.MoveNext () [0x0004c] in C:\Unity\workspace\2020WS.UnityPP.Ann-droids\Library\PackageCache\com.unity.test-framework@1.1.18\UnityEngine.TestRunner\NUnitExtensions\Attributes\TestEnumerator.cs:36
]]></stack-trace>
              </failure>
            </test-case>
            <test-case id="1068" name="TestAvatarSpeedFieldWorks(downArrow+leftArrow,5.0f,0)" fullname="Tests.Testat02.TestAvatarSpeedFieldWorks(downArrow+leftArrow,5.0f,0)" methodname="TestAvatarSpeedFieldWorks" classname="Tests.Testat02" runstate="Runnable" seed="511050469" result="Failed" start-time="2020-12-01 20:30:28Z" end-time="2020-12-01 20:30:28Z" duration="0.038425" asserts="0">
              <properties />
              <failure>
                <message><![CDATA[  With input downArrow+leftArrow, speed 5m/s and waiting 0 FixedUpdate frames, avatar should have arrived at position (0.0, 0.0, 0.0), but was (-1.6, -3.8, -2.0)
  Expected: True
  But was:  False
]]></message>
                <stack-trace><![CDATA[at Tests.Testat02+<TestAvatarSpeedFieldWorks>d__20.MoveNext () [0x00203] in C:\Unity\workspace\2020WS.UnityPP.Ann-droids\Assets\Tests\Testat02.cs:213
at UnityEngine.TestTools.TestEnumerator+<Execute>d__6.MoveNext () [0x0004c] in C:\Unity\workspace\2020WS.UnityPP.Ann-droids\Library\PackageCache\com.unity.test-framework@1.1.18\UnityEngine.TestRunner\NUnitExtensions\Attributes\TestEnumerator.cs:36
]]></stack-trace>
              </failure>
            </test-case>
            <test-case id="1069" name="TestAvatarSpeedFieldWorks(downArrow+leftArrow,5.0f,2)" fullname="Tests.Testat02.TestAvatarSpeedFieldWorks(downArrow+leftArrow,5.0f,2)" methodname="TestAvatarSpeedFieldWorks" classname="Tests.Testat02" runstate="Runnable" seed="1082952177" result="Failed" start-time="2020-12-01 20:30:28Z" end-time="2020-12-01 20:30:28Z" duration="0.079234" asserts="0">
              <properties />
              <failure>
                <message><![CDATA[  With input downArrow+leftArrow, speed 5m/s and waiting 2 FixedUpdate frames, avatar should have arrived at position (-0.1, -0.1, 0.0), but was (-1.6, -3.8, -2.0)
  Expected: True
  But was:  False
]]></message>
                <stack-trace><![CDATA[at Tests.Testat02+<TestAvatarSpeedFieldWorks>d__20.MoveNext () [0x00203] in C:\Unity\workspace\2020WS.UnityPP.Ann-droids\Assets\Tests\Testat02.cs:213
at UnityEngine.TestTools.TestEnumerator+<Execute>d__6.MoveNext () [0x0004c] in C:\Unity\workspace\2020WS.UnityPP.Ann-droids\Library\PackageCache\com.unity.test-framework@1.1.18\UnityEngine.TestRunner\NUnitExtensions\Attributes\TestEnumerator.cs:36
]]></stack-trace>
              </failure>
            </test-case>
            <test-case id="1070" name="TestAvatarSpeedFieldWorks(downArrow+leftArrow,5.0f,4)" fullname="Tests.Testat02.TestAvatarSpeedFieldWorks(downArrow+leftArrow,5.0f,4)" methodname="TestAvatarSpeedFieldWorks" classname="Tests.Testat02" runstate="Runnable" seed="94766046" result="Failed" start-time="2020-12-01 20:30:28Z" end-time="2020-12-01 20:30:28Z" duration="0.117902" asserts="0">
              <properties />
              <failure>
                <message><![CDATA[  With input downArrow+leftArrow, speed 5m/s and waiting 4 FixedUpdate frames, avatar should have arrived at position (-0.3, -0.3, 0.0), but was (-1.6, -3.8, -2.0)
  Expected: True
  But was:  False
]]></message>
                <stack-trace><![CDATA[at Tests.Testat02+<TestAvatarSpeedFieldWorks>d__20.MoveNext () [0x00203] in C:\Unity\workspace\2020WS.UnityPP.Ann-droids\Assets\Tests\Testat02.cs:213
at UnityEngine.TestTools.TestEnumerator+<Execute>d__6.MoveNext () [0x0004c] in C:\Unity\workspace\2020WS.UnityPP.Ann-droids\Library\PackageCache\com.unity.test-framework@1.1.18\UnityEngine.TestRunner\NUnitExtensions\Attributes\TestEnumerator.cs:36
]]></stack-trace>
              </failure>
            </test-case>
          </test-suite>
          <test-case id="1010" name="TestEmailAddress" fullname="Tests.Testat02.TestEmailAddress" methodname="TestEmailAddress" classname="Tests.Testat02" runstate="Runnable" seed="584700185" result="Passed" start-time="2020-12-01 20:30:29Z" end-time="2020-12-01 20:30:29Z" duration="0.001828" asserts="0">
            <properties />
          </test-case>
          <test-suite type="ParameterizedMethod" id="1009" name="TestGitFiles" fullname="Tests.Testat02.TestGitFiles" classname="Tests.Testat02" runstate="Runnable" testcasecount="2" result="Passed" start-time="2020-12-01 20:30:29Z" end-time="2020-12-01 20:30:29Z" duration="0.004914" total="2" passed="2" failed="0" inconclusive="0" skipped="0" asserts="0">
            <properties />
            <test-case id="1007" name="TestGitFiles(&quot;./.gitignore&quot;)" fullname="Tests.Testat02.TestGitFiles(&quot;./.gitignore&quot;)" methodname="TestGitFiles" classname="Tests.Testat02" runstate="Runnable" seed="245170232" result="Passed" start-time="2020-12-01 20:30:29Z" end-time="2020-12-01 20:30:29Z" duration="0.001747" asserts="0">
              <properties />
            </test-case>
            <test-case id="1008" name="TestGitFiles(&quot;./.gitattributes&quot;)" fullname="Tests.Testat02.TestGitFiles(&quot;./.gitattributes&quot;)" methodname="TestGitFiles" classname="Tests.Testat02" runstate="Runnable" seed="672178985" result="Passed" start-time="2020-12-01 20:30:29Z" end-time="2020-12-01 20:30:29Z" duration="0.001180" asserts="0">
              <properties />
            </test-case>
          </test-suite>
          <test-case id="1011" name="TestSceneExists" fullname="Tests.Testat02.TestSceneExists" methodname="TestSceneExists" classname="Tests.Testat02" runstate="Runnable" seed="797571738" result="Passed" start-time="2020-12-01 20:30:29Z" end-time="2020-12-01 20:30:29Z" duration="0.001201" asserts="0">
            <properties />
          </test-case>
        </test-suite>
        <test-suite type="TestFixture" id="1072" name="Testat03" fullname="Tests.Testat03" classname="Tests.Testat03" runstate="Runnable" testcasecount="19" result="Failed" site="Child" start-time="2020-12-01 20:30:29Z" end-time="2020-12-01 20:30:33Z" duration="4.067052" total="19" passed="15" failed="4" inconclusive="0" skipped="0" asserts="0">
          <properties />
          <failure>
            <message><![CDATA[One or more child tests had errors]]></message>
          </failure>
          <test-case id="1082" name="TestAvatarGravityWhenFalling" fullname="Tests.Testat03.TestAvatarGravityWhenFalling" methodname="TestAvatarGravityWhenFalling" classname="Tests.Testat03" runstate="Runnable" seed="269531516" result="Passed" start-time="2020-12-01 20:30:29Z" end-time="2020-12-01 20:30:29Z" duration="0.284883" asserts="0">
            <properties>
              <property name="_JOINTYPE" value="UnityCombinatorial" />
            </properties>
          </test-case>
          <test-case id="1092" name="TestAvatarGravityWhenGrounded" fullname="Tests.Testat03.TestAvatarGravityWhenGrounded" methodname="TestAvatarGravityWhenGrounded" classname="Tests.Testat03" runstate="Runnable" seed="166656257" result="Passed" start-time="2020-12-01 20:30:29Z" end-time="2020-12-01 20:30:29Z" duration="0.218999" asserts="0">
            <properties>
              <property name="_JOINTYPE" value="UnityCombinatorial" />
            </properties>
          </test-case>
          <test-suite type="ParameterizedMethod" id="1091" name="TestAvatarMovement" fullname="Tests.Testat03.TestAvatarMovement" classname="Tests.Testat03" runstate="Runnable" testcasecount="8" result="Failed" site="Child" start-time="2020-12-01 20:30:29Z" end-time="2020-12-01 20:30:30Z" duration="1.116984" total="8" passed="4" failed="4" inconclusive="0" skipped="0" asserts="0">
            <properties>
              <property name="_JOINTYPE" value="UnityCombinatorial" />
            </properties>
            <failure>
              <message><![CDATA[One or more child tests had errors]]></message>
            </failure>
            <test-case id="1083" name="TestAvatarMovement(rightArrow,0.0f,2)" fullname="Tests.Testat03.TestAvatarMovement(rightArrow,0.0f,2)" methodname="TestAvatarMovement" classname="Tests.Testat03" runstate="Runnable" seed="1500607487" result="Passed" start-time="2020-12-01 20:30:29Z" end-time="2020-12-01 20:30:29Z" duration="0.074392" asserts="0">
              <properties />
            </test-case>
            <test-case id="1084" name="TestAvatarMovement(rightArrow,0.0f,8)" fullname="Tests.Testat03.TestAvatarMovement(rightArrow,0.0f,8)" methodname="TestAvatarMovement" classname="Tests.Testat03" runstate="Runnable" seed="206988037" result="Passed" start-time="2020-12-01 20:30:29Z" end-time="2020-12-01 20:30:29Z" duration="0.196998" asserts="0">
              <properties />
            </test-case>
            <test-case id="1085" name="TestAvatarMovement(rightArrow,5.0f,2)" fullname="Tests.Testat03.TestAvatarMovement(rightArrow,5.0f,2)" methodname="TestAvatarMovement" classname="Tests.Testat03" runstate="Runnable" seed="523253250" result="Failed" start-time="2020-12-01 20:30:29Z" end-time="2020-12-01 20:30:30Z" duration="0.079673" asserts="0">
              <properties />
              <failure>
                <message><![CDATA[  With input rightArrow, speed 5m/s and waiting 2 FixedUpdate frames, avatar should have arrived at X=0,1, but was at X=-0,09999999!
  Expected: True
  But was:  False
]]></message>
                <stack-trace><![CDATA[at Tests.Testat03+<TestAvatarMovement>d__28.MoveNext () [0x00170] in C:\Unity\workspace\2020WS.UnityPP.Ann-droids\Assets\Tests\Testat03.cs:217
at UnityEngine.TestTools.TestEnumerator+<Execute>d__6.MoveNext () [0x0004c] in C:\Unity\workspace\2020WS.UnityPP.Ann-droids\Library\PackageCache\com.unity.test-framework@1.1.18\UnityEngine.TestRunner\NUnitExtensions\Attributes\TestEnumerator.cs:36
]]></stack-trace>
              </failure>
            </test-case>
            <test-case id="1086" name="TestAvatarMovement(rightArrow,5.0f,8)" fullname="Tests.Testat03.TestAvatarMovement(rightArrow,5.0f,8)" methodname="TestAvatarMovement" classname="Tests.Testat03" runstate="Runnable" seed="1518482001" result="Failed" start-time="2020-12-01 20:30:30Z" end-time="2020-12-01 20:30:30Z" duration="0.198339" asserts="0">
              <properties />
              <failure>
                <message><![CDATA[  With input rightArrow, speed 5m/s and waiting 8 FixedUpdate frames, avatar should have arrived at X=0,8, but was at X=0!
  Expected: True
  But was:  False
]]></message>
                <stack-trace><![CDATA[at Tests.Testat03+<TestAvatarMovement>d__28.MoveNext () [0x00170] in C:\Unity\workspace\2020WS.UnityPP.Ann-droids\Assets\Tests\Testat03.cs:217
at UnityEngine.TestTools.TestEnumerator+<Execute>d__6.MoveNext () [0x0004c] in C:\Unity\workspace\2020WS.UnityPP.Ann-droids\Library\PackageCache\com.unity.test-framework@1.1.18\UnityEngine.TestRunner\NUnitExtensions\Attributes\TestEnumerator.cs:36
]]></stack-trace>
              </failure>
            </test-case>
            <test-case id="1087" name="TestAvatarMovement(leftArrow,0.0f,2)" fullname="Tests.Testat03.TestAvatarMovement(leftArrow,0.0f,2)" methodname="TestAvatarMovement" classname="Tests.Testat03" runstate="Runnable" seed="856092476" result="Passed" start-time="2020-12-01 20:30:30Z" end-time="2020-12-01 20:30:30Z" duration="0.077950" asserts="0">
              <properties />
            </test-case>
            <test-case id="1088" name="TestAvatarMovement(leftArrow,0.0f,8)" fullname="Tests.Testat03.TestAvatarMovement(leftArrow,0.0f,8)" methodname="TestAvatarMovement" classname="Tests.Testat03" runstate="Runnable" seed="1503819800" result="Passed" start-time="2020-12-01 20:30:30Z" end-time="2020-12-01 20:30:30Z" duration="0.199433" asserts="0">
              <properties />
            </test-case>
            <test-case id="1089" name="TestAvatarMovement(leftArrow,5.0f,2)" fullname="Tests.Testat03.TestAvatarMovement(leftArrow,5.0f,2)" methodname="TestAvatarMovement" classname="Tests.Testat03" runstate="Runnable" seed="377039420" result="Failed" start-time="2020-12-01 20:30:30Z" end-time="2020-12-01 20:30:30Z" duration="0.080065" asserts="0">
              <properties />
              <failure>
                <message><![CDATA[  With input leftArrow, speed 5m/s and waiting 2 FixedUpdate frames, avatar should have arrived at X=-0,1, but was at X=0,09999999!
  Expected: True
  But was:  False
]]></message>
                <stack-trace><![CDATA[at Tests.Testat03+<TestAvatarMovement>d__28.MoveNext () [0x00170] in C:\Unity\workspace\2020WS.UnityPP.Ann-droids\Assets\Tests\Testat03.cs:217
at UnityEngine.TestTools.TestEnumerator+<Execute>d__6.MoveNext () [0x0004c] in C:\Unity\workspace\2020WS.UnityPP.Ann-droids\Library\PackageCache\com.unity.test-framework@1.1.18\UnityEngine.TestRunner\NUnitExtensions\Attributes\TestEnumerator.cs:36
]]></stack-trace>
              </failure>
            </test-case>
            <test-case id="1090" name="TestAvatarMovement(leftArrow,5.0f,8)" fullname="Tests.Testat03.TestAvatarMovement(leftArrow,5.0f,8)" methodname="TestAvatarMovement" classname="Tests.Testat03" runstate="Runnable" seed="665554594" result="Failed" start-time="2020-12-01 20:30:30Z" end-time="2020-12-01 20:30:30Z" duration="0.198299" asserts="0">
              <properties />
              <failure>
                <message><![CDATA[  With input leftArrow, speed 5m/s and waiting 8 FixedUpdate frames, avatar should have arrived at X=-0,8, but was at X=0!
  Expected: True
  But was:  False
]]></message>
                <stack-trace><![CDATA[at Tests.Testat03+<TestAvatarMovement>d__28.MoveNext () [0x00170] in C:\Unity\workspace\2020WS.UnityPP.Ann-droids\Assets\Tests\Testat03.cs:217
at UnityEngine.TestTools.TestEnumerator+<Execute>d__6.MoveNext () [0x0004c] in C:\Unity\workspace\2020WS.UnityPP.Ann-droids\Library\PackageCache\com.unity.test-framework@1.1.18\UnityEngine.TestRunner\NUnitExtensions\Attributes\TestEnumerator.cs:36
]]></stack-trace>
              </failure>
            </test-case>
          </test-suite>
          <test-case id="1081" name="TestAvatarPrefab" fullname="Tests.Testat03.TestAvatarPrefab" methodname="TestAvatarPrefab" classname="Tests.Testat03" runstate="Runnable" seed="2085288516" result="Passed" start-time="2020-12-01 20:30:30Z" end-time="2020-12-01 20:30:30Z" duration="0.007368" asserts="0">
            <properties />
          </test-case>
          <test-suite type="ParameterizedMethod" id="1075" name="TestGitTagExists" fullname="Tests.Testat03.TestGitTagExists" classname="Tests.Testat03" runstate="Runnable" testcasecount="2" result="Passed" start-time="2020-12-01 20:30:30Z" end-time="2020-12-01 20:30:30Z" duration="0.126279" total="2" passed="2" failed="0" inconclusive="0" skipped="0" asserts="0">
            <properties />
            <test-case id="1073" name="TestGitTagExists(&quot;Tx01&quot;)" fullname="Tests.Testat03.TestGitTagExists(&quot;Tx01&quot;)" methodname="TestGitTagExists" classname="Tests.Testat03" runstate="Runnable" seed="114914018" result="Passed" start-time="2020-12-01 20:30:30Z" end-time="2020-12-01 20:30:30Z" duration="0.071009" asserts="0">
              <properties />
            </test-case>
            <test-case id="1074" name="TestGitTagExists(&quot;Tx02&quot;)" fullname="Tests.Testat03.TestGitTagExists(&quot;Tx02&quot;)" methodname="TestGitTagExists" classname="Tests.Testat03" runstate="Runnable" seed="1842764045" result="Passed" start-time="2020-12-01 20:30:30Z" end-time="2020-12-01 20:30:30Z" duration="0.052946" asserts="0">
              <properties />
            </test-case>
          </test-suite>
          <test-case id="1080" name="TestPlatformGravity" fullname="Tests.Testat03.TestPlatformGravity" methodname="TestPlatformGravity" classname="Tests.Testat03" runstate="Runnable" seed="2128870340" result="Passed" start-time="2020-12-01 20:30:30Z" end-time="2020-12-01 20:30:31Z" duration="0.214546" asserts="0">
            <properties>
              <property name="_JOINTYPE" value="UnityCombinatorial" />
            </properties>
          </test-case>
          <test-case id="1079" name="TestPlatformPrefab" fullname="Tests.Testat03.TestPlatformPrefab" methodname="TestPlatformPrefab" classname="Tests.Testat03" runstate="Runnable" seed="766420238" result="Passed" start-time="2020-12-01 20:30:31Z" end-time="2020-12-01 20:30:31Z" duration="0.001567" asserts="0">
            <properties />
          </test-case>
          <test-suite type="ParameterizedMethod" id="1078" name="TestPrefabExists" fullname="Tests.Testat03.TestPrefabExists" classname="Tests.Testat03" runstate="Runnable" testcasecount="2" result="Passed" start-time="2020-12-01 20:30:31Z" end-time="2020-12-01 20:30:31Z" duration="0.004148" total="2" passed="2" failed="0" inconclusive="0" skipped="0" asserts="0">
            <properties />
            <test-case id="1076" name="TestPrefabExists(&quot;Assets/Prefabs/Avatar.prefab&quot;)" fullname="Tests.Testat03.TestPrefabExists(&quot;Assets/Prefabs/Avatar.prefab&quot;)" methodname="TestPrefabExists" classname="Tests.Testat03" runstate="Runnable" seed="1637464585" result="Passed" start-time="2020-12-01 20:30:31Z" end-time="2020-12-01 20:30:31Z" duration="0.001124" asserts="0">
              <properties />
            </test-case>
            <test-case id="1077" name="TestPrefabExists(&quot;Assets/Prefabs/Platform.prefab&quot;)" fullname="Tests.Testat03.TestPrefabExists(&quot;Assets/Prefabs/Platform.prefab&quot;)" methodname="TestPrefabExists" classname="Tests.Testat03" runstate="Runnable" seed="2122585234" result="Passed" start-time="2020-12-01 20:30:31Z" end-time="2020-12-01 20:30:31Z" duration="0.000883" asserts="0">
              <properties />
            </test-case>
          </test-suite>
          <test-case id="1094" name="TestPrefabInstancesExistInScene" fullname="Tests.Testat03.TestPrefabInstancesExistInScene" methodname="TestPrefabInstancesExistInScene" classname="Tests.Testat03" runstate="Runnable" seed="2066915711" result="Passed" start-time="2020-12-01 20:30:31Z" end-time="2020-12-01 20:30:33Z" duration="2.072219" asserts="0">
            <properties>
              <property name="_JOINTYPE" value="UnityCombinatorial" />
            </properties>
          </test-case>
          <test-case id="1093" name="TestSceneExists" fullname="Tests.Testat03.TestSceneExists" methodname="TestSceneExists" classname="Tests.Testat03" runstate="Runnable" seed="1747433775" result="Passed" start-time="2020-12-01 20:30:33Z" end-time="2020-12-01 20:30:33Z" duration="0.001624" asserts="0">
            <properties />
          </test-case>
        </test-suite>
        <test-suite type="TestFixture" id="1095" name="Testat04" fullname="Tests.Testat04" classname="Tests.Testat04" runstate="Runnable" testcasecount="12" result="Passed" start-time="2020-12-01 20:30:33Z" end-time="2020-12-01 20:30:34Z" duration="1.106817" total="12" passed="12" failed="0" inconclusive="0" skipped="0" asserts="0">
          <properties />
          <test-suite type="ParameterizedMethod" id="1109" name="TestAvatarColor" fullname="Tests.Testat04.TestAvatarColor" classname="Tests.Testat04" runstate="Runnable" testcasecount="2" result="Passed" start-time="2020-12-01 20:30:33Z" end-time="2020-12-01 20:30:33Z" duration="0.122502" total="2" passed="2" failed="0" inconclusive="0" skipped="0" asserts="0">
            <properties>
              <property name="_JOINTYPE" value="UnityCombinatorial" />
            </properties>
            <test-case id="1107" name="TestAvatarColor(RGBA(0.000, 1.000, 0.000, 1.000))" fullname="Tests.Testat04.TestAvatarColor(RGBA(0.000, 1.000, 0.000, 1.000))" methodname="TestAvatarColor" classname="Tests.Testat04" runstate="Runnable" seed="2130979202" result="Passed" start-time="2020-12-01 20:30:33Z" end-time="2020-12-01 20:30:33Z" duration="0.060641" asserts="0">
              <properties />
            </test-case>
            <test-case id="1108" name="TestAvatarColor(RGBA(1.000, 0.000, 1.000, 1.000))" fullname="Tests.Testat04.TestAvatarColor(RGBA(1.000, 0.000, 1.000, 1.000))" methodname="TestAvatarColor" classname="Tests.Testat04" runstate="Runnable" seed="575066411" result="Passed" start-time="2020-12-01 20:30:33Z" end-time="2020-12-01 20:30:33Z" duration="0.059549" asserts="0">
              <properties />
            </test-case>
          </test-suite>
          <test-case id="1106" name="TestAvatarPrefab" fullname="Tests.Testat04.TestAvatarPrefab" methodname="TestAvatarPrefab" classname="Tests.Testat04" runstate="Runnable" seed="597949800" result="Passed" start-time="2020-12-01 20:30:33Z" end-time="2020-12-01 20:30:33Z" duration="0.003526" asserts="0">
            <properties />
          </test-case>
          <test-suite type="ParameterizedMethod" id="1101" name="TestMaterialsExists" fullname="Tests.Testat04.TestMaterialsExists" classname="Tests.Testat04" runstate="Runnable" testcasecount="2" result="Passed" start-time="2020-12-01 20:30:33Z" end-time="2020-12-01 20:30:33Z" duration="0.005633" total="2" passed="2" failed="0" inconclusive="0" skipped="0" asserts="0">
            <properties />
            <test-case id="1099" name="TestMaterialsExists(&quot;Assets/Materials/Avatar.mat&quot;)" fullname="Tests.Testat04.TestMaterialsExists(&quot;Assets/Materials/Avatar.mat&quot;)" methodname="TestMaterialsExists" classname="Tests.Testat04" runstate="Runnable" seed="1221233454" result="Passed" start-time="2020-12-01 20:30:33Z" end-time="2020-12-01 20:30:33Z" duration="0.001843" asserts="0">
              <properties />
            </test-case>
            <test-case id="1100" name="TestMaterialsExists(&quot;Assets/Materials/Platform.mat&quot;)" fullname="Tests.Testat04.TestMaterialsExists(&quot;Assets/Materials/Platform.mat&quot;)" methodname="TestMaterialsExists" classname="Tests.Testat04" runstate="Runnable" seed="523984775" result="Passed" start-time="2020-12-01 20:30:33Z" end-time="2020-12-01 20:30:33Z" duration="0.001323" asserts="0">
              <properties />
            </test-case>
          </test-suite>
          <test-suite type="ParameterizedMethod" id="1105" name="TestPlatformColor" fullname="Tests.Testat04.TestPlatformColor" classname="Tests.Testat04" runstate="Runnable" testcasecount="2" result="Passed" start-time="2020-12-01 20:30:33Z" end-time="2020-12-01 20:30:33Z" duration="0.107497" total="2" passed="2" failed="0" inconclusive="0" skipped="0" asserts="0">
            <properties>
              <property name="_JOINTYPE" value="UnityCombinatorial" />
            </properties>
            <test-case id="1103" name="TestPlatformColor(RGBA(0.000, 1.000, 0.000, 1.000))" fullname="Tests.Testat04.TestPlatformColor(RGBA(0.000, 1.000, 0.000, 1.000))" methodname="TestPlatformColor" classname="Tests.Testat04" runstate="Runnable" seed="288392714" result="Passed" start-time="2020-12-01 20:30:33Z" end-time="2020-12-01 20:30:33Z" duration="0.045827" asserts="0">
              <properties />
            </test-case>
            <test-case id="1104" name="TestPlatformColor(RGBA(1.000, 0.000, 1.000, 1.000))" fullname="Tests.Testat04.TestPlatformColor(RGBA(1.000, 0.000, 1.000, 1.000))" methodname="TestPlatformColor" classname="Tests.Testat04" runstate="Runnable" seed="1157367635" result="Passed" start-time="2020-12-01 20:30:33Z" end-time="2020-12-01 20:30:33Z" duration="0.059302" asserts="0">
              <properties />
            </test-case>
          </test-suite>
          <test-case id="1102" name="TestPlatformPrefab" fullname="Tests.Testat04.TestPlatformPrefab" methodname="TestPlatformPrefab" classname="Tests.Testat04" runstate="Runnable" seed="495758000" result="Passed" start-time="2020-12-01 20:30:33Z" end-time="2020-12-01 20:30:33Z" duration="0.002000" asserts="0">
            <properties />
          </test-case>
          <test-suite type="ParameterizedMethod" id="1098" name="TestPrefabExists" fullname="Tests.Testat04.TestPrefabExists" classname="Tests.Testat04" runstate="Runnable" testcasecount="2" result="Passed" start-time="2020-12-01 20:30:33Z" end-time="2020-12-01 20:30:33Z" duration="0.004915" total="2" passed="2" failed="0" inconclusive="0" skipped="0" asserts="0">
            <properties />
            <test-case id="1096" name="TestPrefabExists(&quot;Assets/Prefabs/Avatar.prefab&quot;)" fullname="Tests.Testat04.TestPrefabExists(&quot;Assets/Prefabs/Avatar.prefab&quot;)" methodname="TestPrefabExists" classname="Tests.Testat04" runstate="Runnable" seed="1666053606" result="Passed" start-time="2020-12-01 20:30:33Z" end-time="2020-12-01 20:30:33Z" duration="0.001260" asserts="0">
              <properties />
            </test-case>
            <test-case id="1097" name="TestPrefabExists(&quot;Assets/Prefabs/Platform.prefab&quot;)" fullname="Tests.Testat04.TestPrefabExists(&quot;Assets/Prefabs/Platform.prefab&quot;)" methodname="TestPrefabExists" classname="Tests.Testat04" runstate="Runnable" seed="2127684227" result="Passed" start-time="2020-12-01 20:30:33Z" end-time="2020-12-01 20:30:33Z" duration="0.001127" asserts="0">
              <properties />
            </test-case>
          </test-suite>
          <test-case id="1111" name="TestPrefabInstancesExistInScene" fullname="Tests.Testat04.TestPrefabInstancesExistInScene" methodname="TestPrefabInstancesExistInScene" classname="Tests.Testat04" runstate="Runnable" seed="369275093" result="Passed" start-time="2020-12-01 20:30:33Z" end-time="2020-12-01 20:30:34Z" duration="0.850071" asserts="0">
            <properties>
              <property name="_JOINTYPE" value="UnityCombinatorial" />
            </properties>
          </test-case>
          <test-case id="1110" name="TestSceneExists" fullname="Tests.Testat04.TestSceneExists" methodname="TestSceneExists" classname="Tests.Testat04" runstate="Runnable" seed="1413215927" result="Passed" start-time="2020-12-01 20:30:34Z" end-time="2020-12-01 20:30:34Z" duration="0.001204" asserts="0">
            <properties />
          </test-case>
        </test-suite>
      </test-suite>
    </test-suite>
    <test-suite type="Assembly" id="1116" name="Unity.InputSystem.IntegrationTests.dll" fullname="C:/Unity/workspace/2020WS.UnityPP.Ann-droids/Library/ScriptAssemblies/Unity.InputSystem.IntegrationTests.dll" runstate="Runnable" testcasecount="1" result="Passed" start-time="2020-12-01 20:30:34Z" end-time="2020-12-01 20:30:34Z" duration="0.020368" total="1" passed="1" failed="0" inconclusive="0" skipped="0" asserts="0">
      <properties>
        <property name="_PID" value="19416" />
        <property name="_APPDOMAIN" value="Unity Child Domain" />
        <property name="platform" value="PlayMode" />
      </properties>
      <test-suite type="TestFixture" id="1114" name="IntegrationTests" fullname="IntegrationTests" classname="IntegrationTests" runstate="Runnable" testcasecount="1" result="Passed" start-time="2020-12-01 20:30:34Z" end-time="2020-12-01 20:30:34Z" duration="0.018692" total="1" passed="1" failed="0" inconclusive="0" skipped="0" asserts="0">
        <properties />
        <test-case id="1115" name="Integration_CanSendAndReceiveEvents" fullname="IntegrationTests.Integration_CanSendAndReceiveEvents" methodname="Integration_CanSendAndReceiveEvents" classname="IntegrationTests" runstate="Runnable" seed="2094626770" result="Passed" start-time="2020-12-01 20:30:34Z" end-time="2020-12-01 20:30:34Z" duration="0.017225" asserts="0">
          <properties>
            <property name="Category" value="Integration" />
          </properties>
        </test-case>
      </test-suite>
    </test-suite>
  </test-suite>
</test-run>