<?xml version="1.0" encoding="utf-8"?>
<test-run id="2" testcasecount="86" result="Failed(Child)" total="86" passed="2" failed="84" inconclusive="0" skipped="0" asserts="0" engine-version="3.5.0.0" clr-version="4.0.30319.42000" start-time="2020-11-21 23:52:04Z" end-time="2020-11-21 23:52:06Z" duration="1,9076621">
  <test-suite type="TestSuite" id="1000" name="2020WS.UnityPP" fullname="2020WS.UnityPP" runstate="Runnable" testcasecount="86" result="Failed" site="Child" start-time="2020-11-21 23:52:04Z" end-time="2020-11-21 23:52:06Z" duration="1.907662" total="86" passed="2" failed="84" inconclusive="0" skipped="0" asserts="0">
    <properties />
    <failure>
      <message><![CDATA[One or more child tests had errors]]></message>
    </failure>
    <test-suite type="Assembly" id="1095" name="Tests.dll" fullname="C:/Unity/workspace/2020WS.UnityPP.julehe1702/UnityPP.Projektskelett/Library/ScriptAssemblies/Tests.dll" runstate="Runnable" testcasecount="85" result="Failed" site="Child" start-time="2020-11-21 23:52:04Z" end-time="2020-11-21 23:52:06Z" duration="1.727620" total="85" passed="1" failed="84" inconclusive="0" skipped="0" asserts="0">
      <properties>
        <property name="_PID" value="8200" />
        <property name="_APPDOMAIN" value="Unity Child Domain" />
        <property name="platform" value="PlayMode" />
      </properties>
      <failure>
        <message><![CDATA[One or more child tests had errors]]></message>
      </failure>
      <test-suite type="TestSuite" id="1096" name="Tests" fullname="Tests" runstate="Runnable" testcasecount="85" result="Failed" site="Child" start-time="2020-11-21 23:52:04Z" end-time="2020-11-21 23:52:06Z" duration="1.590010" total="85" passed="1" failed="84" inconclusive="0" skipped="0" asserts="0">
        <properties />
        <failure>
          <message><![CDATA[One or more child tests had errors]]></message>
        </failure>
        <test-suite type="TestFixture" id="1001" name="Testat01" fullname="Tests.Testat01" classname="Tests.Testat01" runstate="Runnable" testcasecount="4" result="Failed" site="Child" start-time="2020-11-21 23:52:04Z" end-time="2020-11-21 23:52:04Z" duration="0.080950" total="4" passed="1" failed="3" inconclusive="0" skipped="0" asserts="0">
          <properties />
          <failure>
            <message><![CDATA[One or more child tests had errors]]></message>
          </failure>
          <test-case id="1003" name="TestGitInitialized" fullname="Tests.Testat01.TestGitInitialized" methodname="TestGitInitialized" classname="Tests.Testat01" runstate="Runnable" seed="664301747" result="Failed" start-time="2020-11-21 23:52:04Z" end-time="2020-11-21 23:52:04Z" duration="0.020768" asserts="0">
            <properties />
            <failure>
              <message><![CDATA[  Directory 'C:\Unity\workspace\2020WS.UnityPP.julehe1702\UnityPP.Projektskelett\.git' not found. Did you initialize git?
  Expected: True
  But was:  False
]]></message>
              <stack-trace><![CDATA[at Tests.Testat01.TestGitInitialized () [0x0000c] in C:\Unity\workspace\2020WS.UnityPP.julehe1702\UnityPP.Projektskelett\Assets\Tests\Testat01.cs:27
]]></stack-trace>
            </failure>
          </test-case>
          <test-case id="1005" name="TestHelloWorldLog" fullname="Tests.Testat01.TestHelloWorldLog" methodname="TestHelloWorldLog" classname="Tests.Testat01" runstate="Runnable" seed="1224374594" result="Failed" start-time="2020-11-21 23:52:04Z" end-time="2020-11-21 23:52:04Z" duration="0.026434" asserts="0">
            <properties>
              <property name="_JOINTYPE" value="UnityCombinatorial" />
            </properties>
            <failure>
              <message><![CDATA[Unhandled log message: '[Error] Scene 'HelloWorld' couldn't be loaded because it has not been added to the build settings or the AssetBundle has not been loaded.
To add a scene to the build settings use the menu File->Build Settings...'. Use UnityEngine.TestTools.LogAssert.Expect]]></message>
              <stack-trace><![CDATA[UnityEngine.SceneManagement.SceneManager:LoadSceneAsync(String)
Tests.<TestHelloWorldLog>d__8:MoveNext() (at Assets/Tests/Testat01.cs:48)
UnityEngine.SetupCoroutine:InvokeMoveNext(IEnumerator, IntPtr)

]]></stack-trace>
            </failure>
            <output><![CDATA[Scene 'HelloWorld' couldn't be loaded because it has not been added to the build settings or the AssetBundle has not been loaded.
To add a scene to the build settings use the menu File->Build Settings...
]]></output>
          </test-case>
          <test-case id="1004" name="TestSceneExists" fullname="Tests.Testat01.TestSceneExists" methodname="TestSceneExists" classname="Tests.Testat01" runstate="Runnable" seed="226070900" result="Failed" start-time="2020-11-21 23:52:04Z" end-time="2020-11-21 23:52:04Z" duration="0.001358" asserts="0">
            <properties />
            <failure>
              <message><![CDATA[  File 'C:\Unity\workspace\2020WS.UnityPP.julehe1702\UnityPP.Projektskelett\Assets\Scenes\HelloWorld.unity' not found.
  Expected: True
  But was:  False
]]></message>
              <stack-trace><![CDATA[at Tests.Testat01.TestSceneExists () [0x0000c] in C:\Unity\workspace\2020WS.UnityPP.julehe1702\UnityPP.Projektskelett\Assets\Tests\Testat01.cs:34
]]></stack-trace>
            </failure>
          </test-case>
          <test-case id="1002" name="TestUnityVersion" fullname="Tests.Testat01.TestUnityVersion" methodname="TestUnityVersion" classname="Tests.Testat01" runstate="Runnable" seed="44958084" result="Passed" start-time="2020-11-21 23:52:04Z" end-time="2020-11-21 23:52:04Z" duration="0.006477" asserts="0">
            <properties />
          </test-case>
        </test-suite>
        <test-suite type="TestFixture" id="1006" name="Testat02" fullname="Tests.Testat02" classname="Tests.Testat02" runstate="Runnable" testcasecount="62" result="Failed" site="Child" start-time="2020-11-21 23:52:04Z" end-time="2020-11-21 23:52:05Z" duration="0.983736" total="62" passed="0" failed="62" inconclusive="0" skipped="0" asserts="0">
          <properties />
          <failure>
            <message><![CDATA[One or more child tests had errors]]></message>
          </failure>
          <test-case id="1012" name="TestAvatarExists" fullname="Tests.Testat02.TestAvatarExists" methodname="TestAvatarExists" classname="Tests.Testat02" runstate="Runnable" seed="77056201" result="Failed" start-time="2020-11-21 23:52:04Z" end-time="2020-11-21 23:52:04Z" duration="0.008674" asserts="0">
            <properties>
              <property name="_JOINTYPE" value="UnityCombinatorial" />
            </properties>
            <failure>
              <message><![CDATA[Unhandled log message: '[Error] Scene 'InputTest' couldn't be loaded because it has not been added to the build settings or the AssetBundle has not been loaded.
To add a scene to the build settings use the menu File->Build Settings...'. Use UnityEngine.TestTools.LogAssert.Expect]]></message>
              <stack-trace><![CDATA[UnityEngine.SceneManagement.SceneManager:LoadSceneAsync(String)
Tests.<TestAvatarExists>d__16:MoveNext() (at Assets/Tests/Testat02.cs:120)
UnityEngine.SetupCoroutine:InvokeMoveNext(IEnumerator, IntPtr)

]]></stack-trace>
            </failure>
            <output><![CDATA[Scene 'InputTest' couldn't be loaded because it has not been added to the build settings or the AssetBundle has not been loaded.
To add a scene to the build settings use the menu File->Build Settings...
]]></output>
          </test-case>
          <test-suite type="ParameterizedMethod" id="1021" name="TestAvatarInput" fullname="Tests.Testat02.TestAvatarInput" classname="Tests.Testat02" runstate="Runnable" testcasecount="8" result="Failed" site="Child" start-time="2020-11-21 23:52:04Z" end-time="2020-11-21 23:52:04Z" duration="0.121827" total="8" passed="0" failed="8" inconclusive="0" skipped="0" asserts="0">
            <properties>
              <property name="_JOINTYPE" value="UnityCombinatorial" />
            </properties>
            <failure>
              <message><![CDATA[One or more child tests had errors]]></message>
            </failure>
            <test-case id="1013" name="TestAvatarInput(upArrow)" fullname="Tests.Testat02.TestAvatarInput(upArrow)" methodname="TestAvatarInput" classname="Tests.Testat02" runstate="Runnable" seed="493940891" result="Failed" start-time="2020-11-21 23:52:04Z" end-time="2020-11-21 23:52:04Z" duration="0.010889" asserts="0">
              <properties />
              <failure>
                <message><![CDATA[Unhandled log message: '[Error] Scene 'InputTest' couldn't be loaded because it has not been added to the build settings or the AssetBundle has not been loaded.
To add a scene to the build settings use the menu File->Build Settings...'. Use UnityEngine.TestTools.LogAssert.Expect]]></message>
                <stack-trace><![CDATA[UnityEngine.SceneManagement.SceneManager:LoadSceneAsync(String)
Tests.<TestAvatarInput>d__17:MoveNext() (at Assets/Tests/Testat02.cs:129)
UnityEngine.SetupCoroutine:InvokeMoveNext(IEnumerator, IntPtr)

]]></stack-trace>
              </failure>
              <output><![CDATA[Scene 'InputTest' couldn't be loaded because it has not been added to the build settings or the AssetBundle has not been loaded.
To add a scene to the build settings use the menu File->Build Settings...
]]></output>
            </test-case>
            <test-case id="1014" name="TestAvatarInput(downArrow)" fullname="Tests.Testat02.TestAvatarInput(downArrow)" methodname="TestAvatarInput" classname="Tests.Testat02" runstate="Runnable" seed="1441347132" result="Failed" start-time="2020-11-21 23:52:04Z" end-time="2020-11-21 23:52:04Z" duration="0.013684" asserts="0">
              <properties />
              <failure>
                <message><![CDATA[Unhandled log message: '[Error] Scene 'InputTest' couldn't be loaded because it has not been added to the build settings or the AssetBundle has not been loaded.
To add a scene to the build settings use the menu File->Build Settings...'. Use UnityEngine.TestTools.LogAssert.Expect]]></message>
                <stack-trace><![CDATA[UnityEngine.SceneManagement.SceneManager:LoadSceneAsync(String)
Tests.<TestAvatarInput>d__17:MoveNext() (at Assets/Tests/Testat02.cs:129)
UnityEngine.SetupCoroutine:InvokeMoveNext(IEnumerator, IntPtr)

]]></stack-trace>
              </failure>
              <output><![CDATA[Scene 'InputTest' couldn't be loaded because it has not been added to the build settings or the AssetBundle has not been loaded.
To add a scene to the build settings use the menu File->Build Settings...
]]></output>
            </test-case>
            <test-case id="1015" name="TestAvatarInput(leftArrow)" fullname="Tests.Testat02.TestAvatarInput(leftArrow)" methodname="TestAvatarInput" classname="Tests.Testat02" runstate="Runnable" seed="2060012008" result="Failed" start-time="2020-11-21 23:52:04Z" end-time="2020-11-21 23:52:04Z" duration="0.012922" asserts="0">
              <properties />
              <failure>
                <message><![CDATA[Unhandled log message: '[Error] Scene 'InputTest' couldn't be loaded because it has not been added to the build settings or the AssetBundle has not been loaded.
To add a scene to the build settings use the menu File->Build Settings...'. Use UnityEngine.TestTools.LogAssert.Expect]]></message>
                <stack-trace><![CDATA[UnityEngine.SceneManagement.SceneManager:LoadSceneAsync(String)
Tests.<TestAvatarInput>d__17:MoveNext() (at Assets/Tests/Testat02.cs:129)
UnityEngine.SetupCoroutine:InvokeMoveNext(IEnumerator, IntPtr)

]]></stack-trace>
              </failure>
              <output><![CDATA[Scene 'InputTest' couldn't be loaded because it has not been added to the build settings or the AssetBundle has not been loaded.
To add a scene to the build settings use the menu File->Build Settings...
]]></output>
            </test-case>
            <test-case id="1016" name="TestAvatarInput(rightArrow)" fullname="Tests.Testat02.TestAvatarInput(rightArrow)" methodname="TestAvatarInput" classname="Tests.Testat02" runstate="Runnable" seed="133165184" result="Failed" start-time="2020-11-21 23:52:04Z" end-time="2020-11-21 23:52:04Z" duration="0.013998" asserts="0">
              <properties />
              <failure>
                <message><![CDATA[Unhandled log message: '[Error] Scene 'InputTest' couldn't be loaded because it has not been added to the build settings or the AssetBundle has not been loaded.
To add a scene to the build settings use the menu File->Build Settings...'. Use UnityEngine.TestTools.LogAssert.Expect]]></message>
                <stack-trace><![CDATA[UnityEngine.SceneManagement.SceneManager:LoadSceneAsync(String)
Tests.<TestAvatarInput>d__17:MoveNext() (at Assets/Tests/Testat02.cs:129)
UnityEngine.SetupCoroutine:InvokeMoveNext(IEnumerator, IntPtr)

]]></stack-trace>
              </failure>
              <output><![CDATA[Scene 'InputTest' couldn't be loaded because it has not been added to the build settings or the AssetBundle has not been loaded.
To add a scene to the build settings use the menu File->Build Settings...
]]></output>
            </test-case>
            <test-case id="1017" name="TestAvatarInput(upArrow+rightArrow)" fullname="Tests.Testat02.TestAvatarInput(upArrow+rightArrow)" methodname="TestAvatarInput" classname="Tests.Testat02" runstate="Runnable" seed="1216092748" result="Failed" start-time="2020-11-21 23:52:04Z" end-time="2020-11-21 23:52:04Z" duration="0.013440" asserts="0">
              <properties />
              <failure>
                <message><![CDATA[Unhandled log message: '[Error] Scene 'InputTest' couldn't be loaded because it has not been added to the build settings or the AssetBundle has not been loaded.
To add a scene to the build settings use the menu File->Build Settings...'. Use UnityEngine.TestTools.LogAssert.Expect]]></message>
                <stack-trace><![CDATA[UnityEngine.SceneManagement.SceneManager:LoadSceneAsync(String)
Tests.<TestAvatarInput>d__17:MoveNext() (at Assets/Tests/Testat02.cs:129)
UnityEngine.SetupCoroutine:InvokeMoveNext(IEnumerator, IntPtr)

]]></stack-trace>
              </failure>
              <output><![CDATA[Scene 'InputTest' couldn't be loaded because it has not been added to the build settings or the AssetBundle has not been loaded.
To add a scene to the build settings use the menu File->Build Settings...
]]></output>
            </test-case>
            <test-case id="1018" name="TestAvatarInput(downArrow+rightArrow)" fullname="Tests.Testat02.TestAvatarInput(downArrow+rightArrow)" methodname="TestAvatarInput" classname="Tests.Testat02" runstate="Runnable" seed="1975983918" result="Failed" start-time="2020-11-21 23:52:04Z" end-time="2020-11-21 23:52:04Z" duration="0.013639" asserts="0">
              <properties />
              <failure>
                <message><![CDATA[Unhandled log message: '[Error] Scene 'InputTest' couldn't be loaded because it has not been added to the build settings or the AssetBundle has not been loaded.
To add a scene to the build settings use the menu File->Build Settings...'. Use UnityEngine.TestTools.LogAssert.Expect]]></message>
                <stack-trace><![CDATA[UnityEngine.SceneManagement.SceneManager:LoadSceneAsync(String)
Tests.<TestAvatarInput>d__17:MoveNext() (at Assets/Tests/Testat02.cs:129)
UnityEngine.SetupCoroutine:InvokeMoveNext(IEnumerator, IntPtr)

]]></stack-trace>
              </failure>
              <output><![CDATA[Scene 'InputTest' couldn't be loaded because it has not been added to the build settings or the AssetBundle has not been loaded.
To add a scene to the build settings use the menu File->Build Settings...
]]></output>
            </test-case>
            <test-case id="1019" name="TestAvatarInput(upArrow+leftArrow)" fullname="Tests.Testat02.TestAvatarInput(upArrow+leftArrow)" methodname="TestAvatarInput" classname="Tests.Testat02" runstate="Runnable" seed="1881069537" result="Failed" start-time="2020-11-21 23:52:04Z" end-time="2020-11-21 23:52:04Z" duration="0.012854" asserts="0">
              <properties />
              <failure>
                <message><![CDATA[Unhandled log message: '[Error] Scene 'InputTest' couldn't be loaded because it has not been added to the build settings or the AssetBundle has not been loaded.
To add a scene to the build settings use the menu File->Build Settings...'. Use UnityEngine.TestTools.LogAssert.Expect]]></message>
                <stack-trace><![CDATA[UnityEngine.SceneManagement.SceneManager:LoadSceneAsync(String)
Tests.<TestAvatarInput>d__17:MoveNext() (at Assets/Tests/Testat02.cs:129)
UnityEngine.SetupCoroutine:InvokeMoveNext(IEnumerator, IntPtr)

]]></stack-trace>
              </failure>
              <output><![CDATA[Scene 'InputTest' couldn't be loaded because it has not been added to the build settings or the AssetBundle has not been loaded.
To add a scene to the build settings use the menu File->Build Settings...
]]></output>
            </test-case>
            <test-case id="1020" name="TestAvatarInput(downArrow+leftArrow)" fullname="Tests.Testat02.TestAvatarInput(downArrow+leftArrow)" methodname="TestAvatarInput" classname="Tests.Testat02" runstate="Runnable" seed="166270974" result="Failed" start-time="2020-11-21 23:52:04Z" end-time="2020-11-21 23:52:04Z" duration="0.013777" asserts="0">
              <properties />
              <failure>
                <message><![CDATA[Unhandled log message: '[Error] Scene 'InputTest' couldn't be loaded because it has not been added to the build settings or the AssetBundle has not been loaded.
To add a scene to the build settings use the menu File->Build Settings...'. Use UnityEngine.TestTools.LogAssert.Expect]]></message>
                <stack-trace><![CDATA[UnityEngine.SceneManagement.SceneManager:LoadSceneAsync(String)
Tests.<TestAvatarInput>d__17:MoveNext() (at Assets/Tests/Testat02.cs:129)
UnityEngine.SetupCoroutine:InvokeMoveNext(IEnumerator, IntPtr)

]]></stack-trace>
              </failure>
              <output><![CDATA[Scene 'InputTest' couldn't be loaded because it has not been added to the build settings or the AssetBundle has not been loaded.
To add a scene to the build settings use the menu File->Build Settings...
]]></output>
            </test-case>
          </test-suite>
          <test-case id="1022" name="TestAvatarSpeedFieldExists" fullname="Tests.Testat02.TestAvatarSpeedFieldExists" methodname="TestAvatarSpeedFieldExists" classname="Tests.Testat02" runstate="Runnable" seed="427294669" result="Failed" start-time="2020-11-21 23:52:04Z" end-time="2020-11-21 23:52:04Z" duration="0.015455" asserts="0">
            <properties>
              <property name="_JOINTYPE" value="UnityCombinatorial" />
            </properties>
            <failure>
              <message><![CDATA[Unhandled log message: '[Error] Scene 'InputTest' couldn't be loaded because it has not been added to the build settings or the AssetBundle has not been loaded.
To add a scene to the build settings use the menu File->Build Settings...'. Use UnityEngine.TestTools.LogAssert.Expect]]></message>
              <stack-trace><![CDATA[UnityEngine.SceneManagement.SceneManager:LoadSceneAsync(String)
Tests.<TestAvatarSpeedFieldExists>d__19:MoveNext() (at Assets/Tests/Testat02.cs:176)
UnityEngine.SetupCoroutine:InvokeMoveNext(IEnumerator, IntPtr)

]]></stack-trace>
            </failure>
            <output><![CDATA[Scene 'InputTest' couldn't be loaded because it has not been added to the build settings or the AssetBundle has not been loaded.
To add a scene to the build settings use the menu File->Build Settings...
]]></output>
          </test-case>
          <test-suite type="ParameterizedMethod" id="1071" name="TestAvatarSpeedFieldWorks" fullname="Tests.Testat02.TestAvatarSpeedFieldWorks" classname="Tests.Testat02" runstate="Runnable" testcasecount="48" result="Failed" site="Child" start-time="2020-11-21 23:52:04Z" end-time="2020-11-21 23:52:05Z" duration="0.729474" total="48" passed="0" failed="48" inconclusive="0" skipped="0" asserts="0">
            <properties>
              <property name="_JOINTYPE" value="UnityCombinatorial" />
            </properties>
            <failure>
              <message><![CDATA[One or more child tests had errors]]></message>
            </failure>
            <test-case id="1023" name="TestAvatarSpeedFieldWorks(upArrow,0.0f,0)" fullname="Tests.Testat02.TestAvatarSpeedFieldWorks(upArrow,0.0f,0)" methodname="TestAvatarSpeedFieldWorks" classname="Tests.Testat02" runstate="Runnable" seed="1044486203" result="Failed" start-time="2020-11-21 23:52:04Z" end-time="2020-11-21 23:52:04Z" duration="0.003241" asserts="0">
              <properties />
              <failure>
                <message><![CDATA[Unhandled log message: '[Error] Scene 'InputTest' couldn't be loaded because it has not been added to the build settings or the AssetBundle has not been loaded.
To add a scene to the build settings use the menu File->Build Settings...'. Use UnityEngine.TestTools.LogAssert.Expect]]></message>
                <stack-trace><![CDATA[UnityEngine.SceneManagement.SceneManager:LoadSceneAsync(String)
Tests.<TestAvatarSpeedFieldWorks>d__20:MoveNext() (at Assets/Tests/Testat02.cs:189)
UnityEngine.SetupCoroutine:InvokeMoveNext(IEnumerator, IntPtr)

]]></stack-trace>
              </failure>
              <output><![CDATA[Scene 'InputTest' couldn't be loaded because it has not been added to the build settings or the AssetBundle has not been loaded.
To add a scene to the build settings use the menu File->Build Settings...
]]></output>
            </test-case>
            <test-case id="1024" name="TestAvatarSpeedFieldWorks(upArrow,0.0f,2)" fullname="Tests.Testat02.TestAvatarSpeedFieldWorks(upArrow,0.0f,2)" methodname="TestAvatarSpeedFieldWorks" classname="Tests.Testat02" runstate="Runnable" seed="938391252" result="Failed" start-time="2020-11-21 23:52:04Z" end-time="2020-11-21 23:52:04Z" duration="0.013471" asserts="0">
              <properties />
              <failure>
                <message><![CDATA[Unhandled log message: '[Error] Scene 'InputTest' couldn't be loaded because it has not been added to the build settings or the AssetBundle has not been loaded.
To add a scene to the build settings use the menu File->Build Settings...'. Use UnityEngine.TestTools.LogAssert.Expect]]></message>
                <stack-trace><![CDATA[UnityEngine.SceneManagement.SceneManager:LoadSceneAsync(String)
Tests.<TestAvatarSpeedFieldWorks>d__20:MoveNext() (at Assets/Tests/Testat02.cs:189)
UnityEngine.SetupCoroutine:InvokeMoveNext(IEnumerator, IntPtr)

]]></stack-trace>
              </failure>
              <output><![CDATA[Scene 'InputTest' couldn't be loaded because it has not been added to the build settings or the AssetBundle has not been loaded.
To add a scene to the build settings use the menu File->Build Settings...
]]></output>
            </test-case>
            <test-case id="1025" name="TestAvatarSpeedFieldWorks(upArrow,0.0f,4)" fullname="Tests.Testat02.TestAvatarSpeedFieldWorks(upArrow,0.0f,4)" methodname="TestAvatarSpeedFieldWorks" classname="Tests.Testat02" runstate="Runnable" seed="1019939860" result="Failed" start-time="2020-11-21 23:52:04Z" end-time="2020-11-21 23:52:04Z" duration="0.013131" asserts="0">
              <properties />
              <failure>
                <message><![CDATA[Unhandled log message: '[Error] Scene 'InputTest' couldn't be loaded because it has not been added to the build settings or the AssetBundle has not been loaded.
To add a scene to the build settings use the menu File->Build Settings...'. Use UnityEngine.TestTools.LogAssert.Expect]]></message>
                <stack-trace><![CDATA[UnityEngine.SceneManagement.SceneManager:LoadSceneAsync(String)
Tests.<TestAvatarSpeedFieldWorks>d__20:MoveNext() (at Assets/Tests/Testat02.cs:189)
UnityEngine.SetupCoroutine:InvokeMoveNext(IEnumerator, IntPtr)

]]></stack-trace>
              </failure>
              <output><![CDATA[Scene 'InputTest' couldn't be loaded because it has not been added to the build settings or the AssetBundle has not been loaded.
To add a scene to the build settings use the menu File->Build Settings...
]]></output>
            </test-case>
            <test-case id="1026" name="TestAvatarSpeedFieldWorks(upArrow,5.0f,0)" fullname="Tests.Testat02.TestAvatarSpeedFieldWorks(upArrow,5.0f,0)" methodname="TestAvatarSpeedFieldWorks" classname="Tests.Testat02" runstate="Runnable" seed="1364254973" result="Failed" start-time="2020-11-21 23:52:04Z" end-time="2020-11-21 23:52:04Z" duration="0.013383" asserts="0">
              <properties />
              <failure>
                <message><![CDATA[Unhandled log message: '[Error] Scene 'InputTest' couldn't be loaded because it has not been added to the build settings or the AssetBundle has not been loaded.
To add a scene to the build settings use the menu File->Build Settings...'. Use UnityEngine.TestTools.LogAssert.Expect]]></message>
                <stack-trace><![CDATA[UnityEngine.SceneManagement.SceneManager:LoadSceneAsync(String)
Tests.<TestAvatarSpeedFieldWorks>d__20:MoveNext() (at Assets/Tests/Testat02.cs:189)
UnityEngine.SetupCoroutine:InvokeMoveNext(IEnumerator, IntPtr)

]]></stack-trace>
              </failure>
              <output><![CDATA[Scene 'InputTest' couldn't be loaded because it has not been added to the build settings or the AssetBundle has not been loaded.
To add a scene to the build settings use the menu File->Build Settings...
]]></output>
            </test-case>
            <test-case id="1027" name="TestAvatarSpeedFieldWorks(upArrow,5.0f,2)" fullname="Tests.Testat02.TestAvatarSpeedFieldWorks(upArrow,5.0f,2)" methodname="TestAvatarSpeedFieldWorks" classname="Tests.Testat02" runstate="Runnable" seed="75857083" result="Failed" start-time="2020-11-21 23:52:04Z" end-time="2020-11-21 23:52:04Z" duration="0.013601" asserts="0">
              <properties />
              <failure>
                <message><![CDATA[Unhandled log message: '[Error] Scene 'InputTest' couldn't be loaded because it has not been added to the build settings or the AssetBundle has not been loaded.
To add a scene to the build settings use the menu File->Build Settings...'. Use UnityEngine.TestTools.LogAssert.Expect]]></message>
                <stack-trace><![CDATA[UnityEngine.SceneManagement.SceneManager:LoadSceneAsync(String)
Tests.<TestAvatarSpeedFieldWorks>d__20:MoveNext() (at Assets/Tests/Testat02.cs:189)
UnityEngine.SetupCoroutine:InvokeMoveNext(IEnumerator, IntPtr)

]]></stack-trace>
              </failure>
              <output><![CDATA[Scene 'InputTest' couldn't be loaded because it has not been added to the build settings or the AssetBundle has not been loaded.
To add a scene to the build settings use the menu File->Build Settings...
]]></output>
            </test-case>
            <test-case id="1028" name="TestAvatarSpeedFieldWorks(upArrow,5.0f,4)" fullname="Tests.Testat02.TestAvatarSpeedFieldWorks(upArrow,5.0f,4)" methodname="TestAvatarSpeedFieldWorks" classname="Tests.Testat02" runstate="Runnable" seed="1044231449" result="Failed" start-time="2020-11-21 23:52:04Z" end-time="2020-11-21 23:52:04Z" duration="0.012064" asserts="0">
              <properties />
              <failure>
                <message><![CDATA[Unhandled log message: '[Error] Scene 'InputTest' couldn't be loaded because it has not been added to the build settings or the AssetBundle has not been loaded.
To add a scene to the build settings use the menu File->Build Settings...'. Use UnityEngine.TestTools.LogAssert.Expect]]></message>
                <stack-trace><![CDATA[UnityEngine.SceneManagement.SceneManager:LoadSceneAsync(String)
Tests.<TestAvatarSpeedFieldWorks>d__20:MoveNext() (at Assets/Tests/Testat02.cs:189)
UnityEngine.SetupCoroutine:InvokeMoveNext(IEnumerator, IntPtr)

]]></stack-trace>
              </failure>
              <output><![CDATA[Scene 'InputTest' couldn't be loaded because it has not been added to the build settings or the AssetBundle has not been loaded.
To add a scene to the build settings use the menu File->Build Settings...
]]></output>
            </test-case>
            <test-case id="1029" name="TestAvatarSpeedFieldWorks(downArrow,0.0f,0)" fullname="Tests.Testat02.TestAvatarSpeedFieldWorks(downArrow,0.0f,0)" methodname="TestAvatarSpeedFieldWorks" classname="Tests.Testat02" runstate="Runnable" seed="940586476" result="Failed" start-time="2020-11-21 23:52:04Z" end-time="2020-11-21 23:52:04Z" duration="0.013315" asserts="0">
              <properties />
              <failure>
                <message><![CDATA[Unhandled log message: '[Error] Scene 'InputTest' couldn't be loaded because it has not been added to the build settings or the AssetBundle has not been loaded.
To add a scene to the build settings use the menu File->Build Settings...'. Use UnityEngine.TestTools.LogAssert.Expect]]></message>
                <stack-trace><![CDATA[UnityEngine.SceneManagement.SceneManager:LoadSceneAsync(String)
Tests.<TestAvatarSpeedFieldWorks>d__20:MoveNext() (at Assets/Tests/Testat02.cs:189)
UnityEngine.SetupCoroutine:InvokeMoveNext(IEnumerator, IntPtr)

]]></stack-trace>
              </failure>
              <output><![CDATA[Scene 'InputTest' couldn't be loaded because it has not been added to the build settings or the AssetBundle has not been loaded.
To add a scene to the build settings use the menu File->Build Settings...
]]></output>
            </test-case>
            <test-case id="1030" name="TestAvatarSpeedFieldWorks(downArrow,0.0f,2)" fullname="Tests.Testat02.TestAvatarSpeedFieldWorks(downArrow,0.0f,2)" methodname="TestAvatarSpeedFieldWorks" classname="Tests.Testat02" runstate="Runnable" seed="1836825565" result="Failed" start-time="2020-11-21 23:52:04Z" end-time="2020-11-21 23:52:04Z" duration="0.013435" asserts="0">
              <properties />
              <failure>
                <message><![CDATA[Unhandled log message: '[Error] Scene 'InputTest' couldn't be loaded because it has not been added to the build settings or the AssetBundle has not been loaded.
To add a scene to the build settings use the menu File->Build Settings...'. Use UnityEngine.TestTools.LogAssert.Expect]]></message>
                <stack-trace><![CDATA[UnityEngine.SceneManagement.SceneManager:LoadSceneAsync(String)
Tests.<TestAvatarSpeedFieldWorks>d__20:MoveNext() (at Assets/Tests/Testat02.cs:189)
UnityEngine.SetupCoroutine:InvokeMoveNext(IEnumerator, IntPtr)

]]></stack-trace>
              </failure>
              <output><![CDATA[Scene 'InputTest' couldn't be loaded because it has not been added to the build settings or the AssetBundle has not been loaded.
To add a scene to the build settings use the menu File->Build Settings...
]]></output>
            </test-case>
            <test-case id="1031" name="TestAvatarSpeedFieldWorks(downArrow,0.0f,4)" fullname="Tests.Testat02.TestAvatarSpeedFieldWorks(downArrow,0.0f,4)" methodname="TestAvatarSpeedFieldWorks" classname="Tests.Testat02" runstate="Runnable" seed="2081488422" result="Failed" start-time="2020-11-21 23:52:05Z" end-time="2020-11-21 23:52:05Z" duration="0.013754" asserts="0">
              <properties />
              <failure>
                <message><![CDATA[Unhandled log message: '[Error] Scene 'InputTest' couldn't be loaded because it has not been added to the build settings or the AssetBundle has not been loaded.
To add a scene to the build settings use the menu File->Build Settings...'. Use UnityEngine.TestTools.LogAssert.Expect]]></message>
                <stack-trace><![CDATA[UnityEngine.SceneManagement.SceneManager:LoadSceneAsync(String)
Tests.<TestAvatarSpeedFieldWorks>d__20:MoveNext() (at Assets/Tests/Testat02.cs:189)
UnityEngine.SetupCoroutine:InvokeMoveNext(IEnumerator, IntPtr)

]]></stack-trace>
              </failure>
              <output><![CDATA[Scene 'InputTest' couldn't be loaded because it has not been added to the build settings or the AssetBundle has not been loaded.
To add a scene to the build settings use the menu File->Build Settings...
]]></output>
            </test-case>
            <test-case id="1032" name="TestAvatarSpeedFieldWorks(downArrow,5.0f,0)" fullname="Tests.Testat02.TestAvatarSpeedFieldWorks(downArrow,5.0f,0)" methodname="TestAvatarSpeedFieldWorks" classname="Tests.Testat02" runstate="Runnable" seed="884683397" result="Failed" start-time="2020-11-21 23:52:05Z" end-time="2020-11-21 23:52:05Z" duration="0.012567" asserts="0">
              <properties />
              <failure>
                <message><![CDATA[Unhandled log message: '[Error] Scene 'InputTest' couldn't be loaded because it has not been added to the build settings or the AssetBundle has not been loaded.
To add a scene to the build settings use the menu File->Build Settings...'. Use UnityEngine.TestTools.LogAssert.Expect]]></message>
                <stack-trace><![CDATA[UnityEngine.SceneManagement.SceneManager:LoadSceneAsync(String)
Tests.<TestAvatarSpeedFieldWorks>d__20:MoveNext() (at Assets/Tests/Testat02.cs:189)
UnityEngine.SetupCoroutine:InvokeMoveNext(IEnumerator, IntPtr)

]]></stack-trace>
              </failure>
              <output><![CDATA[Scene 'InputTest' couldn't be loaded because it has not been added to the build settings or the AssetBundle has not been loaded.
To add a scene to the build settings use the menu File->Build Settings...
]]></output>
            </test-case>
            <test-case id="1033" name="TestAvatarSpeedFieldWorks(downArrow,5.0f,2)" fullname="Tests.Testat02.TestAvatarSpeedFieldWorks(downArrow,5.0f,2)" methodname="TestAvatarSpeedFieldWorks" classname="Tests.Testat02" runstate="Runnable" seed="204221323" result="Failed" start-time="2020-11-21 23:52:05Z" end-time="2020-11-21 23:52:05Z" duration="0.012827" asserts="0">
              <properties />
              <failure>
                <message><![CDATA[Unhandled log message: '[Error] Scene 'InputTest' couldn't be loaded because it has not been added to the build settings or the AssetBundle has not been loaded.
To add a scene to the build settings use the menu File->Build Settings...'. Use UnityEngine.TestTools.LogAssert.Expect]]></message>
                <stack-trace><![CDATA[UnityEngine.SceneManagement.SceneManager:LoadSceneAsync(String)
Tests.<TestAvatarSpeedFieldWorks>d__20:MoveNext() (at Assets/Tests/Testat02.cs:189)
UnityEngine.SetupCoroutine:InvokeMoveNext(IEnumerator, IntPtr)

]]></stack-trace>
              </failure>
              <output><![CDATA[Scene 'InputTest' couldn't be loaded because it has not been added to the build settings or the AssetBundle has not been loaded.
To add a scene to the build settings use the menu File->Build Settings...
]]></output>
            </test-case>
            <test-case id="1034" name="TestAvatarSpeedFieldWorks(downArrow,5.0f,4)" fullname="Tests.Testat02.TestAvatarSpeedFieldWorks(downArrow,5.0f,4)" methodname="TestAvatarSpeedFieldWorks" classname="Tests.Testat02" runstate="Runnable" seed="516038893" result="Failed" start-time="2020-11-21 23:52:05Z" end-time="2020-11-21 23:52:05Z" duration="0.013347" asserts="0">
              <properties />
              <failure>
                <message><![CDATA[Unhandled log message: '[Error] Scene 'InputTest' couldn't be loaded because it has not been added to the build settings or the AssetBundle has not been loaded.
To add a scene to the build settings use the menu File->Build Settings...'. Use UnityEngine.TestTools.LogAssert.Expect]]></message>
                <stack-trace><![CDATA[UnityEngine.SceneManagement.SceneManager:LoadSceneAsync(String)
Tests.<TestAvatarSpeedFieldWorks>d__20:MoveNext() (at Assets/Tests/Testat02.cs:189)
UnityEngine.SetupCoroutine:InvokeMoveNext(IEnumerator, IntPtr)

]]></stack-trace>
              </failure>
              <output><![CDATA[Scene 'InputTest' couldn't be loaded because it has not been added to the build settings or the AssetBundle has not been loaded.
To add a scene to the build settings use the menu File->Build Settings...
]]></output>
            </test-case>
            <test-case id="1035" name="TestAvatarSpeedFieldWorks(leftArrow,0.0f,0)" fullname="Tests.Testat02.TestAvatarSpeedFieldWorks(leftArrow,0.0f,0)" methodname="TestAvatarSpeedFieldWorks" classname="Tests.Testat02" runstate="Runnable" seed="492459040" result="Failed" start-time="2020-11-21 23:52:05Z" end-time="2020-11-21 23:52:05Z" duration="0.012714" asserts="0">
              <properties />
              <failure>
                <message><![CDATA[Unhandled log message: '[Error] Scene 'InputTest' couldn't be loaded because it has not been added to the build settings or the AssetBundle has not been loaded.
To add a scene to the build settings use the menu File->Build Settings...'. Use UnityEngine.TestTools.LogAssert.Expect]]></message>
                <stack-trace><![CDATA[UnityEngine.SceneManagement.SceneManager:LoadSceneAsync(String)
Tests.<TestAvatarSpeedFieldWorks>d__20:MoveNext() (at Assets/Tests/Testat02.cs:189)
UnityEngine.SetupCoroutine:InvokeMoveNext(IEnumerator, IntPtr)

]]></stack-trace>
              </failure>
              <output><![CDATA[Scene 'InputTest' couldn't be loaded because it has not been added to the build settings or the AssetBundle has not been loaded.
To add a scene to the build settings use the menu File->Build Settings...
]]></output>
            </test-case>
            <test-case id="1036" name="TestAvatarSpeedFieldWorks(leftArrow,0.0f,2)" fullname="Tests.Testat02.TestAvatarSpeedFieldWorks(leftArrow,0.0f,2)" methodname="TestAvatarSpeedFieldWorks" classname="Tests.Testat02" runstate="Runnable" seed="1368786998" result="Failed" start-time="2020-11-21 23:52:05Z" end-time="2020-11-21 23:52:05Z" duration="0.013595" asserts="0">
              <properties />
              <failure>
                <message><![CDATA[Unhandled log message: '[Error] Scene 'InputTest' couldn't be loaded because it has not been added to the build settings or the AssetBundle has not been loaded.
To add a scene to the build settings use the menu File->Build Settings...'. Use UnityEngine.TestTools.LogAssert.Expect]]></message>
                <stack-trace><![CDATA[UnityEngine.SceneManagement.SceneManager:LoadSceneAsync(String)
Tests.<TestAvatarSpeedFieldWorks>d__20:MoveNext() (at Assets/Tests/Testat02.cs:189)
UnityEngine.SetupCoroutine:InvokeMoveNext(IEnumerator, IntPtr)

]]></stack-trace>
              </failure>
              <output><![CDATA[Scene 'InputTest' couldn't be loaded because it has not been added to the build settings or the AssetBundle has not been loaded.
To add a scene to the build settings use the menu File->Build Settings...
]]></output>
            </test-case>
            <test-case id="1037" name="TestAvatarSpeedFieldWorks(leftArrow,0.0f,4)" fullname="Tests.Testat02.TestAvatarSpeedFieldWorks(leftArrow,0.0f,4)" methodname="TestAvatarSpeedFieldWorks" classname="Tests.Testat02" runstate="Runnable" seed="1699800544" result="Failed" start-time="2020-11-21 23:52:05Z" end-time="2020-11-21 23:52:05Z" duration="0.013428" asserts="0">
              <properties />
              <failure>
                <message><![CDATA[Unhandled log message: '[Error] Scene 'InputTest' couldn't be loaded because it has not been added to the build settings or the AssetBundle has not been loaded.
To add a scene to the build settings use the menu File->Build Settings...'. Use UnityEngine.TestTools.LogAssert.Expect]]></message>
                <stack-trace><![CDATA[UnityEngine.SceneManagement.SceneManager:LoadSceneAsync(String)
Tests.<TestAvatarSpeedFieldWorks>d__20:MoveNext() (at Assets/Tests/Testat02.cs:189)
UnityEngine.SetupCoroutine:InvokeMoveNext(IEnumerator, IntPtr)

]]></stack-trace>
              </failure>
              <output><![CDATA[Scene 'InputTest' couldn't be loaded because it has not been added to the build settings or the AssetBundle has not been loaded.
To add a scene to the build settings use the menu File->Build Settings...
]]></output>
            </test-case>
            <test-case id="1038" name="TestAvatarSpeedFieldWorks(leftArrow,5.0f,0)" fullname="Tests.Testat02.TestAvatarSpeedFieldWorks(leftArrow,5.0f,0)" methodname="TestAvatarSpeedFieldWorks" classname="Tests.Testat02" runstate="Runnable" seed="2031921557" result="Failed" start-time="2020-11-21 23:52:05Z" end-time="2020-11-21 23:52:05Z" duration="0.013287" asserts="0">
              <properties />
              <failure>
                <message><![CDATA[Unhandled log message: '[Error] Scene 'InputTest' couldn't be loaded because it has not been added to the build settings or the AssetBundle has not been loaded.
To add a scene to the build settings use the menu File->Build Settings...'. Use UnityEngine.TestTools.LogAssert.Expect]]></message>
                <stack-trace><![CDATA[UnityEngine.SceneManagement.SceneManager:LoadSceneAsync(String)
Tests.<TestAvatarSpeedFieldWorks>d__20:MoveNext() (at Assets/Tests/Testat02.cs:189)
UnityEngine.SetupCoroutine:InvokeMoveNext(IEnumerator, IntPtr)

]]></stack-trace>
              </failure>
              <output><![CDATA[Scene 'InputTest' couldn't be loaded because it has not been added to the build settings or the AssetBundle has not been loaded.
To add a scene to the build settings use the menu File->Build Settings...
]]></output>
            </test-case>
            <test-case id="1039" name="TestAvatarSpeedFieldWorks(leftArrow,5.0f,2)" fullname="Tests.Testat02.TestAvatarSpeedFieldWorks(leftArrow,5.0f,2)" methodname="TestAvatarSpeedFieldWorks" classname="Tests.Testat02" runstate="Runnable" seed="262524219" result="Failed" start-time="2020-11-21 23:52:05Z" end-time="2020-11-21 23:52:05Z" duration="0.013503" asserts="0">
              <properties />
              <failure>
                <message><![CDATA[Unhandled log message: '[Error] Scene 'InputTest' couldn't be loaded because it has not been added to the build settings or the AssetBundle has not been loaded.
To add a scene to the build settings use the menu File->Build Settings...'. Use UnityEngine.TestTools.LogAssert.Expect]]></message>
                <stack-trace><![CDATA[UnityEngine.SceneManagement.SceneManager:LoadSceneAsync(String)
Tests.<TestAvatarSpeedFieldWorks>d__20:MoveNext() (at Assets/Tests/Testat02.cs:189)
UnityEngine.SetupCoroutine:InvokeMoveNext(IEnumerator, IntPtr)

]]></stack-trace>
              </failure>
              <output><![CDATA[Scene 'InputTest' couldn't be loaded because it has not been added to the build settings or the AssetBundle has not been loaded.
To add a scene to the build settings use the menu File->Build Settings...
]]></output>
            </test-case>
            <test-case id="1040" name="TestAvatarSpeedFieldWorks(leftArrow,5.0f,4)" fullname="Tests.Testat02.TestAvatarSpeedFieldWorks(leftArrow,5.0f,4)" methodname="TestAvatarSpeedFieldWorks" classname="Tests.Testat02" runstate="Runnable" seed="863442406" result="Failed" start-time="2020-11-21 23:52:05Z" end-time="2020-11-21 23:52:05Z" duration="0.013283" asserts="0">
              <properties />
              <failure>
                <message><![CDATA[Unhandled log message: '[Error] Scene 'InputTest' couldn't be loaded because it has not been added to the build settings or the AssetBundle has not been loaded.
To add a scene to the build settings use the menu File->Build Settings...'. Use UnityEngine.TestTools.LogAssert.Expect]]></message>
                <stack-trace><![CDATA[UnityEngine.SceneManagement.SceneManager:LoadSceneAsync(String)
Tests.<TestAvatarSpeedFieldWorks>d__20:MoveNext() (at Assets/Tests/Testat02.cs:189)
UnityEngine.SetupCoroutine:InvokeMoveNext(IEnumerator, IntPtr)

]]></stack-trace>
              </failure>
              <output><![CDATA[Scene 'InputTest' couldn't be loaded because it has not been added to the build settings or the AssetBundle has not been loaded.
To add a scene to the build settings use the menu File->Build Settings...
]]></output>
            </test-case>
            <test-case id="1041" name="TestAvatarSpeedFieldWorks(rightArrow,0.0f,0)" fullname="Tests.Testat02.TestAvatarSpeedFieldWorks(rightArrow,0.0f,0)" methodname="TestAvatarSpeedFieldWorks" classname="Tests.Testat02" runstate="Runnable" seed="931171516" result="Failed" start-time="2020-11-21 23:52:05Z" end-time="2020-11-21 23:52:05Z" duration="0.012995" asserts="0">
              <properties />
              <failure>
                <message><![CDATA[Unhandled log message: '[Error] Scene 'InputTest' couldn't be loaded because it has not been added to the build settings or the AssetBundle has not been loaded.
To add a scene to the build settings use the menu File->Build Settings...'. Use UnityEngine.TestTools.LogAssert.Expect]]></message>
                <stack-trace><![CDATA[UnityEngine.SceneManagement.SceneManager:LoadSceneAsync(String)
Tests.<TestAvatarSpeedFieldWorks>d__20:MoveNext() (at Assets/Tests/Testat02.cs:189)
UnityEngine.SetupCoroutine:InvokeMoveNext(IEnumerator, IntPtr)

]]></stack-trace>
              </failure>
              <output><![CDATA[Scene 'InputTest' couldn't be loaded because it has not been added to the build settings or the AssetBundle has not been loaded.
To add a scene to the build settings use the menu File->Build Settings...
]]></output>
            </test-case>
            <test-case id="1042" name="TestAvatarSpeedFieldWorks(rightArrow,0.0f,2)" fullname="Tests.Testat02.TestAvatarSpeedFieldWorks(rightArrow,0.0f,2)" methodname="TestAvatarSpeedFieldWorks" classname="Tests.Testat02" runstate="Runnable" seed="245583043" result="Failed" start-time="2020-11-21 23:52:05Z" end-time="2020-11-21 23:52:05Z" duration="0.013638" asserts="0">
              <properties />
              <failure>
                <message><![CDATA[Unhandled log message: '[Error] Scene 'InputTest' couldn't be loaded because it has not been added to the build settings or the AssetBundle has not been loaded.
To add a scene to the build settings use the menu File->Build Settings...'. Use UnityEngine.TestTools.LogAssert.Expect]]></message>
                <stack-trace><![CDATA[UnityEngine.SceneManagement.SceneManager:LoadSceneAsync(String)
Tests.<TestAvatarSpeedFieldWorks>d__20:MoveNext() (at Assets/Tests/Testat02.cs:189)
UnityEngine.SetupCoroutine:InvokeMoveNext(IEnumerator, IntPtr)

]]></stack-trace>
              </failure>
              <output><![CDATA[Scene 'InputTest' couldn't be loaded because it has not been added to the build settings or the AssetBundle has not been loaded.
To add a scene to the build settings use the menu File->Build Settings...
]]></output>
            </test-case>
            <test-case id="1043" name="TestAvatarSpeedFieldWorks(rightArrow,0.0f,4)" fullname="Tests.Testat02.TestAvatarSpeedFieldWorks(rightArrow,0.0f,4)" methodname="TestAvatarSpeedFieldWorks" classname="Tests.Testat02" runstate="Runnable" seed="945331872" result="Failed" start-time="2020-11-21 23:52:05Z" end-time="2020-11-21 23:52:05Z" duration="0.013416" asserts="0">
              <properties />
              <failure>
                <message><![CDATA[Unhandled log message: '[Error] Scene 'InputTest' couldn't be loaded because it has not been added to the build settings or the AssetBundle has not been loaded.
To add a scene to the build settings use the menu File->Build Settings...'. Use UnityEngine.TestTools.LogAssert.Expect]]></message>
                <stack-trace><![CDATA[UnityEngine.SceneManagement.SceneManager:LoadSceneAsync(String)
Tests.<TestAvatarSpeedFieldWorks>d__20:MoveNext() (at Assets/Tests/Testat02.cs:189)
UnityEngine.SetupCoroutine:InvokeMoveNext(IEnumerator, IntPtr)

]]></stack-trace>
              </failure>
              <output><![CDATA[Scene 'InputTest' couldn't be loaded because it has not been added to the build settings or the AssetBundle has not been loaded.
To add a scene to the build settings use the menu File->Build Settings...
]]></output>
            </test-case>
            <test-case id="1044" name="TestAvatarSpeedFieldWorks(rightArrow,5.0f,0)" fullname="Tests.Testat02.TestAvatarSpeedFieldWorks(rightArrow,5.0f,0)" methodname="TestAvatarSpeedFieldWorks" classname="Tests.Testat02" runstate="Runnable" seed="1406562762" result="Failed" start-time="2020-11-21 23:52:05Z" end-time="2020-11-21 23:52:05Z" duration="0.013539" asserts="0">
              <properties />
              <failure>
                <message><![CDATA[Unhandled log message: '[Error] Scene 'InputTest' couldn't be loaded because it has not been added to the build settings or the AssetBundle has not been loaded.
To add a scene to the build settings use the menu File->Build Settings...'. Use UnityEngine.TestTools.LogAssert.Expect]]></message>
                <stack-trace><![CDATA[UnityEngine.SceneManagement.SceneManager:LoadSceneAsync(String)
Tests.<TestAvatarSpeedFieldWorks>d__20:MoveNext() (at Assets/Tests/Testat02.cs:189)
UnityEngine.SetupCoroutine:InvokeMoveNext(IEnumerator, IntPtr)

]]></stack-trace>
              </failure>
              <output><![CDATA[Scene 'InputTest' couldn't be loaded because it has not been added to the build settings or the AssetBundle has not been loaded.
To add a scene to the build settings use the menu File->Build Settings...
]]></output>
            </test-case>
            <test-case id="1045" name="TestAvatarSpeedFieldWorks(rightArrow,5.0f,2)" fullname="Tests.Testat02.TestAvatarSpeedFieldWorks(rightArrow,5.0f,2)" methodname="TestAvatarSpeedFieldWorks" classname="Tests.Testat02" runstate="Runnable" seed="2055237120" result="Failed" start-time="2020-11-21 23:52:05Z" end-time="2020-11-21 23:52:05Z" duration="0.013193" asserts="0">
              <properties />
              <failure>
                <message><![CDATA[Unhandled log message: '[Error] Scene 'InputTest' couldn't be loaded because it has not been added to the build settings or the AssetBundle has not been loaded.
To add a scene to the build settings use the menu File->Build Settings...'. Use UnityEngine.TestTools.LogAssert.Expect]]></message>
                <stack-trace><![CDATA[UnityEngine.SceneManagement.SceneManager:LoadSceneAsync(String)
Tests.<TestAvatarSpeedFieldWorks>d__20:MoveNext() (at Assets/Tests/Testat02.cs:189)
UnityEngine.SetupCoroutine:InvokeMoveNext(IEnumerator, IntPtr)

]]></stack-trace>
              </failure>
              <output><![CDATA[Scene 'InputTest' couldn't be loaded because it has not been added to the build settings or the AssetBundle has not been loaded.
To add a scene to the build settings use the menu File->Build Settings...
]]></output>
            </test-case>
            <test-case id="1046" name="TestAvatarSpeedFieldWorks(rightArrow,5.0f,4)" fullname="Tests.Testat02.TestAvatarSpeedFieldWorks(rightArrow,5.0f,4)" methodname="TestAvatarSpeedFieldWorks" classname="Tests.Testat02" runstate="Runnable" seed="1610625978" result="Failed" start-time="2020-11-21 23:52:05Z" end-time="2020-11-21 23:52:05Z" duration="0.012738" asserts="0">
              <properties />
              <failure>
                <message><![CDATA[Unhandled log message: '[Error] Scene 'InputTest' couldn't be loaded because it has not been added to the build settings or the AssetBundle has not been loaded.
To add a scene to the build settings use the menu File->Build Settings...'. Use UnityEngine.TestTools.LogAssert.Expect]]></message>
                <stack-trace><![CDATA[UnityEngine.SceneManagement.SceneManager:LoadSceneAsync(String)
Tests.<TestAvatarSpeedFieldWorks>d__20:MoveNext() (at Assets/Tests/Testat02.cs:189)
UnityEngine.SetupCoroutine:InvokeMoveNext(IEnumerator, IntPtr)

]]></stack-trace>
              </failure>
              <output><![CDATA[Scene 'InputTest' couldn't be loaded because it has not been added to the build settings or the AssetBundle has not been loaded.
To add a scene to the build settings use the menu File->Build Settings...
]]></output>
            </test-case>
            <test-case id="1047" name="TestAvatarSpeedFieldWorks(upArrow+rightArrow,0.0f,0)" fullname="Tests.Testat02.TestAvatarSpeedFieldWorks(upArrow+rightArrow,0.0f,0)" methodname="TestAvatarSpeedFieldWorks" classname="Tests.Testat02" runstate="Runnable" seed="995822000" result="Failed" start-time="2020-11-21 23:52:05Z" end-time="2020-11-21 23:52:05Z" duration="0.012856" asserts="0">
              <properties />
              <failure>
                <message><![CDATA[Unhandled log message: '[Error] Scene 'InputTest' couldn't be loaded because it has not been added to the build settings or the AssetBundle has not been loaded.
To add a scene to the build settings use the menu File->Build Settings...'. Use UnityEngine.TestTools.LogAssert.Expect]]></message>
                <stack-trace><![CDATA[UnityEngine.SceneManagement.SceneManager:LoadSceneAsync(String)
Tests.<TestAvatarSpeedFieldWorks>d__20:MoveNext() (at Assets/Tests/Testat02.cs:189)
UnityEngine.SetupCoroutine:InvokeMoveNext(IEnumerator, IntPtr)

]]></stack-trace>
              </failure>
              <output><![CDATA[Scene 'InputTest' couldn't be loaded because it has not been added to the build settings or the AssetBundle has not been loaded.
To add a scene to the build settings use the menu File->Build Settings...
]]></output>
            </test-case>
            <test-case id="1048" name="TestAvatarSpeedFieldWorks(upArrow+rightArrow,0.0f,2)" fullname="Tests.Testat02.TestAvatarSpeedFieldWorks(upArrow+rightArrow,0.0f,2)" methodname="TestAvatarSpeedFieldWorks" classname="Tests.Testat02" runstate="Runnable" seed="1159687762" result="Failed" start-time="2020-11-21 23:52:05Z" end-time="2020-11-21 23:52:05Z" duration="0.013192" asserts="0">
              <properties />
              <failure>
                <message><![CDATA[Unhandled log message: '[Error] Scene 'InputTest' couldn't be loaded because it has not been added to the build settings or the AssetBundle has not been loaded.
To add a scene to the build settings use the menu File->Build Settings...'. Use UnityEngine.TestTools.LogAssert.Expect]]></message>
                <stack-trace><![CDATA[UnityEngine.SceneManagement.SceneManager:LoadSceneAsync(String)
Tests.<TestAvatarSpeedFieldWorks>d__20:MoveNext() (at Assets/Tests/Testat02.cs:189)
UnityEngine.SetupCoroutine:InvokeMoveNext(IEnumerator, IntPtr)

]]></stack-trace>
              </failure>
              <output><![CDATA[Scene 'InputTest' couldn't be loaded because it has not been added to the build settings or the AssetBundle has not been loaded.
To add a scene to the build settings use the menu File->Build Settings...
]]></output>
            </test-case>
            <test-case id="1049" name="TestAvatarSpeedFieldWorks(upArrow+rightArrow,0.0f,4)" fullname="Tests.Testat02.TestAvatarSpeedFieldWorks(upArrow+rightArrow,0.0f,4)" methodname="TestAvatarSpeedFieldWorks" classname="Tests.Testat02" runstate="Runnable" seed="40444532" result="Failed" start-time="2020-11-21 23:52:05Z" end-time="2020-11-21 23:52:05Z" duration="0.012970" asserts="0">
              <properties />
              <failure>
                <message><![CDATA[Unhandled log message: '[Error] Scene 'InputTest' couldn't be loaded because it has not been added to the build settings or the AssetBundle has not been loaded.
To add a scene to the build settings use the menu File->Build Settings...'. Use UnityEngine.TestTools.LogAssert.Expect]]></message>
                <stack-trace><![CDATA[UnityEngine.SceneManagement.SceneManager:LoadSceneAsync(String)
Tests.<TestAvatarSpeedFieldWorks>d__20:MoveNext() (at Assets/Tests/Testat02.cs:189)
UnityEngine.SetupCoroutine:InvokeMoveNext(IEnumerator, IntPtr)

]]></stack-trace>
              </failure>
              <output><![CDATA[Scene 'InputTest' couldn't be loaded because it has not been added to the build settings or the AssetBundle has not been loaded.
To add a scene to the build settings use the menu File->Build Settings...
]]></output>
            </test-case>
            <test-case id="1050" name="TestAvatarSpeedFieldWorks(upArrow+rightArrow,5.0f,0)" fullname="Tests.Testat02.TestAvatarSpeedFieldWorks(upArrow+rightArrow,5.0f,0)" methodname="TestAvatarSpeedFieldWorks" classname="Tests.Testat02" runstate="Runnable" seed="54511318" result="Failed" start-time="2020-11-21 23:52:05Z" end-time="2020-11-21 23:52:05Z" duration="0.013090" asserts="0">
              <properties />
              <failure>
                <message><![CDATA[Unhandled log message: '[Error] Scene 'InputTest' couldn't be loaded because it has not been added to the build settings or the AssetBundle has not been loaded.
To add a scene to the build settings use the menu File->Build Settings...'. Use UnityEngine.TestTools.LogAssert.Expect]]></message>
                <stack-trace><![CDATA[UnityEngine.SceneManagement.SceneManager:LoadSceneAsync(String)
Tests.<TestAvatarSpeedFieldWorks>d__20:MoveNext() (at Assets/Tests/Testat02.cs:189)
UnityEngine.SetupCoroutine:InvokeMoveNext(IEnumerator, IntPtr)

]]></stack-trace>
              </failure>
              <output><![CDATA[Scene 'InputTest' couldn't be loaded because it has not been added to the build settings or the AssetBundle has not been loaded.
To add a scene to the build settings use the menu File->Build Settings...
]]></output>
            </test-case>
            <test-case id="1051" name="TestAvatarSpeedFieldWorks(upArrow+rightArrow,5.0f,2)" fullname="Tests.Testat02.TestAvatarSpeedFieldWorks(upArrow+rightArrow,5.0f,2)" methodname="TestAvatarSpeedFieldWorks" classname="Tests.Testat02" runstate="Runnable" seed="65335710" result="Failed" start-time="2020-11-21 23:52:05Z" end-time="2020-11-21 23:52:05Z" duration="0.013154" asserts="0">
              <properties />
              <failure>
                <message><![CDATA[Unhandled log message: '[Error] Scene 'InputTest' couldn't be loaded because it has not been added to the build settings or the AssetBundle has not been loaded.
To add a scene to the build settings use the menu File->Build Settings...'. Use UnityEngine.TestTools.LogAssert.Expect]]></message>
                <stack-trace><![CDATA[UnityEngine.SceneManagement.SceneManager:LoadSceneAsync(String)
Tests.<TestAvatarSpeedFieldWorks>d__20:MoveNext() (at Assets/Tests/Testat02.cs:189)
UnityEngine.SetupCoroutine:InvokeMoveNext(IEnumerator, IntPtr)

]]></stack-trace>
              </failure>
              <output><![CDATA[Scene 'InputTest' couldn't be loaded because it has not been added to the build settings or the AssetBundle has not been loaded.
To add a scene to the build settings use the menu File->Build Settings...
]]></output>
            </test-case>
            <test-case id="1052" name="TestAvatarSpeedFieldWorks(upArrow+rightArrow,5.0f,4)" fullname="Tests.Testat02.TestAvatarSpeedFieldWorks(upArrow+rightArrow,5.0f,4)" methodname="TestAvatarSpeedFieldWorks" classname="Tests.Testat02" runstate="Runnable" seed="59246550" result="Failed" start-time="2020-11-21 23:52:05Z" end-time="2020-11-21 23:52:05Z" duration="0.013743" asserts="0">
              <properties />
              <failure>
                <message><![CDATA[Unhandled log message: '[Error] Scene 'InputTest' couldn't be loaded because it has not been added to the build settings or the AssetBundle has not been loaded.
To add a scene to the build settings use the menu File->Build Settings...'. Use UnityEngine.TestTools.LogAssert.Expect]]></message>
                <stack-trace><![CDATA[UnityEngine.SceneManagement.SceneManager:LoadSceneAsync(String)
Tests.<TestAvatarSpeedFieldWorks>d__20:MoveNext() (at Assets/Tests/Testat02.cs:189)
UnityEngine.SetupCoroutine:InvokeMoveNext(IEnumerator, IntPtr)

]]></stack-trace>
              </failure>
              <output><![CDATA[Scene 'InputTest' couldn't be loaded because it has not been added to the build settings or the AssetBundle has not been loaded.
To add a scene to the build settings use the menu File->Build Settings...
]]></output>
            </test-case>
            <test-case id="1053" name="TestAvatarSpeedFieldWorks(downArrow+rightArrow,0.0f,0)" fullname="Tests.Testat02.TestAvatarSpeedFieldWorks(downArrow+rightArrow,0.0f,0)" methodname="TestAvatarSpeedFieldWorks" classname="Tests.Testat02" runstate="Runnable" seed="1607933345" result="Failed" start-time="2020-11-21 23:52:05Z" end-time="2020-11-21 23:52:05Z" duration="0.009025" asserts="0">
              <properties />
              <failure>
                <message><![CDATA[Unhandled log message: '[Error] Scene 'InputTest' couldn't be loaded because it has not been added to the build settings or the AssetBundle has not been loaded.
To add a scene to the build settings use the menu File->Build Settings...'. Use UnityEngine.TestTools.LogAssert.Expect]]></message>
                <stack-trace><![CDATA[UnityEngine.SceneManagement.SceneManager:LoadSceneAsync(String)
Tests.<TestAvatarSpeedFieldWorks>d__20:MoveNext() (at Assets/Tests/Testat02.cs:189)
UnityEngine.SetupCoroutine:InvokeMoveNext(IEnumerator, IntPtr)

]]></stack-trace>
              </failure>
              <output><![CDATA[Scene 'InputTest' couldn't be loaded because it has not been added to the build settings or the AssetBundle has not been loaded.
To add a scene to the build settings use the menu File->Build Settings...
]]></output>
            </test-case>
            <test-case id="1054" name="TestAvatarSpeedFieldWorks(downArrow+rightArrow,0.0f,2)" fullname="Tests.Testat02.TestAvatarSpeedFieldWorks(downArrow+rightArrow,0.0f,2)" methodname="TestAvatarSpeedFieldWorks" classname="Tests.Testat02" runstate="Runnable" seed="413499467" result="Failed" start-time="2020-11-21 23:52:05Z" end-time="2020-11-21 23:52:05Z" duration="0.013450" asserts="0">
              <properties />
              <failure>
                <message><![CDATA[Unhandled log message: '[Error] Scene 'InputTest' couldn't be loaded because it has not been added to the build settings or the AssetBundle has not been loaded.
To add a scene to the build settings use the menu File->Build Settings...'. Use UnityEngine.TestTools.LogAssert.Expect]]></message>
                <stack-trace><![CDATA[UnityEngine.SceneManagement.SceneManager:LoadSceneAsync(String)
Tests.<TestAvatarSpeedFieldWorks>d__20:MoveNext() (at Assets/Tests/Testat02.cs:189)
UnityEngine.SetupCoroutine:InvokeMoveNext(IEnumerator, IntPtr)

]]></stack-trace>
              </failure>
              <output><![CDATA[Scene 'InputTest' couldn't be loaded because it has not been added to the build settings or the AssetBundle has not been loaded.
To add a scene to the build settings use the menu File->Build Settings...
]]></output>
            </test-case>
            <test-case id="1055" name="TestAvatarSpeedFieldWorks(downArrow+rightArrow,0.0f,4)" fullname="Tests.Testat02.TestAvatarSpeedFieldWorks(downArrow+rightArrow,0.0f,4)" methodname="TestAvatarSpeedFieldWorks" classname="Tests.Testat02" runstate="Runnable" seed="1713816310" result="Failed" start-time="2020-11-21 23:52:05Z" end-time="2020-11-21 23:52:05Z" duration="0.014014" asserts="0">
              <properties />
              <failure>
                <message><![CDATA[Unhandled log message: '[Error] Scene 'InputTest' couldn't be loaded because it has not been added to the build settings or the AssetBundle has not been loaded.
To add a scene to the build settings use the menu File->Build Settings...'. Use UnityEngine.TestTools.LogAssert.Expect]]></message>
                <stack-trace><![CDATA[UnityEngine.SceneManagement.SceneManager:LoadSceneAsync(String)
Tests.<TestAvatarSpeedFieldWorks>d__20:MoveNext() (at Assets/Tests/Testat02.cs:189)
UnityEngine.SetupCoroutine:InvokeMoveNext(IEnumerator, IntPtr)

]]></stack-trace>
              </failure>
              <output><![CDATA[Scene 'InputTest' couldn't be loaded because it has not been added to the build settings or the AssetBundle has not been loaded.
To add a scene to the build settings use the menu File->Build Settings...
]]></output>
            </test-case>
            <test-case id="1056" name="TestAvatarSpeedFieldWorks(downArrow+rightArrow,5.0f,0)" fullname="Tests.Testat02.TestAvatarSpeedFieldWorks(downArrow+rightArrow,5.0f,0)" methodname="TestAvatarSpeedFieldWorks" classname="Tests.Testat02" runstate="Runnable" seed="265124055" result="Failed" start-time="2020-11-21 23:52:05Z" end-time="2020-11-21 23:52:05Z" duration="0.013326" asserts="0">
              <properties />
              <failure>
                <message><![CDATA[Unhandled log message: '[Error] Scene 'InputTest' couldn't be loaded because it has not been added to the build settings or the AssetBundle has not been loaded.
To add a scene to the build settings use the menu File->Build Settings...'. Use UnityEngine.TestTools.LogAssert.Expect]]></message>
                <stack-trace><![CDATA[UnityEngine.SceneManagement.SceneManager:LoadSceneAsync(String)
Tests.<TestAvatarSpeedFieldWorks>d__20:MoveNext() (at Assets/Tests/Testat02.cs:189)
UnityEngine.SetupCoroutine:InvokeMoveNext(IEnumerator, IntPtr)

]]></stack-trace>
              </failure>
              <output><![CDATA[Scene 'InputTest' couldn't be loaded because it has not been added to the build settings or the AssetBundle has not been loaded.
To add a scene to the build settings use the menu File->Build Settings...
]]></output>
            </test-case>
            <test-case id="1057" name="TestAvatarSpeedFieldWorks(downArrow+rightArrow,5.0f,2)" fullname="Tests.Testat02.TestAvatarSpeedFieldWorks(downArrow+rightArrow,5.0f,2)" methodname="TestAvatarSpeedFieldWorks" classname="Tests.Testat02" runstate="Runnable" seed="454637694" result="Failed" start-time="2020-11-21 23:52:05Z" end-time="2020-11-21 23:52:05Z" duration="0.013563" asserts="0">
              <properties />
              <failure>
                <message><![CDATA[Unhandled log message: '[Error] Scene 'InputTest' couldn't be loaded because it has not been added to the build settings or the AssetBundle has not been loaded.
To add a scene to the build settings use the menu File->Build Settings...'. Use UnityEngine.TestTools.LogAssert.Expect]]></message>
                <stack-trace><![CDATA[UnityEngine.SceneManagement.SceneManager:LoadSceneAsync(String)
Tests.<TestAvatarSpeedFieldWorks>d__20:MoveNext() (at Assets/Tests/Testat02.cs:189)
UnityEngine.SetupCoroutine:InvokeMoveNext(IEnumerator, IntPtr)

]]></stack-trace>
              </failure>
              <output><![CDATA[Scene 'InputTest' couldn't be loaded because it has not been added to the build settings or the AssetBundle has not been loaded.
To add a scene to the build settings use the menu File->Build Settings...
]]></output>
            </test-case>
            <test-case id="1058" name="TestAvatarSpeedFieldWorks(downArrow+rightArrow,5.0f,4)" fullname="Tests.Testat02.TestAvatarSpeedFieldWorks(downArrow+rightArrow,5.0f,4)" methodname="TestAvatarSpeedFieldWorks" classname="Tests.Testat02" runstate="Runnable" seed="181672428" result="Failed" start-time="2020-11-21 23:52:05Z" end-time="2020-11-21 23:52:05Z" duration="0.013688" asserts="0">
              <properties />
              <failure>
                <message><![CDATA[Unhandled log message: '[Error] Scene 'InputTest' couldn't be loaded because it has not been added to the build settings or the AssetBundle has not been loaded.
To add a scene to the build settings use the menu File->Build Settings...'. Use UnityEngine.TestTools.LogAssert.Expect]]></message>
                <stack-trace><![CDATA[UnityEngine.SceneManagement.SceneManager:LoadSceneAsync(String)
Tests.<TestAvatarSpeedFieldWorks>d__20:MoveNext() (at Assets/Tests/Testat02.cs:189)
UnityEngine.SetupCoroutine:InvokeMoveNext(IEnumerator, IntPtr)

]]></stack-trace>
              </failure>
              <output><![CDATA[Scene 'InputTest' couldn't be loaded because it has not been added to the build settings or the AssetBundle has not been loaded.
To add a scene to the build settings use the menu File->Build Settings...
]]></output>
            </test-case>
            <test-case id="1059" name="TestAvatarSpeedFieldWorks(upArrow+leftArrow,0.0f,0)" fullname="Tests.Testat02.TestAvatarSpeedFieldWorks(upArrow+leftArrow,0.0f,0)" methodname="TestAvatarSpeedFieldWorks" classname="Tests.Testat02" runstate="Runnable" seed="826115726" result="Failed" start-time="2020-11-21 23:52:05Z" end-time="2020-11-21 23:52:05Z" duration="0.012856" asserts="0">
              <properties />
              <failure>
                <message><![CDATA[Unhandled log message: '[Error] Scene 'InputTest' couldn't be loaded because it has not been added to the build settings or the AssetBundle has not been loaded.
To add a scene to the build settings use the menu File->Build Settings...'. Use UnityEngine.TestTools.LogAssert.Expect]]></message>
                <stack-trace><![CDATA[UnityEngine.SceneManagement.SceneManager:LoadSceneAsync(String)
Tests.<TestAvatarSpeedFieldWorks>d__20:MoveNext() (at Assets/Tests/Testat02.cs:189)
UnityEngine.SetupCoroutine:InvokeMoveNext(IEnumerator, IntPtr)

]]></stack-trace>
              </failure>
              <output><![CDATA[Scene 'InputTest' couldn't be loaded because it has not been added to the build settings or the AssetBundle has not been loaded.
To add a scene to the build settings use the menu File->Build Settings...
]]></output>
            </test-case>
            <test-case id="1060" name="TestAvatarSpeedFieldWorks(upArrow+leftArrow,0.0f,2)" fullname="Tests.Testat02.TestAvatarSpeedFieldWorks(upArrow+leftArrow,0.0f,2)" methodname="TestAvatarSpeedFieldWorks" classname="Tests.Testat02" runstate="Runnable" seed="625930894" result="Failed" start-time="2020-11-21 23:52:05Z" end-time="2020-11-21 23:52:05Z" duration="0.013560" asserts="0">
              <properties />
              <failure>
                <message><![CDATA[Unhandled log message: '[Error] Scene 'InputTest' couldn't be loaded because it has not been added to the build settings or the AssetBundle has not been loaded.
To add a scene to the build settings use the menu File->Build Settings...'. Use UnityEngine.TestTools.LogAssert.Expect]]></message>
                <stack-trace><![CDATA[UnityEngine.SceneManagement.SceneManager:LoadSceneAsync(String)
Tests.<TestAvatarSpeedFieldWorks>d__20:MoveNext() (at Assets/Tests/Testat02.cs:189)
UnityEngine.SetupCoroutine:InvokeMoveNext(IEnumerator, IntPtr)

]]></stack-trace>
              </failure>
              <output><![CDATA[Scene 'InputTest' couldn't be loaded because it has not been added to the build settings or the AssetBundle has not been loaded.
To add a scene to the build settings use the menu File->Build Settings...
]]></output>
            </test-case>
            <test-case id="1061" name="TestAvatarSpeedFieldWorks(upArrow+leftArrow,0.0f,4)" fullname="Tests.Testat02.TestAvatarSpeedFieldWorks(upArrow+leftArrow,0.0f,4)" methodname="TestAvatarSpeedFieldWorks" classname="Tests.Testat02" runstate="Runnable" seed="1274425159" result="Failed" start-time="2020-11-21 23:52:05Z" end-time="2020-11-21 23:52:05Z" duration="0.013281" asserts="0">
              <properties />
              <failure>
                <message><![CDATA[Unhandled log message: '[Error] Scene 'InputTest' couldn't be loaded because it has not been added to the build settings or the AssetBundle has not been loaded.
To add a scene to the build settings use the menu File->Build Settings...'. Use UnityEngine.TestTools.LogAssert.Expect]]></message>
                <stack-trace><![CDATA[UnityEngine.SceneManagement.SceneManager:LoadSceneAsync(String)
Tests.<TestAvatarSpeedFieldWorks>d__20:MoveNext() (at Assets/Tests/Testat02.cs:189)
UnityEngine.SetupCoroutine:InvokeMoveNext(IEnumerator, IntPtr)

]]></stack-trace>
              </failure>
              <output><![CDATA[Scene 'InputTest' couldn't be loaded because it has not been added to the build settings or the AssetBundle has not been loaded.
To add a scene to the build settings use the menu File->Build Settings...
]]></output>
            </test-case>
            <test-case id="1062" name="TestAvatarSpeedFieldWorks(upArrow+leftArrow,5.0f,0)" fullname="Tests.Testat02.TestAvatarSpeedFieldWorks(upArrow+leftArrow,5.0f,0)" methodname="TestAvatarSpeedFieldWorks" classname="Tests.Testat02" runstate="Runnable" seed="756161929" result="Failed" start-time="2020-11-21 23:52:05Z" end-time="2020-11-21 23:52:05Z" duration="0.013393" asserts="0">
              <properties />
              <failure>
                <message><![CDATA[Unhandled log message: '[Error] Scene 'InputTest' couldn't be loaded because it has not been added to the build settings or the AssetBundle has not been loaded.
To add a scene to the build settings use the menu File->Build Settings...'. Use UnityEngine.TestTools.LogAssert.Expect]]></message>
                <stack-trace><![CDATA[UnityEngine.SceneManagement.SceneManager:LoadSceneAsync(String)
Tests.<TestAvatarSpeedFieldWorks>d__20:MoveNext() (at Assets/Tests/Testat02.cs:189)
UnityEngine.SetupCoroutine:InvokeMoveNext(IEnumerator, IntPtr)

]]></stack-trace>
              </failure>
              <output><![CDATA[Scene 'InputTest' couldn't be loaded because it has not been added to the build settings or the AssetBundle has not been loaded.
To add a scene to the build settings use the menu File->Build Settings...
]]></output>
            </test-case>
            <test-case id="1063" name="TestAvatarSpeedFieldWorks(upArrow+leftArrow,5.0f,2)" fullname="Tests.Testat02.TestAvatarSpeedFieldWorks(upArrow+leftArrow,5.0f,2)" methodname="TestAvatarSpeedFieldWorks" classname="Tests.Testat02" runstate="Runnable" seed="546509216" result="Failed" start-time="2020-11-21 23:52:05Z" end-time="2020-11-21 23:52:05Z" duration="0.013730" asserts="0">
              <properties />
              <failure>
                <message><![CDATA[Unhandled log message: '[Error] Scene 'InputTest' couldn't be loaded because it has not been added to the build settings or the AssetBundle has not been loaded.
To add a scene to the build settings use the menu File->Build Settings...'. Use UnityEngine.TestTools.LogAssert.Expect]]></message>
                <stack-trace><![CDATA[UnityEngine.SceneManagement.SceneManager:LoadSceneAsync(String)
Tests.<TestAvatarSpeedFieldWorks>d__20:MoveNext() (at Assets/Tests/Testat02.cs:189)
UnityEngine.SetupCoroutine:InvokeMoveNext(IEnumerator, IntPtr)

]]></stack-trace>
              </failure>
              <output><![CDATA[Scene 'InputTest' couldn't be loaded because it has not been added to the build settings or the AssetBundle has not been loaded.
To add a scene to the build settings use the menu File->Build Settings...
]]></output>
            </test-case>
            <test-case id="1064" name="TestAvatarSpeedFieldWorks(upArrow+leftArrow,5.0f,4)" fullname="Tests.Testat02.TestAvatarSpeedFieldWorks(upArrow+leftArrow,5.0f,4)" methodname="TestAvatarSpeedFieldWorks" classname="Tests.Testat02" runstate="Runnable" seed="1335288296" result="Failed" start-time="2020-11-21 23:52:05Z" end-time="2020-11-21 23:52:05Z" duration="0.012812" asserts="0">
              <properties />
              <failure>
                <message><![CDATA[Unhandled log message: '[Error] Scene 'InputTest' couldn't be loaded because it has not been added to the build settings or the AssetBundle has not been loaded.
To add a scene to the build settings use the menu File->Build Settings...'. Use UnityEngine.TestTools.LogAssert.Expect]]></message>
                <stack-trace><![CDATA[UnityEngine.SceneManagement.SceneManager:LoadSceneAsync(String)
Tests.<TestAvatarSpeedFieldWorks>d__20:MoveNext() (at Assets/Tests/Testat02.cs:189)
UnityEngine.SetupCoroutine:InvokeMoveNext(IEnumerator, IntPtr)

]]></stack-trace>
              </failure>
              <output><![CDATA[Scene 'InputTest' couldn't be loaded because it has not been added to the build settings or the AssetBundle has not been loaded.
To add a scene to the build settings use the menu File->Build Settings...
]]></output>
            </test-case>
            <test-case id="1065" name="TestAvatarSpeedFieldWorks(downArrow+leftArrow,0.0f,0)" fullname="Tests.Testat02.TestAvatarSpeedFieldWorks(downArrow+leftArrow,0.0f,0)" methodname="TestAvatarSpeedFieldWorks" classname="Tests.Testat02" runstate="Runnable" seed="1146765728" result="Failed" start-time="2020-11-21 23:52:05Z" end-time="2020-11-21 23:52:05Z" duration="0.013202" asserts="0">
              <properties />
              <failure>
                <message><![CDATA[Unhandled log message: '[Error] Scene 'InputTest' couldn't be loaded because it has not been added to the build settings or the AssetBundle has not been loaded.
To add a scene to the build settings use the menu File->Build Settings...'. Use UnityEngine.TestTools.LogAssert.Expect]]></message>
                <stack-trace><![CDATA[UnityEngine.SceneManagement.SceneManager:LoadSceneAsync(String)
Tests.<TestAvatarSpeedFieldWorks>d__20:MoveNext() (at Assets/Tests/Testat02.cs:189)
UnityEngine.SetupCoroutine:InvokeMoveNext(IEnumerator, IntPtr)

]]></stack-trace>
              </failure>
              <output><![CDATA[Scene 'InputTest' couldn't be loaded because it has not been added to the build settings or the AssetBundle has not been loaded.
To add a scene to the build settings use the menu File->Build Settings...
]]></output>
            </test-case>
            <test-case id="1066" name="TestAvatarSpeedFieldWorks(downArrow+leftArrow,0.0f,2)" fullname="Tests.Testat02.TestAvatarSpeedFieldWorks(downArrow+leftArrow,0.0f,2)" methodname="TestAvatarSpeedFieldWorks" classname="Tests.Testat02" runstate="Runnable" seed="2037956531" result="Failed" start-time="2020-11-21 23:52:05Z" end-time="2020-11-21 23:52:05Z" duration="0.013328" asserts="0">
              <properties />
              <failure>
                <message><![CDATA[Unhandled log message: '[Error] Scene 'InputTest' couldn't be loaded because it has not been added to the build settings or the AssetBundle has not been loaded.
To add a scene to the build settings use the menu File->Build Settings...'. Use UnityEngine.TestTools.LogAssert.Expect]]></message>
                <stack-trace><![CDATA[UnityEngine.SceneManagement.SceneManager:LoadSceneAsync(String)
Tests.<TestAvatarSpeedFieldWorks>d__20:MoveNext() (at Assets/Tests/Testat02.cs:189)
UnityEngine.SetupCoroutine:InvokeMoveNext(IEnumerator, IntPtr)

]]></stack-trace>
              </failure>
              <output><![CDATA[Scene 'InputTest' couldn't be loaded because it has not been added to the build settings or the AssetBundle has not been loaded.
To add a scene to the build settings use the menu File->Build Settings...
]]></output>
            </test-case>
            <test-case id="1067" name="TestAvatarSpeedFieldWorks(downArrow+leftArrow,0.0f,4)" fullname="Tests.Testat02.TestAvatarSpeedFieldWorks(downArrow+leftArrow,0.0f,4)" methodname="TestAvatarSpeedFieldWorks" classname="Tests.Testat02" runstate="Runnable" seed="1957311260" result="Failed" start-time="2020-11-21 23:52:05Z" end-time="2020-11-21 23:52:05Z" duration="0.013380" asserts="0">
              <properties />
              <failure>
                <message><![CDATA[Unhandled log message: '[Error] Scene 'InputTest' couldn't be loaded because it has not been added to the build settings or the AssetBundle has not been loaded.
To add a scene to the build settings use the menu File->Build Settings...'. Use UnityEngine.TestTools.LogAssert.Expect]]></message>
                <stack-trace><![CDATA[UnityEngine.SceneManagement.SceneManager:LoadSceneAsync(String)
Tests.<TestAvatarSpeedFieldWorks>d__20:MoveNext() (at Assets/Tests/Testat02.cs:189)
UnityEngine.SetupCoroutine:InvokeMoveNext(IEnumerator, IntPtr)

]]></stack-trace>
              </failure>
              <output><![CDATA[Scene 'InputTest' couldn't be loaded because it has not been added to the build settings or the AssetBundle has not been loaded.
To add a scene to the build settings use the menu File->Build Settings...
]]></output>
            </test-case>
            <test-case id="1068" name="TestAvatarSpeedFieldWorks(downArrow+leftArrow,5.0f,0)" fullname="Tests.Testat02.TestAvatarSpeedFieldWorks(downArrow+leftArrow,5.0f,0)" methodname="TestAvatarSpeedFieldWorks" classname="Tests.Testat02" runstate="Runnable" seed="1696159041" result="Failed" start-time="2020-11-21 23:52:05Z" end-time="2020-11-21 23:52:05Z" duration="0.013648" asserts="0">
              <properties />
              <failure>
                <message><![CDATA[Unhandled log message: '[Error] Scene 'InputTest' couldn't be loaded because it has not been added to the build settings or the AssetBundle has not been loaded.
To add a scene to the build settings use the menu File->Build Settings...'. Use UnityEngine.TestTools.LogAssert.Expect]]></message>
                <stack-trace><![CDATA[UnityEngine.SceneManagement.SceneManager:LoadSceneAsync(String)
Tests.<TestAvatarSpeedFieldWorks>d__20:MoveNext() (at Assets/Tests/Testat02.cs:189)
UnityEngine.SetupCoroutine:InvokeMoveNext(IEnumerator, IntPtr)

]]></stack-trace>
              </failure>
              <output><![CDATA[Scene 'InputTest' couldn't be loaded because it has not been added to the build settings or the AssetBundle has not been loaded.
To add a scene to the build settings use the menu File->Build Settings...
]]></output>
            </test-case>
            <test-case id="1069" name="TestAvatarSpeedFieldWorks(downArrow+leftArrow,5.0f,2)" fullname="Tests.Testat02.TestAvatarSpeedFieldWorks(downArrow+leftArrow,5.0f,2)" methodname="TestAvatarSpeedFieldWorks" classname="Tests.Testat02" runstate="Runnable" seed="1424071079" result="Failed" start-time="2020-11-21 23:52:05Z" end-time="2020-11-21 23:52:05Z" duration="0.013605" asserts="0">
              <properties />
              <failure>
                <message><![CDATA[Unhandled log message: '[Error] Scene 'InputTest' couldn't be loaded because it has not been added to the build settings or the AssetBundle has not been loaded.
To add a scene to the build settings use the menu File->Build Settings...'. Use UnityEngine.TestTools.LogAssert.Expect]]></message>
                <stack-trace><![CDATA[UnityEngine.SceneManagement.SceneManager:LoadSceneAsync(String)
Tests.<TestAvatarSpeedFieldWorks>d__20:MoveNext() (at Assets/Tests/Testat02.cs:189)
UnityEngine.SetupCoroutine:InvokeMoveNext(IEnumerator, IntPtr)

]]></stack-trace>
              </failure>
              <output><![CDATA[Scene 'InputTest' couldn't be loaded because it has not been added to the build settings or the AssetBundle has not been loaded.
To add a scene to the build settings use the menu File->Build Settings...
]]></output>
            </test-case>
            <test-case id="1070" name="TestAvatarSpeedFieldWorks(downArrow+leftArrow,5.0f,4)" fullname="Tests.Testat02.TestAvatarSpeedFieldWorks(downArrow+leftArrow,5.0f,4)" methodname="TestAvatarSpeedFieldWorks" classname="Tests.Testat02" runstate="Runnable" seed="667454657" result="Failed" start-time="2020-11-21 23:52:05Z" end-time="2020-11-21 23:52:05Z" duration="0.013691" asserts="0">
              <properties />
              <failure>
                <message><![CDATA[Unhandled log message: '[Error] Scene 'InputTest' couldn't be loaded because it has not been added to the build settings or the AssetBundle has not been loaded.
To add a scene to the build settings use the menu File->Build Settings...'. Use UnityEngine.TestTools.LogAssert.Expect]]></message>
                <stack-trace><![CDATA[UnityEngine.SceneManagement.SceneManager:LoadSceneAsync(String)
Tests.<TestAvatarSpeedFieldWorks>d__20:MoveNext() (at Assets/Tests/Testat02.cs:189)
UnityEngine.SetupCoroutine:InvokeMoveNext(IEnumerator, IntPtr)

]]></stack-trace>
              </failure>
              <output><![CDATA[Scene 'InputTest' couldn't be loaded because it has not been added to the build settings or the AssetBundle has not been loaded.
To add a scene to the build settings use the menu File->Build Settings...
]]></output>
            </test-case>
          </test-suite>
          <test-case id="1010" name="TestEmailAddress" fullname="Tests.Testat02.TestEmailAddress" methodname="TestEmailAddress" classname="Tests.Testat02" runstate="Runnable" seed="1742162100" result="Failed" start-time="2020-11-21 23:52:05Z" end-time="2020-11-21 23:52:05Z" duration="0.001436" asserts="0">
            <properties />
            <failure>
              <message><![CDATA[  Company Name must be a valid e-mail address, but was 'DefaultCompany'
  Expected: True
  But was:  False
]]></message>
              <stack-trace><![CDATA[at Tests.Testat02.TestEmailAddress () [0x00001] in C:\Unity\workspace\2020WS.UnityPP.julehe1702\UnityPP.Projektskelett\Assets\Tests\Testat02.cs:100
]]></stack-trace>
            </failure>
          </test-case>
          <test-suite type="ParameterizedMethod" id="1009" name="TestGitFiles" fullname="Tests.Testat02.TestGitFiles" classname="Tests.Testat02" runstate="Runnable" testcasecount="2" result="Failed" site="Child" start-time="2020-11-21 23:52:05Z" end-time="2020-11-21 23:52:05Z" duration="0.005486" total="2" passed="0" failed="2" inconclusive="0" skipped="0" asserts="0">
            <properties />
            <failure>
              <message><![CDATA[One or more child tests had errors]]></message>
            </failure>
            <test-case id="1007" name="TestGitFiles(&quot;./.gitignore&quot;)" fullname="Tests.Testat02.TestGitFiles(&quot;./.gitignore&quot;)" methodname="TestGitFiles" classname="Tests.Testat02" runstate="Runnable" seed="1191939166" result="Failed" start-time="2020-11-21 23:52:05Z" end-time="2020-11-21 23:52:05Z" duration="0.001367" asserts="0">
              <properties />
              <failure>
                <message><![CDATA[  File 'C:\Unity\workspace\2020WS.UnityPP.julehe1702\UnityPP.Projektskelett\.gitignore' not found.
  Expected: True
  But was:  False
]]></message>
                <stack-trace><![CDATA[at Tests.Testat02.TestGitFiles (System.String path) [0x00008] in C:\Unity\workspace\2020WS.UnityPP.julehe1702\UnityPP.Projektskelett\Assets\Tests\Testat02.cs:94
]]></stack-trace>
              </failure>
            </test-case>
            <test-case id="1008" name="TestGitFiles(&quot;./.gitattributes&quot;)" fullname="Tests.Testat02.TestGitFiles(&quot;./.gitattributes&quot;)" methodname="TestGitFiles" classname="Tests.Testat02" runstate="Runnable" seed="932104810" result="Failed" start-time="2020-11-21 23:52:05Z" end-time="2020-11-21 23:52:05Z" duration="0.000996" asserts="0">
              <properties />
              <failure>
                <message><![CDATA[  File 'C:\Unity\workspace\2020WS.UnityPP.julehe1702\UnityPP.Projektskelett\.gitattributes' not found.
  Expected: True
  But was:  False
]]></message>
                <stack-trace><![CDATA[at Tests.Testat02.TestGitFiles (System.String path) [0x00008] in C:\Unity\workspace\2020WS.UnityPP.julehe1702\UnityPP.Projektskelett\Assets\Tests\Testat02.cs:94
]]></stack-trace>
              </failure>
            </test-case>
          </test-suite>
          <test-case id="1011" name="TestSceneExists" fullname="Tests.Testat02.TestSceneExists" methodname="TestSceneExists" classname="Tests.Testat02" runstate="Runnable" seed="1240614287" result="Failed" start-time="2020-11-21 23:52:05Z" end-time="2020-11-21 23:52:05Z" duration="0.001360" asserts="0">
            <properties />
            <failure>
              <message><![CDATA[  File 'C:\Unity\workspace\2020WS.UnityPP.julehe1702\UnityPP.Projektskelett\Assets\Scenes\InputTest.unity' not found.
  Expected: True
  But was:  False
]]></message>
              <stack-trace><![CDATA[at Tests.Testat02.TestSceneExists () [0x0000c] in C:\Unity\workspace\2020WS.UnityPP.julehe1702\UnityPP.Projektskelett\Assets\Tests\Testat02.cs:107
]]></stack-trace>
            </failure>
          </test-case>
        </test-suite>
        <test-suite type="TestFixture" id="1072" name="Testat03" fullname="Tests.Testat03" classname="Tests.Testat03" runstate="Runnable" testcasecount="19" result="Failed" site="Child" start-time="2020-11-21 23:52:05Z" end-time="2020-11-21 23:52:06Z" duration="0.384642" total="19" passed="0" failed="19" inconclusive="0" skipped="0" asserts="0">
          <properties />
          <failure>
            <message><![CDATA[One or more child tests had errors]]></message>
          </failure>
          <test-case id="1082" name="TestAvatarGravityWhenFalling" fullname="Tests.Testat03.TestAvatarGravityWhenFalling" methodname="TestAvatarGravityWhenFalling" classname="Tests.Testat03" runstate="Runnable" seed="1252891367" result="Failed" start-time="2020-11-21 23:52:05Z" end-time="2020-11-21 23:52:05Z" duration="0.019334" asserts="0">
            <properties>
              <property name="_JOINTYPE" value="UnityCombinatorial" />
            </properties>
            <failure>
              <message><![CDATA[  Expected: file exists
  But was:  <Assets/Prefabs/Avatar.prefab>
]]></message>
              <stack-trace><![CDATA[at NUnit.Framework.FileAssert.Exists (System.IO.FileInfo actual, System.String message, System.Object[] args) [0x0000c] in <59819be142c34115ade688f6962021f1>:0
at NUnit.Framework.FileAssert.Exists (System.IO.FileInfo actual) [0x00001] in <59819be142c34115ade688f6962021f1>:0
at Tests.TestUtils.LoadPrefab (System.String path) [0x00008] in C:\Unity\workspace\2020WS.UnityPP.julehe1702\UnityPP.Projektskelett\Assets\Tests\TestUtils.cs:89
at Tests.Testat03.InstantiateAvatar (UnityEngine.Vector3 position) [0x00001] in C:\Unity\workspace\2020WS.UnityPP.julehe1702\UnityPP.Projektskelett\Assets\Tests\Testat03.cs:255
at Tests.Testat03+<TestAvatarGravityWhenFalling>d__25.MoveNext () [0x00049] in C:\Unity\workspace\2020WS.UnityPP.julehe1702\UnityPP.Projektskelett\Assets\Tests\Testat03.cs:112
at UnityEngine.TestTools.TestEnumerator+<Execute>d__6.MoveNext () [0x0004c] in C:\Unity\workspace\2020WS.UnityPP.julehe1702\UnityPP.Projektskelett\Library\PackageCache\com.unity.test-framework@1.1.18\UnityEngine.TestRunner\NUnitExtensions\Attributes\TestEnumerator.cs:36
]]></stack-trace>
            </failure>
          </test-case>
          <test-case id="1092" name="TestAvatarGravityWhenGrounded" fullname="Tests.Testat03.TestAvatarGravityWhenGrounded" methodname="TestAvatarGravityWhenGrounded" classname="Tests.Testat03" runstate="Runnable" seed="673323780" result="Failed" start-time="2020-11-21 23:52:05Z" end-time="2020-11-21 23:52:05Z" duration="0.020387" asserts="0">
            <properties>
              <property name="_JOINTYPE" value="UnityCombinatorial" />
            </properties>
            <failure>
              <message><![CDATA[  Expected: file exists
  But was:  <Assets/Prefabs/Platform.prefab>
]]></message>
              <stack-trace><![CDATA[at NUnit.Framework.FileAssert.Exists (System.IO.FileInfo actual, System.String message, System.Object[] args) [0x0000c] in <59819be142c34115ade688f6962021f1>:0
at NUnit.Framework.FileAssert.Exists (System.IO.FileInfo actual) [0x00001] in <59819be142c34115ade688f6962021f1>:0
at Tests.TestUtils.LoadPrefab (System.String path) [0x00008] in C:\Unity\workspace\2020WS.UnityPP.julehe1702\UnityPP.Projektskelett\Assets\Tests\TestUtils.cs:89
at Tests.Testat03.InstantiatePlatform (UnityEngine.Vector3 position) [0x00001] in C:\Unity\workspace\2020WS.UnityPP.julehe1702\UnityPP.Projektskelett\Assets\Tests\Testat03.cs:266
at Tests.Testat03+<TestAvatarGravityWhenGrounded>d__27.MoveNext () [0x00049] in C:\Unity\workspace\2020WS.UnityPP.julehe1702\UnityPP.Projektskelett\Assets\Tests\Testat03.cs:167
at UnityEngine.TestTools.TestEnumerator+<Execute>d__6.MoveNext () [0x0004c] in C:\Unity\workspace\2020WS.UnityPP.julehe1702\UnityPP.Projektskelett\Library\PackageCache\com.unity.test-framework@1.1.18\UnityEngine.TestRunner\NUnitExtensions\Attributes\TestEnumerator.cs:36
]]></stack-trace>
            </failure>
          </test-case>
          <test-suite type="ParameterizedMethod" id="1091" name="TestAvatarMovement" fullname="Tests.Testat03.TestAvatarMovement" classname="Tests.Testat03" runstate="Runnable" testcasecount="8" result="Failed" site="Child" start-time="2020-11-21 23:52:05Z" end-time="2020-11-21 23:52:06Z" duration="0.155727" total="8" passed="0" failed="8" inconclusive="0" skipped="0" asserts="0">
            <properties>
              <property name="_JOINTYPE" value="UnityCombinatorial" />
            </properties>
            <failure>
              <message><![CDATA[One or more child tests had errors]]></message>
            </failure>
            <test-case id="1083" name="TestAvatarMovement(rightArrow,0.0f,2)" fullname="Tests.Testat03.TestAvatarMovement(rightArrow,0.0f,2)" methodname="TestAvatarMovement" classname="Tests.Testat03" runstate="Runnable" seed="847732424" result="Failed" start-time="2020-11-21 23:52:05Z" end-time="2020-11-21 23:52:05Z" duration="0.010863" asserts="0">
              <properties />
              <failure>
                <message><![CDATA[  Expected: file exists
  But was:  <Assets/Prefabs/Avatar.prefab>
]]></message>
                <stack-trace><![CDATA[at NUnit.Framework.FileAssert.Exists (System.IO.FileInfo actual, System.String message, System.Object[] args) [0x0000c] in <59819be142c34115ade688f6962021f1>:0
at NUnit.Framework.FileAssert.Exists (System.IO.FileInfo actual) [0x00001] in <59819be142c34115ade688f6962021f1>:0
at Tests.TestUtils.LoadPrefab (System.String path) [0x00008] in C:\Unity\workspace\2020WS.UnityPP.julehe1702\UnityPP.Projektskelett\Assets\Tests\TestUtils.cs:89
at Tests.Testat03.InstantiateAvatar (UnityEngine.Vector3 position) [0x00001] in C:\Unity\workspace\2020WS.UnityPP.julehe1702\UnityPP.Projektskelett\Assets\Tests\Testat03.cs:255
at Tests.Testat03+<TestAvatarMovement>d__26.MoveNext () [0x0004f] in C:\Unity\workspace\2020WS.UnityPP.julehe1702\UnityPP.Projektskelett\Assets\Tests\Testat03.cs:137
at UnityEngine.TestTools.TestEnumerator+<Execute>d__6.MoveNext () [0x0004c] in C:\Unity\workspace\2020WS.UnityPP.julehe1702\UnityPP.Projektskelett\Library\PackageCache\com.unity.test-framework@1.1.18\UnityEngine.TestRunner\NUnitExtensions\Attributes\TestEnumerator.cs:36
]]></stack-trace>
              </failure>
            </test-case>
            <test-case id="1084" name="TestAvatarMovement(rightArrow,0.0f,8)" fullname="Tests.Testat03.TestAvatarMovement(rightArrow,0.0f,8)" methodname="TestAvatarMovement" classname="Tests.Testat03" runstate="Runnable" seed="391047289" result="Failed" start-time="2020-11-21 23:52:05Z" end-time="2020-11-21 23:52:05Z" duration="0.017346" asserts="0">
              <properties />
              <failure>
                <message><![CDATA[  Expected: file exists
  But was:  <Assets/Prefabs/Avatar.prefab>
]]></message>
                <stack-trace><![CDATA[at NUnit.Framework.FileAssert.Exists (System.IO.FileInfo actual, System.String message, System.Object[] args) [0x0000c] in <59819be142c34115ade688f6962021f1>:0
at NUnit.Framework.FileAssert.Exists (System.IO.FileInfo actual) [0x00001] in <59819be142c34115ade688f6962021f1>:0
at Tests.TestUtils.LoadPrefab (System.String path) [0x00008] in C:\Unity\workspace\2020WS.UnityPP.julehe1702\UnityPP.Projektskelett\Assets\Tests\TestUtils.cs:89
at Tests.Testat03.InstantiateAvatar (UnityEngine.Vector3 position) [0x00001] in C:\Unity\workspace\2020WS.UnityPP.julehe1702\UnityPP.Projektskelett\Assets\Tests\Testat03.cs:255
at Tests.Testat03+<TestAvatarMovement>d__26.MoveNext () [0x0004f] in C:\Unity\workspace\2020WS.UnityPP.julehe1702\UnityPP.Projektskelett\Assets\Tests\Testat03.cs:137
at UnityEngine.TestTools.TestEnumerator+<Execute>d__6.MoveNext () [0x0004c] in C:\Unity\workspace\2020WS.UnityPP.julehe1702\UnityPP.Projektskelett\Library\PackageCache\com.unity.test-framework@1.1.18\UnityEngine.TestRunner\NUnitExtensions\Attributes\TestEnumerator.cs:36
]]></stack-trace>
              </failure>
            </test-case>
            <test-case id="1085" name="TestAvatarMovement(rightArrow,5.0f,2)" fullname="Tests.Testat03.TestAvatarMovement(rightArrow,5.0f,2)" methodname="TestAvatarMovement" classname="Tests.Testat03" runstate="Runnable" seed="730889897" result="Failed" start-time="2020-11-21 23:52:05Z" end-time="2020-11-21 23:52:05Z" duration="0.017751" asserts="0">
              <properties />
              <failure>
                <message><![CDATA[  Expected: file exists
  But was:  <Assets/Prefabs/Avatar.prefab>
]]></message>
                <stack-trace><![CDATA[at NUnit.Framework.FileAssert.Exists (System.IO.FileInfo actual, System.String message, System.Object[] args) [0x0000c] in <59819be142c34115ade688f6962021f1>:0
at NUnit.Framework.FileAssert.Exists (System.IO.FileInfo actual) [0x00001] in <59819be142c34115ade688f6962021f1>:0
at Tests.TestUtils.LoadPrefab (System.String path) [0x00008] in C:\Unity\workspace\2020WS.UnityPP.julehe1702\UnityPP.Projektskelett\Assets\Tests\TestUtils.cs:89
at Tests.Testat03.InstantiateAvatar (UnityEngine.Vector3 position) [0x00001] in C:\Unity\workspace\2020WS.UnityPP.julehe1702\UnityPP.Projektskelett\Assets\Tests\Testat03.cs:255
at Tests.Testat03+<TestAvatarMovement>d__26.MoveNext () [0x0004f] in C:\Unity\workspace\2020WS.UnityPP.julehe1702\UnityPP.Projektskelett\Assets\Tests\Testat03.cs:137
at UnityEngine.TestTools.TestEnumerator+<Execute>d__6.MoveNext () [0x0004c] in C:\Unity\workspace\2020WS.UnityPP.julehe1702\UnityPP.Projektskelett\Library\PackageCache\com.unity.test-framework@1.1.18\UnityEngine.TestRunner\NUnitExtensions\Attributes\TestEnumerator.cs:36
]]></stack-trace>
              </failure>
            </test-case>
            <test-case id="1086" name="TestAvatarMovement(rightArrow,5.0f,8)" fullname="Tests.Testat03.TestAvatarMovement(rightArrow,5.0f,8)" methodname="TestAvatarMovement" classname="Tests.Testat03" runstate="Runnable" seed="1906219545" result="Failed" start-time="2020-11-21 23:52:05Z" end-time="2020-11-21 23:52:05Z" duration="0.017503" asserts="0">
              <properties />
              <failure>
                <message><![CDATA[  Expected: file exists
  But was:  <Assets/Prefabs/Avatar.prefab>
]]></message>
                <stack-trace><![CDATA[at NUnit.Framework.FileAssert.Exists (System.IO.FileInfo actual, System.String message, System.Object[] args) [0x0000c] in <59819be142c34115ade688f6962021f1>:0
at NUnit.Framework.FileAssert.Exists (System.IO.FileInfo actual) [0x00001] in <59819be142c34115ade688f6962021f1>:0
at Tests.TestUtils.LoadPrefab (System.String path) [0x00008] in C:\Unity\workspace\2020WS.UnityPP.julehe1702\UnityPP.Projektskelett\Assets\Tests\TestUtils.cs:89
at Tests.Testat03.InstantiateAvatar (UnityEngine.Vector3 position) [0x00001] in C:\Unity\workspace\2020WS.UnityPP.julehe1702\UnityPP.Projektskelett\Assets\Tests\Testat03.cs:255
at Tests.Testat03+<TestAvatarMovement>d__26.MoveNext () [0x0004f] in C:\Unity\workspace\2020WS.UnityPP.julehe1702\UnityPP.Projektskelett\Assets\Tests\Testat03.cs:137
at UnityEngine.TestTools.TestEnumerator+<Execute>d__6.MoveNext () [0x0004c] in C:\Unity\workspace\2020WS.UnityPP.julehe1702\UnityPP.Projektskelett\Library\PackageCache\com.unity.test-framework@1.1.18\UnityEngine.TestRunner\NUnitExtensions\Attributes\TestEnumerator.cs:36
]]></stack-trace>
              </failure>
            </test-case>
            <test-case id="1087" name="TestAvatarMovement(leftArrow,0.0f,2)" fullname="Tests.Testat03.TestAvatarMovement(leftArrow,0.0f,2)" methodname="TestAvatarMovement" classname="Tests.Testat03" runstate="Runnable" seed="522539901" result="Failed" start-time="2020-11-21 23:52:05Z" end-time="2020-11-21 23:52:05Z" duration="0.017731" asserts="0">
              <properties />
              <failure>
                <message><![CDATA[  Expected: file exists
  But was:  <Assets/Prefabs/Avatar.prefab>
]]></message>
                <stack-trace><![CDATA[at NUnit.Framework.FileAssert.Exists (System.IO.FileInfo actual, System.String message, System.Object[] args) [0x0000c] in <59819be142c34115ade688f6962021f1>:0
at NUnit.Framework.FileAssert.Exists (System.IO.FileInfo actual) [0x00001] in <59819be142c34115ade688f6962021f1>:0
at Tests.TestUtils.LoadPrefab (System.String path) [0x00008] in C:\Unity\workspace\2020WS.UnityPP.julehe1702\UnityPP.Projektskelett\Assets\Tests\TestUtils.cs:89
at Tests.Testat03.InstantiateAvatar (UnityEngine.Vector3 position) [0x00001] in C:\Unity\workspace\2020WS.UnityPP.julehe1702\UnityPP.Projektskelett\Assets\Tests\Testat03.cs:255
at Tests.Testat03+<TestAvatarMovement>d__26.MoveNext () [0x0004f] in C:\Unity\workspace\2020WS.UnityPP.julehe1702\UnityPP.Projektskelett\Assets\Tests\Testat03.cs:137
at UnityEngine.TestTools.TestEnumerator+<Execute>d__6.MoveNext () [0x0004c] in C:\Unity\workspace\2020WS.UnityPP.julehe1702\UnityPP.Projektskelett\Library\PackageCache\com.unity.test-framework@1.1.18\UnityEngine.TestRunner\NUnitExtensions\Attributes\TestEnumerator.cs:36
]]></stack-trace>
              </failure>
            </test-case>
            <test-case id="1088" name="TestAvatarMovement(leftArrow,0.0f,8)" fullname="Tests.Testat03.TestAvatarMovement(leftArrow,0.0f,8)" methodname="TestAvatarMovement" classname="Tests.Testat03" runstate="Runnable" seed="177688166" result="Failed" start-time="2020-11-21 23:52:05Z" end-time="2020-11-21 23:52:05Z" duration="0.017505" asserts="0">
              <properties />
              <failure>
                <message><![CDATA[  Expected: file exists
  But was:  <Assets/Prefabs/Avatar.prefab>
]]></message>
                <stack-trace><![CDATA[at NUnit.Framework.FileAssert.Exists (System.IO.FileInfo actual, System.String message, System.Object[] args) [0x0000c] in <59819be142c34115ade688f6962021f1>:0
at NUnit.Framework.FileAssert.Exists (System.IO.FileInfo actual) [0x00001] in <59819be142c34115ade688f6962021f1>:0
at Tests.TestUtils.LoadPrefab (System.String path) [0x00008] in C:\Unity\workspace\2020WS.UnityPP.julehe1702\UnityPP.Projektskelett\Assets\Tests\TestUtils.cs:89
at Tests.Testat03.InstantiateAvatar (UnityEngine.Vector3 position) [0x00001] in C:\Unity\workspace\2020WS.UnityPP.julehe1702\UnityPP.Projektskelett\Assets\Tests\Testat03.cs:255
at Tests.Testat03+<TestAvatarMovement>d__26.MoveNext () [0x0004f] in C:\Unity\workspace\2020WS.UnityPP.julehe1702\UnityPP.Projektskelett\Assets\Tests\Testat03.cs:137
at UnityEngine.TestTools.TestEnumerator+<Execute>d__6.MoveNext () [0x0004c] in C:\Unity\workspace\2020WS.UnityPP.julehe1702\UnityPP.Projektskelett\Library\PackageCache\com.unity.test-framework@1.1.18\UnityEngine.TestRunner\NUnitExtensions\Attributes\TestEnumerator.cs:36
]]></stack-trace>
              </failure>
            </test-case>
            <test-case id="1089" name="TestAvatarMovement(leftArrow,5.0f,2)" fullname="Tests.Testat03.TestAvatarMovement(leftArrow,5.0f,2)" methodname="TestAvatarMovement" classname="Tests.Testat03" runstate="Runnable" seed="2117178934" result="Failed" start-time="2020-11-21 23:52:05Z" end-time="2020-11-21 23:52:05Z" duration="0.017594" asserts="0">
              <properties />
              <failure>
                <message><![CDATA[  Expected: file exists
  But was:  <Assets/Prefabs/Avatar.prefab>
]]></message>
                <stack-trace><![CDATA[at NUnit.Framework.FileAssert.Exists (System.IO.FileInfo actual, System.String message, System.Object[] args) [0x0000c] in <59819be142c34115ade688f6962021f1>:0
at NUnit.Framework.FileAssert.Exists (System.IO.FileInfo actual) [0x00001] in <59819be142c34115ade688f6962021f1>:0
at Tests.TestUtils.LoadPrefab (System.String path) [0x00008] in C:\Unity\workspace\2020WS.UnityPP.julehe1702\UnityPP.Projektskelett\Assets\Tests\TestUtils.cs:89
at Tests.Testat03.InstantiateAvatar (UnityEngine.Vector3 position) [0x00001] in C:\Unity\workspace\2020WS.UnityPP.julehe1702\UnityPP.Projektskelett\Assets\Tests\Testat03.cs:255
at Tests.Testat03+<TestAvatarMovement>d__26.MoveNext () [0x0004f] in C:\Unity\workspace\2020WS.UnityPP.julehe1702\UnityPP.Projektskelett\Assets\Tests\Testat03.cs:137
at UnityEngine.TestTools.TestEnumerator+<Execute>d__6.MoveNext () [0x0004c] in C:\Unity\workspace\2020WS.UnityPP.julehe1702\UnityPP.Projektskelett\Library\PackageCache\com.unity.test-framework@1.1.18\UnityEngine.TestRunner\NUnitExtensions\Attributes\TestEnumerator.cs:36
]]></stack-trace>
              </failure>
            </test-case>
            <test-case id="1090" name="TestAvatarMovement(leftArrow,5.0f,8)" fullname="Tests.Testat03.TestAvatarMovement(leftArrow,5.0f,8)" methodname="TestAvatarMovement" classname="Tests.Testat03" runstate="Runnable" seed="26583074" result="Failed" start-time="2020-11-21 23:52:05Z" end-time="2020-11-21 23:52:05Z" duration="0.017474" asserts="0">
              <properties />
              <failure>
                <message><![CDATA[  Expected: file exists
  But was:  <Assets/Prefabs/Avatar.prefab>
]]></message>
                <stack-trace><![CDATA[at NUnit.Framework.FileAssert.Exists (System.IO.FileInfo actual, System.String message, System.Object[] args) [0x0000c] in <59819be142c34115ade688f6962021f1>:0
at NUnit.Framework.FileAssert.Exists (System.IO.FileInfo actual) [0x00001] in <59819be142c34115ade688f6962021f1>:0
at Tests.TestUtils.LoadPrefab (System.String path) [0x00008] in C:\Unity\workspace\2020WS.UnityPP.julehe1702\UnityPP.Projektskelett\Assets\Tests\TestUtils.cs:89
at Tests.Testat03.InstantiateAvatar (UnityEngine.Vector3 position) [0x00001] in C:\Unity\workspace\2020WS.UnityPP.julehe1702\UnityPP.Projektskelett\Assets\Tests\Testat03.cs:255
at Tests.Testat03+<TestAvatarMovement>d__26.MoveNext () [0x0004f] in C:\Unity\workspace\2020WS.UnityPP.julehe1702\UnityPP.Projektskelett\Assets\Tests\Testat03.cs:137
at UnityEngine.TestTools.TestEnumerator+<Execute>d__6.MoveNext () [0x0004c] in C:\Unity\workspace\2020WS.UnityPP.julehe1702\UnityPP.Projektskelett\Library\PackageCache\com.unity.test-framework@1.1.18\UnityEngine.TestRunner\NUnitExtensions\Attributes\TestEnumerator.cs:36
]]></stack-trace>
              </failure>
            </test-case>
          </test-suite>
          <test-case id="1081" name="TestAvatarPrefab" fullname="Tests.Testat03.TestAvatarPrefab" methodname="TestAvatarPrefab" classname="Tests.Testat03" runstate="Runnable" seed="2082675948" result="Failed" start-time="2020-11-21 23:52:06Z" end-time="2020-11-21 23:52:06Z" duration="0.001582" asserts="0">
            <properties />
            <failure>
              <message><![CDATA[  Expected: file exists
  But was:  <Assets/Prefabs/Avatar.prefab>
]]></message>
              <stack-trace><![CDATA[at NUnit.Framework.FileAssert.Exists (System.IO.FileInfo actual, System.String message, System.Object[] args) [0x0000c] in <59819be142c34115ade688f6962021f1>:0
at NUnit.Framework.FileAssert.Exists (System.IO.FileInfo actual) [0x00001] in <59819be142c34115ade688f6962021f1>:0
at Tests.TestUtils.LoadPrefab (System.String path) [0x00008] in C:\Unity\workspace\2020WS.UnityPP.julehe1702\UnityPP.Projektskelett\Assets\Tests\TestUtils.cs:89
at Tests.Testat03.TestAvatarPrefab () [0x00001] in C:\Unity\workspace\2020WS.UnityPP.julehe1702\UnityPP.Projektskelett\Assets\Tests\Testat03.cs:100
]]></stack-trace>
            </failure>
          </test-case>
          <test-suite type="ParameterizedMethod" id="1075" name="TestGitTagExists" fullname="Tests.Testat03.TestGitTagExists" classname="Tests.Testat03" runstate="Runnable" testcasecount="2" result="Failed" site="Child" start-time="2020-11-21 23:52:06Z" end-time="2020-11-21 23:52:06Z" duration="0.116690" total="2" passed="0" failed="2" inconclusive="0" skipped="0" asserts="0">
            <properties />
            <failure>
              <message><![CDATA[One or more child tests had errors]]></message>
            </failure>
            <test-case id="1073" name="TestGitTagExists(&quot;Tx01&quot;)" fullname="Tests.Testat03.TestGitTagExists(&quot;Tx01&quot;)" methodname="TestGitTagExists" classname="Tests.Testat03" runstate="Runnable" seed="1593392904" result="Failed" start-time="2020-11-21 23:52:06Z" end-time="2020-11-21 23:52:06Z" duration="0.067459" asserts="0">
              <properties />
              <failure>
                <message><![CDATA[  No git tags found!
  Expected: not equal to <string.Empty>
  But was:  <string.Empty>
]]></message>
                <stack-trace><![CDATA[at Tests.Testat03.TestGitTagExists (System.String tag) [0x0001d] in C:\Unity\workspace\2020WS.UnityPP.julehe1702\UnityPP.Projektskelett\Assets\Tests\Testat03.cs:67
]]></stack-trace>
              </failure>
            </test-case>
            <test-case id="1074" name="TestGitTagExists(&quot;Tx02&quot;)" fullname="Tests.Testat03.TestGitTagExists(&quot;Tx02&quot;)" methodname="TestGitTagExists" classname="Tests.Testat03" runstate="Runnable" seed="1930418530" result="Failed" start-time="2020-11-21 23:52:06Z" end-time="2020-11-21 23:52:06Z" duration="0.046187" asserts="0">
              <properties />
              <failure>
                <message><![CDATA[  No git tags found!
  Expected: not equal to <string.Empty>
  But was:  <string.Empty>
]]></message>
                <stack-trace><![CDATA[at Tests.Testat03.TestGitTagExists (System.String tag) [0x0001d] in C:\Unity\workspace\2020WS.UnityPP.julehe1702\UnityPP.Projektskelett\Assets\Tests\Testat03.cs:67
]]></stack-trace>
              </failure>
            </test-case>
          </test-suite>
          <test-case id="1080" name="TestPlatformGravity" fullname="Tests.Testat03.TestPlatformGravity" methodname="TestPlatformGravity" classname="Tests.Testat03" runstate="Runnable" seed="2066943623" result="Failed" start-time="2020-11-21 23:52:06Z" end-time="2020-11-21 23:52:06Z" duration="0.016276" asserts="0">
            <properties>
              <property name="_JOINTYPE" value="UnityCombinatorial" />
            </properties>
            <failure>
              <message><![CDATA[  Expected: file exists
  But was:  <Assets/Prefabs/Platform.prefab>
]]></message>
              <stack-trace><![CDATA[at NUnit.Framework.FileAssert.Exists (System.IO.FileInfo actual, System.String message, System.Object[] args) [0x0000c] in <59819be142c34115ade688f6962021f1>:0
at NUnit.Framework.FileAssert.Exists (System.IO.FileInfo actual) [0x00001] in <59819be142c34115ade688f6962021f1>:0
at Tests.TestUtils.LoadPrefab (System.String path) [0x00008] in C:\Unity\workspace\2020WS.UnityPP.julehe1702\UnityPP.Projektskelett\Assets\Tests\TestUtils.cs:89
at Tests.Testat03.InstantiatePlatform (UnityEngine.Vector3 position) [0x00001] in C:\Unity\workspace\2020WS.UnityPP.julehe1702\UnityPP.Projektskelett\Assets\Tests\Testat03.cs:266
at Tests.Testat03+<TestPlatformGravity>d__23.MoveNext () [0x00046] in C:\Unity\workspace\2020WS.UnityPP.julehe1702\UnityPP.Projektskelett\Assets\Tests\Testat03.cs:89
at UnityEngine.TestTools.TestEnumerator+<Execute>d__6.MoveNext () [0x0004c] in C:\Unity\workspace\2020WS.UnityPP.julehe1702\UnityPP.Projektskelett\Library\PackageCache\com.unity.test-framework@1.1.18\UnityEngine.TestRunner\NUnitExtensions\Attributes\TestEnumerator.cs:36
]]></stack-trace>
            </failure>
          </test-case>
          <test-case id="1079" name="TestPlatformPrefab" fullname="Tests.Testat03.TestPlatformPrefab" methodname="TestPlatformPrefab" classname="Tests.Testat03" runstate="Runnable" seed="1610275114" result="Failed" start-time="2020-11-21 23:52:06Z" end-time="2020-11-21 23:52:06Z" duration="0.001873" asserts="0">
            <properties />
            <failure>
              <message><![CDATA[  Expected: file exists
  But was:  <Assets/Prefabs/Platform.prefab>
]]></message>
              <stack-trace><![CDATA[at NUnit.Framework.FileAssert.Exists (System.IO.FileInfo actual, System.String message, System.Object[] args) [0x0000c] in <59819be142c34115ade688f6962021f1>:0
at NUnit.Framework.FileAssert.Exists (System.IO.FileInfo actual) [0x00001] in <59819be142c34115ade688f6962021f1>:0
at Tests.TestUtils.LoadPrefab (System.String path) [0x00008] in C:\Unity\workspace\2020WS.UnityPP.julehe1702\UnityPP.Projektskelett\Assets\Tests\TestUtils.cs:89
at Tests.Testat03.TestPlatformPrefab () [0x00001] in C:\Unity\workspace\2020WS.UnityPP.julehe1702\UnityPP.Projektskelett\Assets\Tests\Testat03.cs:79
]]></stack-trace>
            </failure>
          </test-case>
          <test-suite type="ParameterizedMethod" id="1078" name="TestPrefabExists" fullname="Tests.Testat03.TestPrefabExists" classname="Tests.Testat03" runstate="Runnable" testcasecount="2" result="Failed" site="Child" start-time="2020-11-21 23:52:06Z" end-time="2020-11-21 23:52:06Z" duration="0.005939" total="2" passed="0" failed="2" inconclusive="0" skipped="0" asserts="0">
            <properties />
            <failure>
              <message><![CDATA[One or more child tests had errors]]></message>
            </failure>
            <test-case id="1076" name="TestPrefabExists(&quot;Assets/Prefabs/Avatar.prefab&quot;)" fullname="Tests.Testat03.TestPrefabExists(&quot;Assets/Prefabs/Avatar.prefab&quot;)" methodname="TestPrefabExists" classname="Tests.Testat03" runstate="Runnable" seed="972310079" result="Failed" start-time="2020-11-21 23:52:06Z" end-time="2020-11-21 23:52:06Z" duration="0.001158" asserts="0">
              <properties />
              <failure>
                <message><![CDATA[  Expected: file exists
  But was:  <Assets/Prefabs/Avatar.prefab>
]]></message>
                <stack-trace><![CDATA[at NUnit.Framework.FileAssert.Exists (System.IO.FileInfo actual, System.String message, System.Object[] args) [0x0000c] in <59819be142c34115ade688f6962021f1>:0
at NUnit.Framework.FileAssert.Exists (System.IO.FileInfo actual) [0x00001] in <59819be142c34115ade688f6962021f1>:0
at Tests.Testat03.TestPrefabExists (System.String path) [0x00008] in C:\Unity\workspace\2020WS.UnityPP.julehe1702\UnityPP.Projektskelett\Assets\Tests\Testat03.cs:74
]]></stack-trace>
              </failure>
            </test-case>
            <test-case id="1077" name="TestPrefabExists(&quot;Assets/Prefabs/Platform.prefab&quot;)" fullname="Tests.Testat03.TestPrefabExists(&quot;Assets/Prefabs/Platform.prefab&quot;)" methodname="TestPrefabExists" classname="Tests.Testat03" runstate="Runnable" seed="763123450" result="Failed" start-time="2020-11-21 23:52:06Z" end-time="2020-11-21 23:52:06Z" duration="0.000904" asserts="0">
              <properties />
              <failure>
                <message><![CDATA[  Expected: file exists
  But was:  <Assets/Prefabs/Platform.prefab>
]]></message>
                <stack-trace><![CDATA[at NUnit.Framework.FileAssert.Exists (System.IO.FileInfo actual, System.String message, System.Object[] args) [0x0000c] in <59819be142c34115ade688f6962021f1>:0
at NUnit.Framework.FileAssert.Exists (System.IO.FileInfo actual) [0x00001] in <59819be142c34115ade688f6962021f1>:0
at Tests.Testat03.TestPrefabExists (System.String path) [0x00008] in C:\Unity\workspace\2020WS.UnityPP.julehe1702\UnityPP.Projektskelett\Assets\Tests\Testat03.cs:74
]]></stack-trace>
              </failure>
            </test-case>
          </test-suite>
          <test-case id="1094" name="TestPrefabInstancesExistInScene" fullname="Tests.Testat03.TestPrefabInstancesExistInScene" methodname="TestPrefabInstancesExistInScene" classname="Tests.Testat03" runstate="Runnable" seed="1611477108" result="Failed" start-time="2020-11-21 23:52:06Z" end-time="2020-11-21 23:52:06Z" duration="0.004822" asserts="0">
            <properties>
              <property name="_JOINTYPE" value="UnityCombinatorial" />
            </properties>
            <failure>
              <message><![CDATA[  Expected: file exists
  But was:  <Assets/Prefabs/Platform.prefab>
]]></message>
              <stack-trace><![CDATA[at NUnit.Framework.FileAssert.Exists (System.IO.FileInfo actual, System.String message, System.Object[] args) [0x0000c] in <59819be142c34115ade688f6962021f1>:0
at NUnit.Framework.FileAssert.Exists (System.IO.FileInfo actual) [0x00001] in <59819be142c34115ade688f6962021f1>:0
at Tests.TestUtils.LoadPrefab (System.String path) [0x00008] in C:\Unity\workspace\2020WS.UnityPP.julehe1702\UnityPP.Projektskelett\Assets\Tests\TestUtils.cs:89
at Tests.Testat03+<TestPrefabInstancesExistInScene>d__29.MoveNext () [0x0006f] in C:\Unity\workspace\2020WS.UnityPP.julehe1702\UnityPP.Projektskelett\Assets\Tests\Testat03.cs:198
at UnityEngine.TestTools.TestEnumerator+<Execute>d__6.MoveNext () [0x0004c] in C:\Unity\workspace\2020WS.UnityPP.julehe1702\UnityPP.Projektskelett\Library\PackageCache\com.unity.test-framework@1.1.18\UnityEngine.TestRunner\NUnitExtensions\Attributes\TestEnumerator.cs:36
]]></stack-trace>
            </failure>
          </test-case>
          <test-case id="1093" name="TestSceneExists" fullname="Tests.Testat03.TestSceneExists" methodname="TestSceneExists" classname="Tests.Testat03" runstate="Runnable" seed="1513416243" result="Failed" start-time="2020-11-21 23:52:06Z" end-time="2020-11-21 23:52:06Z" duration="0.001309" asserts="0">
            <properties />
            <failure>
              <message><![CDATA[  Expected: file exists
  But was:  <./Assets/Scenes/PlatformTest.unity>
]]></message>
              <stack-trace><![CDATA[at NUnit.Framework.FileAssert.Exists (System.IO.FileInfo actual, System.String message, System.Object[] args) [0x0000c] in <59819be142c34115ade688f6962021f1>:0
at NUnit.Framework.FileAssert.Exists (System.IO.FileInfo actual) [0x00001] in <59819be142c34115ade688f6962021f1>:0
at Tests.Testat03.TestSceneExists () [0x0000c] in C:\Unity\workspace\2020WS.UnityPP.julehe1702\UnityPP.Projektskelett\Assets\Tests\Testat03.cs:191
]]></stack-trace>
            </failure>
          </test-case>
        </test-suite>
      </test-suite>
    </test-suite>
    <test-suite type="Assembly" id="1099" name="Unity.InputSystem.IntegrationTests.dll" fullname="C:/Unity/workspace/2020WS.UnityPP.julehe1702/UnityPP.Projektskelett/Library/ScriptAssemblies/Unity.InputSystem.IntegrationTests.dll" runstate="Runnable" testcasecount="1" result="Passed" start-time="2020-11-21 23:52:06Z" end-time="2020-11-21 23:52:06Z" duration="0.025893" total="1" passed="1" failed="0" inconclusive="0" skipped="0" asserts="0">
      <properties>
        <property name="_PID" value="8200" />
        <property name="_APPDOMAIN" value="Unity Child Domain" />
        <property name="platform" value="PlayMode" />
      </properties>
      <test-suite type="TestFixture" id="1097" name="IntegrationTests" fullname="IntegrationTests" classname="IntegrationTests" runstate="Runnable" testcasecount="1" result="Passed" start-time="2020-11-21 23:52:06Z" end-time="2020-11-21 23:52:06Z" duration="0.024205" total="1" passed="1" failed="0" inconclusive="0" skipped="0" asserts="0">
        <properties />
        <test-case id="1098" name="Integration_CanSendAndReceiveEvents" fullname="IntegrationTests.Integration_CanSendAndReceiveEvents" methodname="Integration_CanSendAndReceiveEvents" classname="IntegrationTests" runstate="Runnable" seed="2105260098" result="Passed" start-time="2020-11-21 23:52:06Z" end-time="2020-11-21 23:52:06Z" duration="0.022632" asserts="0">
          <properties>
            <property name="Category" value="Integration" />
          </properties>
        </test-case>
      </test-suite>
    </test-suite>
  </test-suite>
</test-run>