<?xml version="1.0" encoding="utf-8"?>
<test-run id="2" testcasecount="133" result="Failed(Child)" total="133" passed="111" failed="22" inconclusive="0" skipped="0" asserts="0" engine-version="3.5.0.0" clr-version="4.0.30319.42000" start-time="2020-12-18 15:56:03Z" end-time="2020-12-18 15:56:16Z" duration="12,9395978">
  <test-suite type="TestSuite" id="1000" name="2020WS.UnityPP" fullname="2020WS.UnityPP" runstate="Runnable" testcasecount="133" result="Failed" site="Child" start-time="2020-12-18 15:56:03Z" end-time="2020-12-18 15:56:16Z" duration="12.939598" total="133" passed="111" failed="22" inconclusive="0" skipped="0" asserts="0">
    <properties />
    <failure>
      <message><![CDATA[One or more child tests had errors]]></message>
    </failure>
    <test-suite type="Assembly" id="1156" name="Tests.dll" fullname="C:/Unity/workspace/2020WS.UnityPP.LauraWue/Library/ScriptAssemblies/Tests.dll" runstate="Runnable" testcasecount="132" result="Failed" site="Child" start-time="2020-12-18 15:56:03Z" end-time="2020-12-18 15:56:16Z" duration="12.798778" total="132" passed="110" failed="22" inconclusive="0" skipped="0" asserts="0">
      <properties>
        <property name="_PID" value="16152" />
        <property name="_APPDOMAIN" value="Unity Child Domain" />
        <property name="platform" value="PlayMode" />
      </properties>
      <failure>
        <message><![CDATA[One or more child tests had errors]]></message>
      </failure>
      <test-suite type="TestSuite" id="1157" name="Tests" fullname="Tests" runstate="Runnable" testcasecount="132" result="Failed" site="Child" start-time="2020-12-18 15:56:03Z" end-time="2020-12-18 15:56:16Z" duration="12.690147" total="132" passed="110" failed="22" inconclusive="0" skipped="0" asserts="0">
        <properties />
        <failure>
          <message><![CDATA[One or more child tests had errors]]></message>
        </failure>
        <test-suite type="TestFixture" id="1001" name="Testat01" fullname="Tests.Testat01" classname="Tests.Testat01" runstate="Runnable" testcasecount="4" result="Passed" start-time="2020-12-18 15:56:03Z" end-time="2020-12-18 15:56:03Z" duration="0.088703" total="4" passed="4" failed="0" inconclusive="0" skipped="0" asserts="0">
          <properties />
          <test-case id="1003" name="T01_GitInitialized" fullname="Tests.Testat01.T01_GitInitialized" methodname="T01_GitInitialized" classname="Tests.Testat01" runstate="Runnable" seed="768206175" result="Passed" start-time="2020-12-18 15:56:03Z" end-time="2020-12-18 15:56:03Z" duration="0.018492" asserts="0">
            <properties />
          </test-case>
          <test-case id="1002" name="T02_TestUnityVersion" fullname="Tests.Testat01.T02_TestUnityVersion" methodname="T02_TestUnityVersion" classname="Tests.Testat01" runstate="Runnable" seed="737668413" result="Passed" start-time="2020-12-18 15:56:03Z" end-time="2020-12-18 15:56:03Z" duration="0.005482" asserts="0">
            <properties />
          </test-case>
          <test-case id="1004" name="T03a_SceneExists" fullname="Tests.Testat01.T03a_SceneExists" methodname="T03a_SceneExists" classname="Tests.Testat01" runstate="Runnable" seed="1200310413" result="Passed" start-time="2020-12-18 15:56:03Z" end-time="2020-12-18 15:56:03Z" duration="0.001283" asserts="0">
            <properties />
          </test-case>
          <test-case id="1005" name="T03b_HelloWorldLog" fullname="Tests.Testat01.T03b_HelloWorldLog" methodname="T03b_HelloWorldLog" classname="Tests.Testat01" runstate="Runnable" seed="1518965441" result="Passed" start-time="2020-12-18 15:56:03Z" end-time="2020-12-18 15:56:03Z" duration="0.038243" asserts="0">
            <properties>
              <property name="_JOINTYPE" value="UnityCombinatorial" />
            </properties>
            <output><![CDATA[The referenced script (Unknown) on this Behaviour is missing!
The referenced script on this Behaviour (Game Object 'Directional Light') is missing!
Hallo Welt!
]]></output>
          </test-case>
        </test-suite>
        <test-suite type="TestFixture" id="1006" name="Testat02" fullname="Tests.Testat02" classname="Tests.Testat02" runstate="Runnable" testcasecount="62" result="Passed" start-time="2020-12-18 15:56:03Z" end-time="2020-12-18 15:56:09Z" duration="5.708240" total="62" passed="62" failed="0" inconclusive="0" skipped="0" asserts="0">
          <properties />
          <test-suite type="ParameterizedMethod" id="1009" name="T01_GitFiles" fullname="Tests.Testat02.T01_GitFiles" classname="Tests.Testat02" runstate="Runnable" testcasecount="2" result="Passed" start-time="2020-12-18 15:56:03Z" end-time="2020-12-18 15:56:03Z" duration="0.004396" total="2" passed="2" failed="0" inconclusive="0" skipped="0" asserts="0">
            <properties />
            <test-case id="1007" name="T01_GitFiles(&quot;./.gitignore&quot;)" fullname="Tests.Testat02.T01_GitFiles(&quot;./.gitignore&quot;)" methodname="T01_GitFiles" classname="Tests.Testat02" runstate="Runnable" seed="395196043" result="Passed" start-time="2020-12-18 15:56:03Z" end-time="2020-12-18 15:56:03Z" duration="0.001364" asserts="0">
              <properties />
            </test-case>
            <test-case id="1008" name="T01_GitFiles(&quot;./.gitattributes&quot;)" fullname="Tests.Testat02.T01_GitFiles(&quot;./.gitattributes&quot;)" methodname="T01_GitFiles" classname="Tests.Testat02" runstate="Runnable" seed="837730693" result="Passed" start-time="2020-12-18 15:56:03Z" end-time="2020-12-18 15:56:03Z" duration="0.000973" asserts="0">
              <properties />
            </test-case>
          </test-suite>
          <test-case id="1010" name="T02_EmailAddress" fullname="Tests.Testat02.T02_EmailAddress" methodname="T02_EmailAddress" classname="Tests.Testat02" runstate="Runnable" seed="430320615" result="Passed" start-time="2020-12-18 15:56:03Z" end-time="2020-12-18 15:56:03Z" duration="0.001538" asserts="0">
            <properties />
          </test-case>
          <test-case id="1011" name="T03a_SceneExists" fullname="Tests.Testat02.T03a_SceneExists" methodname="T03a_SceneExists" classname="Tests.Testat02" runstate="Runnable" seed="1352654876" result="Passed" start-time="2020-12-18 15:56:03Z" end-time="2020-12-18 15:56:03Z" duration="0.001121" asserts="0">
            <properties />
          </test-case>
          <test-case id="1012" name="T03b_AvatarExists" fullname="Tests.Testat02.T03b_AvatarExists" methodname="T03b_AvatarExists" classname="Tests.Testat02" runstate="Runnable" seed="953577809" result="Passed" start-time="2020-12-18 15:56:03Z" end-time="2020-12-18 15:56:03Z" duration="0.023236" asserts="0">
            <properties>
              <property name="_JOINTYPE" value="UnityCombinatorial" />
            </properties>
            <output><![CDATA[Hallo Welt!
]]></output>
          </test-case>
          <test-suite type="ParameterizedMethod" id="1021" name="T03c_AvatarInput" fullname="Tests.Testat02.T03c_AvatarInput" classname="Tests.Testat02" runstate="Runnable" testcasecount="8" result="Passed" start-time="2020-12-18 15:56:03Z" end-time="2020-12-18 15:56:04Z" duration="0.808168" total="8" passed="8" failed="0" inconclusive="0" skipped="0" asserts="0">
            <properties>
              <property name="_JOINTYPE" value="UnityCombinatorial" />
            </properties>
            <test-case id="1013" name="T03c_AvatarInput(upArrow)" fullname="Tests.Testat02.T03c_AvatarInput(upArrow)" methodname="T03c_AvatarInput" classname="Tests.Testat02" runstate="Runnable" seed="1684592352" result="Passed" start-time="2020-12-18 15:56:03Z" end-time="2020-12-18 15:56:03Z" duration="0.101033" asserts="0">
              <properties />
              <output><![CDATA[Hallo Welt!
]]></output>
            </test-case>
            <test-case id="1014" name="T03c_AvatarInput(downArrow)" fullname="Tests.Testat02.T03c_AvatarInput(downArrow)" methodname="T03c_AvatarInput" classname="Tests.Testat02" runstate="Runnable" seed="1964913474" result="Passed" start-time="2020-12-18 15:56:03Z" end-time="2020-12-18 15:56:04Z" duration="0.099400" asserts="0">
              <properties />
              <output><![CDATA[Hallo Welt!
]]></output>
            </test-case>
            <test-case id="1015" name="T03c_AvatarInput(leftArrow)" fullname="Tests.Testat02.T03c_AvatarInput(leftArrow)" methodname="T03c_AvatarInput" classname="Tests.Testat02" runstate="Runnable" seed="558264691" result="Passed" start-time="2020-12-18 15:56:04Z" end-time="2020-12-18 15:56:04Z" duration="0.099419" asserts="0">
              <properties />
              <output><![CDATA[Hallo Welt!
]]></output>
            </test-case>
            <test-case id="1016" name="T03c_AvatarInput(rightArrow)" fullname="Tests.Testat02.T03c_AvatarInput(rightArrow)" methodname="T03c_AvatarInput" classname="Tests.Testat02" runstate="Runnable" seed="318498558" result="Passed" start-time="2020-12-18 15:56:04Z" end-time="2020-12-18 15:56:04Z" duration="0.099309" asserts="0">
              <properties />
              <output><![CDATA[Hallo Welt!
]]></output>
            </test-case>
            <test-case id="1017" name="T03c_AvatarInput(upArrow+rightArrow)" fullname="Tests.Testat02.T03c_AvatarInput(upArrow+rightArrow)" methodname="T03c_AvatarInput" classname="Tests.Testat02" runstate="Runnable" seed="1542080942" result="Passed" start-time="2020-12-18 15:56:04Z" end-time="2020-12-18 15:56:04Z" duration="0.099411" asserts="0">
              <properties />
              <output><![CDATA[Hallo Welt!
]]></output>
            </test-case>
            <test-case id="1018" name="T03c_AvatarInput(downArrow+rightArrow)" fullname="Tests.Testat02.T03c_AvatarInput(downArrow+rightArrow)" methodname="T03c_AvatarInput" classname="Tests.Testat02" runstate="Runnable" seed="1301753422" result="Passed" start-time="2020-12-18 15:56:04Z" end-time="2020-12-18 15:56:04Z" duration="0.099395" asserts="0">
              <properties />
              <output><![CDATA[Hallo Welt!
]]></output>
            </test-case>
            <test-case id="1019" name="T03c_AvatarInput(upArrow+leftArrow)" fullname="Tests.Testat02.T03c_AvatarInput(upArrow+leftArrow)" methodname="T03c_AvatarInput" classname="Tests.Testat02" runstate="Runnable" seed="1581732598" result="Passed" start-time="2020-12-18 15:56:04Z" end-time="2020-12-18 15:56:04Z" duration="0.099436" asserts="0">
              <properties />
              <output><![CDATA[Hallo Welt!
]]></output>
            </test-case>
            <test-case id="1020" name="T03c_AvatarInput(downArrow+leftArrow)" fullname="Tests.Testat02.T03c_AvatarInput(downArrow+leftArrow)" methodname="T03c_AvatarInput" classname="Tests.Testat02" runstate="Runnable" seed="245619346" result="Passed" start-time="2020-12-18 15:56:04Z" end-time="2020-12-18 15:56:04Z" duration="0.099246" asserts="0">
              <properties />
              <output><![CDATA[Hallo Welt!
]]></output>
            </test-case>
          </test-suite>
          <test-case id="1022" name="T04a_AvatarSpeedFieldExists" fullname="Tests.Testat02.T04a_AvatarSpeedFieldExists" methodname="T04a_AvatarSpeedFieldExists" classname="Tests.Testat02" runstate="Runnable" seed="126763851" result="Passed" start-time="2020-12-18 15:56:04Z" end-time="2020-12-18 15:56:04Z" duration="0.017778" asserts="0">
            <properties>
              <property name="_JOINTYPE" value="UnityCombinatorial" />
            </properties>
            <output><![CDATA[Hallo Welt!
]]></output>
          </test-case>
          <test-suite type="ParameterizedMethod" id="1071" name="T04b_AvatarSpeedFieldWorks" fullname="Tests.Testat02.T04b_AvatarSpeedFieldWorks" classname="Tests.Testat02" runstate="Runnable" testcasecount="48" result="Passed" start-time="2020-12-18 15:56:04Z" end-time="2020-12-18 15:56:09Z" duration="4.818471" total="48" passed="48" failed="0" inconclusive="0" skipped="0" asserts="0">
            <properties>
              <property name="_JOINTYPE" value="UnityCombinatorial" />
            </properties>
            <test-case id="1023" name="T04b_AvatarSpeedFieldWorks(upArrow,0.0f,0)" fullname="Tests.Testat02.T04b_AvatarSpeedFieldWorks(upArrow,0.0f,0)" methodname="T04b_AvatarSpeedFieldWorks" classname="Tests.Testat02" runstate="Runnable" seed="1545686009" result="Passed" start-time="2020-12-18 15:56:04Z" end-time="2020-12-18 15:56:04Z" duration="0.064573" asserts="0">
              <properties />
              <output><![CDATA[Hallo Welt!
]]></output>
            </test-case>
            <test-case id="1024" name="T04b_AvatarSpeedFieldWorks(upArrow,0.0f,2)" fullname="Tests.Testat02.T04b_AvatarSpeedFieldWorks(upArrow,0.0f,2)" methodname="T04b_AvatarSpeedFieldWorks" classname="Tests.Testat02" runstate="Runnable" seed="612453264" result="Passed" start-time="2020-12-18 15:56:04Z" end-time="2020-12-18 15:56:04Z" duration="0.099473" asserts="0">
              <properties />
              <output><![CDATA[Hallo Welt!
]]></output>
            </test-case>
            <test-case id="1025" name="T04b_AvatarSpeedFieldWorks(upArrow,0.0f,4)" fullname="Tests.Testat02.T04b_AvatarSpeedFieldWorks(upArrow,0.0f,4)" methodname="T04b_AvatarSpeedFieldWorks" classname="Tests.Testat02" runstate="Runnable" seed="677292959" result="Passed" start-time="2020-12-18 15:56:04Z" end-time="2020-12-18 15:56:05Z" duration="0.139638" asserts="0">
              <properties />
              <output><![CDATA[Hallo Welt!
]]></output>
            </test-case>
            <test-case id="1026" name="T04b_AvatarSpeedFieldWorks(upArrow,5.0f,0)" fullname="Tests.Testat02.T04b_AvatarSpeedFieldWorks(upArrow,5.0f,0)" methodname="T04b_AvatarSpeedFieldWorks" classname="Tests.Testat02" runstate="Runnable" seed="338912768" result="Passed" start-time="2020-12-18 15:56:05Z" end-time="2020-12-18 15:56:05Z" duration="0.058796" asserts="0">
              <properties />
              <output><![CDATA[Hallo Welt!
]]></output>
            </test-case>
            <test-case id="1027" name="T04b_AvatarSpeedFieldWorks(upArrow,5.0f,2)" fullname="Tests.Testat02.T04b_AvatarSpeedFieldWorks(upArrow,5.0f,2)" methodname="T04b_AvatarSpeedFieldWorks" classname="Tests.Testat02" runstate="Runnable" seed="281319742" result="Passed" start-time="2020-12-18 15:56:05Z" end-time="2020-12-18 15:56:05Z" duration="0.099249" asserts="0">
              <properties />
              <output><![CDATA[Hallo Welt!
]]></output>
            </test-case>
            <test-case id="1028" name="T04b_AvatarSpeedFieldWorks(upArrow,5.0f,4)" fullname="Tests.Testat02.T04b_AvatarSpeedFieldWorks(upArrow,5.0f,4)" methodname="T04b_AvatarSpeedFieldWorks" classname="Tests.Testat02" runstate="Runnable" seed="1557715658" result="Passed" start-time="2020-12-18 15:56:05Z" end-time="2020-12-18 15:56:05Z" duration="0.139477" asserts="0">
              <properties />
              <output><![CDATA[Hallo Welt!
]]></output>
            </test-case>
            <test-case id="1029" name="T04b_AvatarSpeedFieldWorks(downArrow,0.0f,0)" fullname="Tests.Testat02.T04b_AvatarSpeedFieldWorks(downArrow,0.0f,0)" methodname="T04b_AvatarSpeedFieldWorks" classname="Tests.Testat02" runstate="Runnable" seed="1484896683" result="Passed" start-time="2020-12-18 15:56:05Z" end-time="2020-12-18 15:56:05Z" duration="0.059306" asserts="0">
              <properties />
              <output><![CDATA[Hallo Welt!
]]></output>
            </test-case>
            <test-case id="1030" name="T04b_AvatarSpeedFieldWorks(downArrow,0.0f,2)" fullname="Tests.Testat02.T04b_AvatarSpeedFieldWorks(downArrow,0.0f,2)" methodname="T04b_AvatarSpeedFieldWorks" classname="Tests.Testat02" runstate="Runnable" seed="1132507088" result="Passed" start-time="2020-12-18 15:56:05Z" end-time="2020-12-18 15:56:05Z" duration="0.099518" asserts="0">
              <properties />
              <output><![CDATA[Hallo Welt!
]]></output>
            </test-case>
            <test-case id="1031" name="T04b_AvatarSpeedFieldWorks(downArrow,0.0f,4)" fullname="Tests.Testat02.T04b_AvatarSpeedFieldWorks(downArrow,0.0f,4)" methodname="T04b_AvatarSpeedFieldWorks" classname="Tests.Testat02" runstate="Runnable" seed="480756702" result="Passed" start-time="2020-12-18 15:56:05Z" end-time="2020-12-18 15:56:05Z" duration="0.143659" asserts="0">
              <properties />
              <output><![CDATA[Hallo Welt!
]]></output>
            </test-case>
            <test-case id="1032" name="T04b_AvatarSpeedFieldWorks(downArrow,5.0f,0)" fullname="Tests.Testat02.T04b_AvatarSpeedFieldWorks(downArrow,5.0f,0)" methodname="T04b_AvatarSpeedFieldWorks" classname="Tests.Testat02" runstate="Runnable" seed="32770511" result="Passed" start-time="2020-12-18 15:56:05Z" end-time="2020-12-18 15:56:05Z" duration="0.054642" asserts="0">
              <properties />
              <output><![CDATA[Hallo Welt!
]]></output>
            </test-case>
            <test-case id="1033" name="T04b_AvatarSpeedFieldWorks(downArrow,5.0f,2)" fullname="Tests.Testat02.T04b_AvatarSpeedFieldWorks(downArrow,5.0f,2)" methodname="T04b_AvatarSpeedFieldWorks" classname="Tests.Testat02" runstate="Runnable" seed="1925549544" result="Passed" start-time="2020-12-18 15:56:05Z" end-time="2020-12-18 15:56:05Z" duration="0.099533" asserts="0">
              <properties />
              <output><![CDATA[Hallo Welt!
]]></output>
            </test-case>
            <test-case id="1034" name="T04b_AvatarSpeedFieldWorks(downArrow,5.0f,4)" fullname="Tests.Testat02.T04b_AvatarSpeedFieldWorks(downArrow,5.0f,4)" methodname="T04b_AvatarSpeedFieldWorks" classname="Tests.Testat02" runstate="Runnable" seed="626960994" result="Passed" start-time="2020-12-18 15:56:05Z" end-time="2020-12-18 15:56:05Z" duration="0.139410" asserts="0">
              <properties />
              <output><![CDATA[Hallo Welt!
]]></output>
            </test-case>
            <test-case id="1035" name="T04b_AvatarSpeedFieldWorks(leftArrow,0.0f,0)" fullname="Tests.Testat02.T04b_AvatarSpeedFieldWorks(leftArrow,0.0f,0)" methodname="T04b_AvatarSpeedFieldWorks" classname="Tests.Testat02" runstate="Runnable" seed="1299758059" result="Passed" start-time="2020-12-18 15:56:05Z" end-time="2020-12-18 15:56:05Z" duration="0.059232" asserts="0">
              <properties />
              <output><![CDATA[Hallo Welt!
]]></output>
            </test-case>
            <test-case id="1036" name="T04b_AvatarSpeedFieldWorks(leftArrow,0.0f,2)" fullname="Tests.Testat02.T04b_AvatarSpeedFieldWorks(leftArrow,0.0f,2)" methodname="T04b_AvatarSpeedFieldWorks" classname="Tests.Testat02" runstate="Runnable" seed="331202116" result="Passed" start-time="2020-12-18 15:56:05Z" end-time="2020-12-18 15:56:06Z" duration="0.099360" asserts="0">
              <properties />
              <output><![CDATA[Hallo Welt!
]]></output>
            </test-case>
            <test-case id="1037" name="T04b_AvatarSpeedFieldWorks(leftArrow,0.0f,4)" fullname="Tests.Testat02.T04b_AvatarSpeedFieldWorks(leftArrow,0.0f,4)" methodname="T04b_AvatarSpeedFieldWorks" classname="Tests.Testat02" runstate="Runnable" seed="2024710409" result="Passed" start-time="2020-12-18 15:56:06Z" end-time="2020-12-18 15:56:06Z" duration="0.140985" asserts="0">
              <properties />
              <output><![CDATA[Hallo Welt!
]]></output>
            </test-case>
            <test-case id="1038" name="T04b_AvatarSpeedFieldWorks(leftArrow,5.0f,0)" fullname="Tests.Testat02.T04b_AvatarSpeedFieldWorks(leftArrow,5.0f,0)" methodname="T04b_AvatarSpeedFieldWorks" classname="Tests.Testat02" runstate="Runnable" seed="941216284" result="Passed" start-time="2020-12-18 15:56:06Z" end-time="2020-12-18 15:56:06Z" duration="0.058742" asserts="0">
              <properties />
              <output><![CDATA[Hallo Welt!
]]></output>
            </test-case>
            <test-case id="1039" name="T04b_AvatarSpeedFieldWorks(leftArrow,5.0f,2)" fullname="Tests.Testat02.T04b_AvatarSpeedFieldWorks(leftArrow,5.0f,2)" methodname="T04b_AvatarSpeedFieldWorks" classname="Tests.Testat02" runstate="Runnable" seed="1605827577" result="Passed" start-time="2020-12-18 15:56:06Z" end-time="2020-12-18 15:56:06Z" duration="0.099712" asserts="0">
              <properties />
              <output><![CDATA[Hallo Welt!
]]></output>
            </test-case>
            <test-case id="1040" name="T04b_AvatarSpeedFieldWorks(leftArrow,5.0f,4)" fullname="Tests.Testat02.T04b_AvatarSpeedFieldWorks(leftArrow,5.0f,4)" methodname="T04b_AvatarSpeedFieldWorks" classname="Tests.Testat02" runstate="Runnable" seed="1986810410" result="Passed" start-time="2020-12-18 15:56:06Z" end-time="2020-12-18 15:56:06Z" duration="0.141408" asserts="0">
              <properties />
              <output><![CDATA[Hallo Welt!
]]></output>
            </test-case>
            <test-case id="1041" name="T04b_AvatarSpeedFieldWorks(rightArrow,0.0f,0)" fullname="Tests.Testat02.T04b_AvatarSpeedFieldWorks(rightArrow,0.0f,0)" methodname="T04b_AvatarSpeedFieldWorks" classname="Tests.Testat02" runstate="Runnable" seed="1308409793" result="Passed" start-time="2020-12-18 15:56:06Z" end-time="2020-12-18 15:56:06Z" duration="0.054310" asserts="0">
              <properties />
              <output><![CDATA[Hallo Welt!
]]></output>
            </test-case>
            <test-case id="1042" name="T04b_AvatarSpeedFieldWorks(rightArrow,0.0f,2)" fullname="Tests.Testat02.T04b_AvatarSpeedFieldWorks(rightArrow,0.0f,2)" methodname="T04b_AvatarSpeedFieldWorks" classname="Tests.Testat02" runstate="Runnable" seed="820303045" result="Passed" start-time="2020-12-18 15:56:06Z" end-time="2020-12-18 15:56:06Z" duration="0.099461" asserts="0">
              <properties />
              <output><![CDATA[Hallo Welt!
]]></output>
            </test-case>
            <test-case id="1043" name="T04b_AvatarSpeedFieldWorks(rightArrow,0.0f,4)" fullname="Tests.Testat02.T04b_AvatarSpeedFieldWorks(rightArrow,0.0f,4)" methodname="T04b_AvatarSpeedFieldWorks" classname="Tests.Testat02" runstate="Runnable" seed="1952347751" result="Passed" start-time="2020-12-18 15:56:06Z" end-time="2020-12-18 15:56:06Z" duration="0.139755" asserts="0">
              <properties />
              <output><![CDATA[Hallo Welt!
]]></output>
            </test-case>
            <test-case id="1044" name="T04b_AvatarSpeedFieldWorks(rightArrow,5.0f,0)" fullname="Tests.Testat02.T04b_AvatarSpeedFieldWorks(rightArrow,5.0f,0)" methodname="T04b_AvatarSpeedFieldWorks" classname="Tests.Testat02" runstate="Runnable" seed="477756922" result="Passed" start-time="2020-12-18 15:56:06Z" end-time="2020-12-18 15:56:06Z" duration="0.057998" asserts="0">
              <properties />
              <output><![CDATA[Hallo Welt!
]]></output>
            </test-case>
            <test-case id="1045" name="T04b_AvatarSpeedFieldWorks(rightArrow,5.0f,2)" fullname="Tests.Testat02.T04b_AvatarSpeedFieldWorks(rightArrow,5.0f,2)" methodname="T04b_AvatarSpeedFieldWorks" classname="Tests.Testat02" runstate="Runnable" seed="2086042994" result="Passed" start-time="2020-12-18 15:56:06Z" end-time="2020-12-18 15:56:06Z" duration="0.099374" asserts="0">
              <properties />
              <output><![CDATA[Hallo Welt!
]]></output>
            </test-case>
            <test-case id="1046" name="T04b_AvatarSpeedFieldWorks(rightArrow,5.0f,4)" fullname="Tests.Testat02.T04b_AvatarSpeedFieldWorks(rightArrow,5.0f,4)" methodname="T04b_AvatarSpeedFieldWorks" classname="Tests.Testat02" runstate="Runnable" seed="896237977" result="Passed" start-time="2020-12-18 15:56:06Z" end-time="2020-12-18 15:56:07Z" duration="0.139565" asserts="0">
              <properties />
              <output><![CDATA[Hallo Welt!
]]></output>
            </test-case>
            <test-case id="1047" name="T04b_AvatarSpeedFieldWorks(upArrow+rightArrow,0.0f,0)" fullname="Tests.Testat02.T04b_AvatarSpeedFieldWorks(upArrow+rightArrow,0.0f,0)" methodname="T04b_AvatarSpeedFieldWorks" classname="Tests.Testat02" runstate="Runnable" seed="1926436479" result="Passed" start-time="2020-12-18 15:56:07Z" end-time="2020-12-18 15:56:07Z" duration="0.058878" asserts="0">
              <properties />
              <output><![CDATA[Hallo Welt!
]]></output>
            </test-case>
            <test-case id="1048" name="T04b_AvatarSpeedFieldWorks(upArrow+rightArrow,0.0f,2)" fullname="Tests.Testat02.T04b_AvatarSpeedFieldWorks(upArrow+rightArrow,0.0f,2)" methodname="T04b_AvatarSpeedFieldWorks" classname="Tests.Testat02" runstate="Runnable" seed="1122014848" result="Passed" start-time="2020-12-18 15:56:07Z" end-time="2020-12-18 15:56:07Z" duration="0.099322" asserts="0">
              <properties />
              <output><![CDATA[Hallo Welt!
]]></output>
            </test-case>
            <test-case id="1049" name="T04b_AvatarSpeedFieldWorks(upArrow+rightArrow,0.0f,4)" fullname="Tests.Testat02.T04b_AvatarSpeedFieldWorks(upArrow+rightArrow,0.0f,4)" methodname="T04b_AvatarSpeedFieldWorks" classname="Tests.Testat02" runstate="Runnable" seed="616389103" result="Passed" start-time="2020-12-18 15:56:07Z" end-time="2020-12-18 15:56:07Z" duration="0.139725" asserts="0">
              <properties />
              <output><![CDATA[Hallo Welt!
]]></output>
            </test-case>
            <test-case id="1050" name="T04b_AvatarSpeedFieldWorks(upArrow+rightArrow,5.0f,0)" fullname="Tests.Testat02.T04b_AvatarSpeedFieldWorks(upArrow+rightArrow,5.0f,0)" methodname="T04b_AvatarSpeedFieldWorks" classname="Tests.Testat02" runstate="Runnable" seed="95900758" result="Passed" start-time="2020-12-18 15:56:07Z" end-time="2020-12-18 15:56:07Z" duration="0.058972" asserts="0">
              <properties />
              <output><![CDATA[Hallo Welt!
]]></output>
            </test-case>
            <test-case id="1051" name="T04b_AvatarSpeedFieldWorks(upArrow+rightArrow,5.0f,2)" fullname="Tests.Testat02.T04b_AvatarSpeedFieldWorks(upArrow+rightArrow,5.0f,2)" methodname="T04b_AvatarSpeedFieldWorks" classname="Tests.Testat02" runstate="Runnable" seed="148855120" result="Passed" start-time="2020-12-18 15:56:07Z" end-time="2020-12-18 15:56:07Z" duration="0.099397" asserts="0">
              <properties />
              <output><![CDATA[Hallo Welt!
]]></output>
            </test-case>
            <test-case id="1052" name="T04b_AvatarSpeedFieldWorks(upArrow+rightArrow,5.0f,4)" fullname="Tests.Testat02.T04b_AvatarSpeedFieldWorks(upArrow+rightArrow,5.0f,4)" methodname="T04b_AvatarSpeedFieldWorks" classname="Tests.Testat02" runstate="Runnable" seed="1610848761" result="Passed" start-time="2020-12-18 15:56:07Z" end-time="2020-12-18 15:56:07Z" duration="0.139404" asserts="0">
              <properties />
              <output><![CDATA[Hallo Welt!
]]></output>
            </test-case>
            <test-case id="1053" name="T04b_AvatarSpeedFieldWorks(downArrow+rightArrow,0.0f,0)" fullname="Tests.Testat02.T04b_AvatarSpeedFieldWorks(downArrow+rightArrow,0.0f,0)" methodname="T04b_AvatarSpeedFieldWorks" classname="Tests.Testat02" runstate="Runnable" seed="1965223634" result="Passed" start-time="2020-12-18 15:56:07Z" end-time="2020-12-18 15:56:07Z" duration="0.059138" asserts="0">
              <properties />
              <output><![CDATA[Hallo Welt!
]]></output>
            </test-case>
            <test-case id="1054" name="T04b_AvatarSpeedFieldWorks(downArrow+rightArrow,0.0f,2)" fullname="Tests.Testat02.T04b_AvatarSpeedFieldWorks(downArrow+rightArrow,0.0f,2)" methodname="T04b_AvatarSpeedFieldWorks" classname="Tests.Testat02" runstate="Runnable" seed="259818126" result="Passed" start-time="2020-12-18 15:56:07Z" end-time="2020-12-18 15:56:07Z" duration="0.099334" asserts="0">
              <properties />
              <output><![CDATA[Hallo Welt!
]]></output>
            </test-case>
            <test-case id="1055" name="T04b_AvatarSpeedFieldWorks(downArrow+rightArrow,0.0f,4)" fullname="Tests.Testat02.T04b_AvatarSpeedFieldWorks(downArrow+rightArrow,0.0f,4)" methodname="T04b_AvatarSpeedFieldWorks" classname="Tests.Testat02" runstate="Runnable" seed="1564143021" result="Passed" start-time="2020-12-18 15:56:07Z" end-time="2020-12-18 15:56:08Z" duration="0.143644" asserts="0">
              <properties />
              <output><![CDATA[Hallo Welt!
]]></output>
            </test-case>
            <test-case id="1056" name="T04b_AvatarSpeedFieldWorks(downArrow+rightArrow,5.0f,0)" fullname="Tests.Testat02.T04b_AvatarSpeedFieldWorks(downArrow+rightArrow,5.0f,0)" methodname="T04b_AvatarSpeedFieldWorks" classname="Tests.Testat02" runstate="Runnable" seed="453538377" result="Passed" start-time="2020-12-18 15:56:08Z" end-time="2020-12-18 15:56:08Z" duration="0.053955" asserts="0">
              <properties />
              <output><![CDATA[Hallo Welt!
]]></output>
            </test-case>
            <test-case id="1057" name="T04b_AvatarSpeedFieldWorks(downArrow+rightArrow,5.0f,2)" fullname="Tests.Testat02.T04b_AvatarSpeedFieldWorks(downArrow+rightArrow,5.0f,2)" methodname="T04b_AvatarSpeedFieldWorks" classname="Tests.Testat02" runstate="Runnable" seed="805542561" result="Passed" start-time="2020-12-18 15:56:08Z" end-time="2020-12-18 15:56:08Z" duration="0.099264" asserts="0">
              <properties />
              <output><![CDATA[Hallo Welt!
]]></output>
            </test-case>
            <test-case id="1058" name="T04b_AvatarSpeedFieldWorks(downArrow+rightArrow,5.0f,4)" fullname="Tests.Testat02.T04b_AvatarSpeedFieldWorks(downArrow+rightArrow,5.0f,4)" methodname="T04b_AvatarSpeedFieldWorks" classname="Tests.Testat02" runstate="Runnable" seed="2034933777" result="Passed" start-time="2020-12-18 15:56:08Z" end-time="2020-12-18 15:56:08Z" duration="0.139494" asserts="0">
              <properties />
              <output><![CDATA[Hallo Welt!
]]></output>
            </test-case>
            <test-case id="1059" name="T04b_AvatarSpeedFieldWorks(upArrow+leftArrow,0.0f,0)" fullname="Tests.Testat02.T04b_AvatarSpeedFieldWorks(upArrow+leftArrow,0.0f,0)" methodname="T04b_AvatarSpeedFieldWorks" classname="Tests.Testat02" runstate="Runnable" seed="1737177351" result="Passed" start-time="2020-12-18 15:56:08Z" end-time="2020-12-18 15:56:08Z" duration="0.058915" asserts="0">
              <properties />
              <output><![CDATA[Hallo Welt!
]]></output>
            </test-case>
            <test-case id="1060" name="T04b_AvatarSpeedFieldWorks(upArrow+leftArrow,0.0f,2)" fullname="Tests.Testat02.T04b_AvatarSpeedFieldWorks(upArrow+leftArrow,0.0f,2)" methodname="T04b_AvatarSpeedFieldWorks" classname="Tests.Testat02" runstate="Runnable" seed="366132565" result="Passed" start-time="2020-12-18 15:56:08Z" end-time="2020-12-18 15:56:08Z" duration="0.099362" asserts="0">
              <properties />
              <output><![CDATA[Hallo Welt!
]]></output>
            </test-case>
            <test-case id="1061" name="T04b_AvatarSpeedFieldWorks(upArrow+leftArrow,0.0f,4)" fullname="Tests.Testat02.T04b_AvatarSpeedFieldWorks(upArrow+leftArrow,0.0f,4)" methodname="T04b_AvatarSpeedFieldWorks" classname="Tests.Testat02" runstate="Runnable" seed="2033498517" result="Passed" start-time="2020-12-18 15:56:08Z" end-time="2020-12-18 15:56:08Z" duration="0.139527" asserts="0">
              <properties />
              <output><![CDATA[Hallo Welt!
]]></output>
            </test-case>
            <test-case id="1062" name="T04b_AvatarSpeedFieldWorks(upArrow+leftArrow,5.0f,0)" fullname="Tests.Testat02.T04b_AvatarSpeedFieldWorks(upArrow+leftArrow,5.0f,0)" methodname="T04b_AvatarSpeedFieldWorks" classname="Tests.Testat02" runstate="Runnable" seed="2095932870" result="Passed" start-time="2020-12-18 15:56:08Z" end-time="2020-12-18 15:56:08Z" duration="0.059342" asserts="0">
              <properties />
              <output><![CDATA[Hallo Welt!
]]></output>
            </test-case>
            <test-case id="1063" name="T04b_AvatarSpeedFieldWorks(upArrow+leftArrow,5.0f,2)" fullname="Tests.Testat02.T04b_AvatarSpeedFieldWorks(upArrow+leftArrow,5.0f,2)" methodname="T04b_AvatarSpeedFieldWorks" classname="Tests.Testat02" runstate="Runnable" seed="729697143" result="Passed" start-time="2020-12-18 15:56:08Z" end-time="2020-12-18 15:56:08Z" duration="0.099223" asserts="0">
              <properties />
              <output><![CDATA[Hallo Welt!
]]></output>
            </test-case>
            <test-case id="1064" name="T04b_AvatarSpeedFieldWorks(upArrow+leftArrow,5.0f,4)" fullname="Tests.Testat02.T04b_AvatarSpeedFieldWorks(upArrow+leftArrow,5.0f,4)" methodname="T04b_AvatarSpeedFieldWorks" classname="Tests.Testat02" runstate="Runnable" seed="812137499" result="Passed" start-time="2020-12-18 15:56:08Z" end-time="2020-12-18 15:56:08Z" duration="0.139531" asserts="0">
              <properties />
              <output><![CDATA[Hallo Welt!
]]></output>
            </test-case>
            <test-case id="1065" name="T04b_AvatarSpeedFieldWorks(downArrow+leftArrow,0.0f,0)" fullname="Tests.Testat02.T04b_AvatarSpeedFieldWorks(downArrow+leftArrow,0.0f,0)" methodname="T04b_AvatarSpeedFieldWorks" classname="Tests.Testat02" runstate="Runnable" seed="1010500875" result="Passed" start-time="2020-12-18 15:56:08Z" end-time="2020-12-18 15:56:08Z" duration="0.058921" asserts="0">
              <properties />
              <output><![CDATA[Hallo Welt!
]]></output>
            </test-case>
            <test-case id="1066" name="T04b_AvatarSpeedFieldWorks(downArrow+leftArrow,0.0f,2)" fullname="Tests.Testat02.T04b_AvatarSpeedFieldWorks(downArrow+leftArrow,0.0f,2)" methodname="T04b_AvatarSpeedFieldWorks" classname="Tests.Testat02" runstate="Runnable" seed="1064346981" result="Passed" start-time="2020-12-18 15:56:08Z" end-time="2020-12-18 15:56:09Z" duration="0.099279" asserts="0">
              <properties />
              <output><![CDATA[Hallo Welt!
]]></output>
            </test-case>
            <test-case id="1067" name="T04b_AvatarSpeedFieldWorks(downArrow+leftArrow,0.0f,4)" fullname="Tests.Testat02.T04b_AvatarSpeedFieldWorks(downArrow+leftArrow,0.0f,4)" methodname="T04b_AvatarSpeedFieldWorks" classname="Tests.Testat02" runstate="Runnable" seed="1281580223" result="Passed" start-time="2020-12-18 15:56:09Z" end-time="2020-12-18 15:56:09Z" duration="0.139522" asserts="0">
              <properties />
              <output><![CDATA[Hallo Welt!
]]></output>
            </test-case>
            <test-case id="1068" name="T04b_AvatarSpeedFieldWorks(downArrow+leftArrow,5.0f,0)" fullname="Tests.Testat02.T04b_AvatarSpeedFieldWorks(downArrow+leftArrow,5.0f,0)" methodname="T04b_AvatarSpeedFieldWorks" classname="Tests.Testat02" runstate="Runnable" seed="1145933359" result="Passed" start-time="2020-12-18 15:56:09Z" end-time="2020-12-18 15:56:09Z" duration="0.059416" asserts="0">
              <properties />
              <output><![CDATA[Hallo Welt!
]]></output>
            </test-case>
            <test-case id="1069" name="T04b_AvatarSpeedFieldWorks(downArrow+leftArrow,5.0f,2)" fullname="Tests.Testat02.T04b_AvatarSpeedFieldWorks(downArrow+leftArrow,5.0f,2)" methodname="T04b_AvatarSpeedFieldWorks" classname="Tests.Testat02" runstate="Runnable" seed="2027728574" result="Passed" start-time="2020-12-18 15:56:09Z" end-time="2020-12-18 15:56:09Z" duration="0.099040" asserts="0">
              <properties />
              <output><![CDATA[Hallo Welt!
]]></output>
            </test-case>
            <test-case id="1070" name="T04b_AvatarSpeedFieldWorks(downArrow+leftArrow,5.0f,4)" fullname="Tests.Testat02.T04b_AvatarSpeedFieldWorks(downArrow+leftArrow,5.0f,4)" methodname="T04b_AvatarSpeedFieldWorks" classname="Tests.Testat02" runstate="Runnable" seed="2076505239" result="Passed" start-time="2020-12-18 15:56:09Z" end-time="2020-12-18 15:56:09Z" duration="0.139801" asserts="0">
              <properties />
              <output><![CDATA[Hallo Welt!
]]></output>
            </test-case>
          </test-suite>
        </test-suite>
        <test-suite type="TestFixture" id="1072" name="Testat03" fullname="Tests.Testat03" classname="Tests.Testat03" runstate="Runnable" testcasecount="19" result="Passed" start-time="2020-12-18 15:56:09Z" end-time="2020-12-18 15:56:14Z" duration="5.044690" total="19" passed="19" failed="0" inconclusive="0" skipped="0" asserts="0">
          <properties />
          <test-suite type="ParameterizedMethod" id="1075" name="T02_GitTagExists" fullname="Tests.Testat03.T02_GitTagExists" classname="Tests.Testat03" runstate="Runnable" testcasecount="2" result="Passed" start-time="2020-12-18 15:56:09Z" end-time="2020-12-18 15:56:09Z" duration="0.120722" total="2" passed="2" failed="0" inconclusive="0" skipped="0" asserts="0">
            <properties />
            <test-case id="1073" name="T02_GitTagExists(&quot;Tx01&quot;)" fullname="Tests.Testat03.T02_GitTagExists(&quot;Tx01&quot;)" methodname="T02_GitTagExists" classname="Tests.Testat03" runstate="Runnable" seed="126616209" result="Passed" start-time="2020-12-18 15:56:09Z" end-time="2020-12-18 15:56:09Z" duration="0.066491" asserts="0">
              <properties />
            </test-case>
            <test-case id="1074" name="T02_GitTagExists(&quot;Tx02&quot;)" fullname="Tests.Testat03.T02_GitTagExists(&quot;Tx02&quot;)" methodname="T02_GitTagExists" classname="Tests.Testat03" runstate="Runnable" seed="953805450" result="Passed" start-time="2020-12-18 15:56:09Z" end-time="2020-12-18 15:56:09Z" duration="0.052162" asserts="0">
              <properties />
            </test-case>
          </test-suite>
          <test-suite type="ParameterizedMethod" id="1078" name="T03_PrefabExists" fullname="Tests.Testat03.T03_PrefabExists" classname="Tests.Testat03" runstate="Runnable" testcasecount="2" result="Passed" start-time="2020-12-18 15:56:09Z" end-time="2020-12-18 15:56:09Z" duration="0.005513" total="2" passed="2" failed="0" inconclusive="0" skipped="0" asserts="0">
            <properties />
            <test-case id="1076" name="T03_PrefabExists(&quot;Assets/Prefabs/Avatar.prefab&quot;)" fullname="Tests.Testat03.T03_PrefabExists(&quot;Assets/Prefabs/Avatar.prefab&quot;)" methodname="T03_PrefabExists" classname="Tests.Testat03" runstate="Runnable" seed="1220294266" result="Passed" start-time="2020-12-18 15:56:09Z" end-time="2020-12-18 15:56:09Z" duration="0.001649" asserts="0">
              <properties />
            </test-case>
            <test-case id="1077" name="T03_PrefabExists(&quot;Assets/Prefabs/Platform.prefab&quot;)" fullname="Tests.Testat03.T03_PrefabExists(&quot;Assets/Prefabs/Platform.prefab&quot;)" methodname="T03_PrefabExists" classname="Tests.Testat03" runstate="Runnable" seed="209059522" result="Passed" start-time="2020-12-18 15:56:09Z" end-time="2020-12-18 15:56:09Z" duration="0.000955" asserts="0">
              <properties />
            </test-case>
          </test-suite>
          <test-case id="1079" name="T04a_PlatformPrefab" fullname="Tests.Testat03.T04a_PlatformPrefab" methodname="T04a_PlatformPrefab" classname="Tests.Testat03" runstate="Runnable" seed="1608859660" result="Passed" start-time="2020-12-18 15:56:09Z" end-time="2020-12-18 15:56:09Z" duration="0.014515" asserts="0">
            <properties />
          </test-case>
          <test-case id="1080" name="T04b_PlatformGravity" fullname="Tests.Testat03.T04b_PlatformGravity" methodname="T04b_PlatformGravity" classname="Tests.Testat03" runstate="Runnable" seed="2123340549" result="Passed" start-time="2020-12-18 15:56:09Z" end-time="2020-12-18 15:56:09Z" duration="0.217436" asserts="0">
            <properties>
              <property name="_JOINTYPE" value="UnityCombinatorial" />
            </properties>
          </test-case>
          <test-case id="1081" name="T05a_AvatarPrefab" fullname="Tests.Testat03.T05a_AvatarPrefab" methodname="T05a_AvatarPrefab" classname="Tests.Testat03" runstate="Runnable" seed="504524048" result="Passed" start-time="2020-12-18 15:56:09Z" end-time="2020-12-18 15:56:09Z" duration="0.019192" asserts="0">
            <properties />
          </test-case>
          <test-case id="1082" name="T05b_AvatarGravityWhenFalling" fullname="Tests.Testat03.T05b_AvatarGravityWhenFalling" methodname="T05b_AvatarGravityWhenFalling" classname="Tests.Testat03" runstate="Runnable" seed="2144500343" result="Passed" start-time="2020-12-18 15:56:09Z" end-time="2020-12-18 15:56:10Z" duration="0.217385" asserts="0">
            <properties>
              <property name="_JOINTYPE" value="UnityCombinatorial" />
            </properties>
          </test-case>
          <test-suite type="ParameterizedMethod" id="1091" name="T05c_AvatarMovement" fullname="Tests.Testat03.T05c_AvatarMovement" classname="Tests.Testat03" runstate="Runnable" testcasecount="8" result="Passed" start-time="2020-12-18 15:56:10Z" end-time="2020-12-18 15:56:11Z" duration="1.277767" total="8" passed="8" failed="0" inconclusive="0" skipped="0" asserts="0">
            <properties>
              <property name="_JOINTYPE" value="UnityCombinatorial" />
            </properties>
            <test-case id="1083" name="T05c_AvatarMovement(rightArrow,0.0f,2)" fullname="Tests.Testat03.T05c_AvatarMovement(rightArrow,0.0f,2)" methodname="T05c_AvatarMovement" classname="Tests.Testat03" runstate="Runnable" seed="1302411402" result="Passed" start-time="2020-12-18 15:56:10Z" end-time="2020-12-18 15:56:10Z" duration="0.093287" asserts="0">
              <properties />
            </test-case>
            <test-case id="1084" name="T05c_AvatarMovement(rightArrow,0.0f,8)" fullname="Tests.Testat03.T05c_AvatarMovement(rightArrow,0.0f,8)" methodname="T05c_AvatarMovement" classname="Tests.Testat03" runstate="Runnable" seed="1704604166" result="Passed" start-time="2020-12-18 15:56:10Z" end-time="2020-12-18 15:56:10Z" duration="0.219073" asserts="0">
              <properties />
            </test-case>
            <test-case id="1085" name="T05c_AvatarMovement(rightArrow,5.0f,2)" fullname="Tests.Testat03.T05c_AvatarMovement(rightArrow,5.0f,2)" methodname="T05c_AvatarMovement" classname="Tests.Testat03" runstate="Runnable" seed="983127841" result="Passed" start-time="2020-12-18 15:56:10Z" end-time="2020-12-18 15:56:10Z" duration="0.099585" asserts="0">
              <properties />
            </test-case>
            <test-case id="1086" name="T05c_AvatarMovement(rightArrow,5.0f,8)" fullname="Tests.Testat03.T05c_AvatarMovement(rightArrow,5.0f,8)" methodname="T05c_AvatarMovement" classname="Tests.Testat03" runstate="Runnable" seed="738403980" result="Passed" start-time="2020-12-18 15:56:10Z" end-time="2020-12-18 15:56:10Z" duration="0.219148" asserts="0">
              <properties />
            </test-case>
            <test-case id="1087" name="T05c_AvatarMovement(leftArrow,0.0f,2)" fullname="Tests.Testat03.T05c_AvatarMovement(leftArrow,0.0f,2)" methodname="T05c_AvatarMovement" classname="Tests.Testat03" runstate="Runnable" seed="60562683" result="Passed" start-time="2020-12-18 15:56:10Z" end-time="2020-12-18 15:56:10Z" duration="0.099175" asserts="0">
              <properties />
            </test-case>
            <test-case id="1088" name="T05c_AvatarMovement(leftArrow,0.0f,8)" fullname="Tests.Testat03.T05c_AvatarMovement(leftArrow,0.0f,8)" methodname="T05c_AvatarMovement" classname="Tests.Testat03" runstate="Runnable" seed="722375211" result="Passed" start-time="2020-12-18 15:56:10Z" end-time="2020-12-18 15:56:11Z" duration="0.219350" asserts="0">
              <properties />
            </test-case>
            <test-case id="1089" name="T05c_AvatarMovement(leftArrow,5.0f,2)" fullname="Tests.Testat03.T05c_AvatarMovement(leftArrow,5.0f,2)" methodname="T05c_AvatarMovement" classname="Tests.Testat03" runstate="Runnable" seed="2099219424" result="Passed" start-time="2020-12-18 15:56:11Z" end-time="2020-12-18 15:56:11Z" duration="0.099409" asserts="0">
              <properties />
            </test-case>
            <test-case id="1090" name="T05c_AvatarMovement(leftArrow,5.0f,8)" fullname="Tests.Testat03.T05c_AvatarMovement(leftArrow,5.0f,8)" methodname="T05c_AvatarMovement" classname="Tests.Testat03" runstate="Runnable" seed="976381051" result="Passed" start-time="2020-12-18 15:56:11Z" end-time="2020-12-18 15:56:11Z" duration="0.219606" asserts="0">
              <properties />
            </test-case>
          </test-suite>
          <test-case id="1092" name="T05d_AvatarGravityWhenGrounded" fullname="Tests.Testat03.T05d_AvatarGravityWhenGrounded" methodname="T05d_AvatarGravityWhenGrounded" classname="Tests.Testat03" runstate="Runnable" seed="1145385069" result="Passed" start-time="2020-12-18 15:56:11Z" end-time="2020-12-18 15:56:11Z" duration="0.215724" asserts="0">
            <properties>
              <property name="_JOINTYPE" value="UnityCombinatorial" />
            </properties>
          </test-case>
          <test-case id="1093" name="T06a_SceneExists" fullname="Tests.Testat03.T06a_SceneExists" methodname="T06a_SceneExists" classname="Tests.Testat03" runstate="Runnable" seed="159806245" result="Passed" start-time="2020-12-18 15:56:11Z" end-time="2020-12-18 15:56:11Z" duration="0.001128" asserts="0">
            <properties />
          </test-case>
          <test-case id="1094" name="T06b_PrefabInstancesExistInScene" fullname="Tests.Testat03.T06b_PrefabInstancesExistInScene" methodname="T06b_PrefabInstancesExistInScene" classname="Tests.Testat03" runstate="Runnable" seed="1156749594" result="Passed" start-time="2020-12-18 15:56:11Z" end-time="2020-12-18 15:56:14Z" duration="2.937491" asserts="0">
            <properties>
              <property name="_JOINTYPE" value="UnityCombinatorial" />
            </properties>
          </test-case>
        </test-suite>
        <test-suite type="TestFixture" id="1095" name="Testat04" fullname="Tests.Testat04" classname="Tests.Testat04" runstate="Runnable" testcasecount="12" result="Passed" start-time="2020-12-18 15:56:14Z" end-time="2020-12-18 15:56:15Z" duration="1.112191" total="12" passed="12" failed="0" inconclusive="0" skipped="0" asserts="0">
          <properties />
          <test-suite type="ParameterizedMethod" id="1098" name="T01_PrefabExists" fullname="Tests.Testat04.T01_PrefabExists" classname="Tests.Testat04" runstate="Runnable" testcasecount="2" result="Passed" start-time="2020-12-18 15:56:14Z" end-time="2020-12-18 15:56:14Z" duration="0.010251" total="2" passed="2" failed="0" inconclusive="0" skipped="0" asserts="0">
            <properties />
            <test-case id="1096" name="T01_PrefabExists(&quot;Assets/Prefabs/Avatar.prefab&quot;)" fullname="Tests.Testat04.T01_PrefabExists(&quot;Assets/Prefabs/Avatar.prefab&quot;)" methodname="T01_PrefabExists" classname="Tests.Testat04" runstate="Runnable" seed="625225321" result="Passed" start-time="2020-12-18 15:56:14Z" end-time="2020-12-18 15:56:14Z" duration="0.001297" asserts="0">
              <properties />
            </test-case>
            <test-case id="1097" name="T01_PrefabExists(&quot;Assets/Prefabs/Platform.prefab&quot;)" fullname="Tests.Testat04.T01_PrefabExists(&quot;Assets/Prefabs/Platform.prefab&quot;)" methodname="T01_PrefabExists" classname="Tests.Testat04" runstate="Runnable" seed="2032924639" result="Passed" start-time="2020-12-18 15:56:14Z" end-time="2020-12-18 15:56:14Z" duration="0.000919" asserts="0">
              <properties />
            </test-case>
          </test-suite>
          <test-suite type="ParameterizedMethod" id="1101" name="T02_MaterialsExists" fullname="Tests.Testat04.T02_MaterialsExists" classname="Tests.Testat04" runstate="Runnable" testcasecount="2" result="Passed" start-time="2020-12-18 15:56:14Z" end-time="2020-12-18 15:56:14Z" duration="0.005001" total="2" passed="2" failed="0" inconclusive="0" skipped="0" asserts="0">
            <properties />
            <test-case id="1099" name="T02_MaterialsExists(&quot;Assets/Materials/Avatar.mat&quot;)" fullname="Tests.Testat04.T02_MaterialsExists(&quot;Assets/Materials/Avatar.mat&quot;)" methodname="T02_MaterialsExists" classname="Tests.Testat04" runstate="Runnable" seed="600619756" result="Passed" start-time="2020-12-18 15:56:14Z" end-time="2020-12-18 15:56:14Z" duration="0.001756" asserts="0">
              <properties />
            </test-case>
            <test-case id="1100" name="T02_MaterialsExists(&quot;Assets/Materials/Platform.mat&quot;)" fullname="Tests.Testat04.T02_MaterialsExists(&quot;Assets/Materials/Platform.mat&quot;)" methodname="T02_MaterialsExists" classname="Tests.Testat04" runstate="Runnable" seed="2079546645" result="Passed" start-time="2020-12-18 15:56:14Z" end-time="2020-12-18 15:56:14Z" duration="0.001028" asserts="0">
              <properties />
            </test-case>
          </test-suite>
          <test-case id="1102" name="T03_PlatformPrefab" fullname="Tests.Testat04.T03_PlatformPrefab" methodname="T03_PlatformPrefab" classname="Tests.Testat04" runstate="Runnable" seed="374830560" result="Passed" start-time="2020-12-18 15:56:14Z" end-time="2020-12-18 15:56:14Z" duration="0.005451" asserts="0">
            <properties />
          </test-case>
          <test-case id="1106" name="T04_AvatarPrefab" fullname="Tests.Testat04.T04_AvatarPrefab" methodname="T04_AvatarPrefab" classname="Tests.Testat04" runstate="Runnable" seed="1327214673" result="Passed" start-time="2020-12-18 15:56:14Z" end-time="2020-12-18 15:56:14Z" duration="0.002172" asserts="0">
            <properties />
          </test-case>
          <test-suite type="ParameterizedMethod" id="1105" name="T05_PlatformColor" fullname="Tests.Testat04.T05_PlatformColor" classname="Tests.Testat04" runstate="Runnable" testcasecount="2" result="Passed" start-time="2020-12-18 15:56:14Z" end-time="2020-12-18 15:56:14Z" duration="0.122575" total="2" passed="2" failed="0" inconclusive="0" skipped="0" asserts="0">
            <properties>
              <property name="_JOINTYPE" value="UnityCombinatorial" />
            </properties>
            <test-case id="1103" name="T05_PlatformColor(RGBA(0.000, 1.000, 0.000, 1.000))" fullname="Tests.Testat04.T05_PlatformColor(RGBA(0.000, 1.000, 0.000, 1.000))" methodname="T05_PlatformColor" classname="Tests.Testat04" runstate="Runnable" seed="1013597732" result="Passed" start-time="2020-12-18 15:56:14Z" end-time="2020-12-18 15:56:14Z" duration="0.060575" asserts="0">
              <properties />
            </test-case>
            <test-case id="1104" name="T05_PlatformColor(RGBA(1.000, 0.000, 1.000, 1.000))" fullname="Tests.Testat04.T05_PlatformColor(RGBA(1.000, 0.000, 1.000, 1.000))" methodname="T05_PlatformColor" classname="Tests.Testat04" runstate="Runnable" seed="712850222" result="Passed" start-time="2020-12-18 15:56:14Z" end-time="2020-12-18 15:56:14Z" duration="0.059314" asserts="0">
              <properties />
            </test-case>
          </test-suite>
          <test-suite type="ParameterizedMethod" id="1109" name="T06_AvatarColor" fullname="Tests.Testat04.T06_AvatarColor" classname="Tests.Testat04" runstate="Runnable" testcasecount="2" result="Passed" start-time="2020-12-18 15:56:14Z" end-time="2020-12-18 15:56:14Z" duration="0.118829" total="2" passed="2" failed="0" inconclusive="0" skipped="0" asserts="0">
            <properties>
              <property name="_JOINTYPE" value="UnityCombinatorial" />
            </properties>
            <test-case id="1107" name="T06_AvatarColor(RGBA(0.000, 1.000, 0.000, 1.000))" fullname="Tests.Testat04.T06_AvatarColor(RGBA(0.000, 1.000, 0.000, 1.000))" methodname="T06_AvatarColor" classname="Tests.Testat04" runstate="Runnable" seed="148542711" result="Passed" start-time="2020-12-18 15:56:14Z" end-time="2020-12-18 15:56:14Z" duration="0.056174" asserts="0">
              <properties />
            </test-case>
            <test-case id="1108" name="T06_AvatarColor(RGBA(1.000, 0.000, 1.000, 1.000))" fullname="Tests.Testat04.T06_AvatarColor(RGBA(1.000, 0.000, 1.000, 1.000))" methodname="T06_AvatarColor" classname="Tests.Testat04" runstate="Runnable" seed="1496167702" result="Passed" start-time="2020-12-18 15:56:14Z" end-time="2020-12-18 15:56:14Z" duration="0.059501" asserts="0">
              <properties />
            </test-case>
          </test-suite>
          <test-case id="1110" name="T07a_SceneExists" fullname="Tests.Testat04.T07a_SceneExists" methodname="T07a_SceneExists" classname="Tests.Testat04" runstate="Runnable" seed="1324505460" result="Passed" start-time="2020-12-18 15:56:14Z" end-time="2020-12-18 15:56:14Z" duration="0.001405" asserts="0">
            <properties />
          </test-case>
          <test-case id="1111" name="T07b_PrefabInstancesExistInScene" fullname="Tests.Testat04.T07b_PrefabInstancesExistInScene" methodname="T07b_PrefabInstancesExistInScene" classname="Tests.Testat04" runstate="Runnable" seed="1473707740" result="Passed" start-time="2020-12-18 15:56:14Z" end-time="2020-12-18 15:56:15Z" duration="0.836902" asserts="0">
            <properties>
              <property name="_JOINTYPE" value="UnityCombinatorial" />
            </properties>
          </test-case>
        </test-suite>
        <test-suite type="TestFixture" id="1112" name="Testat05" fullname="Tests.Testat05" classname="Tests.Testat05" runstate="Runnable" testcasecount="16" result="Failed" site="Child" start-time="2020-12-18 15:56:15Z" end-time="2020-12-18 15:56:16Z" duration="0.326164" total="16" passed="9" failed="7" inconclusive="0" skipped="0" asserts="0">
          <properties />
          <failure>
            <message><![CDATA[One or more child tests had errors]]></message>
          </failure>
          <test-case id="1127" name="T02_MarioPrefab" fullname="Tests.Testat05.T02_MarioPrefab" methodname="T02_MarioPrefab" classname="Tests.Testat05" runstate="Runnable" seed="1806263060" result="Failed" start-time="2020-12-18 15:56:15Z" end-time="2020-12-18 15:56:15Z" duration="0.023460" asserts="0">
            <properties />
            <failure>
              <message><![CDATA[  Mario's Renderer should be on its own GameObject, as a child of Mario's prefab!
  Expected: not equal to <Mario (UnityEngine.GameObject)>
  But was:  <Mario (UnityEngine.GameObject)>
]]></message>
              <stack-trace><![CDATA[at Tests.Testat05.T02_MarioPrefab () [0x00036] in C:\Unity\workspace\2020WS.UnityPP.LauraWue\Assets\Tests\Testat05.cs:219
]]></stack-trace>
            </failure>
          </test-case>
          <test-suite type="ParameterizedMethod" id="1130" name="T03_MarioMovement" fullname="Tests.Testat05.T03_MarioMovement" classname="Tests.Testat05" runstate="Runnable" testcasecount="2" result="Failed" site="Child" start-time="2020-12-18 15:56:15Z" end-time="2020-12-18 15:56:15Z" duration="0.165952" total="2" passed="0" failed="2" inconclusive="0" skipped="0" asserts="0">
            <properties>
              <property name="_JOINTYPE" value="UnityCombinatorial" />
            </properties>
            <failure>
              <message><![CDATA[One or more child tests had errors]]></message>
            </failure>
            <test-case id="1128" name="T03_MarioMovement(rightArrow, 10m/s, 5m/s)" fullname="Tests.Testat05.T03_MarioMovement(rightArrow, 10m/s, 5m/s)" methodname="T03_MarioMovement" classname="Tests.Testat05" runstate="Runnable" seed="1661322608" result="Failed" start-time="2020-12-18 15:56:15Z" end-time="2020-12-18 15:56:15Z" duration="0.079084" asserts="0">
              <properties />
              <failure>
                <message><![CDATA[  Mario's speed must increase each frame!
  Expected: greater than 0.0f
  But was:  0.0f
]]></message>
                <stack-trace><![CDATA[at Tests.Testat05+<T03_MarioMovement>d__28.MoveNext () [0x002f0] in C:\Unity\workspace\2020WS.UnityPP.LauraWue\Assets\Tests\Testat05.cs:258
at UnityEngine.TestTools.TestEnumerator+<Execute>d__6.MoveNext () [0x0004c] in C:\Unity\workspace\2020WS.UnityPP.LauraWue\Library\PackageCache\com.unity.test-framework@1.1.18\UnityEngine.TestRunner\NUnitExtensions\Attributes\TestEnumerator.cs:36
]]></stack-trace>
              </failure>
            </test-case>
            <test-case id="1129" name="T03_MarioMovement(leftArrow, 15m/s, 10m/s)" fullname="Tests.Testat05.T03_MarioMovement(leftArrow, 15m/s, 10m/s)" methodname="T03_MarioMovement" classname="Tests.Testat05" runstate="Runnable" seed="762085416" result="Failed" start-time="2020-12-18 15:56:15Z" end-time="2020-12-18 15:56:15Z" duration="0.077661" asserts="0">
              <properties />
              <failure>
                <message><![CDATA[  Mario's speed must increase each frame!
  Expected: greater than 0.0f
  But was:  0.0f
]]></message>
                <stack-trace><![CDATA[at Tests.Testat05+<T03_MarioMovement>d__28.MoveNext () [0x002f0] in C:\Unity\workspace\2020WS.UnityPP.LauraWue\Assets\Tests\Testat05.cs:258
at UnityEngine.TestTools.TestEnumerator+<Execute>d__6.MoveNext () [0x0004c] in C:\Unity\workspace\2020WS.UnityPP.LauraWue\Library\PackageCache\com.unity.test-framework@1.1.18\UnityEngine.TestRunner\NUnitExtensions\Attributes\TestEnumerator.cs:36
]]></stack-trace>
              </failure>
            </test-case>
          </test-suite>
          <test-suite type="ParameterizedMethod" id="1126" name="T04_PlatformPrefab" fullname="Tests.Testat05.T04_PlatformPrefab" classname="Tests.Testat05" runstate="Runnable" testcasecount="3" result="Failed" site="Child" start-time="2020-12-18 15:56:15Z" end-time="2020-12-18 15:56:16Z" duration="0.054628" total="3" passed="0" failed="3" inconclusive="0" skipped="0" asserts="0">
            <properties />
            <failure>
              <message><![CDATA[One or more child tests had errors]]></message>
            </failure>
            <test-case id="1123" name="T04_PlatformPrefab((Assets/Prefabs/Platform_Ice.prefab, Assets/PhysicsMaterials/Icy.physicsMaterial2D))" fullname="Tests.Testat05.T04_PlatformPrefab((Assets/Prefabs/Platform_Ice.prefab, Assets/PhysicsMaterials/Icy.physicsMaterial2D))" methodname="T04_PlatformPrefab" classname="Tests.Testat05" runstate="Runnable" seed="1175046124" result="Failed" start-time="2020-12-18 15:56:15Z" end-time="2020-12-18 15:56:15Z" duration="0.018487" asserts="0">
              <properties />
              <failure>
                <message><![CDATA[  Platform Platform_Ice (UnityEngine.GameObject) should use physics material Icy (UnityEngine.PhysicsMaterial2D)!
  Expected: <Icy (UnityEngine.PhysicsMaterial2D)>
  But was:  null
]]></message>
                <stack-trace><![CDATA[at Tests.Testat05.T04_PlatformPrefab (System.ValueTuple`2[T1,T2] info) [0x00021] in C:\Unity\workspace\2020WS.UnityPP.LauraWue\Assets\Tests\Testat05.cs:207
]]></stack-trace>
              </failure>
            </test-case>
            <test-case id="1124" name="T04_PlatformPrefab((Assets/Prefabs/Platform_Metal.prefab, Assets/PhysicsMaterials/Default.physicsMaterial2D))" fullname="Tests.Testat05.T04_PlatformPrefab((Assets/Prefabs/Platform_Metal.prefab, Assets/PhysicsMaterials/Default.physicsMaterial2D))" methodname="T04_PlatformPrefab" classname="Tests.Testat05" runstate="Runnable" seed="120291545" result="Failed" start-time="2020-12-18 15:56:15Z" end-time="2020-12-18 15:56:15Z" duration="0.015647" asserts="0">
              <properties />
              <failure>
                <message><![CDATA[  Platform Platform_Metal (UnityEngine.GameObject) should use physics material Default (UnityEngine.PhysicsMaterial2D)!
  Expected: <Default (UnityEngine.PhysicsMaterial2D)>
  But was:  null
]]></message>
                <stack-trace><![CDATA[at Tests.Testat05.T04_PlatformPrefab (System.ValueTuple`2[T1,T2] info) [0x00021] in C:\Unity\workspace\2020WS.UnityPP.LauraWue\Assets\Tests\Testat05.cs:207
]]></stack-trace>
              </failure>
            </test-case>
            <test-case id="1125" name="T04_PlatformPrefab((Assets/Prefabs/Platform_Dirt.prefab, Assets/PhysicsMaterials/Sticky.physicsMaterial2D))" fullname="Tests.Testat05.T04_PlatformPrefab((Assets/Prefabs/Platform_Dirt.prefab, Assets/PhysicsMaterials/Sticky.physicsMaterial2D))" methodname="T04_PlatformPrefab" classname="Tests.Testat05" runstate="Runnable" seed="1682546482" result="Failed" start-time="2020-12-18 15:56:15Z" end-time="2020-12-18 15:56:16Z" duration="0.014674" asserts="0">
              <properties />
              <failure>
                <message><![CDATA[  Platform Platform_Dirt (UnityEngine.GameObject) should have an allowedAcceleration > 0!
  Expected: greater than 0.0f
  But was:  0.0f
]]></message>
                <stack-trace><![CDATA[at Tests.Testat05.T04_PlatformPrefab (System.ValueTuple`2[T1,T2] info) [0x00044] in C:\Unity\workspace\2020WS.UnityPP.LauraWue\Assets\Tests\Testat05.cs:208
]]></stack-trace>
              </failure>
            </test-case>
          </test-suite>
          <test-suite type="ParameterizedMethod" id="1121" name="T05a_PhysicsMaterialExists" fullname="Tests.Testat05.T05a_PhysicsMaterialExists" classname="Tests.Testat05" runstate="Runnable" testcasecount="3" result="Passed" start-time="2020-12-18 15:56:16Z" end-time="2020-12-18 15:56:16Z" duration="0.007574" total="3" passed="3" failed="0" inconclusive="0" skipped="0" asserts="0">
            <properties />
            <test-case id="1118" name="T05a_PhysicsMaterialExists(&quot;Assets/PhysicsMaterials/Icy.physicsMaterial2D&quot;)" fullname="Tests.Testat05.T05a_PhysicsMaterialExists(&quot;Assets/PhysicsMaterials/Icy.physicsMaterial2D&quot;)" methodname="T05a_PhysicsMaterialExists" classname="Tests.Testat05" runstate="Runnable" seed="1261929980" result="Passed" start-time="2020-12-18 15:56:16Z" end-time="2020-12-18 15:56:16Z" duration="0.001319" asserts="0">
              <properties />
            </test-case>
            <test-case id="1119" name="T05a_PhysicsMaterialExists(&quot;Assets/PhysicsMaterials/Default.physicsMaterial2D&quot;)" fullname="Tests.Testat05.T05a_PhysicsMaterialExists(&quot;Assets/PhysicsMaterials/Default.physicsMaterial2D&quot;)" methodname="T05a_PhysicsMaterialExists" classname="Tests.Testat05" runstate="Runnable" seed="1971273813" result="Passed" start-time="2020-12-18 15:56:16Z" end-time="2020-12-18 15:56:16Z" duration="0.001211" asserts="0">
              <properties />
            </test-case>
            <test-case id="1120" name="T05a_PhysicsMaterialExists(&quot;Assets/PhysicsMaterials/Sticky.physicsMaterial2D&quot;)" fullname="Tests.Testat05.T05a_PhysicsMaterialExists(&quot;Assets/PhysicsMaterials/Sticky.physicsMaterial2D&quot;)" methodname="T05a_PhysicsMaterialExists" classname="Tests.Testat05" runstate="Runnable" seed="1643254816" result="Passed" start-time="2020-12-18 15:56:16Z" end-time="2020-12-18 15:56:16Z" duration="0.001162" asserts="0">
              <properties />
            </test-case>
          </test-suite>
          <test-case id="1122" name="T05b_PhysicsMaterialsFriction" fullname="Tests.Testat05.T05b_PhysicsMaterialsFriction" methodname="T05b_PhysicsMaterialsFriction" classname="Tests.Testat05" runstate="Runnable" seed="1189816392" result="Passed" start-time="2020-12-18 15:56:16Z" end-time="2020-12-18 15:56:16Z" duration="0.001950" asserts="0">
            <properties />
          </test-case>
          <test-suite type="ParameterizedMethod" id="1117" name="T06_PrefabExists" fullname="Tests.Testat05.T06_PrefabExists" classname="Tests.Testat05" runstate="Runnable" testcasecount="4" result="Passed" start-time="2020-12-18 15:56:16Z" end-time="2020-12-18 15:56:16Z" duration="0.009114" total="4" passed="4" failed="0" inconclusive="0" skipped="0" asserts="0">
            <properties />
            <test-case id="1113" name="T06_PrefabExists(&quot;Assets/Prefabs/Mario.prefab&quot;)" fullname="Tests.Testat05.T06_PrefabExists(&quot;Assets/Prefabs/Mario.prefab&quot;)" methodname="T06_PrefabExists" classname="Tests.Testat05" runstate="Runnable" seed="2012592970" result="Passed" start-time="2020-12-18 15:56:16Z" end-time="2020-12-18 15:56:16Z" duration="0.001170" asserts="0">
              <properties />
            </test-case>
            <test-case id="1114" name="T06_PrefabExists(&quot;Assets/Prefabs/Platform_Ice.prefab&quot;)" fullname="Tests.Testat05.T06_PrefabExists(&quot;Assets/Prefabs/Platform_Ice.prefab&quot;)" methodname="T06_PrefabExists" classname="Tests.Testat05" runstate="Runnable" seed="59144251" result="Passed" start-time="2020-12-18 15:56:16Z" end-time="2020-12-18 15:56:16Z" duration="0.000976" asserts="0">
              <properties />
            </test-case>
            <test-case id="1115" name="T06_PrefabExists(&quot;Assets/Prefabs/Platform_Metal.prefab&quot;)" fullname="Tests.Testat05.T06_PrefabExists(&quot;Assets/Prefabs/Platform_Metal.prefab&quot;)" methodname="T06_PrefabExists" classname="Tests.Testat05" runstate="Runnable" seed="912372493" result="Passed" start-time="2020-12-18 15:56:16Z" end-time="2020-12-18 15:56:16Z" duration="0.001173" asserts="0">
              <properties />
            </test-case>
            <test-case id="1116" name="T06_PrefabExists(&quot;Assets/Prefabs/Platform_Dirt.prefab&quot;)" fullname="Tests.Testat05.T06_PrefabExists(&quot;Assets/Prefabs/Platform_Dirt.prefab&quot;)" methodname="T06_PrefabExists" classname="Tests.Testat05" runstate="Runnable" seed="2008994032" result="Passed" start-time="2020-12-18 15:56:16Z" end-time="2020-12-18 15:56:16Z" duration="0.001008" asserts="0">
              <properties />
            </test-case>
          </test-suite>
          <test-case id="1131" name="T07a_SceneExists" fullname="Tests.Testat05.T07a_SceneExists" methodname="T07a_SceneExists" classname="Tests.Testat05" runstate="Runnable" seed="1672146866" result="Passed" start-time="2020-12-18 15:56:16Z" end-time="2020-12-18 15:56:16Z" duration="0.001493" asserts="0">
            <properties />
          </test-case>
          <test-case id="1132" name="T07b_PrefabInstancesExistInScene" fullname="Tests.Testat05.T07b_PrefabInstancesExistInScene" methodname="T07b_PrefabInstancesExistInScene" classname="Tests.Testat05" runstate="Runnable" seed="436489671" result="Failed" start-time="2020-12-18 15:56:16Z" end-time="2020-12-18 15:56:16Z" duration="0.041142" asserts="0">
            <properties>
              <property name="_JOINTYPE" value="UnityCombinatorial" />
            </properties>
            <failure>
              <message><![CDATA[  There must be exactly 1 component of type of type 'UnityEngine.Renderer' in GameObject 'Mario (UnityEngine.GameObject)' (or its children)!
  Expected: 1
  But was:  2
]]></message>
              <stack-trace><![CDATA[at Tests.GameObjectBridge.FindComponentInChildren[T] () [0x0000d] in C:\Unity\workspace\2020WS.UnityPP.LauraWue\Assets\Tests\GameObjectBridge.cs:47
at Tests.Testat05+MarioBridge..ctor (UnityEngine.GameObject gameObject, System.Boolean isInstance) [0x00095] in C:\Unity\workspace\2020WS.UnityPP.LauraWue\Assets\Tests\Testat05.cs:87
at Tests.Testat05+<>c.<T07b_PrefabInstancesExistInScene>b__30_1 (UnityEngine.GameObject obj) [0x00000] in C:\Unity\workspace\2020WS.UnityPP.LauraWue\Assets\Tests\Testat05.cs:309
at System.Linq.Enumerable+WhereSelectEnumerableIterator`2[TSource,TResult].ToArray () [0x0002b] in <351e49e2a5bf4fd6beabb458ce2255f3>:0
at System.Linq.Enumerable.ToArray[TSource] (System.Collections.Generic.IEnumerable`1[T] source) [0x0001f] in <351e49e2a5bf4fd6beabb458ce2255f3>:0
at Tests.Testat05+<T07b_PrefabInstancesExistInScene>d__30.MoveNext () [0x000c4] in C:\Unity\workspace\2020WS.UnityPP.LauraWue\Assets\Tests\Testat05.cs:308
at UnityEngine.TestTools.TestEnumerator+<Execute>d__6.MoveNext () [0x0004c] in C:\Unity\workspace\2020WS.UnityPP.LauraWue\Library\PackageCache\com.unity.test-framework@1.1.18\UnityEngine.TestRunner\NUnitExtensions\Attributes\TestEnumerator.cs:36
]]></stack-trace>
            </failure>
          </test-case>
        </test-suite>
        <test-suite type="TestFixture" id="1133" name="Testat06" fullname="Tests.Testat06" classname="Tests.Testat06" runstate="Runnable" testcasecount="19" result="Failed" site="Child" start-time="2020-12-18 15:56:16Z" end-time="2020-12-18 15:56:16Z" duration="0.305084" total="19" passed="4" failed="15" inconclusive="0" skipped="0" asserts="0">
          <properties />
          <failure>
            <message><![CDATA[One or more child tests had errors]]></message>
          </failure>
          <test-suite type="ParameterizedMethod" id="1139" name="T01_PrefabExists" fullname="Tests.Testat06.T01_PrefabExists" classname="Tests.Testat06" runstate="Runnable" testcasecount="5" result="Failed" site="Child" start-time="2020-12-18 15:56:16Z" end-time="2020-12-18 15:56:16Z" duration="0.015978" total="5" passed="4" failed="1" inconclusive="0" skipped="0" asserts="0">
            <properties />
            <failure>
              <message><![CDATA[One or more child tests had errors]]></message>
            </failure>
            <test-case id="1134" name="T01_PrefabExists(&quot;Assets/Prefabs/Mario.prefab&quot;)" fullname="Tests.Testat06.T01_PrefabExists(&quot;Assets/Prefabs/Mario.prefab&quot;)" methodname="T01_PrefabExists" classname="Tests.Testat06" runstate="Runnable" seed="194300423" result="Passed" start-time="2020-12-18 15:56:16Z" end-time="2020-12-18 15:56:16Z" duration="0.001510" asserts="0">
              <properties />
            </test-case>
            <test-case id="1135" name="T01_PrefabExists(&quot;Assets/Prefabs/Platform_Ice.prefab&quot;)" fullname="Tests.Testat06.T01_PrefabExists(&quot;Assets/Prefabs/Platform_Ice.prefab&quot;)" methodname="T01_PrefabExists" classname="Tests.Testat06" runstate="Runnable" seed="1259456218" result="Passed" start-time="2020-12-18 15:56:16Z" end-time="2020-12-18 15:56:16Z" duration="0.002642" asserts="0">
              <properties />
            </test-case>
            <test-case id="1136" name="T01_PrefabExists(&quot;Assets/Prefabs/Platform_Metal.prefab&quot;)" fullname="Tests.Testat06.T01_PrefabExists(&quot;Assets/Prefabs/Platform_Metal.prefab&quot;)" methodname="T01_PrefabExists" classname="Tests.Testat06" runstate="Runnable" seed="2049983471" result="Passed" start-time="2020-12-18 15:56:16Z" end-time="2020-12-18 15:56:16Z" duration="0.001304" asserts="0">
              <properties />
            </test-case>
            <test-case id="1137" name="T01_PrefabExists(&quot;Assets/Prefabs/Platform_Dirt.prefab&quot;)" fullname="Tests.Testat06.T01_PrefabExists(&quot;Assets/Prefabs/Platform_Dirt.prefab&quot;)" methodname="T01_PrefabExists" classname="Tests.Testat06" runstate="Runnable" seed="574243570" result="Passed" start-time="2020-12-18 15:56:16Z" end-time="2020-12-18 15:56:16Z" duration="0.001079" asserts="0">
              <properties />
            </test-case>
            <test-case id="1138" name="T01_PrefabExists(&quot;Assets/Prefabs/ContactParticles.prefab&quot;)" fullname="Tests.Testat06.T01_PrefabExists(&quot;Assets/Prefabs/ContactParticles.prefab&quot;)" methodname="T01_PrefabExists" classname="Tests.Testat06" runstate="Runnable" seed="890906229" result="Failed" start-time="2020-12-18 15:56:16Z" end-time="2020-12-18 15:56:16Z" duration="0.002133" asserts="0">
              <properties />
              <failure>
                <message><![CDATA[  Expected: file exists
  But was:  <Assets/Prefabs/ContactParticles.prefab>
]]></message>
                <stack-trace><![CDATA[at NUnit.Framework.FileAssert.Exists (System.IO.FileInfo actual, System.String message, System.Object[] args) [0x0000c] in <59819be142c34115ade688f6962021f1>:0
at NUnit.Framework.FileAssert.Exists (System.IO.FileInfo actual) [0x00001] in <59819be142c34115ade688f6962021f1>:0
at Tests.TestUtils.LoadPrefab (System.String path) [0x00008] in C:\Unity\workspace\2020WS.UnityPP.LauraWue\Assets\Tests\TestUtils.cs:89
at Tests.Testat06.T01_PrefabExists (System.String path) [0x00001] in C:\Unity\workspace\2020WS.UnityPP.LauraWue\Assets\Tests\Testat06.cs:112
]]></stack-trace>
              </failure>
            </test-case>
          </test-suite>
          <test-case id="1140" name="T02_ContactParticlesPrefab" fullname="Tests.Testat06.T02_ContactParticlesPrefab" methodname="T02_ContactParticlesPrefab" classname="Tests.Testat06" runstate="Runnable" seed="59751834" result="Failed" start-time="2020-12-18 15:56:16Z" end-time="2020-12-18 15:56:16Z" duration="0.002279" asserts="0">
            <properties />
            <failure>
              <message><![CDATA[  Expected: file exists
  But was:  <Assets/Prefabs/ContactParticles.prefab>
]]></message>
              <stack-trace><![CDATA[at NUnit.Framework.FileAssert.Exists (System.IO.FileInfo actual, System.String message, System.Object[] args) [0x0000c] in <59819be142c34115ade688f6962021f1>:0
at NUnit.Framework.FileAssert.Exists (System.IO.FileInfo actual) [0x00001] in <59819be142c34115ade688f6962021f1>:0
at Tests.TestUtils.LoadPrefab (System.String path) [0x00008] in C:\Unity\workspace\2020WS.UnityPP.LauraWue\Assets\Tests\TestUtils.cs:89
at Tests.Testat06.T02_ContactParticlesPrefab () [0x00007] in C:\Unity\workspace\2020WS.UnityPP.LauraWue\Assets\Tests\Testat06.cs:118
]]></stack-trace>
            </failure>
          </test-case>
          <test-case id="1141" name="T03a_MarioPrefab" fullname="Tests.Testat06.T03a_MarioPrefab" methodname="T03a_MarioPrefab" classname="Tests.Testat06" runstate="Runnable" seed="105635800" result="Failed" start-time="2020-12-18 15:56:16Z" end-time="2020-12-18 15:56:16Z" duration="0.002180" asserts="0">
            <properties />
            <failure>
              <message><![CDATA[  Expected: file exists
  But was:  <Assets/Prefabs/ContactParticles.prefab>
]]></message>
              <stack-trace><![CDATA[at NUnit.Framework.FileAssert.Exists (System.IO.FileInfo actual, System.String message, System.Object[] args) [0x0000c] in <59819be142c34115ade688f6962021f1>:0
at NUnit.Framework.FileAssert.Exists (System.IO.FileInfo actual) [0x00001] in <59819be142c34115ade688f6962021f1>:0
at Tests.TestUtils.LoadPrefab (System.String path) [0x00008] in C:\Unity\workspace\2020WS.UnityPP.LauraWue\Assets\Tests\TestUtils.cs:89
at Tests.Testat06.T03a_MarioPrefab () [0x0000c] in C:\Unity\workspace\2020WS.UnityPP.LauraWue\Assets\Tests\Testat06.cs:130
]]></stack-trace>
            </failure>
          </test-case>
          <test-suite type="ParameterizedMethod" id="1148" name="T03b_ContactParticleSpawn" fullname="Tests.Testat06.T03b_ContactParticleSpawn" classname="Tests.Testat06" runstate="Runnable" testcasecount="6" result="Failed" site="Child" start-time="2020-12-18 15:56:16Z" end-time="2020-12-18 15:56:16Z" duration="0.120059" total="6" passed="0" failed="6" inconclusive="0" skipped="0" asserts="0">
            <properties>
              <property name="_JOINTYPE" value="UnityCombinatorial" />
            </properties>
            <failure>
              <message><![CDATA[One or more child tests had errors]]></message>
            </failure>
            <test-case id="1142" name="T03b_ContactParticleSpawn(&quot;Assets/Prefabs/Platform_Ice.prefab&quot;,((0.0, 0.0, 0.0), (0.0, 2.0, 0.0)))" fullname="Tests.Testat06.T03b_ContactParticleSpawn(&quot;Assets/Prefabs/Platform_Ice.prefab&quot;,((0.0, 0.0, 0.0), (0.0, 2.0, 0.0)))" methodname="T03b_ContactParticleSpawn" classname="Tests.Testat06" runstate="Runnable" seed="1289225260" result="Failed" start-time="2020-12-18 15:56:16Z" end-time="2020-12-18 15:56:16Z" duration="0.015605" asserts="0">
              <properties />
              <failure>
                <message><![CDATA[  Expected: file exists
  But was:  <Assets/Prefabs/ContactParticles.prefab>
]]></message>
                <stack-trace><![CDATA[at NUnit.Framework.FileAssert.Exists (System.IO.FileInfo actual, System.String message, System.Object[] args) [0x0000c] in <59819be142c34115ade688f6962021f1>:0
at NUnit.Framework.FileAssert.Exists (System.IO.FileInfo actual) [0x00001] in <59819be142c34115ade688f6962021f1>:0
at Tests.TestUtils.LoadPrefab (System.String path) [0x00008] in C:\Unity\workspace\2020WS.UnityPP.LauraWue\Assets\Tests\TestUtils.cs:89
at Tests.Testat06+<CreatePlatformTest>d__23.MoveNext () [0x00081] in C:\Unity\workspace\2020WS.UnityPP.LauraWue\Assets\Tests\Testat06.cs:153
at UnityEngine.TestTools.EnumerableTestMethodCommand+<ExecuteEnumerableAndRecordExceptions>d__3.MoveNext () [0x00038] in C:\Unity\workspace\2020WS.UnityPP.LauraWue\Library\PackageCache\com.unity.test-framework@1.1.18\UnityEngine.TestRunner\NUnitExtensions\Commands\EnumerableTestMethodCommand.cs:68
]]></stack-trace>
              </failure>
            </test-case>
            <test-case id="1143" name="T03b_ContactParticleSpawn(&quot;Assets/Prefabs/Platform_Ice.prefab&quot;,((1.2, -1.0, 0.0), (1.4, 1.0, 0.0)))" fullname="Tests.Testat06.T03b_ContactParticleSpawn(&quot;Assets/Prefabs/Platform_Ice.prefab&quot;,((1.2, -1.0, 0.0), (1.4, 1.0, 0.0)))" methodname="T03b_ContactParticleSpawn" classname="Tests.Testat06" runstate="Runnable" seed="683004586" result="Failed" start-time="2020-12-18 15:56:16Z" end-time="2020-12-18 15:56:16Z" duration="0.017463" asserts="0">
              <properties />
              <failure>
                <message><![CDATA[  Expected: file exists
  But was:  <Assets/Prefabs/ContactParticles.prefab>
]]></message>
                <stack-trace><![CDATA[at NUnit.Framework.FileAssert.Exists (System.IO.FileInfo actual, System.String message, System.Object[] args) [0x0000c] in <59819be142c34115ade688f6962021f1>:0
at NUnit.Framework.FileAssert.Exists (System.IO.FileInfo actual) [0x00001] in <59819be142c34115ade688f6962021f1>:0
at Tests.TestUtils.LoadPrefab (System.String path) [0x00008] in C:\Unity\workspace\2020WS.UnityPP.LauraWue\Assets\Tests\TestUtils.cs:89
at Tests.Testat06+<CreatePlatformTest>d__23.MoveNext () [0x00081] in C:\Unity\workspace\2020WS.UnityPP.LauraWue\Assets\Tests\Testat06.cs:153
at UnityEngine.TestTools.EnumerableTestMethodCommand+<ExecuteEnumerableAndRecordExceptions>d__3.MoveNext () [0x00038] in C:\Unity\workspace\2020WS.UnityPP.LauraWue\Library\PackageCache\com.unity.test-framework@1.1.18\UnityEngine.TestRunner\NUnitExtensions\Commands\EnumerableTestMethodCommand.cs:68
]]></stack-trace>
              </failure>
            </test-case>
            <test-case id="1144" name="T03b_ContactParticleSpawn(&quot;Assets/Prefabs/Platform_Metal.prefab&quot;,((0.0, 0.0, 0.0), (0.0, 2.0, 0.0)))" fullname="Tests.Testat06.T03b_ContactParticleSpawn(&quot;Assets/Prefabs/Platform_Metal.prefab&quot;,((0.0, 0.0, 0.0), (0.0, 2.0, 0.0)))" methodname="T03b_ContactParticleSpawn" classname="Tests.Testat06" runstate="Runnable" seed="976688783" result="Failed" start-time="2020-12-18 15:56:16Z" end-time="2020-12-18 15:56:16Z" duration="0.017287" asserts="0">
              <properties />
              <failure>
                <message><![CDATA[  Expected: file exists
  But was:  <Assets/Prefabs/ContactParticles.prefab>
]]></message>
                <stack-trace><![CDATA[at NUnit.Framework.FileAssert.Exists (System.IO.FileInfo actual, System.String message, System.Object[] args) [0x0000c] in <59819be142c34115ade688f6962021f1>:0
at NUnit.Framework.FileAssert.Exists (System.IO.FileInfo actual) [0x00001] in <59819be142c34115ade688f6962021f1>:0
at Tests.TestUtils.LoadPrefab (System.String path) [0x00008] in C:\Unity\workspace\2020WS.UnityPP.LauraWue\Assets\Tests\TestUtils.cs:89
at Tests.Testat06+<CreatePlatformTest>d__23.MoveNext () [0x00081] in C:\Unity\workspace\2020WS.UnityPP.LauraWue\Assets\Tests\Testat06.cs:153
at UnityEngine.TestTools.EnumerableTestMethodCommand+<ExecuteEnumerableAndRecordExceptions>d__3.MoveNext () [0x00038] in C:\Unity\workspace\2020WS.UnityPP.LauraWue\Library\PackageCache\com.unity.test-framework@1.1.18\UnityEngine.TestRunner\NUnitExtensions\Commands\EnumerableTestMethodCommand.cs:68
]]></stack-trace>
              </failure>
            </test-case>
            <test-case id="1145" name="T03b_ContactParticleSpawn(&quot;Assets/Prefabs/Platform_Metal.prefab&quot;,((1.2, -1.0, 0.0), (1.4, 1.0, 0.0)))" fullname="Tests.Testat06.T03b_ContactParticleSpawn(&quot;Assets/Prefabs/Platform_Metal.prefab&quot;,((1.2, -1.0, 0.0), (1.4, 1.0, 0.0)))" methodname="T03b_ContactParticleSpawn" classname="Tests.Testat06" runstate="Runnable" seed="563002478" result="Failed" start-time="2020-12-18 15:56:16Z" end-time="2020-12-18 15:56:16Z" duration="0.018555" asserts="0">
              <properties />
              <failure>
                <message><![CDATA[  Expected: file exists
  But was:  <Assets/Prefabs/ContactParticles.prefab>
]]></message>
                <stack-trace><![CDATA[at NUnit.Framework.FileAssert.Exists (System.IO.FileInfo actual, System.String message, System.Object[] args) [0x0000c] in <59819be142c34115ade688f6962021f1>:0
at NUnit.Framework.FileAssert.Exists (System.IO.FileInfo actual) [0x00001] in <59819be142c34115ade688f6962021f1>:0
at Tests.TestUtils.LoadPrefab (System.String path) [0x00008] in C:\Unity\workspace\2020WS.UnityPP.LauraWue\Assets\Tests\TestUtils.cs:89
at Tests.Testat06+<CreatePlatformTest>d__23.MoveNext () [0x00081] in C:\Unity\workspace\2020WS.UnityPP.LauraWue\Assets\Tests\Testat06.cs:153
at UnityEngine.TestTools.EnumerableTestMethodCommand+<ExecuteEnumerableAndRecordExceptions>d__3.MoveNext () [0x00038] in C:\Unity\workspace\2020WS.UnityPP.LauraWue\Library\PackageCache\com.unity.test-framework@1.1.18\UnityEngine.TestRunner\NUnitExtensions\Commands\EnumerableTestMethodCommand.cs:68
]]></stack-trace>
              </failure>
            </test-case>
            <test-case id="1146" name="T03b_ContactParticleSpawn(&quot;Assets/Prefabs/Platform_Dirt.prefab&quot;,((0.0, 0.0, 0.0), (0.0, 2.0, 0.0)))" fullname="Tests.Testat06.T03b_ContactParticleSpawn(&quot;Assets/Prefabs/Platform_Dirt.prefab&quot;,((0.0, 0.0, 0.0), (0.0, 2.0, 0.0)))" methodname="T03b_ContactParticleSpawn" classname="Tests.Testat06" runstate="Runnable" seed="876927496" result="Failed" start-time="2020-12-18 15:56:16Z" end-time="2020-12-18 15:56:16Z" duration="0.016219" asserts="0">
              <properties />
              <failure>
                <message><![CDATA[  Expected: file exists
  But was:  <Assets/Prefabs/ContactParticles.prefab>
]]></message>
                <stack-trace><![CDATA[at NUnit.Framework.FileAssert.Exists (System.IO.FileInfo actual, System.String message, System.Object[] args) [0x0000c] in <59819be142c34115ade688f6962021f1>:0
at NUnit.Framework.FileAssert.Exists (System.IO.FileInfo actual) [0x00001] in <59819be142c34115ade688f6962021f1>:0
at Tests.TestUtils.LoadPrefab (System.String path) [0x00008] in C:\Unity\workspace\2020WS.UnityPP.LauraWue\Assets\Tests\TestUtils.cs:89
at Tests.Testat06+<CreatePlatformTest>d__23.MoveNext () [0x00081] in C:\Unity\workspace\2020WS.UnityPP.LauraWue\Assets\Tests\Testat06.cs:153
at UnityEngine.TestTools.EnumerableTestMethodCommand+<ExecuteEnumerableAndRecordExceptions>d__3.MoveNext () [0x00038] in C:\Unity\workspace\2020WS.UnityPP.LauraWue\Library\PackageCache\com.unity.test-framework@1.1.18\UnityEngine.TestRunner\NUnitExtensions\Commands\EnumerableTestMethodCommand.cs:68
]]></stack-trace>
              </failure>
            </test-case>
            <test-case id="1147" name="T03b_ContactParticleSpawn(&quot;Assets/Prefabs/Platform_Dirt.prefab&quot;,((1.2, -1.0, 0.0), (1.4, 1.0, 0.0)))" fullname="Tests.Testat06.T03b_ContactParticleSpawn(&quot;Assets/Prefabs/Platform_Dirt.prefab&quot;,((1.2, -1.0, 0.0), (1.4, 1.0, 0.0)))" methodname="T03b_ContactParticleSpawn" classname="Tests.Testat06" runstate="Runnable" seed="170189163" result="Failed" start-time="2020-12-18 15:56:16Z" end-time="2020-12-18 15:56:16Z" duration="0.017637" asserts="0">
              <properties />
              <failure>
                <message><![CDATA[  Expected: file exists
  But was:  <Assets/Prefabs/ContactParticles.prefab>
]]></message>
                <stack-trace><![CDATA[at NUnit.Framework.FileAssert.Exists (System.IO.FileInfo actual, System.String message, System.Object[] args) [0x0000c] in <59819be142c34115ade688f6962021f1>:0
at NUnit.Framework.FileAssert.Exists (System.IO.FileInfo actual) [0x00001] in <59819be142c34115ade688f6962021f1>:0
at Tests.TestUtils.LoadPrefab (System.String path) [0x00008] in C:\Unity\workspace\2020WS.UnityPP.LauraWue\Assets\Tests\TestUtils.cs:89
at Tests.Testat06+<CreatePlatformTest>d__23.MoveNext () [0x00081] in C:\Unity\workspace\2020WS.UnityPP.LauraWue\Assets\Tests\Testat06.cs:153
at UnityEngine.TestTools.EnumerableTestMethodCommand+<ExecuteEnumerableAndRecordExceptions>d__3.MoveNext () [0x00038] in C:\Unity\workspace\2020WS.UnityPP.LauraWue\Library\PackageCache\com.unity.test-framework@1.1.18\UnityEngine.TestRunner\NUnitExtensions\Commands\EnumerableTestMethodCommand.cs:68
]]></stack-trace>
              </failure>
            </test-case>
          </test-suite>
          <test-suite type="ParameterizedMethod" id="1155" name="T04_PlatformBug" fullname="Tests.Testat06.T04_PlatformBug" classname="Tests.Testat06" runstate="Runnable" testcasecount="6" result="Failed" site="Child" start-time="2020-12-18 15:56:16Z" end-time="2020-12-18 15:56:16Z" duration="0.123231" total="6" passed="0" failed="6" inconclusive="0" skipped="0" asserts="0">
            <properties>
              <property name="_JOINTYPE" value="UnityCombinatorial" />
            </properties>
            <failure>
              <message><![CDATA[One or more child tests had errors]]></message>
            </failure>
            <test-case id="1149" name="T04_PlatformBug(&quot;Assets/Prefabs/Platform_Ice.prefab&quot;,((0.0, 1.0, 0.0), False))" fullname="Tests.Testat06.T04_PlatformBug(&quot;Assets/Prefabs/Platform_Ice.prefab&quot;,((0.0, 1.0, 0.0), False))" methodname="T04_PlatformBug" classname="Tests.Testat06" runstate="Runnable" seed="1114572639" result="Failed" start-time="2020-12-18 15:56:16Z" end-time="2020-12-18 15:56:16Z" duration="0.018577" asserts="0">
              <properties />
              <failure>
                <message><![CDATA[  Expected: file exists
  But was:  <Assets/Prefabs/ContactParticles.prefab>
]]></message>
                <stack-trace><![CDATA[at NUnit.Framework.FileAssert.Exists (System.IO.FileInfo actual, System.String message, System.Object[] args) [0x0000c] in <59819be142c34115ade688f6962021f1>:0
at NUnit.Framework.FileAssert.Exists (System.IO.FileInfo actual) [0x00001] in <59819be142c34115ade688f6962021f1>:0
at Tests.TestUtils.LoadPrefab (System.String path) [0x00008] in C:\Unity\workspace\2020WS.UnityPP.LauraWue\Assets\Tests\TestUtils.cs:89
at Tests.Testat06+<CreatePlatformTest>d__23.MoveNext () [0x00081] in C:\Unity\workspace\2020WS.UnityPP.LauraWue\Assets\Tests\Testat06.cs:153
at UnityEngine.TestTools.EnumerableTestMethodCommand+<ExecuteEnumerableAndRecordExceptions>d__3.MoveNext () [0x00038] in C:\Unity\workspace\2020WS.UnityPP.LauraWue\Library\PackageCache\com.unity.test-framework@1.1.18\UnityEngine.TestRunner\NUnitExtensions\Commands\EnumerableTestMethodCommand.cs:68
]]></stack-trace>
              </failure>
            </test-case>
            <test-case id="1150" name="T04_PlatformBug(&quot;Assets/Prefabs/Platform_Ice.prefab&quot;,((0.0, -1.0, 0.0), True))" fullname="Tests.Testat06.T04_PlatformBug(&quot;Assets/Prefabs/Platform_Ice.prefab&quot;,((0.0, -1.0, 0.0), True))" methodname="T04_PlatformBug" classname="Tests.Testat06" runstate="Runnable" seed="430165158" result="Failed" start-time="2020-12-18 15:56:16Z" end-time="2020-12-18 15:56:16Z" duration="0.017974" asserts="0">
              <properties />
              <failure>
                <message><![CDATA[  Expected: file exists
  But was:  <Assets/Prefabs/ContactParticles.prefab>
]]></message>
                <stack-trace><![CDATA[at NUnit.Framework.FileAssert.Exists (System.IO.FileInfo actual, System.String message, System.Object[] args) [0x0000c] in <59819be142c34115ade688f6962021f1>:0
at NUnit.Framework.FileAssert.Exists (System.IO.FileInfo actual) [0x00001] in <59819be142c34115ade688f6962021f1>:0
at Tests.TestUtils.LoadPrefab (System.String path) [0x00008] in C:\Unity\workspace\2020WS.UnityPP.LauraWue\Assets\Tests\TestUtils.cs:89
at Tests.Testat06+<CreatePlatformTest>d__23.MoveNext () [0x00081] in C:\Unity\workspace\2020WS.UnityPP.LauraWue\Assets\Tests\Testat06.cs:153
at UnityEngine.TestTools.EnumerableTestMethodCommand+<ExecuteEnumerableAndRecordExceptions>d__3.MoveNext () [0x00038] in C:\Unity\workspace\2020WS.UnityPP.LauraWue\Library\PackageCache\com.unity.test-framework@1.1.18\UnityEngine.TestRunner\NUnitExtensions\Commands\EnumerableTestMethodCommand.cs:68
]]></stack-trace>
              </failure>
            </test-case>
            <test-case id="1151" name="T04_PlatformBug(&quot;Assets/Prefabs/Platform_Metal.prefab&quot;,((0.0, 1.0, 0.0), False))" fullname="Tests.Testat06.T04_PlatformBug(&quot;Assets/Prefabs/Platform_Metal.prefab&quot;,((0.0, 1.0, 0.0), False))" methodname="T04_PlatformBug" classname="Tests.Testat06" runstate="Runnable" seed="1478572768" result="Failed" start-time="2020-12-18 15:56:16Z" end-time="2020-12-18 15:56:16Z" duration="0.016695" asserts="0">
              <properties />
              <failure>
                <message><![CDATA[  Expected: file exists
  But was:  <Assets/Prefabs/ContactParticles.prefab>
]]></message>
                <stack-trace><![CDATA[at NUnit.Framework.FileAssert.Exists (System.IO.FileInfo actual, System.String message, System.Object[] args) [0x0000c] in <59819be142c34115ade688f6962021f1>:0
at NUnit.Framework.FileAssert.Exists (System.IO.FileInfo actual) [0x00001] in <59819be142c34115ade688f6962021f1>:0
at Tests.TestUtils.LoadPrefab (System.String path) [0x00008] in C:\Unity\workspace\2020WS.UnityPP.LauraWue\Assets\Tests\TestUtils.cs:89
at Tests.Testat06+<CreatePlatformTest>d__23.MoveNext () [0x00081] in C:\Unity\workspace\2020WS.UnityPP.LauraWue\Assets\Tests\Testat06.cs:153
at UnityEngine.TestTools.EnumerableTestMethodCommand+<ExecuteEnumerableAndRecordExceptions>d__3.MoveNext () [0x00038] in C:\Unity\workspace\2020WS.UnityPP.LauraWue\Library\PackageCache\com.unity.test-framework@1.1.18\UnityEngine.TestRunner\NUnitExtensions\Commands\EnumerableTestMethodCommand.cs:68
]]></stack-trace>
              </failure>
            </test-case>
            <test-case id="1152" name="T04_PlatformBug(&quot;Assets/Prefabs/Platform_Metal.prefab&quot;,((0.0, -1.0, 0.0), True))" fullname="Tests.Testat06.T04_PlatformBug(&quot;Assets/Prefabs/Platform_Metal.prefab&quot;,((0.0, -1.0, 0.0), True))" methodname="T04_PlatformBug" classname="Tests.Testat06" runstate="Runnable" seed="724762229" result="Failed" start-time="2020-12-18 15:56:16Z" end-time="2020-12-18 15:56:16Z" duration="0.021895" asserts="0">
              <properties />
              <failure>
                <message><![CDATA[  Expected: file exists
  But was:  <Assets/Prefabs/ContactParticles.prefab>
]]></message>
                <stack-trace><![CDATA[at NUnit.Framework.FileAssert.Exists (System.IO.FileInfo actual, System.String message, System.Object[] args) [0x0000c] in <59819be142c34115ade688f6962021f1>:0
at NUnit.Framework.FileAssert.Exists (System.IO.FileInfo actual) [0x00001] in <59819be142c34115ade688f6962021f1>:0
at Tests.TestUtils.LoadPrefab (System.String path) [0x00008] in C:\Unity\workspace\2020WS.UnityPP.LauraWue\Assets\Tests\TestUtils.cs:89
at Tests.Testat06+<CreatePlatformTest>d__23.MoveNext () [0x00081] in C:\Unity\workspace\2020WS.UnityPP.LauraWue\Assets\Tests\Testat06.cs:153
at UnityEngine.TestTools.EnumerableTestMethodCommand+<ExecuteEnumerableAndRecordExceptions>d__3.MoveNext () [0x00038] in C:\Unity\workspace\2020WS.UnityPP.LauraWue\Library\PackageCache\com.unity.test-framework@1.1.18\UnityEngine.TestRunner\NUnitExtensions\Commands\EnumerableTestMethodCommand.cs:68
]]></stack-trace>
              </failure>
            </test-case>
            <test-case id="1153" name="T04_PlatformBug(&quot;Assets/Prefabs/Platform_Dirt.prefab&quot;,((0.0, 1.0, 0.0), False))" fullname="Tests.Testat06.T04_PlatformBug(&quot;Assets/Prefabs/Platform_Dirt.prefab&quot;,((0.0, 1.0, 0.0), False))" methodname="T04_PlatformBug" classname="Tests.Testat06" runstate="Runnable" seed="877129732" result="Failed" start-time="2020-12-18 15:56:16Z" end-time="2020-12-18 15:56:16Z" duration="0.013465" asserts="0">
              <properties />
              <failure>
                <message><![CDATA[  Expected: file exists
  But was:  <Assets/Prefabs/ContactParticles.prefab>
]]></message>
                <stack-trace><![CDATA[at NUnit.Framework.FileAssert.Exists (System.IO.FileInfo actual, System.String message, System.Object[] args) [0x0000c] in <59819be142c34115ade688f6962021f1>:0
at NUnit.Framework.FileAssert.Exists (System.IO.FileInfo actual) [0x00001] in <59819be142c34115ade688f6962021f1>:0
at Tests.TestUtils.LoadPrefab (System.String path) [0x00008] in C:\Unity\workspace\2020WS.UnityPP.LauraWue\Assets\Tests\TestUtils.cs:89
at Tests.Testat06+<CreatePlatformTest>d__23.MoveNext () [0x00081] in C:\Unity\workspace\2020WS.UnityPP.LauraWue\Assets\Tests\Testat06.cs:153
at UnityEngine.TestTools.EnumerableTestMethodCommand+<ExecuteEnumerableAndRecordExceptions>d__3.MoveNext () [0x00038] in C:\Unity\workspace\2020WS.UnityPP.LauraWue\Library\PackageCache\com.unity.test-framework@1.1.18\UnityEngine.TestRunner\NUnitExtensions\Commands\EnumerableTestMethodCommand.cs:68
]]></stack-trace>
              </failure>
            </test-case>
            <test-case id="1154" name="T04_PlatformBug(&quot;Assets/Prefabs/Platform_Dirt.prefab&quot;,((0.0, -1.0, 0.0), True))" fullname="Tests.Testat06.T04_PlatformBug(&quot;Assets/Prefabs/Platform_Dirt.prefab&quot;,((0.0, -1.0, 0.0), True))" methodname="T04_PlatformBug" classname="Tests.Testat06" runstate="Runnable" seed="1398099590" result="Failed" start-time="2020-12-18 15:56:16Z" end-time="2020-12-18 15:56:16Z" duration="0.017318" asserts="0">
              <properties />
              <failure>
                <message><![CDATA[  Expected: file exists
  But was:  <Assets/Prefabs/ContactParticles.prefab>
]]></message>
                <stack-trace><![CDATA[at NUnit.Framework.FileAssert.Exists (System.IO.FileInfo actual, System.String message, System.Object[] args) [0x0000c] in <59819be142c34115ade688f6962021f1>:0
at NUnit.Framework.FileAssert.Exists (System.IO.FileInfo actual) [0x00001] in <59819be142c34115ade688f6962021f1>:0
at Tests.TestUtils.LoadPrefab (System.String path) [0x00008] in C:\Unity\workspace\2020WS.UnityPP.LauraWue\Assets\Tests\TestUtils.cs:89
at Tests.Testat06+<CreatePlatformTest>d__23.MoveNext () [0x00081] in C:\Unity\workspace\2020WS.UnityPP.LauraWue\Assets\Tests\Testat06.cs:153
at UnityEngine.TestTools.EnumerableTestMethodCommand+<ExecuteEnumerableAndRecordExceptions>d__3.MoveNext () [0x00038] in C:\Unity\workspace\2020WS.UnityPP.LauraWue\Library\PackageCache\com.unity.test-framework@1.1.18\UnityEngine.TestRunner\NUnitExtensions\Commands\EnumerableTestMethodCommand.cs:68
]]></stack-trace>
              </failure>
            </test-case>
          </test-suite>
        </test-suite>
      </test-suite>
    </test-suite>
    <test-suite type="Assembly" id="1160" name="Unity.InputSystem.IntegrationTests.dll" fullname="C:/Unity/workspace/2020WS.UnityPP.LauraWue/Library/ScriptAssemblies/Unity.InputSystem.IntegrationTests.dll" runstate="Runnable" testcasecount="1" result="Passed" start-time="2020-12-18 15:56:16Z" end-time="2020-12-18 15:56:16Z" duration="0.021575" total="1" passed="1" failed="0" inconclusive="0" skipped="0" asserts="0">
      <properties>
        <property name="_PID" value="16152" />
        <property name="_APPDOMAIN" value="Unity Child Domain" />
        <property name="platform" value="PlayMode" />
      </properties>
      <test-suite type="TestFixture" id="1158" name="IntegrationTests" fullname="IntegrationTests" classname="IntegrationTests" runstate="Runnable" testcasecount="1" result="Passed" start-time="2020-12-18 15:56:16Z" end-time="2020-12-18 15:56:16Z" duration="0.018474" total="1" passed="1" failed="0" inconclusive="0" skipped="0" asserts="0">
        <properties />
        <test-case id="1159" name="Integration_CanSendAndReceiveEvents" fullname="IntegrationTests.Integration_CanSendAndReceiveEvents" methodname="Integration_CanSendAndReceiveEvents" classname="IntegrationTests" runstate="Runnable" seed="926999210" result="Passed" start-time="2020-12-18 15:56:16Z" end-time="2020-12-18 15:56:16Z" duration="0.016920" asserts="0">
          <properties>
            <property name="Category" value="Integration" />
          </properties>
        </test-case>
      </test-suite>
    </test-suite>
  </test-suite>
</test-run>