<?xml version="1.0" encoding="utf-8"?>
<test-run id="2" testcasecount="86" result="Failed(Child)" total="86" passed="67" failed="19" inconclusive="0" skipped="0" asserts="0" engine-version="3.5.0.0" clr-version="4.0.30319.42000" start-time="2020-11-21 23:55:00Z" end-time="2020-11-21 23:55:04Z" duration="3,8994434">
  <test-suite type="TestSuite" id="1000" name="2020WS.UnityPP" fullname="2020WS.UnityPP" runstate="Runnable" testcasecount="86" result="Failed" site="Child" start-time="2020-11-21 23:55:00Z" end-time="2020-11-21 23:55:04Z" duration="3.899443" total="86" passed="67" failed="19" inconclusive="0" skipped="0" asserts="0">
    <properties />
    <failure>
      <message><![CDATA[One or more child tests had errors]]></message>
    </failure>
    <test-suite type="Assembly" id="1095" name="Tests.dll" fullname="C:/Unity/workspace/2020WS.UnityPP.LukeBrose/Library/ScriptAssemblies/Tests.dll" runstate="Runnable" testcasecount="85" result="Failed" site="Child" start-time="2020-11-21 23:55:00Z" end-time="2020-11-21 23:55:04Z" duration="3.802949" total="85" passed="66" failed="19" inconclusive="0" skipped="0" asserts="0">
      <properties>
        <property name="_PID" value="12300" />
        <property name="_APPDOMAIN" value="Unity Child Domain" />
        <property name="platform" value="PlayMode" />
      </properties>
      <failure>
        <message><![CDATA[One or more child tests had errors]]></message>
      </failure>
      <test-suite type="TestSuite" id="1096" name="Tests" fullname="Tests" runstate="Runnable" testcasecount="85" result="Failed" site="Child" start-time="2020-11-21 23:55:00Z" end-time="2020-11-21 23:55:04Z" duration="3.739625" total="85" passed="66" failed="19" inconclusive="0" skipped="0" asserts="0">
        <properties />
        <failure>
          <message><![CDATA[One or more child tests had errors]]></message>
        </failure>
        <test-suite type="TestFixture" id="1001" name="Testat01" fullname="Tests.Testat01" classname="Tests.Testat01" runstate="Runnable" testcasecount="4" result="Passed" start-time="2020-11-21 23:55:00Z" end-time="2020-11-21 23:55:00Z" duration="0.075977" total="4" passed="4" failed="0" inconclusive="0" skipped="0" asserts="0">
          <properties />
          <test-case id="1003" name="TestGitInitialized" fullname="Tests.Testat01.TestGitInitialized" methodname="TestGitInitialized" classname="Tests.Testat01" runstate="Runnable" seed="1727362457" result="Passed" start-time="2020-11-21 23:55:00Z" end-time="2020-11-21 23:55:00Z" duration="0.015634" asserts="0">
            <properties />
          </test-case>
          <test-case id="1005" name="TestHelloWorldLog" fullname="Tests.Testat01.TestHelloWorldLog" methodname="TestHelloWorldLog" classname="Tests.Testat01" runstate="Runnable" seed="1285649494" result="Passed" start-time="2020-11-21 23:55:00Z" end-time="2020-11-21 23:55:00Z" duration="0.035288" asserts="0">
            <properties>
              <property name="_JOINTYPE" value="UnityCombinatorial" />
            </properties>
            <output><![CDATA[Hallo Welt!
]]></output>
          </test-case>
          <test-case id="1004" name="TestSceneExists" fullname="Tests.Testat01.TestSceneExists" methodname="TestSceneExists" classname="Tests.Testat01" runstate="Runnable" seed="334364057" result="Passed" start-time="2020-11-21 23:55:00Z" end-time="2020-11-21 23:55:00Z" duration="0.000862" asserts="0">
            <properties />
          </test-case>
          <test-case id="1002" name="TestUnityVersion" fullname="Tests.Testat01.TestUnityVersion" methodname="TestUnityVersion" classname="Tests.Testat01" runstate="Runnable" seed="1279607478" result="Passed" start-time="2020-11-21 23:55:00Z" end-time="2020-11-21 23:55:00Z" duration="0.000478" asserts="0">
            <properties />
          </test-case>
        </test-suite>
        <test-suite type="TestFixture" id="1006" name="Testat02" fullname="Tests.Testat02" classname="Tests.Testat02" runstate="Runnable" testcasecount="62" result="Passed" start-time="2020-11-21 23:55:00Z" end-time="2020-11-21 23:55:03Z" duration="3.191687" total="62" passed="62" failed="0" inconclusive="0" skipped="0" asserts="0">
          <properties />
          <test-case id="1012" name="TestAvatarExists" fullname="Tests.Testat02.TestAvatarExists" methodname="TestAvatarExists" classname="Tests.Testat02" runstate="Runnable" seed="658852086" result="Passed" start-time="2020-11-21 23:55:00Z" end-time="2020-11-21 23:55:00Z" duration="0.044701" asserts="0">
            <properties>
              <property name="_JOINTYPE" value="UnityCombinatorial" />
            </properties>
          </test-case>
          <test-suite type="ParameterizedMethod" id="1021" name="TestAvatarInput" fullname="Tests.Testat02.TestAvatarInput" classname="Tests.Testat02" runstate="Runnable" testcasecount="8" result="Passed" start-time="2020-11-21 23:55:00Z" end-time="2020-11-21 23:55:01Z" duration="0.586007" total="8" passed="8" failed="0" inconclusive="0" skipped="0" asserts="0">
            <properties>
              <property name="_JOINTYPE" value="UnityCombinatorial" />
            </properties>
            <test-case id="1013" name="TestAvatarInput(upArrow)" fullname="Tests.Testat02.TestAvatarInput(upArrow)" methodname="TestAvatarInput" classname="Tests.Testat02" runstate="Runnable" seed="1279895156" result="Passed" start-time="2020-11-21 23:55:00Z" end-time="2020-11-21 23:55:00Z" duration="0.065591" asserts="0">
              <properties />
            </test-case>
            <test-case id="1014" name="TestAvatarInput(downArrow)" fullname="Tests.Testat02.TestAvatarInput(downArrow)" methodname="TestAvatarInput" classname="Tests.Testat02" runstate="Runnable" seed="334642835" result="Passed" start-time="2020-11-21 23:55:00Z" end-time="2020-11-21 23:55:00Z" duration="0.070871" asserts="0">
              <properties />
            </test-case>
            <test-case id="1015" name="TestAvatarInput(leftArrow)" fullname="Tests.Testat02.TestAvatarInput(leftArrow)" methodname="TestAvatarInput" classname="Tests.Testat02" runstate="Runnable" seed="889382352" result="Passed" start-time="2020-11-21 23:55:00Z" end-time="2020-11-21 23:55:01Z" duration="0.074323" asserts="0">
              <properties />
            </test-case>
            <test-case id="1016" name="TestAvatarInput(rightArrow)" fullname="Tests.Testat02.TestAvatarInput(rightArrow)" methodname="TestAvatarInput" classname="Tests.Testat02" runstate="Runnable" seed="1274817511" result="Passed" start-time="2020-11-21 23:55:01Z" end-time="2020-11-21 23:55:01Z" duration="0.072055" asserts="0">
              <properties />
            </test-case>
            <test-case id="1017" name="TestAvatarInput(upArrow+rightArrow)" fullname="Tests.Testat02.TestAvatarInput(upArrow+rightArrow)" methodname="TestAvatarInput" classname="Tests.Testat02" runstate="Runnable" seed="2113270691" result="Passed" start-time="2020-11-21 23:55:01Z" end-time="2020-11-21 23:55:01Z" duration="0.072200" asserts="0">
              <properties />
            </test-case>
            <test-case id="1018" name="TestAvatarInput(downArrow+rightArrow)" fullname="Tests.Testat02.TestAvatarInput(downArrow+rightArrow)" methodname="TestAvatarInput" classname="Tests.Testat02" runstate="Runnable" seed="1395146965" result="Passed" start-time="2020-11-21 23:55:01Z" end-time="2020-11-21 23:55:01Z" duration="0.072519" asserts="0">
              <properties />
            </test-case>
            <test-case id="1019" name="TestAvatarInput(upArrow+leftArrow)" fullname="Tests.Testat02.TestAvatarInput(upArrow+leftArrow)" methodname="TestAvatarInput" classname="Tests.Testat02" runstate="Runnable" seed="1971119755" result="Passed" start-time="2020-11-21 23:55:01Z" end-time="2020-11-21 23:55:01Z" duration="0.071476" asserts="0">
              <properties />
            </test-case>
            <test-case id="1020" name="TestAvatarInput(downArrow+leftArrow)" fullname="Tests.Testat02.TestAvatarInput(downArrow+leftArrow)" methodname="TestAvatarInput" classname="Tests.Testat02" runstate="Runnable" seed="2066090625" result="Passed" start-time="2020-11-21 23:55:01Z" end-time="2020-11-21 23:55:01Z" duration="0.071678" asserts="0">
              <properties />
            </test-case>
          </test-suite>
          <test-case id="1022" name="TestAvatarSpeedFieldExists" fullname="Tests.Testat02.TestAvatarSpeedFieldExists" methodname="TestAvatarSpeedFieldExists" classname="Tests.Testat02" runstate="Runnable" seed="2039097407" result="Passed" start-time="2020-11-21 23:55:01Z" end-time="2020-11-21 23:55:01Z" duration="0.010552" asserts="0">
            <properties>
              <property name="_JOINTYPE" value="UnityCombinatorial" />
            </properties>
          </test-case>
          <test-suite type="ParameterizedMethod" id="1071" name="TestAvatarSpeedFieldWorks" fullname="Tests.Testat02.TestAvatarSpeedFieldWorks" classname="Tests.Testat02" runstate="Runnable" testcasecount="48" result="Passed" start-time="2020-11-21 23:55:01Z" end-time="2020-11-21 23:55:03Z" duration="2.504606" total="48" passed="48" failed="0" inconclusive="0" skipped="0" asserts="0">
            <properties>
              <property name="_JOINTYPE" value="UnityCombinatorial" />
            </properties>
            <test-case id="1023" name="TestAvatarSpeedFieldWorks(upArrow,0.0f,0)" fullname="Tests.Testat02.TestAvatarSpeedFieldWorks(upArrow,0.0f,0)" methodname="TestAvatarSpeedFieldWorks" classname="Tests.Testat02" runstate="Runnable" seed="1867086629" result="Passed" start-time="2020-11-21 23:55:01Z" end-time="2020-11-21 23:55:01Z" duration="0.017307" asserts="0">
              <properties />
            </test-case>
            <test-case id="1024" name="TestAvatarSpeedFieldWorks(upArrow,0.0f,2)" fullname="Tests.Testat02.TestAvatarSpeedFieldWorks(upArrow,0.0f,2)" methodname="TestAvatarSpeedFieldWorks" classname="Tests.Testat02" runstate="Runnable" seed="1233298060" result="Passed" start-time="2020-11-21 23:55:01Z" end-time="2020-11-21 23:55:01Z" duration="0.040109" asserts="0">
              <properties />
            </test-case>
            <test-case id="1025" name="TestAvatarSpeedFieldWorks(upArrow,0.0f,4)" fullname="Tests.Testat02.TestAvatarSpeedFieldWorks(upArrow,0.0f,4)" methodname="TestAvatarSpeedFieldWorks" classname="Tests.Testat02" runstate="Runnable" seed="1127316404" result="Passed" start-time="2020-11-21 23:55:01Z" end-time="2020-11-21 23:55:01Z" duration="0.091482" asserts="0">
              <properties />
            </test-case>
            <test-case id="1026" name="TestAvatarSpeedFieldWorks(upArrow,5.0f,0)" fullname="Tests.Testat02.TestAvatarSpeedFieldWorks(upArrow,5.0f,0)" methodname="TestAvatarSpeedFieldWorks" classname="Tests.Testat02" runstate="Runnable" seed="329966259" result="Passed" start-time="2020-11-21 23:55:01Z" end-time="2020-11-21 23:55:01Z" duration="0.015153" asserts="0">
              <properties />
            </test-case>
            <test-case id="1027" name="TestAvatarSpeedFieldWorks(upArrow,5.0f,2)" fullname="Tests.Testat02.TestAvatarSpeedFieldWorks(upArrow,5.0f,2)" methodname="TestAvatarSpeedFieldWorks" classname="Tests.Testat02" runstate="Runnable" seed="1505225055" result="Passed" start-time="2020-11-21 23:55:01Z" end-time="2020-11-21 23:55:01Z" duration="0.047536" asserts="0">
              <properties />
            </test-case>
            <test-case id="1028" name="TestAvatarSpeedFieldWorks(upArrow,5.0f,4)" fullname="Tests.Testat02.TestAvatarSpeedFieldWorks(upArrow,5.0f,4)" methodname="TestAvatarSpeedFieldWorks" classname="Tests.Testat02" runstate="Runnable" seed="2137195581" result="Passed" start-time="2020-11-21 23:55:01Z" end-time="2020-11-21 23:55:01Z" duration="0.091394" asserts="0">
              <properties />
            </test-case>
            <test-case id="1029" name="TestAvatarSpeedFieldWorks(downArrow,0.0f,0)" fullname="Tests.Testat02.TestAvatarSpeedFieldWorks(downArrow,0.0f,0)" methodname="TestAvatarSpeedFieldWorks" classname="Tests.Testat02" runstate="Runnable" seed="256680754" result="Passed" start-time="2020-11-21 23:55:01Z" end-time="2020-11-21 23:55:01Z" duration="0.017075" asserts="0">
              <properties />
            </test-case>
            <test-case id="1030" name="TestAvatarSpeedFieldWorks(downArrow,0.0f,2)" fullname="Tests.Testat02.TestAvatarSpeedFieldWorks(downArrow,0.0f,2)" methodname="TestAvatarSpeedFieldWorks" classname="Tests.Testat02" runstate="Runnable" seed="2121400997" result="Passed" start-time="2020-11-21 23:55:01Z" end-time="2020-11-21 23:55:01Z" duration="0.048009" asserts="0">
              <properties />
            </test-case>
            <test-case id="1031" name="TestAvatarSpeedFieldWorks(downArrow,0.0f,4)" fullname="Tests.Testat02.TestAvatarSpeedFieldWorks(downArrow,0.0f,4)" methodname="TestAvatarSpeedFieldWorks" classname="Tests.Testat02" runstate="Runnable" seed="1533757187" result="Passed" start-time="2020-11-21 23:55:01Z" end-time="2020-11-21 23:55:01Z" duration="0.091786" asserts="0">
              <properties />
            </test-case>
            <test-case id="1032" name="TestAvatarSpeedFieldWorks(downArrow,5.0f,0)" fullname="Tests.Testat02.TestAvatarSpeedFieldWorks(downArrow,5.0f,0)" methodname="TestAvatarSpeedFieldWorks" classname="Tests.Testat02" runstate="Runnable" seed="1077829543" result="Passed" start-time="2020-11-21 23:55:01Z" end-time="2020-11-21 23:55:01Z" duration="0.015543" asserts="0">
              <properties />
            </test-case>
            <test-case id="1033" name="TestAvatarSpeedFieldWorks(downArrow,5.0f,2)" fullname="Tests.Testat02.TestAvatarSpeedFieldWorks(downArrow,5.0f,2)" methodname="TestAvatarSpeedFieldWorks" classname="Tests.Testat02" runstate="Runnable" seed="877180752" result="Passed" start-time="2020-11-21 23:55:01Z" end-time="2020-11-21 23:55:01Z" duration="0.045560" asserts="0">
              <properties />
            </test-case>
            <test-case id="1034" name="TestAvatarSpeedFieldWorks(downArrow,5.0f,4)" fullname="Tests.Testat02.TestAvatarSpeedFieldWorks(downArrow,5.0f,4)" methodname="TestAvatarSpeedFieldWorks" classname="Tests.Testat02" runstate="Runnable" seed="2022159628" result="Passed" start-time="2020-11-21 23:55:01Z" end-time="2020-11-21 23:55:02Z" duration="0.090884" asserts="0">
              <properties />
            </test-case>
            <test-case id="1035" name="TestAvatarSpeedFieldWorks(leftArrow,0.0f,0)" fullname="Tests.Testat02.TestAvatarSpeedFieldWorks(leftArrow,0.0f,0)" methodname="TestAvatarSpeedFieldWorks" classname="Tests.Testat02" runstate="Runnable" seed="490192689" result="Passed" start-time="2020-11-21 23:55:02Z" end-time="2020-11-21 23:55:02Z" duration="0.015739" asserts="0">
              <properties />
            </test-case>
            <test-case id="1036" name="TestAvatarSpeedFieldWorks(leftArrow,0.0f,2)" fullname="Tests.Testat02.TestAvatarSpeedFieldWorks(leftArrow,0.0f,2)" methodname="TestAvatarSpeedFieldWorks" classname="Tests.Testat02" runstate="Runnable" seed="1618663391" result="Passed" start-time="2020-11-21 23:55:02Z" end-time="2020-11-21 23:55:02Z" duration="0.046868" asserts="0">
              <properties />
            </test-case>
            <test-case id="1037" name="TestAvatarSpeedFieldWorks(leftArrow,0.0f,4)" fullname="Tests.Testat02.TestAvatarSpeedFieldWorks(leftArrow,0.0f,4)" methodname="TestAvatarSpeedFieldWorks" classname="Tests.Testat02" runstate="Runnable" seed="21172131" result="Passed" start-time="2020-11-21 23:55:02Z" end-time="2020-11-21 23:55:02Z" duration="0.090314" asserts="0">
              <properties />
            </test-case>
            <test-case id="1038" name="TestAvatarSpeedFieldWorks(leftArrow,5.0f,0)" fullname="Tests.Testat02.TestAvatarSpeedFieldWorks(leftArrow,5.0f,0)" methodname="TestAvatarSpeedFieldWorks" classname="Tests.Testat02" runstate="Runnable" seed="492835644" result="Passed" start-time="2020-11-21 23:55:02Z" end-time="2020-11-21 23:55:02Z" duration="0.015120" asserts="0">
              <properties />
            </test-case>
            <test-case id="1039" name="TestAvatarSpeedFieldWorks(leftArrow,5.0f,2)" fullname="Tests.Testat02.TestAvatarSpeedFieldWorks(leftArrow,5.0f,2)" methodname="TestAvatarSpeedFieldWorks" classname="Tests.Testat02" runstate="Runnable" seed="1687273964" result="Passed" start-time="2020-11-21 23:55:02Z" end-time="2020-11-21 23:55:02Z" duration="0.046320" asserts="0">
              <properties />
            </test-case>
            <test-case id="1040" name="TestAvatarSpeedFieldWorks(leftArrow,5.0f,4)" fullname="Tests.Testat02.TestAvatarSpeedFieldWorks(leftArrow,5.0f,4)" methodname="TestAvatarSpeedFieldWorks" classname="Tests.Testat02" runstate="Runnable" seed="853921427" result="Passed" start-time="2020-11-21 23:55:02Z" end-time="2020-11-21 23:55:02Z" duration="0.090893" asserts="0">
              <properties />
            </test-case>
            <test-case id="1041" name="TestAvatarSpeedFieldWorks(rightArrow,0.0f,0)" fullname="Tests.Testat02.TestAvatarSpeedFieldWorks(rightArrow,0.0f,0)" methodname="TestAvatarSpeedFieldWorks" classname="Tests.Testat02" runstate="Runnable" seed="1679314940" result="Passed" start-time="2020-11-21 23:55:02Z" end-time="2020-11-21 23:55:02Z" duration="0.015245" asserts="0">
              <properties />
            </test-case>
            <test-case id="1042" name="TestAvatarSpeedFieldWorks(rightArrow,0.0f,2)" fullname="Tests.Testat02.TestAvatarSpeedFieldWorks(rightArrow,0.0f,2)" methodname="TestAvatarSpeedFieldWorks" classname="Tests.Testat02" runstate="Runnable" seed="945155124" result="Passed" start-time="2020-11-21 23:55:02Z" end-time="2020-11-21 23:55:02Z" duration="0.046196" asserts="0">
              <properties />
            </test-case>
            <test-case id="1043" name="TestAvatarSpeedFieldWorks(rightArrow,0.0f,4)" fullname="Tests.Testat02.TestAvatarSpeedFieldWorks(rightArrow,0.0f,4)" methodname="TestAvatarSpeedFieldWorks" classname="Tests.Testat02" runstate="Runnable" seed="1965717435" result="Passed" start-time="2020-11-21 23:55:02Z" end-time="2020-11-21 23:55:02Z" duration="0.090902" asserts="0">
              <properties />
            </test-case>
            <test-case id="1044" name="TestAvatarSpeedFieldWorks(rightArrow,5.0f,0)" fullname="Tests.Testat02.TestAvatarSpeedFieldWorks(rightArrow,5.0f,0)" methodname="TestAvatarSpeedFieldWorks" classname="Tests.Testat02" runstate="Runnable" seed="649808322" result="Passed" start-time="2020-11-21 23:55:02Z" end-time="2020-11-21 23:55:02Z" duration="0.016502" asserts="0">
              <properties />
            </test-case>
            <test-case id="1045" name="TestAvatarSpeedFieldWorks(rightArrow,5.0f,2)" fullname="Tests.Testat02.TestAvatarSpeedFieldWorks(rightArrow,5.0f,2)" methodname="TestAvatarSpeedFieldWorks" classname="Tests.Testat02" runstate="Runnable" seed="61843890" result="Passed" start-time="2020-11-21 23:55:02Z" end-time="2020-11-21 23:55:02Z" duration="0.046066" asserts="0">
              <properties />
            </test-case>
            <test-case id="1046" name="TestAvatarSpeedFieldWorks(rightArrow,5.0f,4)" fullname="Tests.Testat02.TestAvatarSpeedFieldWorks(rightArrow,5.0f,4)" methodname="TestAvatarSpeedFieldWorks" classname="Tests.Testat02" runstate="Runnable" seed="997175048" result="Passed" start-time="2020-11-21 23:55:02Z" end-time="2020-11-21 23:55:02Z" duration="0.090920" asserts="0">
              <properties />
            </test-case>
            <test-case id="1047" name="TestAvatarSpeedFieldWorks(upArrow+rightArrow,0.0f,0)" fullname="Tests.Testat02.TestAvatarSpeedFieldWorks(upArrow+rightArrow,0.0f,0)" methodname="TestAvatarSpeedFieldWorks" classname="Tests.Testat02" runstate="Runnable" seed="1942168525" result="Passed" start-time="2020-11-21 23:55:02Z" end-time="2020-11-21 23:55:02Z" duration="0.016399" asserts="0">
              <properties />
            </test-case>
            <test-case id="1048" name="TestAvatarSpeedFieldWorks(upArrow+rightArrow,0.0f,2)" fullname="Tests.Testat02.TestAvatarSpeedFieldWorks(upArrow+rightArrow,0.0f,2)" methodname="TestAvatarSpeedFieldWorks" classname="Tests.Testat02" runstate="Runnable" seed="19886804" result="Passed" start-time="2020-11-21 23:55:02Z" end-time="2020-11-21 23:55:02Z" duration="0.045984" asserts="0">
              <properties />
            </test-case>
            <test-case id="1049" name="TestAvatarSpeedFieldWorks(upArrow+rightArrow,0.0f,4)" fullname="Tests.Testat02.TestAvatarSpeedFieldWorks(upArrow+rightArrow,0.0f,4)" methodname="TestAvatarSpeedFieldWorks" classname="Tests.Testat02" runstate="Runnable" seed="2086412075" result="Passed" start-time="2020-11-21 23:55:02Z" end-time="2020-11-21 23:55:02Z" duration="0.091980" asserts="0">
              <properties />
            </test-case>
            <test-case id="1050" name="TestAvatarSpeedFieldWorks(upArrow+rightArrow,5.0f,0)" fullname="Tests.Testat02.TestAvatarSpeedFieldWorks(upArrow+rightArrow,5.0f,0)" methodname="TestAvatarSpeedFieldWorks" classname="Tests.Testat02" runstate="Runnable" seed="228927318" result="Passed" start-time="2020-11-21 23:55:02Z" end-time="2020-11-21 23:55:02Z" duration="0.015273" asserts="0">
              <properties />
            </test-case>
            <test-case id="1051" name="TestAvatarSpeedFieldWorks(upArrow+rightArrow,5.0f,2)" fullname="Tests.Testat02.TestAvatarSpeedFieldWorks(upArrow+rightArrow,5.0f,2)" methodname="TestAvatarSpeedFieldWorks" classname="Tests.Testat02" runstate="Runnable" seed="1513527401" result="Passed" start-time="2020-11-21 23:55:02Z" end-time="2020-11-21 23:55:02Z" duration="0.045360" asserts="0">
              <properties />
            </test-case>
            <test-case id="1052" name="TestAvatarSpeedFieldWorks(upArrow+rightArrow,5.0f,4)" fullname="Tests.Testat02.TestAvatarSpeedFieldWorks(upArrow+rightArrow,5.0f,4)" methodname="TestAvatarSpeedFieldWorks" classname="Tests.Testat02" runstate="Runnable" seed="811536875" result="Passed" start-time="2020-11-21 23:55:02Z" end-time="2020-11-21 23:55:02Z" duration="0.089971" asserts="0">
              <properties />
            </test-case>
            <test-case id="1053" name="TestAvatarSpeedFieldWorks(downArrow+rightArrow,0.0f,0)" fullname="Tests.Testat02.TestAvatarSpeedFieldWorks(downArrow+rightArrow,0.0f,0)" methodname="TestAvatarSpeedFieldWorks" classname="Tests.Testat02" runstate="Runnable" seed="1723879370" result="Passed" start-time="2020-11-21 23:55:02Z" end-time="2020-11-21 23:55:02Z" duration="0.016676" asserts="0">
              <properties />
            </test-case>
            <test-case id="1054" name="TestAvatarSpeedFieldWorks(downArrow+rightArrow,0.0f,2)" fullname="Tests.Testat02.TestAvatarSpeedFieldWorks(downArrow+rightArrow,0.0f,2)" methodname="TestAvatarSpeedFieldWorks" classname="Tests.Testat02" runstate="Runnable" seed="880850381" result="Passed" start-time="2020-11-21 23:55:02Z" end-time="2020-11-21 23:55:03Z" duration="0.048577" asserts="0">
              <properties />
            </test-case>
            <test-case id="1055" name="TestAvatarSpeedFieldWorks(downArrow+rightArrow,0.0f,4)" fullname="Tests.Testat02.TestAvatarSpeedFieldWorks(downArrow+rightArrow,0.0f,4)" methodname="TestAvatarSpeedFieldWorks" classname="Tests.Testat02" runstate="Runnable" seed="1778695071" result="Passed" start-time="2020-11-21 23:55:03Z" end-time="2020-11-21 23:55:03Z" duration="0.091089" asserts="0">
              <properties />
            </test-case>
            <test-case id="1056" name="TestAvatarSpeedFieldWorks(downArrow+rightArrow,5.0f,0)" fullname="Tests.Testat02.TestAvatarSpeedFieldWorks(downArrow+rightArrow,5.0f,0)" methodname="TestAvatarSpeedFieldWorks" classname="Tests.Testat02" runstate="Runnable" seed="397437723" result="Passed" start-time="2020-11-21 23:55:03Z" end-time="2020-11-21 23:55:03Z" duration="0.016161" asserts="0">
              <properties />
            </test-case>
            <test-case id="1057" name="TestAvatarSpeedFieldWorks(downArrow+rightArrow,5.0f,2)" fullname="Tests.Testat02.TestAvatarSpeedFieldWorks(downArrow+rightArrow,5.0f,2)" methodname="TestAvatarSpeedFieldWorks" classname="Tests.Testat02" runstate="Runnable" seed="1413945725" result="Passed" start-time="2020-11-21 23:55:03Z" end-time="2020-11-21 23:55:03Z" duration="0.046698" asserts="0">
              <properties />
            </test-case>
            <test-case id="1058" name="TestAvatarSpeedFieldWorks(downArrow+rightArrow,5.0f,4)" fullname="Tests.Testat02.TestAvatarSpeedFieldWorks(downArrow+rightArrow,5.0f,4)" methodname="TestAvatarSpeedFieldWorks" classname="Tests.Testat02" runstate="Runnable" seed="475910421" result="Passed" start-time="2020-11-21 23:55:03Z" end-time="2020-11-21 23:55:03Z" duration="0.090914" asserts="0">
              <properties />
            </test-case>
            <test-case id="1059" name="TestAvatarSpeedFieldWorks(upArrow+leftArrow,0.0f,0)" fullname="Tests.Testat02.TestAvatarSpeedFieldWorks(upArrow+leftArrow,0.0f,0)" methodname="TestAvatarSpeedFieldWorks" classname="Tests.Testat02" runstate="Runnable" seed="1472896971" result="Passed" start-time="2020-11-21 23:55:03Z" end-time="2020-11-21 23:55:03Z" duration="0.016987" asserts="0">
              <properties />
            </test-case>
            <test-case id="1060" name="TestAvatarSpeedFieldWorks(upArrow+leftArrow,0.0f,2)" fullname="Tests.Testat02.TestAvatarSpeedFieldWorks(upArrow+leftArrow,0.0f,2)" methodname="TestAvatarSpeedFieldWorks" classname="Tests.Testat02" runstate="Runnable" seed="1698044411" result="Passed" start-time="2020-11-21 23:55:03Z" end-time="2020-11-21 23:55:03Z" duration="0.046926" asserts="0">
              <properties />
            </test-case>
            <test-case id="1061" name="TestAvatarSpeedFieldWorks(upArrow+leftArrow,0.0f,4)" fullname="Tests.Testat02.TestAvatarSpeedFieldWorks(upArrow+leftArrow,0.0f,4)" methodname="TestAvatarSpeedFieldWorks" classname="Tests.Testat02" runstate="Runnable" seed="256377093" result="Passed" start-time="2020-11-21 23:55:03Z" end-time="2020-11-21 23:55:03Z" duration="0.092145" asserts="0">
              <properties />
            </test-case>
            <test-case id="1062" name="TestAvatarSpeedFieldWorks(upArrow+leftArrow,5.0f,0)" fullname="Tests.Testat02.TestAvatarSpeedFieldWorks(upArrow+leftArrow,5.0f,0)" methodname="TestAvatarSpeedFieldWorks" classname="Tests.Testat02" runstate="Runnable" seed="914016321" result="Passed" start-time="2020-11-21 23:55:03Z" end-time="2020-11-21 23:55:03Z" duration="0.015504" asserts="0">
              <properties />
            </test-case>
            <test-case id="1063" name="TestAvatarSpeedFieldWorks(upArrow+leftArrow,5.0f,2)" fullname="Tests.Testat02.TestAvatarSpeedFieldWorks(upArrow+leftArrow,5.0f,2)" methodname="TestAvatarSpeedFieldWorks" classname="Tests.Testat02" runstate="Runnable" seed="743101952" result="Passed" start-time="2020-11-21 23:55:03Z" end-time="2020-11-21 23:55:03Z" duration="0.046800" asserts="0">
              <properties />
            </test-case>
            <test-case id="1064" name="TestAvatarSpeedFieldWorks(upArrow+leftArrow,5.0f,4)" fullname="Tests.Testat02.TestAvatarSpeedFieldWorks(upArrow+leftArrow,5.0f,4)" methodname="TestAvatarSpeedFieldWorks" classname="Tests.Testat02" runstate="Runnable" seed="702107275" result="Passed" start-time="2020-11-21 23:55:03Z" end-time="2020-11-21 23:55:03Z" duration="0.093064" asserts="0">
              <properties />
            </test-case>
            <test-case id="1065" name="TestAvatarSpeedFieldWorks(downArrow+leftArrow,0.0f,0)" fullname="Tests.Testat02.TestAvatarSpeedFieldWorks(downArrow+leftArrow,0.0f,0)" methodname="TestAvatarSpeedFieldWorks" classname="Tests.Testat02" runstate="Runnable" seed="1815619948" result="Passed" start-time="2020-11-21 23:55:03Z" end-time="2020-11-21 23:55:03Z" duration="0.016059" asserts="0">
              <properties />
            </test-case>
            <test-case id="1066" name="TestAvatarSpeedFieldWorks(downArrow+leftArrow,0.0f,2)" fullname="Tests.Testat02.TestAvatarSpeedFieldWorks(downArrow+leftArrow,0.0f,2)" methodname="TestAvatarSpeedFieldWorks" classname="Tests.Testat02" runstate="Runnable" seed="265561841" result="Passed" start-time="2020-11-21 23:55:03Z" end-time="2020-11-21 23:55:03Z" duration="0.047275" asserts="0">
              <properties />
            </test-case>
            <test-case id="1067" name="TestAvatarSpeedFieldWorks(downArrow+leftArrow,0.0f,4)" fullname="Tests.Testat02.TestAvatarSpeedFieldWorks(downArrow+leftArrow,0.0f,4)" methodname="TestAvatarSpeedFieldWorks" classname="Tests.Testat02" runstate="Runnable" seed="1414846654" result="Passed" start-time="2020-11-21 23:55:03Z" end-time="2020-11-21 23:55:03Z" duration="0.091544" asserts="0">
              <properties />
            </test-case>
            <test-case id="1068" name="TestAvatarSpeedFieldWorks(downArrow+leftArrow,5.0f,0)" fullname="Tests.Testat02.TestAvatarSpeedFieldWorks(downArrow+leftArrow,5.0f,0)" methodname="TestAvatarSpeedFieldWorks" classname="Tests.Testat02" runstate="Runnable" seed="2073514321" result="Passed" start-time="2020-11-21 23:55:03Z" end-time="2020-11-21 23:55:03Z" duration="0.015026" asserts="0">
              <properties />
            </test-case>
            <test-case id="1069" name="TestAvatarSpeedFieldWorks(downArrow+leftArrow,5.0f,2)" fullname="Tests.Testat02.TestAvatarSpeedFieldWorks(downArrow+leftArrow,5.0f,2)" methodname="TestAvatarSpeedFieldWorks" classname="Tests.Testat02" runstate="Runnable" seed="1594843006" result="Passed" start-time="2020-11-21 23:55:03Z" end-time="2020-11-21 23:55:03Z" duration="0.046353" asserts="0">
              <properties />
            </test-case>
            <test-case id="1070" name="TestAvatarSpeedFieldWorks(downArrow+leftArrow,5.0f,4)" fullname="Tests.Testat02.TestAvatarSpeedFieldWorks(downArrow+leftArrow,5.0f,4)" methodname="TestAvatarSpeedFieldWorks" classname="Tests.Testat02" runstate="Runnable" seed="897363020" result="Passed" start-time="2020-11-21 23:55:03Z" end-time="2020-11-21 23:55:03Z" duration="0.090482" asserts="0">
              <properties />
            </test-case>
          </test-suite>
          <test-case id="1010" name="TestEmailAddress" fullname="Tests.Testat02.TestEmailAddress" methodname="TestEmailAddress" classname="Tests.Testat02" runstate="Runnable" seed="255130921" result="Passed" start-time="2020-11-21 23:55:03Z" end-time="2020-11-21 23:55:03Z" duration="0.001674" asserts="0">
            <properties />
          </test-case>
          <test-suite type="ParameterizedMethod" id="1009" name="TestGitFiles" fullname="Tests.Testat02.TestGitFiles" classname="Tests.Testat02" runstate="Runnable" testcasecount="2" result="Passed" start-time="2020-11-21 23:55:03Z" end-time="2020-11-21 23:55:03Z" duration="0.003780" total="2" passed="2" failed="0" inconclusive="0" skipped="0" asserts="0">
            <properties />
            <test-case id="1007" name="TestGitFiles(&quot;./.gitignore&quot;)" fullname="Tests.Testat02.TestGitFiles(&quot;./.gitignore&quot;)" methodname="TestGitFiles" classname="Tests.Testat02" runstate="Runnable" seed="339301819" result="Passed" start-time="2020-11-21 23:55:03Z" end-time="2020-11-21 23:55:03Z" duration="0.000903" asserts="0">
              <properties />
            </test-case>
            <test-case id="1008" name="TestGitFiles(&quot;./.gitattributes&quot;)" fullname="Tests.Testat02.TestGitFiles(&quot;./.gitattributes&quot;)" methodname="TestGitFiles" classname="Tests.Testat02" runstate="Runnable" seed="532423669" result="Passed" start-time="2020-11-21 23:55:03Z" end-time="2020-11-21 23:55:03Z" duration="0.000523" asserts="0">
              <properties />
            </test-case>
          </test-suite>
          <test-case id="1011" name="TestSceneExists" fullname="Tests.Testat02.TestSceneExists" methodname="TestSceneExists" classname="Tests.Testat02" runstate="Runnable" seed="1306609695" result="Passed" start-time="2020-11-21 23:55:03Z" end-time="2020-11-21 23:55:03Z" duration="0.000598" asserts="0">
            <properties />
          </test-case>
        </test-suite>
        <test-suite type="TestFixture" id="1072" name="Testat03" fullname="Tests.Testat03" classname="Tests.Testat03" runstate="Runnable" testcasecount="19" result="Failed" site="Child" start-time="2020-11-21 23:55:03Z" end-time="2020-11-21 23:55:04Z" duration="0.407565" total="19" passed="0" failed="19" inconclusive="0" skipped="0" asserts="0">
          <properties />
          <failure>
            <message><![CDATA[One or more child tests had errors]]></message>
          </failure>
          <test-case id="1082" name="TestAvatarGravityWhenFalling" fullname="Tests.Testat03.TestAvatarGravityWhenFalling" methodname="TestAvatarGravityWhenFalling" classname="Tests.Testat03" runstate="Runnable" seed="1444592935" result="Failed" start-time="2020-11-21 23:55:03Z" end-time="2020-11-21 23:55:03Z" duration="0.028301" asserts="0">
            <properties>
              <property name="_JOINTYPE" value="UnityCombinatorial" />
            </properties>
            <failure>
              <message><![CDATA[  Expected: file exists
  But was:  <Assets/Prefabs/Avatar.prefab>
]]></message>
              <stack-trace><![CDATA[at NUnit.Framework.FileAssert.Exists (System.IO.FileInfo actual, System.String message, System.Object[] args) [0x0000c] in <59819be142c34115ade688f6962021f1>:0
at NUnit.Framework.FileAssert.Exists (System.IO.FileInfo actual) [0x00001] in <59819be142c34115ade688f6962021f1>:0
at Tests.TestUtils.LoadPrefab (System.String path) [0x00008] in C:\Unity\workspace\2020WS.UnityPP.LukeBrose\Assets\Tests\TestUtils.cs:89
at Tests.Testat03.InstantiateAvatar (UnityEngine.Vector3 position) [0x00001] in C:\Unity\workspace\2020WS.UnityPP.LukeBrose\Assets\Tests\Testat03.cs:255
at Tests.Testat03+<TestAvatarGravityWhenFalling>d__25.MoveNext () [0x00049] in C:\Unity\workspace\2020WS.UnityPP.LukeBrose\Assets\Tests\Testat03.cs:112
at UnityEngine.TestTools.TestEnumerator+<Execute>d__6.MoveNext () [0x0004c] in C:\Unity\workspace\2020WS.UnityPP.LukeBrose\Library\PackageCache\com.unity.test-framework@1.1.18\UnityEngine.TestRunner\NUnitExtensions\Attributes\TestEnumerator.cs:36
]]></stack-trace>
            </failure>
          </test-case>
          <test-case id="1092" name="TestAvatarGravityWhenGrounded" fullname="Tests.Testat03.TestAvatarGravityWhenGrounded" methodname="TestAvatarGravityWhenGrounded" classname="Tests.Testat03" runstate="Runnable" seed="808095719" result="Failed" start-time="2020-11-21 23:55:03Z" end-time="2020-11-21 23:55:03Z" duration="0.009395" asserts="0">
            <properties>
              <property name="_JOINTYPE" value="UnityCombinatorial" />
            </properties>
            <failure>
              <message><![CDATA[  Expected: file exists
  But was:  <Assets/Prefabs/Platform.prefab>
]]></message>
              <stack-trace><![CDATA[at NUnit.Framework.FileAssert.Exists (System.IO.FileInfo actual, System.String message, System.Object[] args) [0x0000c] in <59819be142c34115ade688f6962021f1>:0
at NUnit.Framework.FileAssert.Exists (System.IO.FileInfo actual) [0x00001] in <59819be142c34115ade688f6962021f1>:0
at Tests.TestUtils.LoadPrefab (System.String path) [0x00008] in C:\Unity\workspace\2020WS.UnityPP.LukeBrose\Assets\Tests\TestUtils.cs:89
at Tests.Testat03.InstantiatePlatform (UnityEngine.Vector3 position) [0x00001] in C:\Unity\workspace\2020WS.UnityPP.LukeBrose\Assets\Tests\Testat03.cs:266
at Tests.Testat03+<TestAvatarGravityWhenGrounded>d__27.MoveNext () [0x00049] in C:\Unity\workspace\2020WS.UnityPP.LukeBrose\Assets\Tests\Testat03.cs:167
at UnityEngine.TestTools.TestEnumerator+<Execute>d__6.MoveNext () [0x0004c] in C:\Unity\workspace\2020WS.UnityPP.LukeBrose\Library\PackageCache\com.unity.test-framework@1.1.18\UnityEngine.TestRunner\NUnitExtensions\Attributes\TestEnumerator.cs:36
]]></stack-trace>
            </failure>
          </test-case>
          <test-suite type="ParameterizedMethod" id="1091" name="TestAvatarMovement" fullname="Tests.Testat03.TestAvatarMovement" classname="Tests.Testat03" runstate="Runnable" testcasecount="8" result="Failed" site="Child" start-time="2020-11-21 23:55:03Z" end-time="2020-11-21 23:55:04Z" duration="0.159843" total="8" passed="0" failed="8" inconclusive="0" skipped="0" asserts="0">
            <properties>
              <property name="_JOINTYPE" value="UnityCombinatorial" />
            </properties>
            <failure>
              <message><![CDATA[One or more child tests had errors]]></message>
            </failure>
            <test-case id="1083" name="TestAvatarMovement(rightArrow,0.0f,2)" fullname="Tests.Testat03.TestAvatarMovement(rightArrow,0.0f,2)" methodname="TestAvatarMovement" classname="Tests.Testat03" runstate="Runnable" seed="479363955" result="Failed" start-time="2020-11-21 23:55:03Z" end-time="2020-11-21 23:55:04Z" duration="0.015096" asserts="0">
              <properties />
              <failure>
                <message><![CDATA[  Expected: file exists
  But was:  <Assets/Prefabs/Avatar.prefab>
]]></message>
                <stack-trace><![CDATA[at NUnit.Framework.FileAssert.Exists (System.IO.FileInfo actual, System.String message, System.Object[] args) [0x0000c] in <59819be142c34115ade688f6962021f1>:0
at NUnit.Framework.FileAssert.Exists (System.IO.FileInfo actual) [0x00001] in <59819be142c34115ade688f6962021f1>:0
at Tests.TestUtils.LoadPrefab (System.String path) [0x00008] in C:\Unity\workspace\2020WS.UnityPP.LukeBrose\Assets\Tests\TestUtils.cs:89
at Tests.Testat03.InstantiateAvatar (UnityEngine.Vector3 position) [0x00001] in C:\Unity\workspace\2020WS.UnityPP.LukeBrose\Assets\Tests\Testat03.cs:255
at Tests.Testat03+<TestAvatarMovement>d__26.MoveNext () [0x0004f] in C:\Unity\workspace\2020WS.UnityPP.LukeBrose\Assets\Tests\Testat03.cs:137
at UnityEngine.TestTools.TestEnumerator+<Execute>d__6.MoveNext () [0x0004c] in C:\Unity\workspace\2020WS.UnityPP.LukeBrose\Library\PackageCache\com.unity.test-framework@1.1.18\UnityEngine.TestRunner\NUnitExtensions\Attributes\TestEnumerator.cs:36
]]></stack-trace>
              </failure>
            </test-case>
            <test-case id="1084" name="TestAvatarMovement(rightArrow,0.0f,8)" fullname="Tests.Testat03.TestAvatarMovement(rightArrow,0.0f,8)" methodname="TestAvatarMovement" classname="Tests.Testat03" runstate="Runnable" seed="857618815" result="Failed" start-time="2020-11-21 23:55:04Z" end-time="2020-11-21 23:55:04Z" duration="0.017697" asserts="0">
              <properties />
              <failure>
                <message><![CDATA[  Expected: file exists
  But was:  <Assets/Prefabs/Avatar.prefab>
]]></message>
                <stack-trace><![CDATA[at NUnit.Framework.FileAssert.Exists (System.IO.FileInfo actual, System.String message, System.Object[] args) [0x0000c] in <59819be142c34115ade688f6962021f1>:0
at NUnit.Framework.FileAssert.Exists (System.IO.FileInfo actual) [0x00001] in <59819be142c34115ade688f6962021f1>:0
at Tests.TestUtils.LoadPrefab (System.String path) [0x00008] in C:\Unity\workspace\2020WS.UnityPP.LukeBrose\Assets\Tests\TestUtils.cs:89
at Tests.Testat03.InstantiateAvatar (UnityEngine.Vector3 position) [0x00001] in C:\Unity\workspace\2020WS.UnityPP.LukeBrose\Assets\Tests\Testat03.cs:255
at Tests.Testat03+<TestAvatarMovement>d__26.MoveNext () [0x0004f] in C:\Unity\workspace\2020WS.UnityPP.LukeBrose\Assets\Tests\Testat03.cs:137
at UnityEngine.TestTools.TestEnumerator+<Execute>d__6.MoveNext () [0x0004c] in C:\Unity\workspace\2020WS.UnityPP.LukeBrose\Library\PackageCache\com.unity.test-framework@1.1.18\UnityEngine.TestRunner\NUnitExtensions\Attributes\TestEnumerator.cs:36
]]></stack-trace>
              </failure>
            </test-case>
            <test-case id="1085" name="TestAvatarMovement(rightArrow,5.0f,2)" fullname="Tests.Testat03.TestAvatarMovement(rightArrow,5.0f,2)" methodname="TestAvatarMovement" classname="Tests.Testat03" runstate="Runnable" seed="434601678" result="Failed" start-time="2020-11-21 23:55:04Z" end-time="2020-11-21 23:55:04Z" duration="0.017957" asserts="0">
              <properties />
              <failure>
                <message><![CDATA[  Expected: file exists
  But was:  <Assets/Prefabs/Avatar.prefab>
]]></message>
                <stack-trace><![CDATA[at NUnit.Framework.FileAssert.Exists (System.IO.FileInfo actual, System.String message, System.Object[] args) [0x0000c] in <59819be142c34115ade688f6962021f1>:0
at NUnit.Framework.FileAssert.Exists (System.IO.FileInfo actual) [0x00001] in <59819be142c34115ade688f6962021f1>:0
at Tests.TestUtils.LoadPrefab (System.String path) [0x00008] in C:\Unity\workspace\2020WS.UnityPP.LukeBrose\Assets\Tests\TestUtils.cs:89
at Tests.Testat03.InstantiateAvatar (UnityEngine.Vector3 position) [0x00001] in C:\Unity\workspace\2020WS.UnityPP.LukeBrose\Assets\Tests\Testat03.cs:255
at Tests.Testat03+<TestAvatarMovement>d__26.MoveNext () [0x0004f] in C:\Unity\workspace\2020WS.UnityPP.LukeBrose\Assets\Tests\Testat03.cs:137
at UnityEngine.TestTools.TestEnumerator+<Execute>d__6.MoveNext () [0x0004c] in C:\Unity\workspace\2020WS.UnityPP.LukeBrose\Library\PackageCache\com.unity.test-framework@1.1.18\UnityEngine.TestRunner\NUnitExtensions\Attributes\TestEnumerator.cs:36
]]></stack-trace>
              </failure>
            </test-case>
            <test-case id="1086" name="TestAvatarMovement(rightArrow,5.0f,8)" fullname="Tests.Testat03.TestAvatarMovement(rightArrow,5.0f,8)" methodname="TestAvatarMovement" classname="Tests.Testat03" runstate="Runnable" seed="376174714" result="Failed" start-time="2020-11-21 23:55:04Z" end-time="2020-11-21 23:55:04Z" duration="0.017755" asserts="0">
              <properties />
              <failure>
                <message><![CDATA[  Expected: file exists
  But was:  <Assets/Prefabs/Avatar.prefab>
]]></message>
                <stack-trace><![CDATA[at NUnit.Framework.FileAssert.Exists (System.IO.FileInfo actual, System.String message, System.Object[] args) [0x0000c] in <59819be142c34115ade688f6962021f1>:0
at NUnit.Framework.FileAssert.Exists (System.IO.FileInfo actual) [0x00001] in <59819be142c34115ade688f6962021f1>:0
at Tests.TestUtils.LoadPrefab (System.String path) [0x00008] in C:\Unity\workspace\2020WS.UnityPP.LukeBrose\Assets\Tests\TestUtils.cs:89
at Tests.Testat03.InstantiateAvatar (UnityEngine.Vector3 position) [0x00001] in C:\Unity\workspace\2020WS.UnityPP.LukeBrose\Assets\Tests\Testat03.cs:255
at Tests.Testat03+<TestAvatarMovement>d__26.MoveNext () [0x0004f] in C:\Unity\workspace\2020WS.UnityPP.LukeBrose\Assets\Tests\Testat03.cs:137
at UnityEngine.TestTools.TestEnumerator+<Execute>d__6.MoveNext () [0x0004c] in C:\Unity\workspace\2020WS.UnityPP.LukeBrose\Library\PackageCache\com.unity.test-framework@1.1.18\UnityEngine.TestRunner\NUnitExtensions\Attributes\TestEnumerator.cs:36
]]></stack-trace>
              </failure>
            </test-case>
            <test-case id="1087" name="TestAvatarMovement(leftArrow,0.0f,2)" fullname="Tests.Testat03.TestAvatarMovement(leftArrow,0.0f,2)" methodname="TestAvatarMovement" classname="Tests.Testat03" runstate="Runnable" seed="1858064033" result="Failed" start-time="2020-11-21 23:55:04Z" end-time="2020-11-21 23:55:04Z" duration="0.017847" asserts="0">
              <properties />
              <failure>
                <message><![CDATA[  Expected: file exists
  But was:  <Assets/Prefabs/Avatar.prefab>
]]></message>
                <stack-trace><![CDATA[at NUnit.Framework.FileAssert.Exists (System.IO.FileInfo actual, System.String message, System.Object[] args) [0x0000c] in <59819be142c34115ade688f6962021f1>:0
at NUnit.Framework.FileAssert.Exists (System.IO.FileInfo actual) [0x00001] in <59819be142c34115ade688f6962021f1>:0
at Tests.TestUtils.LoadPrefab (System.String path) [0x00008] in C:\Unity\workspace\2020WS.UnityPP.LukeBrose\Assets\Tests\TestUtils.cs:89
at Tests.Testat03.InstantiateAvatar (UnityEngine.Vector3 position) [0x00001] in C:\Unity\workspace\2020WS.UnityPP.LukeBrose\Assets\Tests\Testat03.cs:255
at Tests.Testat03+<TestAvatarMovement>d__26.MoveNext () [0x0004f] in C:\Unity\workspace\2020WS.UnityPP.LukeBrose\Assets\Tests\Testat03.cs:137
at UnityEngine.TestTools.TestEnumerator+<Execute>d__6.MoveNext () [0x0004c] in C:\Unity\workspace\2020WS.UnityPP.LukeBrose\Library\PackageCache\com.unity.test-framework@1.1.18\UnityEngine.TestRunner\NUnitExtensions\Attributes\TestEnumerator.cs:36
]]></stack-trace>
              </failure>
            </test-case>
            <test-case id="1088" name="TestAvatarMovement(leftArrow,0.0f,8)" fullname="Tests.Testat03.TestAvatarMovement(leftArrow,0.0f,8)" methodname="TestAvatarMovement" classname="Tests.Testat03" runstate="Runnable" seed="2037045700" result="Failed" start-time="2020-11-21 23:55:04Z" end-time="2020-11-21 23:55:04Z" duration="0.017581" asserts="0">
              <properties />
              <failure>
                <message><![CDATA[  Expected: file exists
  But was:  <Assets/Prefabs/Avatar.prefab>
]]></message>
                <stack-trace><![CDATA[at NUnit.Framework.FileAssert.Exists (System.IO.FileInfo actual, System.String message, System.Object[] args) [0x0000c] in <59819be142c34115ade688f6962021f1>:0
at NUnit.Framework.FileAssert.Exists (System.IO.FileInfo actual) [0x00001] in <59819be142c34115ade688f6962021f1>:0
at Tests.TestUtils.LoadPrefab (System.String path) [0x00008] in C:\Unity\workspace\2020WS.UnityPP.LukeBrose\Assets\Tests\TestUtils.cs:89
at Tests.Testat03.InstantiateAvatar (UnityEngine.Vector3 position) [0x00001] in C:\Unity\workspace\2020WS.UnityPP.LukeBrose\Assets\Tests\Testat03.cs:255
at Tests.Testat03+<TestAvatarMovement>d__26.MoveNext () [0x0004f] in C:\Unity\workspace\2020WS.UnityPP.LukeBrose\Assets\Tests\Testat03.cs:137
at UnityEngine.TestTools.TestEnumerator+<Execute>d__6.MoveNext () [0x0004c] in C:\Unity\workspace\2020WS.UnityPP.LukeBrose\Library\PackageCache\com.unity.test-framework@1.1.18\UnityEngine.TestRunner\NUnitExtensions\Attributes\TestEnumerator.cs:36
]]></stack-trace>
              </failure>
            </test-case>
            <test-case id="1089" name="TestAvatarMovement(leftArrow,5.0f,2)" fullname="Tests.Testat03.TestAvatarMovement(leftArrow,5.0f,2)" methodname="TestAvatarMovement" classname="Tests.Testat03" runstate="Runnable" seed="1638868948" result="Failed" start-time="2020-11-21 23:55:04Z" end-time="2020-11-21 23:55:04Z" duration="0.017675" asserts="0">
              <properties />
              <failure>
                <message><![CDATA[  Expected: file exists
  But was:  <Assets/Prefabs/Avatar.prefab>
]]></message>
                <stack-trace><![CDATA[at NUnit.Framework.FileAssert.Exists (System.IO.FileInfo actual, System.String message, System.Object[] args) [0x0000c] in <59819be142c34115ade688f6962021f1>:0
at NUnit.Framework.FileAssert.Exists (System.IO.FileInfo actual) [0x00001] in <59819be142c34115ade688f6962021f1>:0
at Tests.TestUtils.LoadPrefab (System.String path) [0x00008] in C:\Unity\workspace\2020WS.UnityPP.LukeBrose\Assets\Tests\TestUtils.cs:89
at Tests.Testat03.InstantiateAvatar (UnityEngine.Vector3 position) [0x00001] in C:\Unity\workspace\2020WS.UnityPP.LukeBrose\Assets\Tests\Testat03.cs:255
at Tests.Testat03+<TestAvatarMovement>d__26.MoveNext () [0x0004f] in C:\Unity\workspace\2020WS.UnityPP.LukeBrose\Assets\Tests\Testat03.cs:137
at UnityEngine.TestTools.TestEnumerator+<Execute>d__6.MoveNext () [0x0004c] in C:\Unity\workspace\2020WS.UnityPP.LukeBrose\Library\PackageCache\com.unity.test-framework@1.1.18\UnityEngine.TestRunner\NUnitExtensions\Attributes\TestEnumerator.cs:36
]]></stack-trace>
              </failure>
            </test-case>
            <test-case id="1090" name="TestAvatarMovement(leftArrow,5.0f,8)" fullname="Tests.Testat03.TestAvatarMovement(leftArrow,5.0f,8)" methodname="TestAvatarMovement" classname="Tests.Testat03" runstate="Runnable" seed="1139510853" result="Failed" start-time="2020-11-21 23:55:04Z" end-time="2020-11-21 23:55:04Z" duration="0.017949" asserts="0">
              <properties />
              <failure>
                <message><![CDATA[  Expected: file exists
  But was:  <Assets/Prefabs/Avatar.prefab>
]]></message>
                <stack-trace><![CDATA[at NUnit.Framework.FileAssert.Exists (System.IO.FileInfo actual, System.String message, System.Object[] args) [0x0000c] in <59819be142c34115ade688f6962021f1>:0
at NUnit.Framework.FileAssert.Exists (System.IO.FileInfo actual) [0x00001] in <59819be142c34115ade688f6962021f1>:0
at Tests.TestUtils.LoadPrefab (System.String path) [0x00008] in C:\Unity\workspace\2020WS.UnityPP.LukeBrose\Assets\Tests\TestUtils.cs:89
at Tests.Testat03.InstantiateAvatar (UnityEngine.Vector3 position) [0x00001] in C:\Unity\workspace\2020WS.UnityPP.LukeBrose\Assets\Tests\Testat03.cs:255
at Tests.Testat03+<TestAvatarMovement>d__26.MoveNext () [0x0004f] in C:\Unity\workspace\2020WS.UnityPP.LukeBrose\Assets\Tests\Testat03.cs:137
at UnityEngine.TestTools.TestEnumerator+<Execute>d__6.MoveNext () [0x0004c] in C:\Unity\workspace\2020WS.UnityPP.LukeBrose\Library\PackageCache\com.unity.test-framework@1.1.18\UnityEngine.TestRunner\NUnitExtensions\Attributes\TestEnumerator.cs:36
]]></stack-trace>
              </failure>
            </test-case>
          </test-suite>
          <test-case id="1081" name="TestAvatarPrefab" fullname="Tests.Testat03.TestAvatarPrefab" methodname="TestAvatarPrefab" classname="Tests.Testat03" runstate="Runnable" seed="416008379" result="Failed" start-time="2020-11-21 23:55:04Z" end-time="2020-11-21 23:55:04Z" duration="0.001934" asserts="0">
            <properties />
            <failure>
              <message><![CDATA[  Expected: file exists
  But was:  <Assets/Prefabs/Avatar.prefab>
]]></message>
              <stack-trace><![CDATA[at NUnit.Framework.FileAssert.Exists (System.IO.FileInfo actual, System.String message, System.Object[] args) [0x0000c] in <59819be142c34115ade688f6962021f1>:0
at NUnit.Framework.FileAssert.Exists (System.IO.FileInfo actual) [0x00001] in <59819be142c34115ade688f6962021f1>:0
at Tests.TestUtils.LoadPrefab (System.String path) [0x00008] in C:\Unity\workspace\2020WS.UnityPP.LukeBrose\Assets\Tests\TestUtils.cs:89
at Tests.Testat03.TestAvatarPrefab () [0x00001] in C:\Unity\workspace\2020WS.UnityPP.LukeBrose\Assets\Tests\Testat03.cs:100
]]></stack-trace>
            </failure>
          </test-case>
          <test-suite type="ParameterizedMethod" id="1075" name="TestGitTagExists" fullname="Tests.Testat03.TestGitTagExists" classname="Tests.Testat03" runstate="Runnable" testcasecount="2" result="Failed" site="Child" start-time="2020-11-21 23:55:04Z" end-time="2020-11-21 23:55:04Z" duration="0.118021" total="2" passed="0" failed="2" inconclusive="0" skipped="0" asserts="0">
            <properties />
            <failure>
              <message><![CDATA[One or more child tests had errors]]></message>
            </failure>
            <test-case id="1073" name="TestGitTagExists(&quot;Tx01&quot;)" fullname="Tests.Testat03.TestGitTagExists(&quot;Tx01&quot;)" methodname="TestGitTagExists" classname="Tests.Testat03" runstate="Runnable" seed="1900938493" result="Failed" start-time="2020-11-21 23:55:04Z" end-time="2020-11-21 23:55:04Z" duration="0.066902" asserts="0">
              <properties />
              <failure>
                <message><![CDATA[  No git tags found!
  Expected: not equal to <string.Empty>
  But was:  <string.Empty>
]]></message>
                <stack-trace><![CDATA[at Tests.Testat03.TestGitTagExists (System.String tag) [0x0001d] in C:\Unity\workspace\2020WS.UnityPP.LukeBrose\Assets\Tests\Testat03.cs:67
]]></stack-trace>
              </failure>
            </test-case>
            <test-case id="1074" name="TestGitTagExists(&quot;Tx02&quot;)" fullname="Tests.Testat03.TestGitTagExists(&quot;Tx02&quot;)" methodname="TestGitTagExists" classname="Tests.Testat03" runstate="Runnable" seed="1564271400" result="Failed" start-time="2020-11-21 23:55:04Z" end-time="2020-11-21 23:55:04Z" duration="0.047860" asserts="0">
              <properties />
              <failure>
                <message><![CDATA[  No git tags found!
  Expected: not equal to <string.Empty>
  But was:  <string.Empty>
]]></message>
                <stack-trace><![CDATA[at Tests.Testat03.TestGitTagExists (System.String tag) [0x0001d] in C:\Unity\workspace\2020WS.UnityPP.LukeBrose\Assets\Tests\Testat03.cs:67
]]></stack-trace>
              </failure>
            </test-case>
          </test-suite>
          <test-case id="1080" name="TestPlatformGravity" fullname="Tests.Testat03.TestPlatformGravity" methodname="TestPlatformGravity" classname="Tests.Testat03" runstate="Runnable" seed="1052167937" result="Failed" start-time="2020-11-21 23:55:04Z" end-time="2020-11-21 23:55:04Z" duration="0.017276" asserts="0">
            <properties>
              <property name="_JOINTYPE" value="UnityCombinatorial" />
            </properties>
            <failure>
              <message><![CDATA[  Expected: file exists
  But was:  <Assets/Prefabs/Platform.prefab>
]]></message>
              <stack-trace><![CDATA[at NUnit.Framework.FileAssert.Exists (System.IO.FileInfo actual, System.String message, System.Object[] args) [0x0000c] in <59819be142c34115ade688f6962021f1>:0
at NUnit.Framework.FileAssert.Exists (System.IO.FileInfo actual) [0x00001] in <59819be142c34115ade688f6962021f1>:0
at Tests.TestUtils.LoadPrefab (System.String path) [0x00008] in C:\Unity\workspace\2020WS.UnityPP.LukeBrose\Assets\Tests\TestUtils.cs:89
at Tests.Testat03.InstantiatePlatform (UnityEngine.Vector3 position) [0x00001] in C:\Unity\workspace\2020WS.UnityPP.LukeBrose\Assets\Tests\Testat03.cs:266
at Tests.Testat03+<TestPlatformGravity>d__23.MoveNext () [0x00046] in C:\Unity\workspace\2020WS.UnityPP.LukeBrose\Assets\Tests\Testat03.cs:89
at UnityEngine.TestTools.TestEnumerator+<Execute>d__6.MoveNext () [0x0004c] in C:\Unity\workspace\2020WS.UnityPP.LukeBrose\Library\PackageCache\com.unity.test-framework@1.1.18\UnityEngine.TestRunner\NUnitExtensions\Attributes\TestEnumerator.cs:36
]]></stack-trace>
            </failure>
          </test-case>
          <test-case id="1079" name="TestPlatformPrefab" fullname="Tests.Testat03.TestPlatformPrefab" methodname="TestPlatformPrefab" classname="Tests.Testat03" runstate="Runnable" seed="1237314500" result="Failed" start-time="2020-11-21 23:55:04Z" end-time="2020-11-21 23:55:04Z" duration="0.001414" asserts="0">
            <properties />
            <failure>
              <message><![CDATA[  Expected: file exists
  But was:  <Assets/Prefabs/Platform.prefab>
]]></message>
              <stack-trace><![CDATA[at NUnit.Framework.FileAssert.Exists (System.IO.FileInfo actual, System.String message, System.Object[] args) [0x0000c] in <59819be142c34115ade688f6962021f1>:0
at NUnit.Framework.FileAssert.Exists (System.IO.FileInfo actual) [0x00001] in <59819be142c34115ade688f6962021f1>:0
at Tests.TestUtils.LoadPrefab (System.String path) [0x00008] in C:\Unity\workspace\2020WS.UnityPP.LukeBrose\Assets\Tests\TestUtils.cs:89
at Tests.Testat03.TestPlatformPrefab () [0x00001] in C:\Unity\workspace\2020WS.UnityPP.LukeBrose\Assets\Tests\Testat03.cs:79
]]></stack-trace>
            </failure>
          </test-case>
          <test-suite type="ParameterizedMethod" id="1078" name="TestPrefabExists" fullname="Tests.Testat03.TestPrefabExists" classname="Tests.Testat03" runstate="Runnable" testcasecount="2" result="Failed" site="Child" start-time="2020-11-21 23:55:04Z" end-time="2020-11-21 23:55:04Z" duration="0.011439" total="2" passed="0" failed="2" inconclusive="0" skipped="0" asserts="0">
            <properties />
            <failure>
              <message><![CDATA[One or more child tests had errors]]></message>
            </failure>
            <test-case id="1076" name="TestPrefabExists(&quot;Assets/Prefabs/Avatar.prefab&quot;)" fullname="Tests.Testat03.TestPrefabExists(&quot;Assets/Prefabs/Avatar.prefab&quot;)" methodname="TestPrefabExists" classname="Tests.Testat03" runstate="Runnable" seed="1648451393" result="Failed" start-time="2020-11-21 23:55:04Z" end-time="2020-11-21 23:55:04Z" duration="0.001997" asserts="0">
              <properties />
              <failure>
                <message><![CDATA[  Expected: file exists
  But was:  <Assets/Prefabs/Avatar.prefab>
]]></message>
                <stack-trace><![CDATA[at NUnit.Framework.FileAssert.Exists (System.IO.FileInfo actual, System.String message, System.Object[] args) [0x0000c] in <59819be142c34115ade688f6962021f1>:0
at NUnit.Framework.FileAssert.Exists (System.IO.FileInfo actual) [0x00001] in <59819be142c34115ade688f6962021f1>:0
at Tests.Testat03.TestPrefabExists (System.String path) [0x00008] in C:\Unity\workspace\2020WS.UnityPP.LukeBrose\Assets\Tests\Testat03.cs:74
]]></stack-trace>
              </failure>
            </test-case>
            <test-case id="1077" name="TestPrefabExists(&quot;Assets/Prefabs/Platform.prefab&quot;)" fullname="Tests.Testat03.TestPrefabExists(&quot;Assets/Prefabs/Platform.prefab&quot;)" methodname="TestPrefabExists" classname="Tests.Testat03" runstate="Runnable" seed="798991516" result="Failed" start-time="2020-11-21 23:55:04Z" end-time="2020-11-21 23:55:04Z" duration="0.000984" asserts="0">
              <properties />
              <failure>
                <message><![CDATA[  Expected: file exists
  But was:  <Assets/Prefabs/Platform.prefab>
]]></message>
                <stack-trace><![CDATA[at NUnit.Framework.FileAssert.Exists (System.IO.FileInfo actual, System.String message, System.Object[] args) [0x0000c] in <59819be142c34115ade688f6962021f1>:0
at NUnit.Framework.FileAssert.Exists (System.IO.FileInfo actual) [0x00001] in <59819be142c34115ade688f6962021f1>:0
at Tests.Testat03.TestPrefabExists (System.String path) [0x00008] in C:\Unity\workspace\2020WS.UnityPP.LukeBrose\Assets\Tests\Testat03.cs:74
]]></stack-trace>
              </failure>
            </test-case>
          </test-suite>
          <test-case id="1094" name="TestPrefabInstancesExistInScene" fullname="Tests.Testat03.TestPrefabInstancesExistInScene" methodname="TestPrefabInstancesExistInScene" classname="Tests.Testat03" runstate="Runnable" seed="1900821278" result="Failed" start-time="2020-11-21 23:55:04Z" end-time="2020-11-21 23:55:04Z" duration="0.020338" asserts="0">
            <properties>
              <property name="_JOINTYPE" value="UnityCombinatorial" />
            </properties>
            <failure>
              <message><![CDATA[  Expected: file exists
  But was:  <Assets/Prefabs/Platform.prefab>
]]></message>
              <stack-trace><![CDATA[at NUnit.Framework.FileAssert.Exists (System.IO.FileInfo actual, System.String message, System.Object[] args) [0x0000c] in <59819be142c34115ade688f6962021f1>:0
at NUnit.Framework.FileAssert.Exists (System.IO.FileInfo actual) [0x00001] in <59819be142c34115ade688f6962021f1>:0
at Tests.TestUtils.LoadPrefab (System.String path) [0x00008] in C:\Unity\workspace\2020WS.UnityPP.LukeBrose\Assets\Tests\TestUtils.cs:89
at Tests.Testat03+<TestPrefabInstancesExistInScene>d__29.MoveNext () [0x0006f] in C:\Unity\workspace\2020WS.UnityPP.LukeBrose\Assets\Tests\Testat03.cs:198
at UnityEngine.TestTools.TestEnumerator+<Execute>d__6.MoveNext () [0x0004c] in C:\Unity\workspace\2020WS.UnityPP.LukeBrose\Library\PackageCache\com.unity.test-framework@1.1.18\UnityEngine.TestRunner\NUnitExtensions\Attributes\TestEnumerator.cs:36
]]></stack-trace>
            </failure>
          </test-case>
          <test-case id="1093" name="TestSceneExists" fullname="Tests.Testat03.TestSceneExists" methodname="TestSceneExists" classname="Tests.Testat03" runstate="Runnable" seed="1351785261" result="Failed" start-time="2020-11-21 23:55:04Z" end-time="2020-11-21 23:55:04Z" duration="0.001192" asserts="0">
            <properties />
            <failure>
              <message><![CDATA[  Expected: file exists
  But was:  <./Assets/Scenes/PlatformTest.unity>
]]></message>
              <stack-trace><![CDATA[at NUnit.Framework.FileAssert.Exists (System.IO.FileInfo actual, System.String message, System.Object[] args) [0x0000c] in <59819be142c34115ade688f6962021f1>:0
at NUnit.Framework.FileAssert.Exists (System.IO.FileInfo actual) [0x00001] in <59819be142c34115ade688f6962021f1>:0
at Tests.Testat03.TestSceneExists () [0x0000c] in C:\Unity\workspace\2020WS.UnityPP.LukeBrose\Assets\Tests\Testat03.cs:191
]]></stack-trace>
            </failure>
          </test-case>
        </test-suite>
      </test-suite>
    </test-suite>
    <test-suite type="Assembly" id="1099" name="Unity.InputSystem.IntegrationTests.dll" fullname="C:/Unity/workspace/2020WS.UnityPP.LukeBrose/Library/ScriptAssemblies/Unity.InputSystem.IntegrationTests.dll" runstate="Runnable" testcasecount="1" result="Passed" start-time="2020-11-21 23:55:04Z" end-time="2020-11-21 23:55:04Z" duration="0.021670" total="1" passed="1" failed="0" inconclusive="0" skipped="0" asserts="0">
      <properties>
        <property name="_PID" value="12300" />
        <property name="_APPDOMAIN" value="Unity Child Domain" />
        <property name="platform" value="PlayMode" />
      </properties>
      <test-suite type="TestFixture" id="1097" name="IntegrationTests" fullname="IntegrationTests" classname="IntegrationTests" runstate="Runnable" testcasecount="1" result="Passed" start-time="2020-11-21 23:55:04Z" end-time="2020-11-21 23:55:04Z" duration="0.019086" total="1" passed="1" failed="0" inconclusive="0" skipped="0" asserts="0">
        <properties />
        <test-case id="1098" name="Integration_CanSendAndReceiveEvents" fullname="IntegrationTests.Integration_CanSendAndReceiveEvents" methodname="Integration_CanSendAndReceiveEvents" classname="IntegrationTests" runstate="Runnable" seed="964305883" result="Passed" start-time="2020-11-21 23:55:04Z" end-time="2020-11-21 23:55:04Z" duration="0.017603" asserts="0">
          <properties>
            <property name="Category" value="Integration" />
          </properties>
        </test-case>
      </test-suite>
    </test-suite>
  </test-suite>
</test-run>