<?xml version="1.0" encoding="utf-8"?>
<test-run id="2" testcasecount="133" result="Failed(Child)" total="133" passed="120" failed="13" inconclusive="0" skipped="0" asserts="0" engine-version="3.5.0.0" clr-version="4.0.30319.42000" start-time="2020-12-18 15:58:43Z" end-time="2020-12-18 16:00:00Z" duration="77,2917694">
  <test-suite type="TestSuite" id="1000" name="2020WS.UnityPP" fullname="2020WS.UnityPP" runstate="Runnable" testcasecount="133" result="Failed" site="Child" start-time="2020-12-18 15:58:43Z" end-time="2020-12-18 16:00:00Z" duration="77.291769" total="133" passed="120" failed="13" inconclusive="0" skipped="0" asserts="0">
    <properties />
    <failure>
      <message><![CDATA[One or more child tests had errors]]></message>
    </failure>
    <test-suite type="Assembly" id="1156" name="Tests.dll" fullname="C:/Unity/workspace/2020WS.UnityPP.LukeBrose/Library/ScriptAssemblies/Tests.dll" runstate="Runnable" testcasecount="132" result="Failed" site="Child" start-time="2020-12-18 15:58:43Z" end-time="2020-12-18 16:00:00Z" duration="77.160255" total="132" passed="119" failed="13" inconclusive="0" skipped="0" asserts="0">
      <properties>
        <property name="_PID" value="13020" />
        <property name="_APPDOMAIN" value="Unity Child Domain" />
        <property name="platform" value="PlayMode" />
      </properties>
      <failure>
        <message><![CDATA[One or more child tests had errors]]></message>
      </failure>
      <test-suite type="TestSuite" id="1157" name="Tests" fullname="Tests" runstate="Runnable" testcasecount="132" result="Failed" site="Child" start-time="2020-12-18 15:58:43Z" end-time="2020-12-18 16:00:00Z" duration="77.065066" total="132" passed="119" failed="13" inconclusive="0" skipped="0" asserts="0">
        <properties />
        <failure>
          <message><![CDATA[One or more child tests had errors]]></message>
        </failure>
        <test-suite type="TestFixture" id="1001" name="Testat01" fullname="Tests.Testat01" classname="Tests.Testat01" runstate="Runnable" testcasecount="4" result="Passed" start-time="2020-12-18 15:58:43Z" end-time="2020-12-18 15:58:43Z" duration="0.098116" total="4" passed="4" failed="0" inconclusive="0" skipped="0" asserts="0">
          <properties />
          <test-case id="1003" name="T01_GitInitialized" fullname="Tests.Testat01.T01_GitInitialized" methodname="T01_GitInitialized" classname="Tests.Testat01" runstate="Runnable" seed="1429515257" result="Passed" start-time="2020-12-18 15:58:43Z" end-time="2020-12-18 15:58:43Z" duration="0.018921" asserts="0">
            <properties />
          </test-case>
          <test-case id="1002" name="T02_TestUnityVersion" fullname="Tests.Testat01.T02_TestUnityVersion" methodname="T02_TestUnityVersion" classname="Tests.Testat01" runstate="Runnable" seed="501094023" result="Passed" start-time="2020-12-18 15:58:43Z" end-time="2020-12-18 15:58:43Z" duration="0.005142" asserts="0">
            <properties />
          </test-case>
          <test-case id="1004" name="T03a_SceneExists" fullname="Tests.Testat01.T03a_SceneExists" methodname="T03a_SceneExists" classname="Tests.Testat01" runstate="Runnable" seed="1021888695" result="Passed" start-time="2020-12-18 15:58:43Z" end-time="2020-12-18 15:58:43Z" duration="0.002324" asserts="0">
            <properties />
          </test-case>
          <test-case id="1005" name="T03b_HelloWorldLog" fullname="Tests.Testat01.T03b_HelloWorldLog" methodname="T03b_HelloWorldLog" classname="Tests.Testat01" runstate="Runnable" seed="1007601983" result="Passed" start-time="2020-12-18 15:58:43Z" end-time="2020-12-18 15:58:43Z" duration="0.044080" asserts="0">
            <properties>
              <property name="_JOINTYPE" value="UnityCombinatorial" />
            </properties>
            <output><![CDATA[Hallo Welt!
]]></output>
          </test-case>
        </test-suite>
        <test-suite type="TestFixture" id="1006" name="Testat02" fullname="Tests.Testat02" classname="Tests.Testat02" runstate="Runnable" testcasecount="62" result="Passed" start-time="2020-12-18 15:58:43Z" end-time="2020-12-18 15:58:49Z" duration="5.798850" total="62" passed="62" failed="0" inconclusive="0" skipped="0" asserts="0">
          <properties />
          <test-suite type="ParameterizedMethod" id="1009" name="T01_GitFiles" fullname="Tests.Testat02.T01_GitFiles" classname="Tests.Testat02" runstate="Runnable" testcasecount="2" result="Passed" start-time="2020-12-18 15:58:43Z" end-time="2020-12-18 15:58:43Z" duration="0.004514" total="2" passed="2" failed="0" inconclusive="0" skipped="0" asserts="0">
            <properties />
            <test-case id="1007" name="T01_GitFiles(&quot;./.gitignore&quot;)" fullname="Tests.Testat02.T01_GitFiles(&quot;./.gitignore&quot;)" methodname="T01_GitFiles" classname="Tests.Testat02" runstate="Runnable" seed="1991488879" result="Passed" start-time="2020-12-18 15:58:43Z" end-time="2020-12-18 15:58:43Z" duration="0.001374" asserts="0">
              <properties />
            </test-case>
            <test-case id="1008" name="T01_GitFiles(&quot;./.gitattributes&quot;)" fullname="Tests.Testat02.T01_GitFiles(&quot;./.gitattributes&quot;)" methodname="T01_GitFiles" classname="Tests.Testat02" runstate="Runnable" seed="1233630083" result="Passed" start-time="2020-12-18 15:58:43Z" end-time="2020-12-18 15:58:43Z" duration="0.000954" asserts="0">
              <properties />
            </test-case>
          </test-suite>
          <test-case id="1010" name="T02_EmailAddress" fullname="Tests.Testat02.T02_EmailAddress" methodname="T02_EmailAddress" classname="Tests.Testat02" runstate="Runnable" seed="1580238801" result="Passed" start-time="2020-12-18 15:58:43Z" end-time="2020-12-18 15:58:43Z" duration="0.001530" asserts="0">
            <properties />
          </test-case>
          <test-case id="1011" name="T03a_SceneExists" fullname="Tests.Testat02.T03a_SceneExists" methodname="T03a_SceneExists" classname="Tests.Testat02" runstate="Runnable" seed="1422522660" result="Passed" start-time="2020-12-18 15:58:43Z" end-time="2020-12-18 15:58:43Z" duration="0.001053" asserts="0">
            <properties />
          </test-case>
          <test-case id="1012" name="T03b_AvatarExists" fullname="Tests.Testat02.T03b_AvatarExists" methodname="T03b_AvatarExists" classname="Tests.Testat02" runstate="Runnable" seed="1505949399" result="Passed" start-time="2020-12-18 15:58:43Z" end-time="2020-12-18 15:58:43Z" duration="0.049310" asserts="0">
            <properties>
              <property name="_JOINTYPE" value="UnityCombinatorial" />
            </properties>
          </test-case>
          <test-suite type="ParameterizedMethod" id="1021" name="T03c_AvatarInput" fullname="Tests.Testat02.T03c_AvatarInput" classname="Tests.Testat02" runstate="Runnable" testcasecount="8" result="Passed" start-time="2020-12-18 15:58:43Z" end-time="2020-12-18 15:58:44Z" duration="0.811434" total="8" passed="8" failed="0" inconclusive="0" skipped="0" asserts="0">
            <properties>
              <property name="_JOINTYPE" value="UnityCombinatorial" />
            </properties>
            <test-case id="1013" name="T03c_AvatarInput(upArrow)" fullname="Tests.Testat02.T03c_AvatarInput(upArrow)" methodname="T03c_AvatarInput" classname="Tests.Testat02" runstate="Runnable" seed="573506304" result="Passed" start-time="2020-12-18 15:58:43Z" end-time="2020-12-18 15:58:43Z" duration="0.108335" asserts="0">
              <properties />
            </test-case>
            <test-case id="1014" name="T03c_AvatarInput(downArrow)" fullname="Tests.Testat02.T03c_AvatarInput(downArrow)" methodname="T03c_AvatarInput" classname="Tests.Testat02" runstate="Runnable" seed="766896425" result="Passed" start-time="2020-12-18 15:58:43Z" end-time="2020-12-18 15:58:43Z" duration="0.099344" asserts="0">
              <properties />
            </test-case>
            <test-case id="1015" name="T03c_AvatarInput(leftArrow)" fullname="Tests.Testat02.T03c_AvatarInput(leftArrow)" methodname="T03c_AvatarInput" classname="Tests.Testat02" runstate="Runnable" seed="1920044761" result="Passed" start-time="2020-12-18 15:58:43Z" end-time="2020-12-18 15:58:43Z" duration="0.099447" asserts="0">
              <properties />
            </test-case>
            <test-case id="1016" name="T03c_AvatarInput(rightArrow)" fullname="Tests.Testat02.T03c_AvatarInput(rightArrow)" methodname="T03c_AvatarInput" classname="Tests.Testat02" runstate="Runnable" seed="1082793704" result="Passed" start-time="2020-12-18 15:58:43Z" end-time="2020-12-18 15:58:43Z" duration="0.099421" asserts="0">
              <properties />
            </test-case>
            <test-case id="1017" name="T03c_AvatarInput(upArrow+rightArrow)" fullname="Tests.Testat02.T03c_AvatarInput(upArrow+rightArrow)" methodname="T03c_AvatarInput" classname="Tests.Testat02" runstate="Runnable" seed="1699718875" result="Passed" start-time="2020-12-18 15:58:43Z" end-time="2020-12-18 15:58:43Z" duration="0.099619" asserts="0">
              <properties />
            </test-case>
            <test-case id="1018" name="T03c_AvatarInput(downArrow+rightArrow)" fullname="Tests.Testat02.T03c_AvatarInput(downArrow+rightArrow)" methodname="T03c_AvatarInput" classname="Tests.Testat02" runstate="Runnable" seed="1872039263" result="Passed" start-time="2020-12-18 15:58:43Z" end-time="2020-12-18 15:58:44Z" duration="0.098986" asserts="0">
              <properties />
            </test-case>
            <test-case id="1019" name="T03c_AvatarInput(upArrow+leftArrow)" fullname="Tests.Testat02.T03c_AvatarInput(upArrow+leftArrow)" methodname="T03c_AvatarInput" classname="Tests.Testat02" runstate="Runnable" seed="1935410501" result="Passed" start-time="2020-12-18 15:58:44Z" end-time="2020-12-18 15:58:44Z" duration="0.099395" asserts="0">
              <properties />
            </test-case>
            <test-case id="1020" name="T03c_AvatarInput(downArrow+leftArrow)" fullname="Tests.Testat02.T03c_AvatarInput(downArrow+leftArrow)" methodname="T03c_AvatarInput" classname="Tests.Testat02" runstate="Runnable" seed="1776344969" result="Passed" start-time="2020-12-18 15:58:44Z" end-time="2020-12-18 15:58:44Z" duration="0.099719" asserts="0">
              <properties />
            </test-case>
          </test-suite>
          <test-case id="1022" name="T04a_AvatarSpeedFieldExists" fullname="Tests.Testat02.T04a_AvatarSpeedFieldExists" methodname="T04a_AvatarSpeedFieldExists" classname="Tests.Testat02" runstate="Runnable" seed="1917705557" result="Passed" start-time="2020-12-18 15:58:44Z" end-time="2020-12-18 15:58:44Z" duration="0.015683" asserts="0">
            <properties>
              <property name="_JOINTYPE" value="UnityCombinatorial" />
            </properties>
          </test-case>
          <test-suite type="ParameterizedMethod" id="1071" name="T04b_AvatarSpeedFieldWorks" fullname="Tests.Testat02.T04b_AvatarSpeedFieldWorks" classname="Tests.Testat02" runstate="Runnable" testcasecount="48" result="Passed" start-time="2020-12-18 15:58:44Z" end-time="2020-12-18 15:58:49Z" duration="4.841972" total="48" passed="48" failed="0" inconclusive="0" skipped="0" asserts="0">
            <properties>
              <property name="_JOINTYPE" value="UnityCombinatorial" />
            </properties>
            <test-case id="1023" name="T04b_AvatarSpeedFieldWorks(upArrow,0.0f,0)" fullname="Tests.Testat02.T04b_AvatarSpeedFieldWorks(upArrow,0.0f,0)" methodname="T04b_AvatarSpeedFieldWorks" classname="Tests.Testat02" runstate="Runnable" seed="1013862438" result="Passed" start-time="2020-12-18 15:58:44Z" end-time="2020-12-18 15:58:44Z" duration="0.063136" asserts="0">
              <properties />
            </test-case>
            <test-case id="1024" name="T04b_AvatarSpeedFieldWorks(upArrow,0.0f,2)" fullname="Tests.Testat02.T04b_AvatarSpeedFieldWorks(upArrow,0.0f,2)" methodname="T04b_AvatarSpeedFieldWorks" classname="Tests.Testat02" runstate="Runnable" seed="349274989" result="Passed" start-time="2020-12-18 15:58:44Z" end-time="2020-12-18 15:58:44Z" duration="0.099381" asserts="0">
              <properties />
            </test-case>
            <test-case id="1025" name="T04b_AvatarSpeedFieldWorks(upArrow,0.0f,4)" fullname="Tests.Testat02.T04b_AvatarSpeedFieldWorks(upArrow,0.0f,4)" methodname="T04b_AvatarSpeedFieldWorks" classname="Tests.Testat02" runstate="Runnable" seed="1381513363" result="Passed" start-time="2020-12-18 15:58:44Z" end-time="2020-12-18 15:58:44Z" duration="0.139436" asserts="0">
              <properties />
            </test-case>
            <test-case id="1026" name="T04b_AvatarSpeedFieldWorks(upArrow,5.0f,0)" fullname="Tests.Testat02.T04b_AvatarSpeedFieldWorks(upArrow,5.0f,0)" methodname="T04b_AvatarSpeedFieldWorks" classname="Tests.Testat02" runstate="Runnable" seed="1264908889" result="Passed" start-time="2020-12-18 15:58:44Z" end-time="2020-12-18 15:58:44Z" duration="0.061563" asserts="0">
              <properties />
            </test-case>
            <test-case id="1027" name="T04b_AvatarSpeedFieldWorks(upArrow,5.0f,2)" fullname="Tests.Testat02.T04b_AvatarSpeedFieldWorks(upArrow,5.0f,2)" methodname="T04b_AvatarSpeedFieldWorks" classname="Tests.Testat02" runstate="Runnable" seed="338104526" result="Passed" start-time="2020-12-18 15:58:44Z" end-time="2020-12-18 15:58:44Z" duration="0.111738" asserts="0">
              <properties />
            </test-case>
            <test-case id="1028" name="T04b_AvatarSpeedFieldWorks(upArrow,5.0f,4)" fullname="Tests.Testat02.T04b_AvatarSpeedFieldWorks(upArrow,5.0f,4)" methodname="T04b_AvatarSpeedFieldWorks" classname="Tests.Testat02" runstate="Runnable" seed="1607448215" result="Passed" start-time="2020-12-18 15:58:44Z" end-time="2020-12-18 15:58:44Z" duration="0.142499" asserts="0">
              <properties />
            </test-case>
            <test-case id="1029" name="T04b_AvatarSpeedFieldWorks(downArrow,0.0f,0)" fullname="Tests.Testat02.T04b_AvatarSpeedFieldWorks(downArrow,0.0f,0)" methodname="T04b_AvatarSpeedFieldWorks" classname="Tests.Testat02" runstate="Runnable" seed="68433143" result="Passed" start-time="2020-12-18 15:58:44Z" end-time="2020-12-18 15:58:44Z" duration="0.056024" asserts="0">
              <properties />
            </test-case>
            <test-case id="1030" name="T04b_AvatarSpeedFieldWorks(downArrow,0.0f,2)" fullname="Tests.Testat02.T04b_AvatarSpeedFieldWorks(downArrow,0.0f,2)" methodname="T04b_AvatarSpeedFieldWorks" classname="Tests.Testat02" runstate="Runnable" seed="196545904" result="Passed" start-time="2020-12-18 15:58:44Z" end-time="2020-12-18 15:58:45Z" duration="0.099944" asserts="0">
              <properties />
            </test-case>
            <test-case id="1031" name="T04b_AvatarSpeedFieldWorks(downArrow,0.0f,4)" fullname="Tests.Testat02.T04b_AvatarSpeedFieldWorks(downArrow,0.0f,4)" methodname="T04b_AvatarSpeedFieldWorks" classname="Tests.Testat02" runstate="Runnable" seed="1511067020" result="Passed" start-time="2020-12-18 15:58:45Z" end-time="2020-12-18 15:58:45Z" duration="0.139073" asserts="0">
              <properties />
            </test-case>
            <test-case id="1032" name="T04b_AvatarSpeedFieldWorks(downArrow,5.0f,0)" fullname="Tests.Testat02.T04b_AvatarSpeedFieldWorks(downArrow,5.0f,0)" methodname="T04b_AvatarSpeedFieldWorks" classname="Tests.Testat02" runstate="Runnable" seed="22983679" result="Passed" start-time="2020-12-18 15:58:45Z" end-time="2020-12-18 15:58:45Z" duration="0.058166" asserts="0">
              <properties />
            </test-case>
            <test-case id="1033" name="T04b_AvatarSpeedFieldWorks(downArrow,5.0f,2)" fullname="Tests.Testat02.T04b_AvatarSpeedFieldWorks(downArrow,5.0f,2)" methodname="T04b_AvatarSpeedFieldWorks" classname="Tests.Testat02" runstate="Runnable" seed="654858708" result="Passed" start-time="2020-12-18 15:58:45Z" end-time="2020-12-18 15:58:45Z" duration="0.099252" asserts="0">
              <properties />
            </test-case>
            <test-case id="1034" name="T04b_AvatarSpeedFieldWorks(downArrow,5.0f,4)" fullname="Tests.Testat02.T04b_AvatarSpeedFieldWorks(downArrow,5.0f,4)" methodname="T04b_AvatarSpeedFieldWorks" classname="Tests.Testat02" runstate="Runnable" seed="229027097" result="Passed" start-time="2020-12-18 15:58:45Z" end-time="2020-12-18 15:58:45Z" duration="0.139497" asserts="0">
              <properties />
            </test-case>
            <test-case id="1035" name="T04b_AvatarSpeedFieldWorks(leftArrow,0.0f,0)" fullname="Tests.Testat02.T04b_AvatarSpeedFieldWorks(leftArrow,0.0f,0)" methodname="T04b_AvatarSpeedFieldWorks" classname="Tests.Testat02" runstate="Runnable" seed="1593504299" result="Passed" start-time="2020-12-18 15:58:45Z" end-time="2020-12-18 15:58:45Z" duration="0.058735" asserts="0">
              <properties />
            </test-case>
            <test-case id="1036" name="T04b_AvatarSpeedFieldWorks(leftArrow,0.0f,2)" fullname="Tests.Testat02.T04b_AvatarSpeedFieldWorks(leftArrow,0.0f,2)" methodname="T04b_AvatarSpeedFieldWorks" classname="Tests.Testat02" runstate="Runnable" seed="1461879223" result="Passed" start-time="2020-12-18 15:58:45Z" end-time="2020-12-18 15:58:45Z" duration="0.100285" asserts="0">
              <properties />
            </test-case>
            <test-case id="1037" name="T04b_AvatarSpeedFieldWorks(leftArrow,0.0f,4)" fullname="Tests.Testat02.T04b_AvatarSpeedFieldWorks(leftArrow,0.0f,4)" methodname="T04b_AvatarSpeedFieldWorks" classname="Tests.Testat02" runstate="Runnable" seed="874319783" result="Passed" start-time="2020-12-18 15:58:45Z" end-time="2020-12-18 15:58:45Z" duration="0.138843" asserts="0">
              <properties />
            </test-case>
            <test-case id="1038" name="T04b_AvatarSpeedFieldWorks(leftArrow,5.0f,0)" fullname="Tests.Testat02.T04b_AvatarSpeedFieldWorks(leftArrow,5.0f,0)" methodname="T04b_AvatarSpeedFieldWorks" classname="Tests.Testat02" runstate="Runnable" seed="583440506" result="Passed" start-time="2020-12-18 15:58:45Z" end-time="2020-12-18 15:58:45Z" duration="0.058844" asserts="0">
              <properties />
            </test-case>
            <test-case id="1039" name="T04b_AvatarSpeedFieldWorks(leftArrow,5.0f,2)" fullname="Tests.Testat02.T04b_AvatarSpeedFieldWorks(leftArrow,5.0f,2)" methodname="T04b_AvatarSpeedFieldWorks" classname="Tests.Testat02" runstate="Runnable" seed="1476861979" result="Passed" start-time="2020-12-18 15:58:45Z" end-time="2020-12-18 15:58:45Z" duration="0.098901" asserts="0">
              <properties />
            </test-case>
            <test-case id="1040" name="T04b_AvatarSpeedFieldWorks(leftArrow,5.0f,4)" fullname="Tests.Testat02.T04b_AvatarSpeedFieldWorks(leftArrow,5.0f,4)" methodname="T04b_AvatarSpeedFieldWorks" classname="Tests.Testat02" runstate="Runnable" seed="1391240443" result="Passed" start-time="2020-12-18 15:58:45Z" end-time="2020-12-18 15:58:46Z" duration="0.141772" asserts="0">
              <properties />
            </test-case>
            <test-case id="1041" name="T04b_AvatarSpeedFieldWorks(rightArrow,0.0f,0)" fullname="Tests.Testat02.T04b_AvatarSpeedFieldWorks(rightArrow,0.0f,0)" methodname="T04b_AvatarSpeedFieldWorks" classname="Tests.Testat02" runstate="Runnable" seed="1540677953" result="Passed" start-time="2020-12-18 15:58:46Z" end-time="2020-12-18 15:58:46Z" duration="0.056179" asserts="0">
              <properties />
            </test-case>
            <test-case id="1042" name="T04b_AvatarSpeedFieldWorks(rightArrow,0.0f,2)" fullname="Tests.Testat02.T04b_AvatarSpeedFieldWorks(rightArrow,0.0f,2)" methodname="T04b_AvatarSpeedFieldWorks" classname="Tests.Testat02" runstate="Runnable" seed="629047298" result="Passed" start-time="2020-12-18 15:58:46Z" end-time="2020-12-18 15:58:46Z" duration="0.099354" asserts="0">
              <properties />
            </test-case>
            <test-case id="1043" name="T04b_AvatarSpeedFieldWorks(rightArrow,0.0f,4)" fullname="Tests.Testat02.T04b_AvatarSpeedFieldWorks(rightArrow,0.0f,4)" methodname="T04b_AvatarSpeedFieldWorks" classname="Tests.Testat02" runstate="Runnable" seed="964696366" result="Passed" start-time="2020-12-18 15:58:46Z" end-time="2020-12-18 15:58:46Z" duration="0.143048" asserts="0">
              <properties />
            </test-case>
            <test-case id="1044" name="T04b_AvatarSpeedFieldWorks(rightArrow,5.0f,0)" fullname="Tests.Testat02.T04b_AvatarSpeedFieldWorks(rightArrow,5.0f,0)" methodname="T04b_AvatarSpeedFieldWorks" classname="Tests.Testat02" runstate="Runnable" seed="257032452" result="Passed" start-time="2020-12-18 15:58:46Z" end-time="2020-12-18 15:58:46Z" duration="0.054546" asserts="0">
              <properties />
            </test-case>
            <test-case id="1045" name="T04b_AvatarSpeedFieldWorks(rightArrow,5.0f,2)" fullname="Tests.Testat02.T04b_AvatarSpeedFieldWorks(rightArrow,5.0f,2)" methodname="T04b_AvatarSpeedFieldWorks" classname="Tests.Testat02" runstate="Runnable" seed="90102614" result="Passed" start-time="2020-12-18 15:58:46Z" end-time="2020-12-18 15:58:46Z" duration="0.099108" asserts="0">
              <properties />
            </test-case>
            <test-case id="1046" name="T04b_AvatarSpeedFieldWorks(rightArrow,5.0f,4)" fullname="Tests.Testat02.T04b_AvatarSpeedFieldWorks(rightArrow,5.0f,4)" methodname="T04b_AvatarSpeedFieldWorks" classname="Tests.Testat02" runstate="Runnable" seed="1783355443" result="Passed" start-time="2020-12-18 15:58:46Z" end-time="2020-12-18 15:58:46Z" duration="0.140245" asserts="0">
              <properties />
            </test-case>
            <test-case id="1047" name="T04b_AvatarSpeedFieldWorks(upArrow+rightArrow,0.0f,0)" fullname="Tests.Testat02.T04b_AvatarSpeedFieldWorks(upArrow+rightArrow,0.0f,0)" methodname="T04b_AvatarSpeedFieldWorks" classname="Tests.Testat02" runstate="Runnable" seed="1023867563" result="Passed" start-time="2020-12-18 15:58:46Z" end-time="2020-12-18 15:58:46Z" duration="0.058636" asserts="0">
              <properties />
            </test-case>
            <test-case id="1048" name="T04b_AvatarSpeedFieldWorks(upArrow+rightArrow,0.0f,2)" fullname="Tests.Testat02.T04b_AvatarSpeedFieldWorks(upArrow+rightArrow,0.0f,2)" methodname="T04b_AvatarSpeedFieldWorks" classname="Tests.Testat02" runstate="Runnable" seed="486357514" result="Passed" start-time="2020-12-18 15:58:46Z" end-time="2020-12-18 15:58:46Z" duration="0.097671" asserts="0">
              <properties />
            </test-case>
            <test-case id="1049" name="T04b_AvatarSpeedFieldWorks(upArrow+rightArrow,0.0f,4)" fullname="Tests.Testat02.T04b_AvatarSpeedFieldWorks(upArrow+rightArrow,0.0f,4)" methodname="T04b_AvatarSpeedFieldWorks" classname="Tests.Testat02" runstate="Runnable" seed="902342983" result="Passed" start-time="2020-12-18 15:58:46Z" end-time="2020-12-18 15:58:47Z" duration="0.140058" asserts="0">
              <properties />
            </test-case>
            <test-case id="1050" name="T04b_AvatarSpeedFieldWorks(upArrow+rightArrow,5.0f,0)" fullname="Tests.Testat02.T04b_AvatarSpeedFieldWorks(upArrow+rightArrow,5.0f,0)" methodname="T04b_AvatarSpeedFieldWorks" classname="Tests.Testat02" runstate="Runnable" seed="1582810483" result="Passed" start-time="2020-12-18 15:58:47Z" end-time="2020-12-18 15:58:47Z" duration="0.058239" asserts="0">
              <properties />
            </test-case>
            <test-case id="1051" name="T04b_AvatarSpeedFieldWorks(upArrow+rightArrow,5.0f,2)" fullname="Tests.Testat02.T04b_AvatarSpeedFieldWorks(upArrow+rightArrow,5.0f,2)" methodname="T04b_AvatarSpeedFieldWorks" classname="Tests.Testat02" runstate="Runnable" seed="2050424447" result="Passed" start-time="2020-12-18 15:58:47Z" end-time="2020-12-18 15:58:47Z" duration="0.099086" asserts="0">
              <properties />
            </test-case>
            <test-case id="1052" name="T04b_AvatarSpeedFieldWorks(upArrow+rightArrow,5.0f,4)" fullname="Tests.Testat02.T04b_AvatarSpeedFieldWorks(upArrow+rightArrow,5.0f,4)" methodname="T04b_AvatarSpeedFieldWorks" classname="Tests.Testat02" runstate="Runnable" seed="1621014642" result="Passed" start-time="2020-12-18 15:58:47Z" end-time="2020-12-18 15:58:47Z" duration="0.141748" asserts="0">
              <properties />
            </test-case>
            <test-case id="1053" name="T04b_AvatarSpeedFieldWorks(downArrow+rightArrow,0.0f,0)" fullname="Tests.Testat02.T04b_AvatarSpeedFieldWorks(downArrow+rightArrow,0.0f,0)" methodname="T04b_AvatarSpeedFieldWorks" classname="Tests.Testat02" runstate="Runnable" seed="403438564" result="Passed" start-time="2020-12-18 15:58:47Z" end-time="2020-12-18 15:58:47Z" duration="0.055710" asserts="0">
              <properties />
            </test-case>
            <test-case id="1054" name="T04b_AvatarSpeedFieldWorks(downArrow+rightArrow,0.0f,2)" fullname="Tests.Testat02.T04b_AvatarSpeedFieldWorks(downArrow+rightArrow,0.0f,2)" methodname="T04b_AvatarSpeedFieldWorks" classname="Tests.Testat02" runstate="Runnable" seed="397681467" result="Passed" start-time="2020-12-18 15:58:47Z" end-time="2020-12-18 15:58:47Z" duration="0.099184" asserts="0">
              <properties />
            </test-case>
            <test-case id="1055" name="T04b_AvatarSpeedFieldWorks(downArrow+rightArrow,0.0f,4)" fullname="Tests.Testat02.T04b_AvatarSpeedFieldWorks(downArrow+rightArrow,0.0f,4)" methodname="T04b_AvatarSpeedFieldWorks" classname="Tests.Testat02" runstate="Runnable" seed="1557520647" result="Passed" start-time="2020-12-18 15:58:47Z" end-time="2020-12-18 15:58:47Z" duration="0.142351" asserts="0">
              <properties />
            </test-case>
            <test-case id="1056" name="T04b_AvatarSpeedFieldWorks(downArrow+rightArrow,5.0f,0)" fullname="Tests.Testat02.T04b_AvatarSpeedFieldWorks(downArrow+rightArrow,5.0f,0)" methodname="T04b_AvatarSpeedFieldWorks" classname="Tests.Testat02" runstate="Runnable" seed="801433224" result="Passed" start-time="2020-12-18 15:58:47Z" end-time="2020-12-18 15:58:47Z" duration="0.056109" asserts="0">
              <properties />
            </test-case>
            <test-case id="1057" name="T04b_AvatarSpeedFieldWorks(downArrow+rightArrow,5.0f,2)" fullname="Tests.Testat02.T04b_AvatarSpeedFieldWorks(downArrow+rightArrow,5.0f,2)" methodname="T04b_AvatarSpeedFieldWorks" classname="Tests.Testat02" runstate="Runnable" seed="279314549" result="Passed" start-time="2020-12-18 15:58:47Z" end-time="2020-12-18 15:58:47Z" duration="0.098241" asserts="0">
              <properties />
            </test-case>
            <test-case id="1058" name="T04b_AvatarSpeedFieldWorks(downArrow+rightArrow,5.0f,4)" fullname="Tests.Testat02.T04b_AvatarSpeedFieldWorks(downArrow+rightArrow,5.0f,4)" methodname="T04b_AvatarSpeedFieldWorks" classname="Tests.Testat02" runstate="Runnable" seed="792118023" result="Passed" start-time="2020-12-18 15:58:47Z" end-time="2020-12-18 15:58:47Z" duration="0.141169" asserts="0">
              <properties />
            </test-case>
            <test-case id="1059" name="T04b_AvatarSpeedFieldWorks(upArrow+leftArrow,0.0f,0)" fullname="Tests.Testat02.T04b_AvatarSpeedFieldWorks(upArrow+leftArrow,0.0f,0)" methodname="T04b_AvatarSpeedFieldWorks" classname="Tests.Testat02" runstate="Runnable" seed="1203908611" result="Passed" start-time="2020-12-18 15:58:47Z" end-time="2020-12-18 15:58:47Z" duration="0.057268" asserts="0">
              <properties />
            </test-case>
            <test-case id="1060" name="T04b_AvatarSpeedFieldWorks(upArrow+leftArrow,0.0f,2)" fullname="Tests.Testat02.T04b_AvatarSpeedFieldWorks(upArrow+leftArrow,0.0f,2)" methodname="T04b_AvatarSpeedFieldWorks" classname="Tests.Testat02" runstate="Runnable" seed="485901099" result="Passed" start-time="2020-12-18 15:58:47Z" end-time="2020-12-18 15:58:48Z" duration="0.099245" asserts="0">
              <properties />
            </test-case>
            <test-case id="1061" name="T04b_AvatarSpeedFieldWorks(upArrow+leftArrow,0.0f,4)" fullname="Tests.Testat02.T04b_AvatarSpeedFieldWorks(upArrow+leftArrow,0.0f,4)" methodname="T04b_AvatarSpeedFieldWorks" classname="Tests.Testat02" runstate="Runnable" seed="762854435" result="Passed" start-time="2020-12-18 15:58:48Z" end-time="2020-12-18 15:58:48Z" duration="0.140488" asserts="0">
              <properties />
            </test-case>
            <test-case id="1062" name="T04b_AvatarSpeedFieldWorks(upArrow+leftArrow,5.0f,0)" fullname="Tests.Testat02.T04b_AvatarSpeedFieldWorks(upArrow+leftArrow,5.0f,0)" methodname="T04b_AvatarSpeedFieldWorks" classname="Tests.Testat02" runstate="Runnable" seed="1431840108" result="Passed" start-time="2020-12-18 15:58:48Z" end-time="2020-12-18 15:58:48Z" duration="0.057346" asserts="0">
              <properties />
            </test-case>
            <test-case id="1063" name="T04b_AvatarSpeedFieldWorks(upArrow+leftArrow,5.0f,2)" fullname="Tests.Testat02.T04b_AvatarSpeedFieldWorks(upArrow+leftArrow,5.0f,2)" methodname="T04b_AvatarSpeedFieldWorks" classname="Tests.Testat02" runstate="Runnable" seed="657291278" result="Passed" start-time="2020-12-18 15:58:48Z" end-time="2020-12-18 15:58:48Z" duration="0.099498" asserts="0">
              <properties />
            </test-case>
            <test-case id="1064" name="T04b_AvatarSpeedFieldWorks(upArrow+leftArrow,5.0f,4)" fullname="Tests.Testat02.T04b_AvatarSpeedFieldWorks(upArrow+leftArrow,5.0f,4)" methodname="T04b_AvatarSpeedFieldWorks" classname="Tests.Testat02" runstate="Runnable" seed="117925891" result="Passed" start-time="2020-12-18 15:58:48Z" end-time="2020-12-18 15:58:48Z" duration="0.140127" asserts="0">
              <properties />
            </test-case>
            <test-case id="1065" name="T04b_AvatarSpeedFieldWorks(downArrow+leftArrow,0.0f,0)" fullname="Tests.Testat02.T04b_AvatarSpeedFieldWorks(downArrow+leftArrow,0.0f,0)" methodname="T04b_AvatarSpeedFieldWorks" classname="Tests.Testat02" runstate="Runnable" seed="437058189" result="Passed" start-time="2020-12-18 15:58:48Z" end-time="2020-12-18 15:58:48Z" duration="0.057561" asserts="0">
              <properties />
            </test-case>
            <test-case id="1066" name="T04b_AvatarSpeedFieldWorks(downArrow+leftArrow,0.0f,2)" fullname="Tests.Testat02.T04b_AvatarSpeedFieldWorks(downArrow+leftArrow,0.0f,2)" methodname="T04b_AvatarSpeedFieldWorks" classname="Tests.Testat02" runstate="Runnable" seed="318315460" result="Passed" start-time="2020-12-18 15:58:48Z" end-time="2020-12-18 15:58:48Z" duration="0.099438" asserts="0">
              <properties />
            </test-case>
            <test-case id="1067" name="T04b_AvatarSpeedFieldWorks(downArrow+leftArrow,0.0f,4)" fullname="Tests.Testat02.T04b_AvatarSpeedFieldWorks(downArrow+leftArrow,0.0f,4)" methodname="T04b_AvatarSpeedFieldWorks" classname="Tests.Testat02" runstate="Runnable" seed="432029969" result="Passed" start-time="2020-12-18 15:58:48Z" end-time="2020-12-18 15:58:48Z" duration="0.140295" asserts="0">
              <properties />
            </test-case>
            <test-case id="1068" name="T04b_AvatarSpeedFieldWorks(downArrow+leftArrow,5.0f,0)" fullname="Tests.Testat02.T04b_AvatarSpeedFieldWorks(downArrow+leftArrow,5.0f,0)" methodname="T04b_AvatarSpeedFieldWorks" classname="Tests.Testat02" runstate="Runnable" seed="1066363073" result="Passed" start-time="2020-12-18 15:58:48Z" end-time="2020-12-18 15:58:48Z" duration="0.057289" asserts="0">
              <properties />
            </test-case>
            <test-case id="1069" name="T04b_AvatarSpeedFieldWorks(downArrow+leftArrow,5.0f,2)" fullname="Tests.Testat02.T04b_AvatarSpeedFieldWorks(downArrow+leftArrow,5.0f,2)" methodname="T04b_AvatarSpeedFieldWorks" classname="Tests.Testat02" runstate="Runnable" seed="1419188595" result="Passed" start-time="2020-12-18 15:58:48Z" end-time="2020-12-18 15:58:48Z" duration="0.099290" asserts="0">
              <properties />
            </test-case>
            <test-case id="1070" name="T04b_AvatarSpeedFieldWorks(downArrow+leftArrow,5.0f,4)" fullname="Tests.Testat02.T04b_AvatarSpeedFieldWorks(downArrow+leftArrow,5.0f,4)" methodname="T04b_AvatarSpeedFieldWorks" classname="Tests.Testat02" runstate="Runnable" seed="783142715" result="Passed" start-time="2020-12-18 15:58:48Z" end-time="2020-12-18 15:58:49Z" duration="0.141949" asserts="0">
              <properties />
            </test-case>
          </test-suite>
        </test-suite>
        <test-suite type="TestFixture" id="1072" name="Testat03" fullname="Tests.Testat03" classname="Tests.Testat03" runstate="Runnable" testcasecount="19" result="Failed" site="Child" start-time="2020-12-18 15:58:49Z" end-time="2020-12-18 15:58:56Z" duration="7.269320" total="19" passed="17" failed="2" inconclusive="0" skipped="0" asserts="0">
          <properties />
          <failure>
            <message><![CDATA[One or more child tests had errors]]></message>
          </failure>
          <test-suite type="ParameterizedMethod" id="1075" name="T02_GitTagExists" fullname="Tests.Testat03.T02_GitTagExists" classname="Tests.Testat03" runstate="Runnable" testcasecount="2" result="Passed" start-time="2020-12-18 15:58:49Z" end-time="2020-12-18 15:58:49Z" duration="0.227089" total="2" passed="2" failed="0" inconclusive="0" skipped="0" asserts="0">
            <properties />
            <test-case id="1073" name="T02_GitTagExists(&quot;Tx01&quot;)" fullname="Tests.Testat03.T02_GitTagExists(&quot;Tx01&quot;)" methodname="T02_GitTagExists" classname="Tests.Testat03" runstate="Runnable" seed="1888756117" result="Passed" start-time="2020-12-18 15:58:49Z" end-time="2020-12-18 15:58:49Z" duration="0.113226" asserts="0">
              <properties />
            </test-case>
            <test-case id="1074" name="T02_GitTagExists(&quot;Tx02&quot;)" fullname="Tests.Testat03.T02_GitTagExists(&quot;Tx02&quot;)" methodname="T02_GitTagExists" classname="Tests.Testat03" runstate="Runnable" seed="1151023793" result="Passed" start-time="2020-12-18 15:58:49Z" end-time="2020-12-18 15:58:49Z" duration="0.106291" asserts="0">
              <properties />
            </test-case>
          </test-suite>
          <test-suite type="ParameterizedMethod" id="1078" name="T03_PrefabExists" fullname="Tests.Testat03.T03_PrefabExists" classname="Tests.Testat03" runstate="Runnable" testcasecount="2" result="Passed" start-time="2020-12-18 15:58:49Z" end-time="2020-12-18 15:58:49Z" duration="0.013618" total="2" passed="2" failed="0" inconclusive="0" skipped="0" asserts="0">
            <properties />
            <test-case id="1076" name="T03_PrefabExists(&quot;Assets/Prefabs/Avatar.prefab&quot;)" fullname="Tests.Testat03.T03_PrefabExists(&quot;Assets/Prefabs/Avatar.prefab&quot;)" methodname="T03_PrefabExists" classname="Tests.Testat03" runstate="Runnable" seed="971634060" result="Passed" start-time="2020-12-18 15:58:49Z" end-time="2020-12-18 15:58:49Z" duration="0.005235" asserts="0">
              <properties />
            </test-case>
            <test-case id="1077" name="T03_PrefabExists(&quot;Assets/Prefabs/Platform.prefab&quot;)" fullname="Tests.Testat03.T03_PrefabExists(&quot;Assets/Prefabs/Platform.prefab&quot;)" methodname="T03_PrefabExists" classname="Tests.Testat03" runstate="Runnable" seed="997913335" result="Passed" start-time="2020-12-18 15:58:49Z" end-time="2020-12-18 15:58:49Z" duration="0.003641" asserts="0">
              <properties />
            </test-case>
          </test-suite>
          <test-case id="1079" name="T04a_PlatformPrefab" fullname="Tests.Testat03.T04a_PlatformPrefab" methodname="T04a_PlatformPrefab" classname="Tests.Testat03" runstate="Runnable" seed="812417030" result="Passed" start-time="2020-12-18 15:58:49Z" end-time="2020-12-18 15:58:49Z" duration="0.019687" asserts="0">
            <properties />
          </test-case>
          <test-case id="1080" name="T04b_PlatformGravity" fullname="Tests.Testat03.T04b_PlatformGravity" methodname="T04b_PlatformGravity" classname="Tests.Testat03" runstate="Runnable" seed="18077615" result="Passed" start-time="2020-12-18 15:58:49Z" end-time="2020-12-18 15:58:49Z" duration="0.276503" asserts="0">
            <properties>
              <property name="_JOINTYPE" value="UnityCombinatorial" />
            </properties>
          </test-case>
          <test-case id="1081" name="T05a_AvatarPrefab" fullname="Tests.Testat03.T05a_AvatarPrefab" methodname="T05a_AvatarPrefab" classname="Tests.Testat03" runstate="Runnable" seed="456045382" result="Passed" start-time="2020-12-18 15:58:49Z" end-time="2020-12-18 15:58:49Z" duration="0.033070" asserts="0">
            <properties />
          </test-case>
          <test-case id="1082" name="T05b_AvatarGravityWhenFalling" fullname="Tests.Testat03.T05b_AvatarGravityWhenFalling" methodname="T05b_AvatarGravityWhenFalling" classname="Tests.Testat03" runstate="Runnable" seed="1388407419" result="Passed" start-time="2020-12-18 15:58:49Z" end-time="2020-12-18 15:58:50Z" duration="0.224470" asserts="0">
            <properties>
              <property name="_JOINTYPE" value="UnityCombinatorial" />
            </properties>
          </test-case>
          <test-suite type="ParameterizedMethod" id="1091" name="T05c_AvatarMovement" fullname="Tests.Testat03.T05c_AvatarMovement" classname="Tests.Testat03" runstate="Runnable" testcasecount="8" result="Passed" start-time="2020-12-18 15:58:50Z" end-time="2020-12-18 15:58:51Z" duration="1.357500" total="8" passed="8" failed="0" inconclusive="0" skipped="0" asserts="0">
            <properties>
              <property name="_JOINTYPE" value="UnityCombinatorial" />
            </properties>
            <test-case id="1083" name="T05c_AvatarMovement(rightArrow,0.0f,2)" fullname="Tests.Testat03.T05c_AvatarMovement(rightArrow,0.0f,2)" methodname="T05c_AvatarMovement" classname="Tests.Testat03" runstate="Runnable" seed="1950171505" result="Passed" start-time="2020-12-18 15:58:50Z" end-time="2020-12-18 15:58:50Z" duration="0.100109" asserts="0">
              <properties />
            </test-case>
            <test-case id="1084" name="T05c_AvatarMovement(rightArrow,0.0f,8)" fullname="Tests.Testat03.T05c_AvatarMovement(rightArrow,0.0f,8)" methodname="T05c_AvatarMovement" classname="Tests.Testat03" runstate="Runnable" seed="807272143" result="Passed" start-time="2020-12-18 15:58:50Z" end-time="2020-12-18 15:58:50Z" duration="0.257512" asserts="0">
              <properties />
            </test-case>
            <test-case id="1085" name="T05c_AvatarMovement(rightArrow,5.0f,2)" fullname="Tests.Testat03.T05c_AvatarMovement(rightArrow,5.0f,2)" methodname="T05c_AvatarMovement" classname="Tests.Testat03" runstate="Runnable" seed="646517054" result="Passed" start-time="2020-12-18 15:58:50Z" end-time="2020-12-18 15:58:50Z" duration="0.107855" asserts="0">
              <properties />
            </test-case>
            <test-case id="1086" name="T05c_AvatarMovement(rightArrow,5.0f,8)" fullname="Tests.Testat03.T05c_AvatarMovement(rightArrow,5.0f,8)" methodname="T05c_AvatarMovement" classname="Tests.Testat03" runstate="Runnable" seed="1086057156" result="Passed" start-time="2020-12-18 15:58:50Z" end-time="2020-12-18 15:58:50Z" duration="0.217051" asserts="0">
              <properties />
            </test-case>
            <test-case id="1087" name="T05c_AvatarMovement(leftArrow,0.0f,2)" fullname="Tests.Testat03.T05c_AvatarMovement(leftArrow,0.0f,2)" methodname="T05c_AvatarMovement" classname="Tests.Testat03" runstate="Runnable" seed="869828972" result="Passed" start-time="2020-12-18 15:58:50Z" end-time="2020-12-18 15:58:50Z" duration="0.099189" asserts="0">
              <properties />
            </test-case>
            <test-case id="1088" name="T05c_AvatarMovement(leftArrow,0.0f,8)" fullname="Tests.Testat03.T05c_AvatarMovement(leftArrow,0.0f,8)" methodname="T05c_AvatarMovement" classname="Tests.Testat03" runstate="Runnable" seed="1840473491" result="Passed" start-time="2020-12-18 15:58:50Z" end-time="2020-12-18 15:58:51Z" duration="0.215432" asserts="0">
              <properties />
            </test-case>
            <test-case id="1089" name="T05c_AvatarMovement(leftArrow,5.0f,2)" fullname="Tests.Testat03.T05c_AvatarMovement(leftArrow,5.0f,2)" methodname="T05c_AvatarMovement" classname="Tests.Testat03" runstate="Runnable" seed="123853213" result="Passed" start-time="2020-12-18 15:58:51Z" end-time="2020-12-18 15:58:51Z" duration="0.099412" asserts="0">
              <properties />
            </test-case>
            <test-case id="1090" name="T05c_AvatarMovement(leftArrow,5.0f,8)" fullname="Tests.Testat03.T05c_AvatarMovement(leftArrow,5.0f,8)" methodname="T05c_AvatarMovement" classname="Tests.Testat03" runstate="Runnable" seed="1609716166" result="Passed" start-time="2020-12-18 15:58:51Z" end-time="2020-12-18 15:58:51Z" duration="0.217698" asserts="0">
              <properties />
            </test-case>
          </test-suite>
          <test-case id="1092" name="T05d_AvatarGravityWhenGrounded" fullname="Tests.Testat03.T05d_AvatarGravityWhenGrounded" methodname="T05d_AvatarGravityWhenGrounded" classname="Tests.Testat03" runstate="Runnable" seed="2007165648" result="Failed" start-time="2020-12-18 15:58:51Z" end-time="2020-12-18 15:58:51Z" duration="0.050384" asserts="0">
            <properties>
              <property name="_JOINTYPE" value="UnityCombinatorial" />
            </properties>
            <failure>
              <message><![CDATA[Unhandled log message: '[Exception] UnassignedReferenceException: The variable contactParticlesPrefab of AvatarController has not been assigned.
You probably need to assign the contactParticlesPrefab variable of the AvatarController script in the inspector.'. Use UnityEngine.TestTools.LogAssert.Expect]]></message>
              <stack-trace><![CDATA[UnityEngine.Object.Internal_InstantiateSingle (UnityEngine.Object data, UnityEngine.Vector3 pos, UnityEngine.Quaternion rot) (at <a4546799a4ab426788e4204c69507924>:0)
UnityEngine.Object.Instantiate (UnityEngine.Object original, UnityEngine.Vector3 position, UnityEngine.Quaternion rotation) (at <a4546799a4ab426788e4204c69507924>:0)
UnityEngine.Object.Instantiate[T] (T original, UnityEngine.Vector3 position, UnityEngine.Quaternion rotation) (at <a4546799a4ab426788e4204c69507924>:0)
AvatarController.OnCollisionEnter2D (UnityEngine.Collision2D collision) (at Assets/AvatarController.cs:99)

]]></stack-trace>
            </failure>
            <output><![CDATA[UnassignedReferenceException: The variable contactParticlesPrefab of AvatarController has not been assigned.
You probably need to assign the contactParticlesPrefab variable of the AvatarController script in the inspector.
]]></output>
          </test-case>
          <test-case id="1093" name="T06a_SceneExists" fullname="Tests.Testat03.T06a_SceneExists" methodname="T06a_SceneExists" classname="Tests.Testat03" runstate="Runnable" seed="1263592349" result="Passed" start-time="2020-12-18 15:58:51Z" end-time="2020-12-18 15:58:51Z" duration="0.001750" asserts="0">
            <properties />
          </test-case>
          <test-case id="1094" name="T06b_PrefabInstancesExistInScene" fullname="Tests.Testat03.T06b_PrefabInstancesExistInScene" methodname="T06b_PrefabInstancesExistInScene" classname="Tests.Testat03" runstate="Runnable" seed="1837488202" result="Failed" start-time="2020-12-18 15:58:51Z" end-time="2020-12-18 15:58:56Z" duration="5.033088" asserts="0">
            <properties>
              <property name="_JOINTYPE" value="UnityCombinatorial" />
            </properties>
            <failure>
              <message><![CDATA[Unhandled log message: '[Exception] UnassignedReferenceException: The variable contactParticlesPrefab of AvatarController has not been assigned.
You probably need to assign the contactParticlesPrefab variable of the AvatarController script in the inspector.'. Use UnityEngine.TestTools.LogAssert.Expect]]></message>
              <stack-trace><![CDATA[UnityEngine.Object.Internal_InstantiateSingle (UnityEngine.Object data, UnityEngine.Vector3 pos, UnityEngine.Quaternion rot) (at <a4546799a4ab426788e4204c69507924>:0)
UnityEngine.Object.Instantiate (UnityEngine.Object original, UnityEngine.Vector3 position, UnityEngine.Quaternion rotation) (at <a4546799a4ab426788e4204c69507924>:0)
UnityEngine.Object.Instantiate[T] (T original, UnityEngine.Vector3 position, UnityEngine.Quaternion rotation) (at <a4546799a4ab426788e4204c69507924>:0)
AvatarController.OnCollisionEnter2D (UnityEngine.Collision2D collision) (at Assets/AvatarController.cs:99)

]]></stack-trace>
            </failure>
            <output><![CDATA[UnassignedReferenceException: The variable contactParticlesPrefab of AvatarController has not been assigned.
You probably need to assign the contactParticlesPrefab variable of the AvatarController script in the inspector.
]]></output>
          </test-case>
        </test-suite>
        <test-suite type="TestFixture" id="1095" name="Testat04" fullname="Tests.Testat04" classname="Tests.Testat04" runstate="Runnable" testcasecount="12" result="Failed" site="Child" start-time="2020-12-18 15:58:56Z" end-time="2020-12-18 15:58:56Z" duration="0.310548" total="12" passed="11" failed="1" inconclusive="0" skipped="0" asserts="0">
          <properties />
          <failure>
            <message><![CDATA[One or more child tests had errors]]></message>
          </failure>
          <test-suite type="ParameterizedMethod" id="1098" name="T01_PrefabExists" fullname="Tests.Testat04.T01_PrefabExists" classname="Tests.Testat04" runstate="Runnable" testcasecount="2" result="Passed" start-time="2020-12-18 15:58:56Z" end-time="2020-12-18 15:58:56Z" duration="0.006496" total="2" passed="2" failed="0" inconclusive="0" skipped="0" asserts="0">
            <properties />
            <test-case id="1096" name="T01_PrefabExists(&quot;Assets/Prefabs/Avatar.prefab&quot;)" fullname="Tests.Testat04.T01_PrefabExists(&quot;Assets/Prefabs/Avatar.prefab&quot;)" methodname="T01_PrefabExists" classname="Tests.Testat04" runstate="Runnable" seed="1138132699" result="Passed" start-time="2020-12-18 15:58:56Z" end-time="2020-12-18 15:58:56Z" duration="0.002013" asserts="0">
              <properties />
            </test-case>
            <test-case id="1097" name="T01_PrefabExists(&quot;Assets/Prefabs/Platform.prefab&quot;)" fullname="Tests.Testat04.T01_PrefabExists(&quot;Assets/Prefabs/Platform.prefab&quot;)" methodname="T01_PrefabExists" classname="Tests.Testat04" runstate="Runnable" seed="842544519" result="Passed" start-time="2020-12-18 15:58:56Z" end-time="2020-12-18 15:58:56Z" duration="0.000956" asserts="0">
              <properties />
            </test-case>
          </test-suite>
          <test-suite type="ParameterizedMethod" id="1101" name="T02_MaterialsExists" fullname="Tests.Testat04.T02_MaterialsExists" classname="Tests.Testat04" runstate="Runnable" testcasecount="2" result="Passed" start-time="2020-12-18 15:58:56Z" end-time="2020-12-18 15:58:56Z" duration="0.005028" total="2" passed="2" failed="0" inconclusive="0" skipped="0" asserts="0">
            <properties />
            <test-case id="1099" name="T02_MaterialsExists(&quot;Assets/Materials/Avatar.mat&quot;)" fullname="Tests.Testat04.T02_MaterialsExists(&quot;Assets/Materials/Avatar.mat&quot;)" methodname="T02_MaterialsExists" classname="Tests.Testat04" runstate="Runnable" seed="1393229100" result="Passed" start-time="2020-12-18 15:58:56Z" end-time="2020-12-18 15:58:56Z" duration="0.001682" asserts="0">
              <properties />
            </test-case>
            <test-case id="1100" name="T02_MaterialsExists(&quot;Assets/Materials/Platform.mat&quot;)" fullname="Tests.Testat04.T02_MaterialsExists(&quot;Assets/Materials/Platform.mat&quot;)" methodname="T02_MaterialsExists" classname="Tests.Testat04" runstate="Runnable" seed="1391415729" result="Passed" start-time="2020-12-18 15:58:56Z" end-time="2020-12-18 15:58:56Z" duration="0.001031" asserts="0">
              <properties />
            </test-case>
          </test-suite>
          <test-case id="1102" name="T03_PlatformPrefab" fullname="Tests.Testat04.T03_PlatformPrefab" methodname="T03_PlatformPrefab" classname="Tests.Testat04" runstate="Runnable" seed="1701467656" result="Passed" start-time="2020-12-18 15:58:56Z" end-time="2020-12-18 15:58:56Z" duration="0.006117" asserts="0">
            <properties />
          </test-case>
          <test-case id="1106" name="T04_AvatarPrefab" fullname="Tests.Testat04.T04_AvatarPrefab" methodname="T04_AvatarPrefab" classname="Tests.Testat04" runstate="Runnable" seed="1905483441" result="Passed" start-time="2020-12-18 15:58:56Z" end-time="2020-12-18 15:58:56Z" duration="0.002435" asserts="0">
            <properties />
          </test-case>
          <test-suite type="ParameterizedMethod" id="1105" name="T05_PlatformColor" fullname="Tests.Testat04.T05_PlatformColor" classname="Tests.Testat04" runstate="Runnable" testcasecount="2" result="Passed" start-time="2020-12-18 15:58:56Z" end-time="2020-12-18 15:58:56Z" duration="0.114446" total="2" passed="2" failed="0" inconclusive="0" skipped="0" asserts="0">
            <properties>
              <property name="_JOINTYPE" value="UnityCombinatorial" />
            </properties>
            <test-case id="1103" name="T05_PlatformColor(RGBA(0.000, 1.000, 0.000, 1.000))" fullname="Tests.Testat04.T05_PlatformColor(RGBA(0.000, 1.000, 0.000, 1.000))" methodname="T05_PlatformColor" classname="Tests.Testat04" runstate="Runnable" seed="1021959229" result="Passed" start-time="2020-12-18 15:58:56Z" end-time="2020-12-18 15:58:56Z" duration="0.052661" asserts="0">
              <properties />
            </test-case>
            <test-case id="1104" name="T05_PlatformColor(RGBA(1.000, 0.000, 1.000, 1.000))" fullname="Tests.Testat04.T05_PlatformColor(RGBA(1.000, 0.000, 1.000, 1.000))" methodname="T05_PlatformColor" classname="Tests.Testat04" runstate="Runnable" seed="946684689" result="Passed" start-time="2020-12-18 15:58:56Z" end-time="2020-12-18 15:58:56Z" duration="0.059371" asserts="0">
              <properties />
            </test-case>
          </test-suite>
          <test-suite type="ParameterizedMethod" id="1109" name="T06_AvatarColor" fullname="Tests.Testat04.T06_AvatarColor" classname="Tests.Testat04" runstate="Runnable" testcasecount="2" result="Passed" start-time="2020-12-18 15:58:56Z" end-time="2020-12-18 15:58:56Z" duration="0.118601" total="2" passed="2" failed="0" inconclusive="0" skipped="0" asserts="0">
            <properties>
              <property name="_JOINTYPE" value="UnityCombinatorial" />
            </properties>
            <test-case id="1107" name="T06_AvatarColor(RGBA(0.000, 1.000, 0.000, 1.000))" fullname="Tests.Testat04.T06_AvatarColor(RGBA(0.000, 1.000, 0.000, 1.000))" methodname="T06_AvatarColor" classname="Tests.Testat04" runstate="Runnable" seed="1718473558" result="Passed" start-time="2020-12-18 15:58:56Z" end-time="2020-12-18 15:58:56Z" duration="0.056966" asserts="0">
              <properties />
            </test-case>
            <test-case id="1108" name="T06_AvatarColor(RGBA(1.000, 0.000, 1.000, 1.000))" fullname="Tests.Testat04.T06_AvatarColor(RGBA(1.000, 0.000, 1.000, 1.000))" methodname="T06_AvatarColor" classname="Tests.Testat04" runstate="Runnable" seed="1389553358" result="Passed" start-time="2020-12-18 15:58:56Z" end-time="2020-12-18 15:58:56Z" duration="0.059345" asserts="0">
              <properties />
            </test-case>
          </test-suite>
          <test-case id="1110" name="T07a_SceneExists" fullname="Tests.Testat04.T07a_SceneExists" methodname="T07a_SceneExists" classname="Tests.Testat04" runstate="Runnable" seed="834973438" result="Passed" start-time="2020-12-18 15:58:56Z" end-time="2020-12-18 15:58:56Z" duration="0.001224" asserts="0">
            <properties />
          </test-case>
          <test-case id="1111" name="T07b_PrefabInstancesExistInScene" fullname="Tests.Testat04.T07b_PrefabInstancesExistInScene" methodname="T07b_PrefabInstancesExistInScene" classname="Tests.Testat04" runstate="Runnable" seed="333773984" result="Failed" start-time="2020-12-18 15:58:56Z" end-time="2020-12-18 15:58:56Z" duration="0.043697" asserts="0">
            <properties>
              <property name="_JOINTYPE" value="UnityCombinatorial" />
            </properties>
            <failure>
              <message><![CDATA[  There must be exactly 1 field with the name of 'platformColor' in GameObject 'Platform (1) (UnityEngine.GameObject)'!
  Expected: 1
  But was:  2
]]></message>
              <stack-trace><![CDATA[at Tests.FieldBridge`1[T]..ctor (UnityEngine.GameObject obj, System.String name) [0x0001b] in C:\Unity\workspace\2020WS.UnityPP.LukeBrose\Assets\Tests\FieldBridge.cs:28
at Tests.GameObjectBridge.FindField[T] (System.String name) [0x00001] in C:\Unity\workspace\2020WS.UnityPP.LukeBrose\Assets\Tests\GameObjectBridge.cs:32
at Tests.Testat04+PlatformBridge..ctor (UnityEngine.GameObject gameObject) [0x00009] in C:\Unity\workspace\2020WS.UnityPP.LukeBrose\Assets\Tests\Testat04.cs:83
at Tests.Testat04+<>c.<T07b_PrefabInstancesExistInScene>b__25_1 (UnityEngine.GameObject obj) [0x00000] in C:\Unity\workspace\2020WS.UnityPP.LukeBrose\Assets\Tests\Testat04.cs:187
at System.Linq.Enumerable+WhereSelectEnumerableIterator`2[TSource,TResult].ToArray () [0x0002b] in <351e49e2a5bf4fd6beabb458ce2255f3>:0
at System.Linq.Enumerable.ToArray[TSource] (System.Collections.Generic.IEnumerable`1[T] source) [0x0001f] in <351e49e2a5bf4fd6beabb458ce2255f3>:0
at Tests.Testat04+<T07b_PrefabInstancesExistInScene>d__25.MoveNext () [0x000e5] in C:\Unity\workspace\2020WS.UnityPP.LukeBrose\Assets\Tests\Testat04.cs:186
at UnityEngine.TestTools.TestEnumerator+<Execute>d__6.MoveNext () [0x0004c] in C:\Unity\workspace\2020WS.UnityPP.LukeBrose\Library\PackageCache\com.unity.test-framework@1.1.18\UnityEngine.TestRunner\NUnitExtensions\Attributes\TestEnumerator.cs:36
]]></stack-trace>
            </failure>
          </test-case>
        </test-suite>
        <test-suite type="TestFixture" id="1112" name="Testat05" fullname="Tests.Testat05" classname="Tests.Testat05" runstate="Runnable" testcasecount="16" result="Failed" site="Child" start-time="2020-12-18 15:58:56Z" end-time="2020-12-18 15:58:57Z" duration="0.324286" total="16" passed="6" failed="10" inconclusive="0" skipped="0" asserts="0">
          <properties />
          <failure>
            <message><![CDATA[One or more child tests had errors]]></message>
          </failure>
          <test-case id="1127" name="T02_MarioPrefab" fullname="Tests.Testat05.T02_MarioPrefab" methodname="T02_MarioPrefab" classname="Tests.Testat05" runstate="Runnable" seed="1592848169" result="Passed" start-time="2020-12-18 15:58:56Z" end-time="2020-12-18 15:58:56Z" duration="0.025972" asserts="0">
            <properties />
          </test-case>
          <test-suite type="ParameterizedMethod" id="1130" name="T03_MarioMovement" fullname="Tests.Testat05.T03_MarioMovement" classname="Tests.Testat05" runstate="Runnable" testcasecount="2" result="Failed" site="Child" start-time="2020-12-18 15:58:56Z" end-time="2020-12-18 15:58:57Z" duration="0.152531" total="2" passed="0" failed="2" inconclusive="0" skipped="0" asserts="0">
            <properties>
              <property name="_JOINTYPE" value="UnityCombinatorial" />
            </properties>
            <failure>
              <message><![CDATA[One or more child tests had errors]]></message>
            </failure>
            <test-case id="1128" name="T03_MarioMovement(rightArrow, 10m/s, 5m/s)" fullname="Tests.Testat05.T03_MarioMovement(rightArrow, 10m/s, 5m/s)" methodname="T03_MarioMovement" classname="Tests.Testat05" runstate="Runnable" seed="1605147398" result="Failed" start-time="2020-12-18 15:58:56Z" end-time="2020-12-18 15:58:56Z" duration="0.071310" asserts="0">
              <properties />
              <failure>
                <message><![CDATA[  Mario's speed must increase each frame!
  Expected: greater than 0.0f
  But was:  0.0f
]]></message>
                <stack-trace><![CDATA[at Tests.Testat05+<T03_MarioMovement>d__28.MoveNext () [0x002f0] in C:\Unity\workspace\2020WS.UnityPP.LukeBrose\Assets\Tests\Testat05.cs:258
at UnityEngine.TestTools.TestEnumerator+<Execute>d__6.MoveNext () [0x0004c] in C:\Unity\workspace\2020WS.UnityPP.LukeBrose\Library\PackageCache\com.unity.test-framework@1.1.18\UnityEngine.TestRunner\NUnitExtensions\Attributes\TestEnumerator.cs:36
]]></stack-trace>
              </failure>
            </test-case>
            <test-case id="1129" name="T03_MarioMovement(leftArrow, 15m/s, 10m/s)" fullname="Tests.Testat05.T03_MarioMovement(leftArrow, 15m/s, 10m/s)" methodname="T03_MarioMovement" classname="Tests.Testat05" runstate="Runnable" seed="48577109" result="Failed" start-time="2020-12-18 15:58:56Z" end-time="2020-12-18 15:58:57Z" duration="0.076933" asserts="0">
              <properties />
              <failure>
                <message><![CDATA[  Mario's speed must increase each frame!
  Expected: greater than 0.0f
  But was:  0.0f
]]></message>
                <stack-trace><![CDATA[at Tests.Testat05+<T03_MarioMovement>d__28.MoveNext () [0x002f0] in C:\Unity\workspace\2020WS.UnityPP.LukeBrose\Assets\Tests\Testat05.cs:258
at UnityEngine.TestTools.TestEnumerator+<Execute>d__6.MoveNext () [0x0004c] in C:\Unity\workspace\2020WS.UnityPP.LukeBrose\Library\PackageCache\com.unity.test-framework@1.1.18\UnityEngine.TestRunner\NUnitExtensions\Attributes\TestEnumerator.cs:36
]]></stack-trace>
              </failure>
            </test-case>
          </test-suite>
          <test-suite type="ParameterizedMethod" id="1126" name="T04_PlatformPrefab" fullname="Tests.Testat05.T04_PlatformPrefab" classname="Tests.Testat05" runstate="Runnable" testcasecount="3" result="Failed" site="Child" start-time="2020-12-18 15:58:57Z" end-time="2020-12-18 15:58:57Z" duration="0.038474" total="3" passed="0" failed="3" inconclusive="0" skipped="0" asserts="0">
            <properties />
            <failure>
              <message><![CDATA[One or more child tests had errors]]></message>
            </failure>
            <test-case id="1123" name="T04_PlatformPrefab((Assets/Prefabs/Platform_Ice.prefab, Assets/PhysicsMaterials/Icy.physicsMaterial2D))" fullname="Tests.Testat05.T04_PlatformPrefab((Assets/Prefabs/Platform_Ice.prefab, Assets/PhysicsMaterials/Icy.physicsMaterial2D))" methodname="T04_PlatformPrefab" classname="Tests.Testat05" runstate="Runnable" seed="2063353995" result="Failed" start-time="2020-12-18 15:58:57Z" end-time="2020-12-18 15:58:57Z" duration="0.012940" asserts="0">
              <properties />
              <failure>
                <message><![CDATA[  Expected: file exists
  But was:  <Assets/PhysicsMaterials/Icy.physicsMaterial2D>
]]></message>
                <stack-trace><![CDATA[at NUnit.Framework.FileAssert.Exists (System.IO.FileInfo actual, System.String message, System.Object[] args) [0x0000c] in <59819be142c34115ade688f6962021f1>:0
at NUnit.Framework.FileAssert.Exists (System.IO.FileInfo actual) [0x00001] in <59819be142c34115ade688f6962021f1>:0
at Tests.TestSuite.LoadAsset[T] (System.String path) [0x00001] in C:\Unity\workspace\2020WS.UnityPP.LukeBrose\Assets\Tests\TestSuite.cs:69
at Tests.Testat05.T04_PlatformPrefab (System.ValueTuple`2[T1,T2] info) [0x0000d] in C:\Unity\workspace\2020WS.UnityPP.LukeBrose\Assets\Tests\Testat05.cs:205
]]></stack-trace>
              </failure>
            </test-case>
            <test-case id="1124" name="T04_PlatformPrefab((Assets/Prefabs/Platform_Metal.prefab, Assets/PhysicsMaterials/Default.physicsMaterial2D))" fullname="Tests.Testat05.T04_PlatformPrefab((Assets/Prefabs/Platform_Metal.prefab, Assets/PhysicsMaterials/Default.physicsMaterial2D))" methodname="T04_PlatformPrefab" classname="Tests.Testat05" runstate="Runnable" seed="1278563589" result="Failed" start-time="2020-12-18 15:58:57Z" end-time="2020-12-18 15:58:57Z" duration="0.008028" asserts="0">
              <properties />
              <failure>
                <message><![CDATA[  Expected: file exists
  But was:  <Assets/PhysicsMaterials/Default.physicsMaterial2D>
]]></message>
                <stack-trace><![CDATA[at NUnit.Framework.FileAssert.Exists (System.IO.FileInfo actual, System.String message, System.Object[] args) [0x0000c] in <59819be142c34115ade688f6962021f1>:0
at NUnit.Framework.FileAssert.Exists (System.IO.FileInfo actual) [0x00001] in <59819be142c34115ade688f6962021f1>:0
at Tests.TestSuite.LoadAsset[T] (System.String path) [0x00001] in C:\Unity\workspace\2020WS.UnityPP.LukeBrose\Assets\Tests\TestSuite.cs:69
at Tests.Testat05.T04_PlatformPrefab (System.ValueTuple`2[T1,T2] info) [0x0000d] in C:\Unity\workspace\2020WS.UnityPP.LukeBrose\Assets\Tests\Testat05.cs:205
]]></stack-trace>
              </failure>
            </test-case>
            <test-case id="1125" name="T04_PlatformPrefab((Assets/Prefabs/Platform_Dirt.prefab, Assets/PhysicsMaterials/Sticky.physicsMaterial2D))" fullname="Tests.Testat05.T04_PlatformPrefab((Assets/Prefabs/Platform_Dirt.prefab, Assets/PhysicsMaterials/Sticky.physicsMaterial2D))" methodname="T04_PlatformPrefab" classname="Tests.Testat05" runstate="Runnable" seed="891967695" result="Failed" start-time="2020-12-18 15:58:57Z" end-time="2020-12-18 15:58:57Z" duration="0.009010" asserts="0">
              <properties />
              <failure>
                <message><![CDATA[  Expected: file exists
  But was:  <Assets/PhysicsMaterials/Sticky.physicsMaterial2D>
]]></message>
                <stack-trace><![CDATA[at NUnit.Framework.FileAssert.Exists (System.IO.FileInfo actual, System.String message, System.Object[] args) [0x0000c] in <59819be142c34115ade688f6962021f1>:0
at NUnit.Framework.FileAssert.Exists (System.IO.FileInfo actual) [0x00001] in <59819be142c34115ade688f6962021f1>:0
at Tests.TestSuite.LoadAsset[T] (System.String path) [0x00001] in C:\Unity\workspace\2020WS.UnityPP.LukeBrose\Assets\Tests\TestSuite.cs:69
at Tests.Testat05.T04_PlatformPrefab (System.ValueTuple`2[T1,T2] info) [0x0000d] in C:\Unity\workspace\2020WS.UnityPP.LukeBrose\Assets\Tests\Testat05.cs:205
]]></stack-trace>
              </failure>
            </test-case>
          </test-suite>
          <test-suite type="ParameterizedMethod" id="1121" name="T05a_PhysicsMaterialExists" fullname="Tests.Testat05.T05a_PhysicsMaterialExists" classname="Tests.Testat05" runstate="Runnable" testcasecount="3" result="Failed" site="Child" start-time="2020-12-18 15:58:57Z" end-time="2020-12-18 15:58:57Z" duration="0.012291" total="3" passed="0" failed="3" inconclusive="0" skipped="0" asserts="0">
            <properties />
            <failure>
              <message><![CDATA[One or more child tests had errors]]></message>
            </failure>
            <test-case id="1118" name="T05a_PhysicsMaterialExists(&quot;Assets/PhysicsMaterials/Icy.physicsMaterial2D&quot;)" fullname="Tests.Testat05.T05a_PhysicsMaterialExists(&quot;Assets/PhysicsMaterials/Icy.physicsMaterial2D&quot;)" methodname="T05a_PhysicsMaterialExists" classname="Tests.Testat05" runstate="Runnable" seed="837962432" result="Failed" start-time="2020-12-18 15:58:57Z" end-time="2020-12-18 15:58:57Z" duration="0.001916" asserts="0">
              <properties />
              <failure>
                <message><![CDATA[  Expected: file exists
  But was:  <Assets/PhysicsMaterials/Icy.physicsMaterial2D>
]]></message>
                <stack-trace><![CDATA[at NUnit.Framework.FileAssert.Exists (System.IO.FileInfo actual, System.String message, System.Object[] args) [0x0000c] in <59819be142c34115ade688f6962021f1>:0
at NUnit.Framework.FileAssert.Exists (System.IO.FileInfo actual) [0x00001] in <59819be142c34115ade688f6962021f1>:0
at Tests.TestSuite.LoadAsset[T] (System.String path) [0x00001] in C:\Unity\workspace\2020WS.UnityPP.LukeBrose\Assets\Tests\TestSuite.cs:69
at Tests.Testat05.T05a_PhysicsMaterialExists (System.String path) [0x00001] in C:\Unity\workspace\2020WS.UnityPP.LukeBrose\Assets\Tests\Testat05.cs:190
]]></stack-trace>
              </failure>
            </test-case>
            <test-case id="1119" name="T05a_PhysicsMaterialExists(&quot;Assets/PhysicsMaterials/Default.physicsMaterial2D&quot;)" fullname="Tests.Testat05.T05a_PhysicsMaterialExists(&quot;Assets/PhysicsMaterials/Default.physicsMaterial2D&quot;)" methodname="T05a_PhysicsMaterialExists" classname="Tests.Testat05" runstate="Runnable" seed="1437522993" result="Failed" start-time="2020-12-18 15:58:57Z" end-time="2020-12-18 15:58:57Z" duration="0.001747" asserts="0">
              <properties />
              <failure>
                <message><![CDATA[  Expected: file exists
  But was:  <Assets/PhysicsMaterials/Default.physicsMaterial2D>
]]></message>
                <stack-trace><![CDATA[at NUnit.Framework.FileAssert.Exists (System.IO.FileInfo actual, System.String message, System.Object[] args) [0x0000c] in <59819be142c34115ade688f6962021f1>:0
at NUnit.Framework.FileAssert.Exists (System.IO.FileInfo actual) [0x00001] in <59819be142c34115ade688f6962021f1>:0
at Tests.TestSuite.LoadAsset[T] (System.String path) [0x00001] in C:\Unity\workspace\2020WS.UnityPP.LukeBrose\Assets\Tests\TestSuite.cs:69
at Tests.Testat05.T05a_PhysicsMaterialExists (System.String path) [0x00001] in C:\Unity\workspace\2020WS.UnityPP.LukeBrose\Assets\Tests\Testat05.cs:190
]]></stack-trace>
              </failure>
            </test-case>
            <test-case id="1120" name="T05a_PhysicsMaterialExists(&quot;Assets/PhysicsMaterials/Sticky.physicsMaterial2D&quot;)" fullname="Tests.Testat05.T05a_PhysicsMaterialExists(&quot;Assets/PhysicsMaterials/Sticky.physicsMaterial2D&quot;)" methodname="T05a_PhysicsMaterialExists" classname="Tests.Testat05" runstate="Runnable" seed="806877926" result="Failed" start-time="2020-12-18 15:58:57Z" end-time="2020-12-18 15:58:57Z" duration="0.001368" asserts="0">
              <properties />
              <failure>
                <message><![CDATA[  Expected: file exists
  But was:  <Assets/PhysicsMaterials/Sticky.physicsMaterial2D>
]]></message>
                <stack-trace><![CDATA[at NUnit.Framework.FileAssert.Exists (System.IO.FileInfo actual, System.String message, System.Object[] args) [0x0000c] in <59819be142c34115ade688f6962021f1>:0
at NUnit.Framework.FileAssert.Exists (System.IO.FileInfo actual) [0x00001] in <59819be142c34115ade688f6962021f1>:0
at Tests.TestSuite.LoadAsset[T] (System.String path) [0x00001] in C:\Unity\workspace\2020WS.UnityPP.LukeBrose\Assets\Tests\TestSuite.cs:69
at Tests.Testat05.T05a_PhysicsMaterialExists (System.String path) [0x00001] in C:\Unity\workspace\2020WS.UnityPP.LukeBrose\Assets\Tests\Testat05.cs:190
]]></stack-trace>
              </failure>
            </test-case>
          </test-suite>
          <test-case id="1122" name="T05b_PhysicsMaterialsFriction" fullname="Tests.Testat05.T05b_PhysicsMaterialsFriction" methodname="T05b_PhysicsMaterialsFriction" classname="Tests.Testat05" runstate="Runnable" seed="738042488" result="Failed" start-time="2020-12-18 15:58:57Z" end-time="2020-12-18 15:58:57Z" duration="0.003364" asserts="0">
            <properties />
            <failure>
              <message><![CDATA[  Expected: file exists
  But was:  <Assets/PhysicsMaterials/Icy.physicsMaterial2D>
]]></message>
              <stack-trace><![CDATA[at NUnit.Framework.FileAssert.Exists (System.IO.FileInfo actual, System.String message, System.Object[] args) [0x0000c] in <59819be142c34115ade688f6962021f1>:0
at NUnit.Framework.FileAssert.Exists (System.IO.FileInfo actual) [0x00001] in <59819be142c34115ade688f6962021f1>:0
at Tests.TestSuite.LoadAsset[T] (System.String path) [0x00001] in C:\Unity\workspace\2020WS.UnityPP.LukeBrose\Assets\Tests\TestSuite.cs:69
at Tests.Testat05.T05b_PhysicsMaterialsFriction () [0x00001] in C:\Unity\workspace\2020WS.UnityPP.LukeBrose\Assets\Tests\Testat05.cs:195
]]></stack-trace>
            </failure>
          </test-case>
          <test-suite type="ParameterizedMethod" id="1117" name="T06_PrefabExists" fullname="Tests.Testat05.T06_PrefabExists" classname="Tests.Testat05" runstate="Runnable" testcasecount="4" result="Passed" start-time="2020-12-18 15:58:57Z" end-time="2020-12-18 15:58:57Z" duration="0.008104" total="4" passed="4" failed="0" inconclusive="0" skipped="0" asserts="0">
            <properties />
            <test-case id="1113" name="T06_PrefabExists(&quot;Assets/Prefabs/Mario.prefab&quot;)" fullname="Tests.Testat05.T06_PrefabExists(&quot;Assets/Prefabs/Mario.prefab&quot;)" methodname="T06_PrefabExists" classname="Tests.Testat05" runstate="Runnable" seed="1652210535" result="Passed" start-time="2020-12-18 15:58:57Z" end-time="2020-12-18 15:58:57Z" duration="0.001191" asserts="0">
              <properties />
            </test-case>
            <test-case id="1114" name="T06_PrefabExists(&quot;Assets/Prefabs/Platform_Ice.prefab&quot;)" fullname="Tests.Testat05.T06_PrefabExists(&quot;Assets/Prefabs/Platform_Ice.prefab&quot;)" methodname="T06_PrefabExists" classname="Tests.Testat05" runstate="Runnable" seed="319987090" result="Passed" start-time="2020-12-18 15:58:57Z" end-time="2020-12-18 15:58:57Z" duration="0.000952" asserts="0">
              <properties />
            </test-case>
            <test-case id="1115" name="T06_PrefabExists(&quot;Assets/Prefabs/Platform_Metal.prefab&quot;)" fullname="Tests.Testat05.T06_PrefabExists(&quot;Assets/Prefabs/Platform_Metal.prefab&quot;)" methodname="T06_PrefabExists" classname="Tests.Testat05" runstate="Runnable" seed="1025141062" result="Passed" start-time="2020-12-18 15:58:57Z" end-time="2020-12-18 15:58:57Z" duration="0.000895" asserts="0">
              <properties />
            </test-case>
            <test-case id="1116" name="T06_PrefabExists(&quot;Assets/Prefabs/Platform_Dirt.prefab&quot;)" fullname="Tests.Testat05.T06_PrefabExists(&quot;Assets/Prefabs/Platform_Dirt.prefab&quot;)" methodname="T06_PrefabExists" classname="Tests.Testat05" runstate="Runnable" seed="2058215837" result="Passed" start-time="2020-12-18 15:58:57Z" end-time="2020-12-18 15:58:57Z" duration="0.000995" asserts="0">
              <properties />
            </test-case>
          </test-suite>
          <test-case id="1131" name="T07a_SceneExists" fullname="Tests.Testat05.T07a_SceneExists" methodname="T07a_SceneExists" classname="Tests.Testat05" runstate="Runnable" seed="61070790" result="Passed" start-time="2020-12-18 15:58:57Z" end-time="2020-12-18 15:58:57Z" duration="0.001125" asserts="0">
            <properties />
          </test-case>
          <test-case id="1132" name="T07b_PrefabInstancesExistInScene" fullname="Tests.Testat05.T07b_PrefabInstancesExistInScene" methodname="T07b_PrefabInstancesExistInScene" classname="Tests.Testat05" runstate="Runnable" seed="1283229102" result="Failed" start-time="2020-12-18 15:58:57Z" end-time="2020-12-18 15:58:57Z" duration="0.055744" asserts="0">
            <properties>
              <property name="_JOINTYPE" value="UnityCombinatorial" />
            </properties>
            <failure>
              <message><![CDATA[  There must be exactly 1 field with the name of 'isGrounded' in GameObject 'Marios Body (UnityEngine.GameObject)'!
  Expected: 1
  But was:  0
]]></message>
              <stack-trace><![CDATA[at Tests.FieldBridge`1[T]..ctor (UnityEngine.GameObject obj, System.String name) [0x0001b] in C:\Unity\workspace\2020WS.UnityPP.LukeBrose\Assets\Tests\FieldBridge.cs:28
at Tests.GameObjectBridge.FindField[T] (System.String name) [0x00001] in C:\Unity\workspace\2020WS.UnityPP.LukeBrose\Assets\Tests\GameObjectBridge.cs:32
at Tests.Testat05+MarioBridge..ctor (UnityEngine.GameObject gameObject, System.Boolean isInstance) [0x00009] in C:\Unity\workspace\2020WS.UnityPP.LukeBrose\Assets\Tests\Testat05.cs:77
at Tests.Testat05+<>c.<T07b_PrefabInstancesExistInScene>b__30_1 (UnityEngine.GameObject obj) [0x00000] in C:\Unity\workspace\2020WS.UnityPP.LukeBrose\Assets\Tests\Testat05.cs:309
at System.Linq.Enumerable+WhereSelectEnumerableIterator`2[TSource,TResult].ToArray () [0x0002b] in <351e49e2a5bf4fd6beabb458ce2255f3>:0
at System.Linq.Enumerable.ToArray[TSource] (System.Collections.Generic.IEnumerable`1[T] source) [0x0001f] in <351e49e2a5bf4fd6beabb458ce2255f3>:0
at Tests.Testat05+<T07b_PrefabInstancesExistInScene>d__30.MoveNext () [0x000c4] in C:\Unity\workspace\2020WS.UnityPP.LukeBrose\Assets\Tests\Testat05.cs:308
at UnityEngine.TestTools.TestEnumerator+<Execute>d__6.MoveNext () [0x0004c] in C:\Unity\workspace\2020WS.UnityPP.LukeBrose\Library\PackageCache\com.unity.test-framework@1.1.18\UnityEngine.TestRunner\NUnitExtensions\Attributes\TestEnumerator.cs:36
]]></stack-trace>
            </failure>
          </test-case>
        </test-suite>
        <test-suite type="TestFixture" id="1133" name="Testat06" fullname="Tests.Testat06" classname="Tests.Testat06" runstate="Runnable" testcasecount="19" result="Passed" start-time="2020-12-18 15:58:57Z" end-time="2020-12-18 16:00:00Z" duration="63.138722" total="19" passed="19" failed="0" inconclusive="0" skipped="0" asserts="0">
          <properties />
          <test-suite type="ParameterizedMethod" id="1139" name="T01_PrefabExists" fullname="Tests.Testat06.T01_PrefabExists" classname="Tests.Testat06" runstate="Runnable" testcasecount="5" result="Passed" start-time="2020-12-18 15:58:57Z" end-time="2020-12-18 15:58:57Z" duration="0.010985" total="5" passed="5" failed="0" inconclusive="0" skipped="0" asserts="0">
            <properties />
            <test-case id="1134" name="T01_PrefabExists(&quot;Assets/Prefabs/Mario.prefab&quot;)" fullname="Tests.Testat06.T01_PrefabExists(&quot;Assets/Prefabs/Mario.prefab&quot;)" methodname="T01_PrefabExists" classname="Tests.Testat06" runstate="Runnable" seed="2040851010" result="Passed" start-time="2020-12-18 15:58:57Z" end-time="2020-12-18 15:58:57Z" duration="0.001322" asserts="0">
              <properties />
            </test-case>
            <test-case id="1135" name="T01_PrefabExists(&quot;Assets/Prefabs/Platform_Ice.prefab&quot;)" fullname="Tests.Testat06.T01_PrefabExists(&quot;Assets/Prefabs/Platform_Ice.prefab&quot;)" methodname="T01_PrefabExists" classname="Tests.Testat06" runstate="Runnable" seed="1784065637" result="Passed" start-time="2020-12-18 15:58:57Z" end-time="2020-12-18 15:58:57Z" duration="0.000966" asserts="0">
              <properties />
            </test-case>
            <test-case id="1136" name="T01_PrefabExists(&quot;Assets/Prefabs/Platform_Metal.prefab&quot;)" fullname="Tests.Testat06.T01_PrefabExists(&quot;Assets/Prefabs/Platform_Metal.prefab&quot;)" methodname="T01_PrefabExists" classname="Tests.Testat06" runstate="Runnable" seed="1128646078" result="Passed" start-time="2020-12-18 15:58:57Z" end-time="2020-12-18 15:58:57Z" duration="0.001057" asserts="0">
              <properties />
            </test-case>
            <test-case id="1137" name="T01_PrefabExists(&quot;Assets/Prefabs/Platform_Dirt.prefab&quot;)" fullname="Tests.Testat06.T01_PrefabExists(&quot;Assets/Prefabs/Platform_Dirt.prefab&quot;)" methodname="T01_PrefabExists" classname="Tests.Testat06" runstate="Runnable" seed="277404307" result="Passed" start-time="2020-12-18 15:58:57Z" end-time="2020-12-18 15:58:57Z" duration="0.001075" asserts="0">
              <properties />
            </test-case>
            <test-case id="1138" name="T01_PrefabExists(&quot;Assets/Prefabs/ContactParticles.prefab&quot;)" fullname="Tests.Testat06.T01_PrefabExists(&quot;Assets/Prefabs/ContactParticles.prefab&quot;)" methodname="T01_PrefabExists" classname="Tests.Testat06" runstate="Runnable" seed="1929990368" result="Passed" start-time="2020-12-18 15:58:57Z" end-time="2020-12-18 15:58:57Z" duration="0.001017" asserts="0">
              <properties />
            </test-case>
          </test-suite>
          <test-case id="1140" name="T02_ContactParticlesPrefab" fullname="Tests.Testat06.T02_ContactParticlesPrefab" methodname="T02_ContactParticlesPrefab" classname="Tests.Testat06" runstate="Runnable" seed="894724656" result="Passed" start-time="2020-12-18 15:58:57Z" end-time="2020-12-18 15:58:57Z" duration="0.017788" asserts="0">
            <properties />
          </test-case>
          <test-case id="1141" name="T03a_MarioPrefab" fullname="Tests.Testat06.T03a_MarioPrefab" methodname="T03a_MarioPrefab" classname="Tests.Testat06" runstate="Runnable" seed="1823278162" result="Passed" start-time="2020-12-18 15:58:57Z" end-time="2020-12-18 15:58:57Z" duration="0.004236" asserts="0">
            <properties />
          </test-case>
          <test-suite type="ParameterizedMethod" id="1148" name="T03b_ContactParticleSpawn" fullname="Tests.Testat06.T03b_ContactParticleSpawn" classname="Tests.Testat06" runstate="Runnable" testcasecount="6" result="Passed" start-time="2020-12-18 15:58:57Z" end-time="2020-12-18 15:59:29Z" duration="32.497271" total="6" passed="6" failed="0" inconclusive="0" skipped="0" asserts="0">
            <properties>
              <property name="_JOINTYPE" value="UnityCombinatorial" />
            </properties>
            <test-case id="1142" name="T03b_ContactParticleSpawn(&quot;Assets/Prefabs/Platform_Ice.prefab&quot;,((0.0, 0.0, 0.0), (0.0, 2.0, 0.0)))" fullname="Tests.Testat06.T03b_ContactParticleSpawn(&quot;Assets/Prefabs/Platform_Ice.prefab&quot;,((0.0, 0.0, 0.0), (0.0, 2.0, 0.0)))" methodname="T03b_ContactParticleSpawn" classname="Tests.Testat06" runstate="Runnable" seed="1398872297" result="Passed" start-time="2020-12-18 15:58:57Z" end-time="2020-12-18 15:59:02Z" duration="5.413303" asserts="0">
              <properties />
            </test-case>
            <test-case id="1143" name="T03b_ContactParticleSpawn(&quot;Assets/Prefabs/Platform_Ice.prefab&quot;,((1.2, -1.0, 0.0), (1.4, 1.0, 0.0)))" fullname="Tests.Testat06.T03b_ContactParticleSpawn(&quot;Assets/Prefabs/Platform_Ice.prefab&quot;,((1.2, -1.0, 0.0), (1.4, 1.0, 0.0)))" methodname="T03b_ContactParticleSpawn" classname="Tests.Testat06" runstate="Runnable" seed="812665535" result="Passed" start-time="2020-12-18 15:59:02Z" end-time="2020-12-18 15:59:08Z" duration="5.419610" asserts="0">
              <properties />
            </test-case>
            <test-case id="1144" name="T03b_ContactParticleSpawn(&quot;Assets/Prefabs/Platform_Metal.prefab&quot;,((0.0, 0.0, 0.0), (0.0, 2.0, 0.0)))" fullname="Tests.Testat06.T03b_ContactParticleSpawn(&quot;Assets/Prefabs/Platform_Metal.prefab&quot;,((0.0, 0.0, 0.0), (0.0, 2.0, 0.0)))" methodname="T03b_ContactParticleSpawn" classname="Tests.Testat06" runstate="Runnable" seed="1304465241" result="Passed" start-time="2020-12-18 15:59:08Z" end-time="2020-12-18 15:59:13Z" duration="5.417980" asserts="0">
              <properties />
            </test-case>
            <test-case id="1145" name="T03b_ContactParticleSpawn(&quot;Assets/Prefabs/Platform_Metal.prefab&quot;,((1.2, -1.0, 0.0), (1.4, 1.0, 0.0)))" fullname="Tests.Testat06.T03b_ContactParticleSpawn(&quot;Assets/Prefabs/Platform_Metal.prefab&quot;,((1.2, -1.0, 0.0), (1.4, 1.0, 0.0)))" methodname="T03b_ContactParticleSpawn" classname="Tests.Testat06" runstate="Runnable" seed="674907974" result="Passed" start-time="2020-12-18 15:59:13Z" end-time="2020-12-18 15:59:18Z" duration="5.399183" asserts="0">
              <properties />
            </test-case>
            <test-case id="1146" name="T03b_ContactParticleSpawn(&quot;Assets/Prefabs/Platform_Dirt.prefab&quot;,((0.0, 0.0, 0.0), (0.0, 2.0, 0.0)))" fullname="Tests.Testat06.T03b_ContactParticleSpawn(&quot;Assets/Prefabs/Platform_Dirt.prefab&quot;,((0.0, 0.0, 0.0), (0.0, 2.0, 0.0)))" methodname="T03b_ContactParticleSpawn" classname="Tests.Testat06" runstate="Runnable" seed="1298485073" result="Passed" start-time="2020-12-18 15:59:18Z" end-time="2020-12-18 15:59:24Z" duration="5.419103" asserts="0">
              <properties />
            </test-case>
            <test-case id="1147" name="T03b_ContactParticleSpawn(&quot;Assets/Prefabs/Platform_Dirt.prefab&quot;,((1.2, -1.0, 0.0), (1.4, 1.0, 0.0)))" fullname="Tests.Testat06.T03b_ContactParticleSpawn(&quot;Assets/Prefabs/Platform_Dirt.prefab&quot;,((1.2, -1.0, 0.0), (1.4, 1.0, 0.0)))" methodname="T03b_ContactParticleSpawn" classname="Tests.Testat06" runstate="Runnable" seed="308734274" result="Passed" start-time="2020-12-18 15:59:24Z" end-time="2020-12-18 15:59:29Z" duration="5.420142" asserts="0">
              <properties />
            </test-case>
          </test-suite>
          <test-suite type="ParameterizedMethod" id="1155" name="T04_PlatformBug" fullname="Tests.Testat06.T04_PlatformBug" classname="Tests.Testat06" runstate="Runnable" testcasecount="6" result="Passed" start-time="2020-12-18 15:59:29Z" end-time="2020-12-18 16:00:00Z" duration="30.594353" total="6" passed="6" failed="0" inconclusive="0" skipped="0" asserts="0">
            <properties>
              <property name="_JOINTYPE" value="UnityCombinatorial" />
            </properties>
            <test-case id="1149" name="T04_PlatformBug(&quot;Assets/Prefabs/Platform_Ice.prefab&quot;,((0.0, 1.0, 0.0), False))" fullname="Tests.Testat06.T04_PlatformBug(&quot;Assets/Prefabs/Platform_Ice.prefab&quot;,((0.0, 1.0, 0.0), False))" methodname="T04_PlatformBug" classname="Tests.Testat06" runstate="Runnable" seed="2093090042" result="Passed" start-time="2020-12-18 15:59:29Z" end-time="2020-12-18 15:59:34Z" duration="5.091497" asserts="0">
              <properties />
            </test-case>
            <test-case id="1150" name="T04_PlatformBug(&quot;Assets/Prefabs/Platform_Ice.prefab&quot;,((0.0, -1.0, 0.0), True))" fullname="Tests.Testat06.T04_PlatformBug(&quot;Assets/Prefabs/Platform_Ice.prefab&quot;,((0.0, -1.0, 0.0), True))" methodname="T04_PlatformBug" classname="Tests.Testat06" runstate="Runnable" seed="2098545269" result="Passed" start-time="2020-12-18 15:59:34Z" end-time="2020-12-18 15:59:39Z" duration="5.098754" asserts="0">
              <properties />
            </test-case>
            <test-case id="1151" name="T04_PlatformBug(&quot;Assets/Prefabs/Platform_Metal.prefab&quot;,((0.0, 1.0, 0.0), False))" fullname="Tests.Testat06.T04_PlatformBug(&quot;Assets/Prefabs/Platform_Metal.prefab&quot;,((0.0, 1.0, 0.0), False))" methodname="T04_PlatformBug" classname="Tests.Testat06" runstate="Runnable" seed="1169364867" result="Passed" start-time="2020-12-18 15:59:39Z" end-time="2020-12-18 15:59:45Z" duration="5.098516" asserts="0">
              <properties />
            </test-case>
            <test-case id="1152" name="T04_PlatformBug(&quot;Assets/Prefabs/Platform_Metal.prefab&quot;,((0.0, -1.0, 0.0), True))" fullname="Tests.Testat06.T04_PlatformBug(&quot;Assets/Prefabs/Platform_Metal.prefab&quot;,((0.0, -1.0, 0.0), True))" methodname="T04_PlatformBug" classname="Tests.Testat06" runstate="Runnable" seed="1106843169" result="Passed" start-time="2020-12-18 15:59:45Z" end-time="2020-12-18 15:59:50Z" duration="5.099182" asserts="0">
              <properties />
            </test-case>
            <test-case id="1153" name="T04_PlatformBug(&quot;Assets/Prefabs/Platform_Dirt.prefab&quot;,((0.0, 1.0, 0.0), False))" fullname="Tests.Testat06.T04_PlatformBug(&quot;Assets/Prefabs/Platform_Dirt.prefab&quot;,((0.0, 1.0, 0.0), False))" methodname="T04_PlatformBug" classname="Tests.Testat06" runstate="Runnable" seed="586321524" result="Passed" start-time="2020-12-18 15:59:50Z" end-time="2020-12-18 15:59:55Z" duration="5.099210" asserts="0">
              <properties />
            </test-case>
            <test-case id="1154" name="T04_PlatformBug(&quot;Assets/Prefabs/Platform_Dirt.prefab&quot;,((0.0, -1.0, 0.0), True))" fullname="Tests.Testat06.T04_PlatformBug(&quot;Assets/Prefabs/Platform_Dirt.prefab&quot;,((0.0, -1.0, 0.0), True))" methodname="T04_PlatformBug" classname="Tests.Testat06" runstate="Runnable" seed="649068291" result="Passed" start-time="2020-12-18 15:59:55Z" end-time="2020-12-18 16:00:00Z" duration="5.099661" asserts="0">
              <properties />
            </test-case>
          </test-suite>
        </test-suite>
      </test-suite>
    </test-suite>
    <test-suite type="Assembly" id="1160" name="Unity.InputSystem.IntegrationTests.dll" fullname="C:/Unity/workspace/2020WS.UnityPP.LukeBrose/Library/ScriptAssemblies/Unity.InputSystem.IntegrationTests.dll" runstate="Runnable" testcasecount="1" result="Passed" start-time="2020-12-18 16:00:00Z" end-time="2020-12-18 16:00:00Z" duration="0.022400" total="1" passed="1" failed="0" inconclusive="0" skipped="0" asserts="0">
      <properties>
        <property name="_PID" value="13020" />
        <property name="_APPDOMAIN" value="Unity Child Domain" />
        <property name="platform" value="PlayMode" />
      </properties>
      <test-suite type="TestFixture" id="1158" name="IntegrationTests" fullname="IntegrationTests" classname="IntegrationTests" runstate="Runnable" testcasecount="1" result="Passed" start-time="2020-12-18 16:00:00Z" end-time="2020-12-18 16:00:00Z" duration="0.020617" total="1" passed="1" failed="0" inconclusive="0" skipped="0" asserts="0">
        <properties />
        <test-case id="1159" name="Integration_CanSendAndReceiveEvents" fullname="IntegrationTests.Integration_CanSendAndReceiveEvents" methodname="Integration_CanSendAndReceiveEvents" classname="IntegrationTests" runstate="Runnable" seed="1830462682" result="Passed" start-time="2020-12-18 16:00:00Z" end-time="2020-12-18 16:00:00Z" duration="0.018976" asserts="0">
          <properties>
            <property name="Category" value="Integration" />
          </properties>
        </test-case>
      </test-suite>
    </test-suite>
  </test-suite>
</test-run>