<?xml version="1.0" encoding="utf-8"?>
<test-run id="2" testcasecount="133" result="Failed(Child)" total="133" passed="130" failed="3" inconclusive="0" skipped="0" asserts="0" engine-version="3.5.0.0" clr-version="4.0.30319.42000" start-time="2020-12-18 16:00:36Z" end-time="2020-12-18 16:01:55Z" duration="78,7715369">
  <test-suite type="TestSuite" id="1000" name="2020WS.UnityPP" fullname="2020WS.UnityPP" runstate="Runnable" testcasecount="133" result="Failed" site="Child" start-time="2020-12-18 16:00:36Z" end-time="2020-12-18 16:01:55Z" duration="78.771537" total="133" passed="130" failed="3" inconclusive="0" skipped="0" asserts="0">
    <properties />
    <failure>
      <message><![CDATA[One or more child tests had errors]]></message>
    </failure>
    <test-suite type="Assembly" id="1156" name="Tests.dll" fullname="C:/Unity/workspace/2020WS.UnityPP.PietzkepopovRose/Library/ScriptAssemblies/Tests.dll" runstate="Runnable" testcasecount="132" result="Failed" site="Child" start-time="2020-12-18 16:00:36Z" end-time="2020-12-18 16:01:55Z" duration="78.657647" total="132" passed="129" failed="3" inconclusive="0" skipped="0" asserts="0">
      <properties>
        <property name="_PID" value="11464" />
        <property name="_APPDOMAIN" value="Unity Child Domain" />
        <property name="platform" value="PlayMode" />
      </properties>
      <failure>
        <message><![CDATA[One or more child tests had errors]]></message>
      </failure>
      <test-suite type="TestSuite" id="1157" name="Tests" fullname="Tests" runstate="Runnable" testcasecount="132" result="Failed" site="Child" start-time="2020-12-18 16:00:36Z" end-time="2020-12-18 16:01:55Z" duration="78.572069" total="132" passed="129" failed="3" inconclusive="0" skipped="0" asserts="0">
        <properties />
        <failure>
          <message><![CDATA[One or more child tests had errors]]></message>
        </failure>
        <test-suite type="TestFixture" id="1001" name="Testat01" fullname="Tests.Testat01" classname="Tests.Testat01" runstate="Runnable" testcasecount="4" result="Passed" start-time="2020-12-18 16:00:36Z" end-time="2020-12-18 16:00:36Z" duration="0.088775" total="4" passed="4" failed="0" inconclusive="0" skipped="0" asserts="0">
          <properties />
          <test-case id="1003" name="T01_GitInitialized" fullname="Tests.Testat01.T01_GitInitialized" methodname="T01_GitInitialized" classname="Tests.Testat01" runstate="Runnable" seed="1588078705" result="Passed" start-time="2020-12-18 16:00:36Z" end-time="2020-12-18 16:00:36Z" duration="0.020706" asserts="0">
            <properties />
          </test-case>
          <test-case id="1002" name="T02_TestUnityVersion" fullname="Tests.Testat01.T02_TestUnityVersion" methodname="T02_TestUnityVersion" classname="Tests.Testat01" runstate="Runnable" seed="177437569" result="Passed" start-time="2020-12-18 16:00:36Z" end-time="2020-12-18 16:00:36Z" duration="0.006580" asserts="0">
            <properties />
          </test-case>
          <test-case id="1004" name="T03a_SceneExists" fullname="Tests.Testat01.T03a_SceneExists" methodname="T03a_SceneExists" classname="Tests.Testat01" runstate="Runnable" seed="965581584" result="Passed" start-time="2020-12-18 16:00:36Z" end-time="2020-12-18 16:00:36Z" duration="0.001355" asserts="0">
            <properties />
          </test-case>
          <test-case id="1005" name="T03b_HelloWorldLog" fullname="Tests.Testat01.T03b_HelloWorldLog" methodname="T03b_HelloWorldLog" classname="Tests.Testat01" runstate="Runnable" seed="1533286660" result="Passed" start-time="2020-12-18 16:00:36Z" end-time="2020-12-18 16:00:36Z" duration="0.036380" asserts="0">
            <properties>
              <property name="_JOINTYPE" value="UnityCombinatorial" />
            </properties>
            <output><![CDATA[Hallo Welt!
]]></output>
          </test-case>
        </test-suite>
        <test-suite type="TestFixture" id="1006" name="Testat02" fullname="Tests.Testat02" classname="Tests.Testat02" runstate="Runnable" testcasecount="62" result="Passed" start-time="2020-12-18 16:00:36Z" end-time="2020-12-18 16:00:42Z" duration="5.728464" total="62" passed="62" failed="0" inconclusive="0" skipped="0" asserts="0">
          <properties />
          <test-suite type="ParameterizedMethod" id="1009" name="T01_GitFiles" fullname="Tests.Testat02.T01_GitFiles" classname="Tests.Testat02" runstate="Runnable" testcasecount="2" result="Passed" start-time="2020-12-18 16:00:36Z" end-time="2020-12-18 16:00:36Z" duration="0.004330" total="2" passed="2" failed="0" inconclusive="0" skipped="0" asserts="0">
            <properties />
            <test-case id="1007" name="T01_GitFiles(&quot;./.gitignore&quot;)" fullname="Tests.Testat02.T01_GitFiles(&quot;./.gitignore&quot;)" methodname="T01_GitFiles" classname="Tests.Testat02" runstate="Runnable" seed="1969943527" result="Passed" start-time="2020-12-18 16:00:36Z" end-time="2020-12-18 16:00:36Z" duration="0.001246" asserts="0">
              <properties />
            </test-case>
            <test-case id="1008" name="T01_GitFiles(&quot;./.gitattributes&quot;)" fullname="Tests.Testat02.T01_GitFiles(&quot;./.gitattributes&quot;)" methodname="T01_GitFiles" classname="Tests.Testat02" runstate="Runnable" seed="1116034812" result="Passed" start-time="2020-12-18 16:00:36Z" end-time="2020-12-18 16:00:36Z" duration="0.000991" asserts="0">
              <properties />
            </test-case>
          </test-suite>
          <test-case id="1010" name="T02_EmailAddress" fullname="Tests.Testat02.T02_EmailAddress" methodname="T02_EmailAddress" classname="Tests.Testat02" runstate="Runnable" seed="2084305022" result="Passed" start-time="2020-12-18 16:00:36Z" end-time="2020-12-18 16:00:36Z" duration="0.001416" asserts="0">
            <properties />
          </test-case>
          <test-case id="1011" name="T03a_SceneExists" fullname="Tests.Testat02.T03a_SceneExists" methodname="T03a_SceneExists" classname="Tests.Testat02" runstate="Runnable" seed="1849256124" result="Passed" start-time="2020-12-18 16:00:36Z" end-time="2020-12-18 16:00:36Z" duration="0.001072" asserts="0">
            <properties />
          </test-case>
          <test-case id="1012" name="T03b_AvatarExists" fullname="Tests.Testat02.T03b_AvatarExists" methodname="T03b_AvatarExists" classname="Tests.Testat02" runstate="Runnable" seed="91059250" result="Passed" start-time="2020-12-18 16:00:36Z" end-time="2020-12-18 16:00:36Z" duration="0.057968" asserts="0">
            <properties>
              <property name="_JOINTYPE" value="UnityCombinatorial" />
            </properties>
          </test-case>
          <test-suite type="ParameterizedMethod" id="1021" name="T03c_AvatarInput" fullname="Tests.Testat02.T03c_AvatarInput" classname="Tests.Testat02" runstate="Runnable" testcasecount="8" result="Passed" start-time="2020-12-18 16:00:36Z" end-time="2020-12-18 16:00:37Z" duration="0.789516" total="8" passed="8" failed="0" inconclusive="0" skipped="0" asserts="0">
            <properties>
              <property name="_JOINTYPE" value="UnityCombinatorial" />
            </properties>
            <test-case id="1013" name="T03c_AvatarInput(upArrow)" fullname="Tests.Testat02.T03c_AvatarInput(upArrow)" methodname="T03c_AvatarInput" classname="Tests.Testat02" runstate="Runnable" seed="2019302314" result="Passed" start-time="2020-12-18 16:00:36Z" end-time="2020-12-18 16:00:36Z" duration="0.086236" asserts="0">
              <properties />
            </test-case>
            <test-case id="1014" name="T03c_AvatarInput(downArrow)" fullname="Tests.Testat02.T03c_AvatarInput(downArrow)" methodname="T03c_AvatarInput" classname="Tests.Testat02" runstate="Runnable" seed="1380255081" result="Passed" start-time="2020-12-18 16:00:36Z" end-time="2020-12-18 16:00:37Z" duration="0.099463" asserts="0">
              <properties />
            </test-case>
            <test-case id="1015" name="T03c_AvatarInput(leftArrow)" fullname="Tests.Testat02.T03c_AvatarInput(leftArrow)" methodname="T03c_AvatarInput" classname="Tests.Testat02" runstate="Runnable" seed="826754423" result="Passed" start-time="2020-12-18 16:00:37Z" end-time="2020-12-18 16:00:37Z" duration="0.099189" asserts="0">
              <properties />
            </test-case>
            <test-case id="1016" name="T03c_AvatarInput(rightArrow)" fullname="Tests.Testat02.T03c_AvatarInput(rightArrow)" methodname="T03c_AvatarInput" classname="Tests.Testat02" runstate="Runnable" seed="800160023" result="Passed" start-time="2020-12-18 16:00:37Z" end-time="2020-12-18 16:00:37Z" duration="0.099612" asserts="0">
              <properties />
            </test-case>
            <test-case id="1017" name="T03c_AvatarInput(upArrow+rightArrow)" fullname="Tests.Testat02.T03c_AvatarInput(upArrow+rightArrow)" methodname="T03c_AvatarInput" classname="Tests.Testat02" runstate="Runnable" seed="1302116915" result="Passed" start-time="2020-12-18 16:00:37Z" end-time="2020-12-18 16:00:37Z" duration="0.099753" asserts="0">
              <properties />
            </test-case>
            <test-case id="1018" name="T03c_AvatarInput(downArrow+rightArrow)" fullname="Tests.Testat02.T03c_AvatarInput(downArrow+rightArrow)" methodname="T03c_AvatarInput" classname="Tests.Testat02" runstate="Runnable" seed="1136209374" result="Passed" start-time="2020-12-18 16:00:37Z" end-time="2020-12-18 16:00:37Z" duration="0.098668" asserts="0">
              <properties />
            </test-case>
            <test-case id="1019" name="T03c_AvatarInput(upArrow+leftArrow)" fullname="Tests.Testat02.T03c_AvatarInput(upArrow+leftArrow)" methodname="T03c_AvatarInput" classname="Tests.Testat02" runstate="Runnable" seed="133018814" result="Passed" start-time="2020-12-18 16:00:37Z" end-time="2020-12-18 16:00:37Z" duration="0.099340" asserts="0">
              <properties />
            </test-case>
            <test-case id="1020" name="T03c_AvatarInput(downArrow+leftArrow)" fullname="Tests.Testat02.T03c_AvatarInput(downArrow+leftArrow)" methodname="T03c_AvatarInput" classname="Tests.Testat02" runstate="Runnable" seed="1904971054" result="Passed" start-time="2020-12-18 16:00:37Z" end-time="2020-12-18 16:00:37Z" duration="0.099698" asserts="0">
              <properties />
            </test-case>
          </test-suite>
          <test-case id="1022" name="T04a_AvatarSpeedFieldExists" fullname="Tests.Testat02.T04a_AvatarSpeedFieldExists" methodname="T04a_AvatarSpeedFieldExists" classname="Tests.Testat02" runstate="Runnable" seed="1152918347" result="Passed" start-time="2020-12-18 16:00:37Z" end-time="2020-12-18 16:00:37Z" duration="0.017440" asserts="0">
            <properties>
              <property name="_JOINTYPE" value="UnityCombinatorial" />
            </properties>
          </test-case>
          <test-suite type="ParameterizedMethod" id="1071" name="T04b_AvatarSpeedFieldWorks" fullname="Tests.Testat02.T04b_AvatarSpeedFieldWorks" classname="Tests.Testat02" runstate="Runnable" testcasecount="48" result="Passed" start-time="2020-12-18 16:00:37Z" end-time="2020-12-18 16:00:42Z" duration="4.819005" total="48" passed="48" failed="0" inconclusive="0" skipped="0" asserts="0">
            <properties>
              <property name="_JOINTYPE" value="UnityCombinatorial" />
            </properties>
            <test-case id="1023" name="T04b_AvatarSpeedFieldWorks(upArrow,0.0f,0)" fullname="Tests.Testat02.T04b_AvatarSpeedFieldWorks(upArrow,0.0f,0)" methodname="T04b_AvatarSpeedFieldWorks" classname="Tests.Testat02" runstate="Runnable" seed="295625463" result="Passed" start-time="2020-12-18 16:00:37Z" end-time="2020-12-18 16:00:37Z" duration="0.058687" asserts="0">
              <properties />
            </test-case>
            <test-case id="1024" name="T04b_AvatarSpeedFieldWorks(upArrow,0.0f,2)" fullname="Tests.Testat02.T04b_AvatarSpeedFieldWorks(upArrow,0.0f,2)" methodname="T04b_AvatarSpeedFieldWorks" classname="Tests.Testat02" runstate="Runnable" seed="1091407543" result="Passed" start-time="2020-12-18 16:00:37Z" end-time="2020-12-18 16:00:37Z" duration="0.099377" asserts="0">
              <properties />
            </test-case>
            <test-case id="1025" name="T04b_AvatarSpeedFieldWorks(upArrow,0.0f,4)" fullname="Tests.Testat02.T04b_AvatarSpeedFieldWorks(upArrow,0.0f,4)" methodname="T04b_AvatarSpeedFieldWorks" classname="Tests.Testat02" runstate="Runnable" seed="609032086" result="Passed" start-time="2020-12-18 16:00:37Z" end-time="2020-12-18 16:00:37Z" duration="0.140099" asserts="0">
              <properties />
            </test-case>
            <test-case id="1026" name="T04b_AvatarSpeedFieldWorks(upArrow,5.0f,0)" fullname="Tests.Testat02.T04b_AvatarSpeedFieldWorks(upArrow,5.0f,0)" methodname="T04b_AvatarSpeedFieldWorks" classname="Tests.Testat02" runstate="Runnable" seed="124419013" result="Passed" start-time="2020-12-18 16:00:37Z" end-time="2020-12-18 16:00:38Z" duration="0.058610" asserts="0">
              <properties />
            </test-case>
            <test-case id="1027" name="T04b_AvatarSpeedFieldWorks(upArrow,5.0f,2)" fullname="Tests.Testat02.T04b_AvatarSpeedFieldWorks(upArrow,5.0f,2)" methodname="T04b_AvatarSpeedFieldWorks" classname="Tests.Testat02" runstate="Runnable" seed="70569100" result="Passed" start-time="2020-12-18 16:00:38Z" end-time="2020-12-18 16:00:38Z" duration="0.099375" asserts="0">
              <properties />
            </test-case>
            <test-case id="1028" name="T04b_AvatarSpeedFieldWorks(upArrow,5.0f,4)" fullname="Tests.Testat02.T04b_AvatarSpeedFieldWorks(upArrow,5.0f,4)" methodname="T04b_AvatarSpeedFieldWorks" classname="Tests.Testat02" runstate="Runnable" seed="1291130614" result="Passed" start-time="2020-12-18 16:00:38Z" end-time="2020-12-18 16:00:38Z" duration="0.140104" asserts="0">
              <properties />
            </test-case>
            <test-case id="1029" name="T04b_AvatarSpeedFieldWorks(downArrow,0.0f,0)" fullname="Tests.Testat02.T04b_AvatarSpeedFieldWorks(downArrow,0.0f,0)" methodname="T04b_AvatarSpeedFieldWorks" classname="Tests.Testat02" runstate="Runnable" seed="912035009" result="Passed" start-time="2020-12-18 16:00:38Z" end-time="2020-12-18 16:00:38Z" duration="0.058451" asserts="0">
              <properties />
            </test-case>
            <test-case id="1030" name="T04b_AvatarSpeedFieldWorks(downArrow,0.0f,2)" fullname="Tests.Testat02.T04b_AvatarSpeedFieldWorks(downArrow,0.0f,2)" methodname="T04b_AvatarSpeedFieldWorks" classname="Tests.Testat02" runstate="Runnable" seed="447243088" result="Passed" start-time="2020-12-18 16:00:38Z" end-time="2020-12-18 16:00:38Z" duration="0.099505" asserts="0">
              <properties />
            </test-case>
            <test-case id="1031" name="T04b_AvatarSpeedFieldWorks(downArrow,0.0f,4)" fullname="Tests.Testat02.T04b_AvatarSpeedFieldWorks(downArrow,0.0f,4)" methodname="T04b_AvatarSpeedFieldWorks" classname="Tests.Testat02" runstate="Runnable" seed="1054196736" result="Passed" start-time="2020-12-18 16:00:38Z" end-time="2020-12-18 16:00:38Z" duration="0.139980" asserts="0">
              <properties />
            </test-case>
            <test-case id="1032" name="T04b_AvatarSpeedFieldWorks(downArrow,5.0f,0)" fullname="Tests.Testat02.T04b_AvatarSpeedFieldWorks(downArrow,5.0f,0)" methodname="T04b_AvatarSpeedFieldWorks" classname="Tests.Testat02" runstate="Runnable" seed="1379973689" result="Passed" start-time="2020-12-18 16:00:38Z" end-time="2020-12-18 16:00:38Z" duration="0.058822" asserts="0">
              <properties />
            </test-case>
            <test-case id="1033" name="T04b_AvatarSpeedFieldWorks(downArrow,5.0f,2)" fullname="Tests.Testat02.T04b_AvatarSpeedFieldWorks(downArrow,5.0f,2)" methodname="T04b_AvatarSpeedFieldWorks" classname="Tests.Testat02" runstate="Runnable" seed="1363860267" result="Passed" start-time="2020-12-18 16:00:38Z" end-time="2020-12-18 16:00:38Z" duration="0.099177" asserts="0">
              <properties />
            </test-case>
            <test-case id="1034" name="T04b_AvatarSpeedFieldWorks(downArrow,5.0f,4)" fullname="Tests.Testat02.T04b_AvatarSpeedFieldWorks(downArrow,5.0f,4)" methodname="T04b_AvatarSpeedFieldWorks" classname="Tests.Testat02" runstate="Runnable" seed="1758625535" result="Passed" start-time="2020-12-18 16:00:38Z" end-time="2020-12-18 16:00:38Z" duration="0.140111" asserts="0">
              <properties />
            </test-case>
            <test-case id="1035" name="T04b_AvatarSpeedFieldWorks(leftArrow,0.0f,0)" fullname="Tests.Testat02.T04b_AvatarSpeedFieldWorks(leftArrow,0.0f,0)" methodname="T04b_AvatarSpeedFieldWorks" classname="Tests.Testat02" runstate="Runnable" seed="347199455" result="Passed" start-time="2020-12-18 16:00:38Z" end-time="2020-12-18 16:00:38Z" duration="0.058496" asserts="0">
              <properties />
            </test-case>
            <test-case id="1036" name="T04b_AvatarSpeedFieldWorks(leftArrow,0.0f,2)" fullname="Tests.Testat02.T04b_AvatarSpeedFieldWorks(leftArrow,0.0f,2)" methodname="T04b_AvatarSpeedFieldWorks" classname="Tests.Testat02" runstate="Runnable" seed="1490965178" result="Passed" start-time="2020-12-18 16:00:38Z" end-time="2020-12-18 16:00:39Z" duration="0.099403" asserts="0">
              <properties />
            </test-case>
            <test-case id="1037" name="T04b_AvatarSpeedFieldWorks(leftArrow,0.0f,4)" fullname="Tests.Testat02.T04b_AvatarSpeedFieldWorks(leftArrow,0.0f,4)" methodname="T04b_AvatarSpeedFieldWorks" classname="Tests.Testat02" runstate="Runnable" seed="715768407" result="Passed" start-time="2020-12-18 16:00:39Z" end-time="2020-12-18 16:00:39Z" duration="0.140125" asserts="0">
              <properties />
            </test-case>
            <test-case id="1038" name="T04b_AvatarSpeedFieldWorks(leftArrow,5.0f,0)" fullname="Tests.Testat02.T04b_AvatarSpeedFieldWorks(leftArrow,5.0f,0)" methodname="T04b_AvatarSpeedFieldWorks" classname="Tests.Testat02" runstate="Runnable" seed="1749848584" result="Passed" start-time="2020-12-18 16:00:39Z" end-time="2020-12-18 16:00:39Z" duration="0.058688" asserts="0">
              <properties />
            </test-case>
            <test-case id="1039" name="T04b_AvatarSpeedFieldWorks(leftArrow,5.0f,2)" fullname="Tests.Testat02.T04b_AvatarSpeedFieldWorks(leftArrow,5.0f,2)" methodname="T04b_AvatarSpeedFieldWorks" classname="Tests.Testat02" runstate="Runnable" seed="917298484" result="Passed" start-time="2020-12-18 16:00:39Z" end-time="2020-12-18 16:00:39Z" duration="0.099590" asserts="0">
              <properties />
            </test-case>
            <test-case id="1040" name="T04b_AvatarSpeedFieldWorks(leftArrow,5.0f,4)" fullname="Tests.Testat02.T04b_AvatarSpeedFieldWorks(leftArrow,5.0f,4)" methodname="T04b_AvatarSpeedFieldWorks" classname="Tests.Testat02" runstate="Runnable" seed="133249120" result="Passed" start-time="2020-12-18 16:00:39Z" end-time="2020-12-18 16:00:39Z" duration="0.139834" asserts="0">
              <properties />
            </test-case>
            <test-case id="1041" name="T04b_AvatarSpeedFieldWorks(rightArrow,0.0f,0)" fullname="Tests.Testat02.T04b_AvatarSpeedFieldWorks(rightArrow,0.0f,0)" methodname="T04b_AvatarSpeedFieldWorks" classname="Tests.Testat02" runstate="Runnable" seed="181037698" result="Passed" start-time="2020-12-18 16:00:39Z" end-time="2020-12-18 16:00:39Z" duration="0.058557" asserts="0">
              <properties />
            </test-case>
            <test-case id="1042" name="T04b_AvatarSpeedFieldWorks(rightArrow,0.0f,2)" fullname="Tests.Testat02.T04b_AvatarSpeedFieldWorks(rightArrow,0.0f,2)" methodname="T04b_AvatarSpeedFieldWorks" classname="Tests.Testat02" runstate="Runnable" seed="1078246668" result="Passed" start-time="2020-12-18 16:00:39Z" end-time="2020-12-18 16:00:39Z" duration="0.099402" asserts="0">
              <properties />
            </test-case>
            <test-case id="1043" name="T04b_AvatarSpeedFieldWorks(rightArrow,0.0f,4)" fullname="Tests.Testat02.T04b_AvatarSpeedFieldWorks(rightArrow,0.0f,4)" methodname="T04b_AvatarSpeedFieldWorks" classname="Tests.Testat02" runstate="Runnable" seed="700760847" result="Passed" start-time="2020-12-18 16:00:39Z" end-time="2020-12-18 16:00:39Z" duration="0.140117" asserts="0">
              <properties />
            </test-case>
            <test-case id="1044" name="T04b_AvatarSpeedFieldWorks(rightArrow,5.0f,0)" fullname="Tests.Testat02.T04b_AvatarSpeedFieldWorks(rightArrow,5.0f,0)" methodname="T04b_AvatarSpeedFieldWorks" classname="Tests.Testat02" runstate="Runnable" seed="119804118" result="Passed" start-time="2020-12-18 16:00:39Z" end-time="2020-12-18 16:00:39Z" duration="0.058537" asserts="0">
              <properties />
            </test-case>
            <test-case id="1045" name="T04b_AvatarSpeedFieldWorks(rightArrow,5.0f,2)" fullname="Tests.Testat02.T04b_AvatarSpeedFieldWorks(rightArrow,5.0f,2)" methodname="T04b_AvatarSpeedFieldWorks" classname="Tests.Testat02" runstate="Runnable" seed="914553966" result="Passed" start-time="2020-12-18 16:00:39Z" end-time="2020-12-18 16:00:39Z" duration="0.099403" asserts="0">
              <properties />
            </test-case>
            <test-case id="1046" name="T04b_AvatarSpeedFieldWorks(rightArrow,5.0f,4)" fullname="Tests.Testat02.T04b_AvatarSpeedFieldWorks(rightArrow,5.0f,4)" methodname="T04b_AvatarSpeedFieldWorks" classname="Tests.Testat02" runstate="Runnable" seed="89189545" result="Passed" start-time="2020-12-18 16:00:39Z" end-time="2020-12-18 16:00:40Z" duration="0.140083" asserts="0">
              <properties />
            </test-case>
            <test-case id="1047" name="T04b_AvatarSpeedFieldWorks(upArrow+rightArrow,0.0f,0)" fullname="Tests.Testat02.T04b_AvatarSpeedFieldWorks(upArrow+rightArrow,0.0f,0)" methodname="T04b_AvatarSpeedFieldWorks" classname="Tests.Testat02" runstate="Runnable" seed="795819312" result="Passed" start-time="2020-12-18 16:00:40Z" end-time="2020-12-18 16:00:40Z" duration="0.058650" asserts="0">
              <properties />
            </test-case>
            <test-case id="1048" name="T04b_AvatarSpeedFieldWorks(upArrow+rightArrow,0.0f,2)" fullname="Tests.Testat02.T04b_AvatarSpeedFieldWorks(upArrow+rightArrow,0.0f,2)" methodname="T04b_AvatarSpeedFieldWorks" classname="Tests.Testat02" runstate="Runnable" seed="848503976" result="Passed" start-time="2020-12-18 16:00:40Z" end-time="2020-12-18 16:00:40Z" duration="0.099274" asserts="0">
              <properties />
            </test-case>
            <test-case id="1049" name="T04b_AvatarSpeedFieldWorks(upArrow+rightArrow,0.0f,4)" fullname="Tests.Testat02.T04b_AvatarSpeedFieldWorks(upArrow+rightArrow,0.0f,4)" methodname="T04b_AvatarSpeedFieldWorks" classname="Tests.Testat02" runstate="Runnable" seed="84811598" result="Passed" start-time="2020-12-18 16:00:40Z" end-time="2020-12-18 16:00:40Z" duration="0.140313" asserts="0">
              <properties />
            </test-case>
            <test-case id="1050" name="T04b_AvatarSpeedFieldWorks(upArrow+rightArrow,5.0f,0)" fullname="Tests.Testat02.T04b_AvatarSpeedFieldWorks(upArrow+rightArrow,5.0f,0)" methodname="T04b_AvatarSpeedFieldWorks" classname="Tests.Testat02" runstate="Runnable" seed="1990124680" result="Passed" start-time="2020-12-18 16:00:40Z" end-time="2020-12-18 16:00:40Z" duration="0.058519" asserts="0">
              <properties />
            </test-case>
            <test-case id="1051" name="T04b_AvatarSpeedFieldWorks(upArrow+rightArrow,5.0f,2)" fullname="Tests.Testat02.T04b_AvatarSpeedFieldWorks(upArrow+rightArrow,5.0f,2)" methodname="T04b_AvatarSpeedFieldWorks" classname="Tests.Testat02" runstate="Runnable" seed="1352609644" result="Passed" start-time="2020-12-18 16:00:40Z" end-time="2020-12-18 16:00:40Z" duration="0.099197" asserts="0">
              <properties />
            </test-case>
            <test-case id="1052" name="T04b_AvatarSpeedFieldWorks(upArrow+rightArrow,5.0f,4)" fullname="Tests.Testat02.T04b_AvatarSpeedFieldWorks(upArrow+rightArrow,5.0f,4)" methodname="T04b_AvatarSpeedFieldWorks" classname="Tests.Testat02" runstate="Runnable" seed="325078785" result="Passed" start-time="2020-12-18 16:00:40Z" end-time="2020-12-18 16:00:40Z" duration="0.140000" asserts="0">
              <properties />
            </test-case>
            <test-case id="1053" name="T04b_AvatarSpeedFieldWorks(downArrow+rightArrow,0.0f,0)" fullname="Tests.Testat02.T04b_AvatarSpeedFieldWorks(downArrow+rightArrow,0.0f,0)" methodname="T04b_AvatarSpeedFieldWorks" classname="Tests.Testat02" runstate="Runnable" seed="1043256851" result="Passed" start-time="2020-12-18 16:00:40Z" end-time="2020-12-18 16:00:40Z" duration="0.058647" asserts="0">
              <properties />
            </test-case>
            <test-case id="1054" name="T04b_AvatarSpeedFieldWorks(downArrow+rightArrow,0.0f,2)" fullname="Tests.Testat02.T04b_AvatarSpeedFieldWorks(downArrow+rightArrow,0.0f,2)" methodname="T04b_AvatarSpeedFieldWorks" classname="Tests.Testat02" runstate="Runnable" seed="1015145141" result="Passed" start-time="2020-12-18 16:00:40Z" end-time="2020-12-18 16:00:40Z" duration="0.099278" asserts="0">
              <properties />
            </test-case>
            <test-case id="1055" name="T04b_AvatarSpeedFieldWorks(downArrow+rightArrow,0.0f,4)" fullname="Tests.Testat02.T04b_AvatarSpeedFieldWorks(downArrow+rightArrow,0.0f,4)" methodname="T04b_AvatarSpeedFieldWorks" classname="Tests.Testat02" runstate="Runnable" seed="474571261" result="Passed" start-time="2020-12-18 16:00:40Z" end-time="2020-12-18 16:00:40Z" duration="0.140103" asserts="0">
              <properties />
            </test-case>
            <test-case id="1056" name="T04b_AvatarSpeedFieldWorks(downArrow+rightArrow,5.0f,0)" fullname="Tests.Testat02.T04b_AvatarSpeedFieldWorks(downArrow+rightArrow,5.0f,0)" methodname="T04b_AvatarSpeedFieldWorks" classname="Tests.Testat02" runstate="Runnable" seed="30603174" result="Passed" start-time="2020-12-18 16:00:40Z" end-time="2020-12-18 16:00:41Z" duration="0.058660" asserts="0">
              <properties />
            </test-case>
            <test-case id="1057" name="T04b_AvatarSpeedFieldWorks(downArrow+rightArrow,5.0f,2)" fullname="Tests.Testat02.T04b_AvatarSpeedFieldWorks(downArrow+rightArrow,5.0f,2)" methodname="T04b_AvatarSpeedFieldWorks" classname="Tests.Testat02" runstate="Runnable" seed="1340007767" result="Passed" start-time="2020-12-18 16:00:41Z" end-time="2020-12-18 16:00:41Z" duration="0.099400" asserts="0">
              <properties />
            </test-case>
            <test-case id="1058" name="T04b_AvatarSpeedFieldWorks(downArrow+rightArrow,5.0f,4)" fullname="Tests.Testat02.T04b_AvatarSpeedFieldWorks(downArrow+rightArrow,5.0f,4)" methodname="T04b_AvatarSpeedFieldWorks" classname="Tests.Testat02" runstate="Runnable" seed="806878286" result="Passed" start-time="2020-12-18 16:00:41Z" end-time="2020-12-18 16:00:41Z" duration="0.140043" asserts="0">
              <properties />
            </test-case>
            <test-case id="1059" name="T04b_AvatarSpeedFieldWorks(upArrow+leftArrow,0.0f,0)" fullname="Tests.Testat02.T04b_AvatarSpeedFieldWorks(upArrow+leftArrow,0.0f,0)" methodname="T04b_AvatarSpeedFieldWorks" classname="Tests.Testat02" runstate="Runnable" seed="820657307" result="Passed" start-time="2020-12-18 16:00:41Z" end-time="2020-12-18 16:00:41Z" duration="0.058825" asserts="0">
              <properties />
            </test-case>
            <test-case id="1060" name="T04b_AvatarSpeedFieldWorks(upArrow+leftArrow,0.0f,2)" fullname="Tests.Testat02.T04b_AvatarSpeedFieldWorks(upArrow+leftArrow,0.0f,2)" methodname="T04b_AvatarSpeedFieldWorks" classname="Tests.Testat02" runstate="Runnable" seed="407257832" result="Passed" start-time="2020-12-18 16:00:41Z" end-time="2020-12-18 16:00:41Z" duration="0.098851" asserts="0">
              <properties />
            </test-case>
            <test-case id="1061" name="T04b_AvatarSpeedFieldWorks(upArrow+leftArrow,0.0f,4)" fullname="Tests.Testat02.T04b_AvatarSpeedFieldWorks(upArrow+leftArrow,0.0f,4)" methodname="T04b_AvatarSpeedFieldWorks" classname="Tests.Testat02" runstate="Runnable" seed="2132554016" result="Passed" start-time="2020-12-18 16:00:41Z" end-time="2020-12-18 16:00:41Z" duration="0.140836" asserts="0">
              <properties />
            </test-case>
            <test-case id="1062" name="T04b_AvatarSpeedFieldWorks(upArrow+leftArrow,5.0f,0)" fullname="Tests.Testat02.T04b_AvatarSpeedFieldWorks(upArrow+leftArrow,5.0f,0)" methodname="T04b_AvatarSpeedFieldWorks" classname="Tests.Testat02" runstate="Runnable" seed="2080103016" result="Passed" start-time="2020-12-18 16:00:41Z" end-time="2020-12-18 16:00:41Z" duration="0.057711" asserts="0">
              <properties />
            </test-case>
            <test-case id="1063" name="T04b_AvatarSpeedFieldWorks(upArrow+leftArrow,5.0f,2)" fullname="Tests.Testat02.T04b_AvatarSpeedFieldWorks(upArrow+leftArrow,5.0f,2)" methodname="T04b_AvatarSpeedFieldWorks" classname="Tests.Testat02" runstate="Runnable" seed="775400610" result="Passed" start-time="2020-12-18 16:00:41Z" end-time="2020-12-18 16:00:41Z" duration="0.099509" asserts="0">
              <properties />
            </test-case>
            <test-case id="1064" name="T04b_AvatarSpeedFieldWorks(upArrow+leftArrow,5.0f,4)" fullname="Tests.Testat02.T04b_AvatarSpeedFieldWorks(upArrow+leftArrow,5.0f,4)" methodname="T04b_AvatarSpeedFieldWorks" classname="Tests.Testat02" runstate="Runnable" seed="1240731979" result="Passed" start-time="2020-12-18 16:00:41Z" end-time="2020-12-18 16:00:41Z" duration="0.140291" asserts="0">
              <properties />
            </test-case>
            <test-case id="1065" name="T04b_AvatarSpeedFieldWorks(downArrow+leftArrow,0.0f,0)" fullname="Tests.Testat02.T04b_AvatarSpeedFieldWorks(downArrow+leftArrow,0.0f,0)" methodname="T04b_AvatarSpeedFieldWorks" classname="Tests.Testat02" runstate="Runnable" seed="207119534" result="Passed" start-time="2020-12-18 16:00:41Z" end-time="2020-12-18 16:00:41Z" duration="0.057999" asserts="0">
              <properties />
            </test-case>
            <test-case id="1066" name="T04b_AvatarSpeedFieldWorks(downArrow+leftArrow,0.0f,2)" fullname="Tests.Testat02.T04b_AvatarSpeedFieldWorks(downArrow+leftArrow,0.0f,2)" methodname="T04b_AvatarSpeedFieldWorks" classname="Tests.Testat02" runstate="Runnable" seed="1060955098" result="Passed" start-time="2020-12-18 16:00:41Z" end-time="2020-12-18 16:00:42Z" duration="0.099437" asserts="0">
              <properties />
            </test-case>
            <test-case id="1067" name="T04b_AvatarSpeedFieldWorks(downArrow+leftArrow,0.0f,4)" fullname="Tests.Testat02.T04b_AvatarSpeedFieldWorks(downArrow+leftArrow,0.0f,4)" methodname="T04b_AvatarSpeedFieldWorks" classname="Tests.Testat02" runstate="Runnable" seed="768417668" result="Passed" start-time="2020-12-18 16:00:42Z" end-time="2020-12-18 16:00:42Z" duration="0.139373" asserts="0">
              <properties />
            </test-case>
            <test-case id="1068" name="T04b_AvatarSpeedFieldWorks(downArrow+leftArrow,5.0f,0)" fullname="Tests.Testat02.T04b_AvatarSpeedFieldWorks(downArrow+leftArrow,5.0f,0)" methodname="T04b_AvatarSpeedFieldWorks" classname="Tests.Testat02" runstate="Runnable" seed="1749233065" result="Passed" start-time="2020-12-18 16:00:42Z" end-time="2020-12-18 16:00:42Z" duration="0.058732" asserts="0">
              <properties />
            </test-case>
            <test-case id="1069" name="T04b_AvatarSpeedFieldWorks(downArrow+leftArrow,5.0f,2)" fullname="Tests.Testat02.T04b_AvatarSpeedFieldWorks(downArrow+leftArrow,5.0f,2)" methodname="T04b_AvatarSpeedFieldWorks" classname="Tests.Testat02" runstate="Runnable" seed="1312291037" result="Passed" start-time="2020-12-18 16:00:42Z" end-time="2020-12-18 16:00:42Z" duration="0.099742" asserts="0">
              <properties />
            </test-case>
            <test-case id="1070" name="T04b_AvatarSpeedFieldWorks(downArrow+leftArrow,5.0f,4)" fullname="Tests.Testat02.T04b_AvatarSpeedFieldWorks(downArrow+leftArrow,5.0f,4)" methodname="T04b_AvatarSpeedFieldWorks" classname="Tests.Testat02" runstate="Runnable" seed="2116362827" result="Passed" start-time="2020-12-18 16:00:42Z" end-time="2020-12-18 16:00:42Z" duration="0.139704" asserts="0">
              <properties />
            </test-case>
          </test-suite>
        </test-suite>
        <test-suite type="TestFixture" id="1072" name="Testat03" fullname="Tests.Testat03" classname="Tests.Testat03" runstate="Runnable" testcasecount="19" result="Passed" start-time="2020-12-18 16:00:42Z" end-time="2020-12-18 16:00:48Z" duration="5.982210" total="19" passed="19" failed="0" inconclusive="0" skipped="0" asserts="0">
          <properties />
          <test-suite type="ParameterizedMethod" id="1075" name="T02_GitTagExists" fullname="Tests.Testat03.T02_GitTagExists" classname="Tests.Testat03" runstate="Runnable" testcasecount="2" result="Passed" start-time="2020-12-18 16:00:42Z" end-time="2020-12-18 16:00:42Z" duration="0.118778" total="2" passed="2" failed="0" inconclusive="0" skipped="0" asserts="0">
            <properties />
            <test-case id="1073" name="T02_GitTagExists(&quot;Tx01&quot;)" fullname="Tests.Testat03.T02_GitTagExists(&quot;Tx01&quot;)" methodname="T02_GitTagExists" classname="Tests.Testat03" runstate="Runnable" seed="116922937" result="Passed" start-time="2020-12-18 16:00:42Z" end-time="2020-12-18 16:00:42Z" duration="0.063159" asserts="0">
              <properties />
            </test-case>
            <test-case id="1074" name="T02_GitTagExists(&quot;Tx02&quot;)" fullname="Tests.Testat03.T02_GitTagExists(&quot;Tx02&quot;)" methodname="T02_GitTagExists" classname="Tests.Testat03" runstate="Runnable" seed="17964873" result="Passed" start-time="2020-12-18 16:00:42Z" end-time="2020-12-18 16:00:42Z" duration="0.053512" asserts="0">
              <properties />
            </test-case>
          </test-suite>
          <test-suite type="ParameterizedMethod" id="1078" name="T03_PrefabExists" fullname="Tests.Testat03.T03_PrefabExists" classname="Tests.Testat03" runstate="Runnable" testcasecount="2" result="Passed" start-time="2020-12-18 16:00:42Z" end-time="2020-12-18 16:00:42Z" duration="0.005452" total="2" passed="2" failed="0" inconclusive="0" skipped="0" asserts="0">
            <properties />
            <test-case id="1076" name="T03_PrefabExists(&quot;Assets/Prefabs/Avatar.prefab&quot;)" fullname="Tests.Testat03.T03_PrefabExists(&quot;Assets/Prefabs/Avatar.prefab&quot;)" methodname="T03_PrefabExists" classname="Tests.Testat03" runstate="Runnable" seed="1845019338" result="Passed" start-time="2020-12-18 16:00:42Z" end-time="2020-12-18 16:00:42Z" duration="0.001624" asserts="0">
              <properties />
            </test-case>
            <test-case id="1077" name="T03_PrefabExists(&quot;Assets/Prefabs/Platform.prefab&quot;)" fullname="Tests.Testat03.T03_PrefabExists(&quot;Assets/Prefabs/Platform.prefab&quot;)" methodname="T03_PrefabExists" classname="Tests.Testat03" runstate="Runnable" seed="882777017" result="Passed" start-time="2020-12-18 16:00:42Z" end-time="2020-12-18 16:00:42Z" duration="0.000935" asserts="0">
              <properties />
            </test-case>
          </test-suite>
          <test-case id="1079" name="T04a_PlatformPrefab" fullname="Tests.Testat03.T04a_PlatformPrefab" methodname="T04a_PlatformPrefab" classname="Tests.Testat03" runstate="Runnable" seed="1710584991" result="Passed" start-time="2020-12-18 16:00:42Z" end-time="2020-12-18 16:00:42Z" duration="0.014340" asserts="0">
            <properties />
          </test-case>
          <test-case id="1080" name="T04b_PlatformGravity" fullname="Tests.Testat03.T04b_PlatformGravity" methodname="T04b_PlatformGravity" classname="Tests.Testat03" runstate="Runnable" seed="22099216" result="Passed" start-time="2020-12-18 16:00:42Z" end-time="2020-12-18 16:00:42Z" duration="0.216348" asserts="0">
            <properties>
              <property name="_JOINTYPE" value="UnityCombinatorial" />
            </properties>
          </test-case>
          <test-case id="1081" name="T05a_AvatarPrefab" fullname="Tests.Testat03.T05a_AvatarPrefab" methodname="T05a_AvatarPrefab" classname="Tests.Testat03" runstate="Runnable" seed="1666034335" result="Passed" start-time="2020-12-18 16:00:42Z" end-time="2020-12-18 16:00:42Z" duration="0.017117" asserts="0">
            <properties />
          </test-case>
          <test-case id="1082" name="T05b_AvatarGravityWhenFalling" fullname="Tests.Testat03.T05b_AvatarGravityWhenFalling" methodname="T05b_AvatarGravityWhenFalling" classname="Tests.Testat03" runstate="Runnable" seed="329925063" result="Passed" start-time="2020-12-18 16:00:42Z" end-time="2020-12-18 16:00:43Z" duration="0.221949" asserts="0">
            <properties>
              <property name="_JOINTYPE" value="UnityCombinatorial" />
            </properties>
          </test-case>
          <test-suite type="ParameterizedMethod" id="1091" name="T05c_AvatarMovement" fullname="Tests.Testat03.T05c_AvatarMovement" classname="Tests.Testat03" runstate="Runnable" testcasecount="8" result="Passed" start-time="2020-12-18 16:00:43Z" end-time="2020-12-18 16:00:44Z" duration="1.279099" total="8" passed="8" failed="0" inconclusive="0" skipped="0" asserts="0">
            <properties>
              <property name="_JOINTYPE" value="UnityCombinatorial" />
            </properties>
            <test-case id="1083" name="T05c_AvatarMovement(rightArrow,0.0f,2)" fullname="Tests.Testat03.T05c_AvatarMovement(rightArrow,0.0f,2)" methodname="T05c_AvatarMovement" classname="Tests.Testat03" runstate="Runnable" seed="755595938" result="Passed" start-time="2020-12-18 16:00:43Z" end-time="2020-12-18 16:00:43Z" duration="0.095256" asserts="0">
              <properties />
            </test-case>
            <test-case id="1084" name="T05c_AvatarMovement(rightArrow,0.0f,8)" fullname="Tests.Testat03.T05c_AvatarMovement(rightArrow,0.0f,8)" methodname="T05c_AvatarMovement" classname="Tests.Testat03" runstate="Runnable" seed="481238741" result="Passed" start-time="2020-12-18 16:00:43Z" end-time="2020-12-18 16:00:43Z" duration="0.219191" asserts="0">
              <properties />
            </test-case>
            <test-case id="1085" name="T05c_AvatarMovement(rightArrow,5.0f,2)" fullname="Tests.Testat03.T05c_AvatarMovement(rightArrow,5.0f,2)" methodname="T05c_AvatarMovement" classname="Tests.Testat03" runstate="Runnable" seed="2134344456" result="Passed" start-time="2020-12-18 16:00:43Z" end-time="2020-12-18 16:00:43Z" duration="0.099599" asserts="0">
              <properties />
            </test-case>
            <test-case id="1086" name="T05c_AvatarMovement(rightArrow,5.0f,8)" fullname="Tests.Testat03.T05c_AvatarMovement(rightArrow,5.0f,8)" methodname="T05c_AvatarMovement" classname="Tests.Testat03" runstate="Runnable" seed="1428493570" result="Passed" start-time="2020-12-18 16:00:43Z" end-time="2020-12-18 16:00:43Z" duration="0.219501" asserts="0">
              <properties />
            </test-case>
            <test-case id="1087" name="T05c_AvatarMovement(leftArrow,0.0f,2)" fullname="Tests.Testat03.T05c_AvatarMovement(leftArrow,0.0f,2)" methodname="T05c_AvatarMovement" classname="Tests.Testat03" runstate="Runnable" seed="154117391" result="Passed" start-time="2020-12-18 16:00:43Z" end-time="2020-12-18 16:00:43Z" duration="0.098287" asserts="0">
              <properties />
            </test-case>
            <test-case id="1088" name="T05c_AvatarMovement(leftArrow,0.0f,8)" fullname="Tests.Testat03.T05c_AvatarMovement(leftArrow,0.0f,8)" methodname="T05c_AvatarMovement" classname="Tests.Testat03" runstate="Runnable" seed="1975033460" result="Passed" start-time="2020-12-18 16:00:43Z" end-time="2020-12-18 16:00:44Z" duration="0.219115" asserts="0">
              <properties />
            </test-case>
            <test-case id="1089" name="T05c_AvatarMovement(leftArrow,5.0f,2)" fullname="Tests.Testat03.T05c_AvatarMovement(leftArrow,5.0f,2)" methodname="T05c_AvatarMovement" classname="Tests.Testat03" runstate="Runnable" seed="888416946" result="Passed" start-time="2020-12-18 16:00:44Z" end-time="2020-12-18 16:00:44Z" duration="0.099411" asserts="0">
              <properties />
            </test-case>
            <test-case id="1090" name="T05c_AvatarMovement(leftArrow,5.0f,8)" fullname="Tests.Testat03.T05c_AvatarMovement(leftArrow,5.0f,8)" methodname="T05c_AvatarMovement" classname="Tests.Testat03" runstate="Runnable" seed="72423058" result="Passed" start-time="2020-12-18 16:00:44Z" end-time="2020-12-18 16:00:44Z" duration="0.219597" asserts="0">
              <properties />
            </test-case>
          </test-suite>
          <test-case id="1092" name="T05d_AvatarGravityWhenGrounded" fullname="Tests.Testat03.T05d_AvatarGravityWhenGrounded" methodname="T05d_AvatarGravityWhenGrounded" classname="Tests.Testat03" runstate="Runnable" seed="1217618761" result="Passed" start-time="2020-12-18 16:00:44Z" end-time="2020-12-18 16:00:44Z" duration="0.215959" asserts="0">
            <properties>
              <property name="_JOINTYPE" value="UnityCombinatorial" />
            </properties>
          </test-case>
          <test-case id="1093" name="T06a_SceneExists" fullname="Tests.Testat03.T06a_SceneExists" methodname="T06a_SceneExists" classname="Tests.Testat03" runstate="Runnable" seed="804494795" result="Passed" start-time="2020-12-18 16:00:44Z" end-time="2020-12-18 16:00:44Z" duration="0.001142" asserts="0">
            <properties />
          </test-case>
          <test-case id="1094" name="T06b_PrefabInstancesExistInScene" fullname="Tests.Testat03.T06b_PrefabInstancesExistInScene" methodname="T06b_PrefabInstancesExistInScene" classname="Tests.Testat03" runstate="Runnable" seed="782986918" result="Passed" start-time="2020-12-18 16:00:44Z" end-time="2020-12-18 16:00:48Z" duration="3.877804" asserts="0">
            <properties>
              <property name="_JOINTYPE" value="UnityCombinatorial" />
            </properties>
          </test-case>
        </test-suite>
        <test-suite type="TestFixture" id="1095" name="Testat04" fullname="Tests.Testat04" classname="Tests.Testat04" runstate="Runnable" testcasecount="12" result="Failed" site="Child" start-time="2020-12-18 16:00:48Z" end-time="2020-12-18 16:00:50Z" duration="1.630472" total="12" passed="10" failed="2" inconclusive="0" skipped="0" asserts="0">
          <properties />
          <failure>
            <message><![CDATA[One or more child tests had errors]]></message>
          </failure>
          <test-suite type="ParameterizedMethod" id="1098" name="T01_PrefabExists" fullname="Tests.Testat04.T01_PrefabExists" classname="Tests.Testat04" runstate="Runnable" testcasecount="2" result="Passed" start-time="2020-12-18 16:00:48Z" end-time="2020-12-18 16:00:48Z" duration="0.004471" total="2" passed="2" failed="0" inconclusive="0" skipped="0" asserts="0">
            <properties />
            <test-case id="1096" name="T01_PrefabExists(&quot;Assets/Prefabs/Avatar.prefab&quot;)" fullname="Tests.Testat04.T01_PrefabExists(&quot;Assets/Prefabs/Avatar.prefab&quot;)" methodname="T01_PrefabExists" classname="Tests.Testat04" runstate="Runnable" seed="867640094" result="Passed" start-time="2020-12-18 16:00:48Z" end-time="2020-12-18 16:00:48Z" duration="0.001206" asserts="0">
              <properties />
            </test-case>
            <test-case id="1097" name="T01_PrefabExists(&quot;Assets/Prefabs/Platform.prefab&quot;)" fullname="Tests.Testat04.T01_PrefabExists(&quot;Assets/Prefabs/Platform.prefab&quot;)" methodname="T01_PrefabExists" classname="Tests.Testat04" runstate="Runnable" seed="452618846" result="Passed" start-time="2020-12-18 16:00:48Z" end-time="2020-12-18 16:00:48Z" duration="0.000946" asserts="0">
              <properties />
            </test-case>
          </test-suite>
          <test-suite type="ParameterizedMethod" id="1101" name="T02_MaterialsExists" fullname="Tests.Testat04.T02_MaterialsExists" classname="Tests.Testat04" runstate="Runnable" testcasecount="2" result="Passed" start-time="2020-12-18 16:00:48Z" end-time="2020-12-18 16:00:48Z" duration="0.005939" total="2" passed="2" failed="0" inconclusive="0" skipped="0" asserts="0">
            <properties />
            <test-case id="1099" name="T02_MaterialsExists(&quot;Assets/Materials/Avatar.mat&quot;)" fullname="Tests.Testat04.T02_MaterialsExists(&quot;Assets/Materials/Avatar.mat&quot;)" methodname="T02_MaterialsExists" classname="Tests.Testat04" runstate="Runnable" seed="1071111327" result="Passed" start-time="2020-12-18 16:00:48Z" end-time="2020-12-18 16:00:48Z" duration="0.001877" asserts="0">
              <properties />
            </test-case>
            <test-case id="1100" name="T02_MaterialsExists(&quot;Assets/Materials/Platform.mat&quot;)" fullname="Tests.Testat04.T02_MaterialsExists(&quot;Assets/Materials/Platform.mat&quot;)" methodname="T02_MaterialsExists" classname="Tests.Testat04" runstate="Runnable" seed="563332430" result="Passed" start-time="2020-12-18 16:00:48Z" end-time="2020-12-18 16:00:48Z" duration="0.001360" asserts="0">
              <properties />
            </test-case>
          </test-suite>
          <test-case id="1102" name="T03_PlatformPrefab" fullname="Tests.Testat04.T03_PlatformPrefab" methodname="T03_PlatformPrefab" classname="Tests.Testat04" runstate="Runnable" seed="1808568696" result="Passed" start-time="2020-12-18 16:00:48Z" end-time="2020-12-18 16:00:48Z" duration="0.005021" asserts="0">
            <properties />
          </test-case>
          <test-case id="1106" name="T04_AvatarPrefab" fullname="Tests.Testat04.T04_AvatarPrefab" methodname="T04_AvatarPrefab" classname="Tests.Testat04" runstate="Runnable" seed="1819596209" result="Passed" start-time="2020-12-18 16:00:48Z" end-time="2020-12-18 16:00:48Z" duration="0.002444" asserts="0">
            <properties />
          </test-case>
          <test-suite type="ParameterizedMethod" id="1105" name="T05_PlatformColor" fullname="Tests.Testat04.T05_PlatformColor" classname="Tests.Testat04" runstate="Runnable" testcasecount="2" result="Failed" site="Child" start-time="2020-12-18 16:00:48Z" end-time="2020-12-18 16:00:48Z" duration="0.066723" total="2" passed="0" failed="2" inconclusive="0" skipped="0" asserts="0">
            <properties>
              <property name="_JOINTYPE" value="UnityCombinatorial" />
            </properties>
            <failure>
              <message><![CDATA[One or more child tests had errors]]></message>
            </failure>
            <test-case id="1103" name="T05_PlatformColor(RGBA(0.000, 1.000, 0.000, 1.000))" fullname="Tests.Testat04.T05_PlatformColor(RGBA(0.000, 1.000, 0.000, 1.000))" methodname="T05_PlatformColor" classname="Tests.Testat04" runstate="Runnable" seed="2023204484" result="Failed" start-time="2020-12-18 16:00:48Z" end-time="2020-12-18 16:00:48Z" duration="0.032388" asserts="0">
              <properties />
              <failure>
                <message><![CDATA[  Platform renderer's color should have been set to RGBA(0.000, 1.000, 0.000, 1.000)!
  Expected: RGBA(0.000, 1.000, 0.000, 1.000)
  But was:  RGBA(0.747, 1.000, 0.741, 1.000)
]]></message>
                <stack-trace><![CDATA[at CustomAssert.AreEqual (UnityEngine.Color expected, UnityEngine.Color actual, System.String message) [0x00001] in C:\Unity\workspace\2020WS.UnityPP.PietzkepopovRose\Assets\Tests\CustomAssert.cs:9
at Tests.Testat04+<T05_PlatformColor>d__21.MoveNext () [0x000c2] in C:\Unity\workspace\2020WS.UnityPP.PietzkepopovRose\Assets\Tests\Testat04.cs:136
at UnityEngine.TestTools.TestEnumerator+<Execute>d__6.MoveNext () [0x0004c] in C:\Unity\workspace\2020WS.UnityPP.PietzkepopovRose\Library\PackageCache\com.unity.test-framework@1.1.18\UnityEngine.TestRunner\NUnitExtensions\Attributes\TestEnumerator.cs:36
]]></stack-trace>
              </failure>
            </test-case>
            <test-case id="1104" name="T05_PlatformColor(RGBA(1.000, 0.000, 1.000, 1.000))" fullname="Tests.Testat04.T05_PlatformColor(RGBA(1.000, 0.000, 1.000, 1.000))" methodname="T05_PlatformColor" classname="Tests.Testat04" runstate="Runnable" seed="1853414910" result="Failed" start-time="2020-12-18 16:00:48Z" end-time="2020-12-18 16:00:48Z" duration="0.028964" asserts="0">
              <properties />
              <failure>
                <message><![CDATA[  Platform renderer's color should have been set to RGBA(1.000, 0.000, 1.000, 1.000)!
  Expected: RGBA(1.000, 0.000, 1.000, 1.000)
  But was:  RGBA(0.747, 1.000, 0.741, 1.000)
]]></message>
                <stack-trace><![CDATA[at CustomAssert.AreEqual (UnityEngine.Color expected, UnityEngine.Color actual, System.String message) [0x00001] in C:\Unity\workspace\2020WS.UnityPP.PietzkepopovRose\Assets\Tests\CustomAssert.cs:9
at Tests.Testat04+<T05_PlatformColor>d__21.MoveNext () [0x000c2] in C:\Unity\workspace\2020WS.UnityPP.PietzkepopovRose\Assets\Tests\Testat04.cs:136
at UnityEngine.TestTools.TestEnumerator+<Execute>d__6.MoveNext () [0x0004c] in C:\Unity\workspace\2020WS.UnityPP.PietzkepopovRose\Library\PackageCache\com.unity.test-framework@1.1.18\UnityEngine.TestRunner\NUnitExtensions\Attributes\TestEnumerator.cs:36
]]></stack-trace>
              </failure>
            </test-case>
          </test-suite>
          <test-suite type="ParameterizedMethod" id="1109" name="T06_AvatarColor" fullname="Tests.Testat04.T06_AvatarColor" classname="Tests.Testat04" runstate="Runnable" testcasecount="2" result="Passed" start-time="2020-12-18 16:00:48Z" end-time="2020-12-18 16:00:48Z" duration="0.114028" total="2" passed="2" failed="0" inconclusive="0" skipped="0" asserts="0">
            <properties>
              <property name="_JOINTYPE" value="UnityCombinatorial" />
            </properties>
            <test-case id="1107" name="T06_AvatarColor(RGBA(0.000, 1.000, 0.000, 1.000))" fullname="Tests.Testat04.T06_AvatarColor(RGBA(0.000, 1.000, 0.000, 1.000))" methodname="T06_AvatarColor" classname="Tests.Testat04" runstate="Runnable" seed="31503312" result="Passed" start-time="2020-12-18 16:00:48Z" end-time="2020-12-18 16:00:48Z" duration="0.053315" asserts="0">
              <properties />
            </test-case>
            <test-case id="1108" name="T06_AvatarColor(RGBA(1.000, 0.000, 1.000, 1.000))" fullname="Tests.Testat04.T06_AvatarColor(RGBA(1.000, 0.000, 1.000, 1.000))" methodname="T06_AvatarColor" classname="Tests.Testat04" runstate="Runnable" seed="1179366002" result="Passed" start-time="2020-12-18 16:00:48Z" end-time="2020-12-18 16:00:48Z" duration="0.057912" asserts="0">
              <properties />
            </test-case>
          </test-suite>
          <test-case id="1110" name="T07a_SceneExists" fullname="Tests.Testat04.T07a_SceneExists" methodname="T07a_SceneExists" classname="Tests.Testat04" runstate="Runnable" seed="1723690438" result="Passed" start-time="2020-12-18 16:00:48Z" end-time="2020-12-18 16:00:48Z" duration="0.002877" asserts="0">
            <properties />
          </test-case>
          <test-case id="1111" name="T07b_PrefabInstancesExistInScene" fullname="Tests.Testat04.T07b_PrefabInstancesExistInScene" methodname="T07b_PrefabInstancesExistInScene" classname="Tests.Testat04" runstate="Runnable" seed="1928442611" result="Passed" start-time="2020-12-18 16:00:48Z" end-time="2020-12-18 16:00:50Z" duration="1.414663" asserts="0">
            <properties>
              <property name="_JOINTYPE" value="UnityCombinatorial" />
            </properties>
          </test-case>
        </test-suite>
        <test-suite type="TestFixture" id="1112" name="Testat05" fullname="Tests.Testat05" classname="Tests.Testat05" runstate="Runnable" testcasecount="16" result="Failed" site="Child" start-time="2020-12-18 16:00:50Z" end-time="2020-12-18 16:00:52Z" duration="1.916468" total="16" passed="15" failed="1" inconclusive="0" skipped="0" asserts="0">
          <properties />
          <failure>
            <message><![CDATA[One or more child tests had errors]]></message>
          </failure>
          <test-case id="1127" name="T02_MarioPrefab" fullname="Tests.Testat05.T02_MarioPrefab" methodname="T02_MarioPrefab" classname="Tests.Testat05" runstate="Runnable" seed="1148556195" result="Passed" start-time="2020-12-18 16:00:50Z" end-time="2020-12-18 16:00:50Z" duration="0.031808" asserts="0">
            <properties />
          </test-case>
          <test-suite type="ParameterizedMethod" id="1130" name="T03_MarioMovement" fullname="Tests.Testat05.T03_MarioMovement" classname="Tests.Testat05" runstate="Runnable" testcasecount="2" result="Passed" start-time="2020-12-18 16:00:50Z" end-time="2020-12-18 16:00:51Z" duration="1.434122" total="2" passed="2" failed="0" inconclusive="0" skipped="0" asserts="0">
            <properties>
              <property name="_JOINTYPE" value="UnityCombinatorial" />
            </properties>
            <test-case id="1128" name="T03_MarioMovement(rightArrow, 10m/s, 5m/s)" fullname="Tests.Testat05.T03_MarioMovement(rightArrow, 10m/s, 5m/s)" methodname="T03_MarioMovement" classname="Tests.Testat05" runstate="Runnable" seed="1239546845" result="Passed" start-time="2020-12-18 16:00:50Z" end-time="2020-12-18 16:00:50Z" duration="0.632142" asserts="0">
              <properties />
              <output><![CDATA[Mass cannot be set on the rigid-body when it is using auto-mass.
]]></output>
            </test-case>
            <test-case id="1129" name="T03_MarioMovement(leftArrow, 15m/s, 10m/s)" fullname="Tests.Testat05.T03_MarioMovement(leftArrow, 15m/s, 10m/s)" methodname="T03_MarioMovement" classname="Tests.Testat05" runstate="Runnable" seed="2111712290" result="Passed" start-time="2020-12-18 16:00:50Z" end-time="2020-12-18 16:00:51Z" duration="0.799046" asserts="0">
              <properties />
              <output><![CDATA[Mass cannot be set on the rigid-body when it is using auto-mass.
]]></output>
            </test-case>
          </test-suite>
          <test-suite type="ParameterizedMethod" id="1126" name="T04_PlatformPrefab" fullname="Tests.Testat05.T04_PlatformPrefab" classname="Tests.Testat05" runstate="Runnable" testcasecount="3" result="Passed" start-time="2020-12-18 16:00:51Z" end-time="2020-12-18 16:00:51Z" duration="0.049017" total="3" passed="3" failed="0" inconclusive="0" skipped="0" asserts="0">
            <properties />
            <test-case id="1123" name="T04_PlatformPrefab((Assets/Prefabs/Platform_Ice.prefab, Assets/PhysicsMaterials/Icy.physicsMaterial2D))" fullname="Tests.Testat05.T04_PlatformPrefab((Assets/Prefabs/Platform_Ice.prefab, Assets/PhysicsMaterials/Icy.physicsMaterial2D))" methodname="T04_PlatformPrefab" classname="Tests.Testat05" runstate="Runnable" seed="573250716" result="Passed" start-time="2020-12-18 16:00:51Z" end-time="2020-12-18 16:00:51Z" duration="0.020952" asserts="0">
              <properties />
            </test-case>
            <test-case id="1124" name="T04_PlatformPrefab((Assets/Prefabs/Platform_Metal.prefab, Assets/PhysicsMaterials/Default.physicsMaterial2D))" fullname="Tests.Testat05.T04_PlatformPrefab((Assets/Prefabs/Platform_Metal.prefab, Assets/PhysicsMaterials/Default.physicsMaterial2D))" methodname="T04_PlatformPrefab" classname="Tests.Testat05" runstate="Runnable" seed="1390713648" result="Passed" start-time="2020-12-18 16:00:51Z" end-time="2020-12-18 16:00:51Z" duration="0.009081" asserts="0">
              <properties />
            </test-case>
            <test-case id="1125" name="T04_PlatformPrefab((Assets/Prefabs/Platform_Dirt.prefab, Assets/PhysicsMaterials/Sticky.physicsMaterial2D))" fullname="Tests.Testat05.T04_PlatformPrefab((Assets/Prefabs/Platform_Dirt.prefab, Assets/PhysicsMaterials/Sticky.physicsMaterial2D))" methodname="T04_PlatformPrefab" classname="Tests.Testat05" runstate="Runnable" seed="1626091134" result="Passed" start-time="2020-12-18 16:00:51Z" end-time="2020-12-18 16:00:51Z" duration="0.015009" asserts="0">
              <properties />
            </test-case>
          </test-suite>
          <test-suite type="ParameterizedMethod" id="1121" name="T05a_PhysicsMaterialExists" fullname="Tests.Testat05.T05a_PhysicsMaterialExists" classname="Tests.Testat05" runstate="Runnable" testcasecount="3" result="Passed" start-time="2020-12-18 16:00:51Z" end-time="2020-12-18 16:00:51Z" duration="0.008081" total="3" passed="3" failed="0" inconclusive="0" skipped="0" asserts="0">
            <properties />
            <test-case id="1118" name="T05a_PhysicsMaterialExists(&quot;Assets/PhysicsMaterials/Icy.physicsMaterial2D&quot;)" fullname="Tests.Testat05.T05a_PhysicsMaterialExists(&quot;Assets/PhysicsMaterials/Icy.physicsMaterial2D&quot;)" methodname="T05a_PhysicsMaterialExists" classname="Tests.Testat05" runstate="Runnable" seed="961821704" result="Passed" start-time="2020-12-18 16:00:51Z" end-time="2020-12-18 16:00:51Z" duration="0.001341" asserts="0">
              <properties />
            </test-case>
            <test-case id="1119" name="T05a_PhysicsMaterialExists(&quot;Assets/PhysicsMaterials/Default.physicsMaterial2D&quot;)" fullname="Tests.Testat05.T05a_PhysicsMaterialExists(&quot;Assets/PhysicsMaterials/Default.physicsMaterial2D&quot;)" methodname="T05a_PhysicsMaterialExists" classname="Tests.Testat05" runstate="Runnable" seed="1760382031" result="Passed" start-time="2020-12-18 16:00:51Z" end-time="2020-12-18 16:00:51Z" duration="0.001159" asserts="0">
              <properties />
            </test-case>
            <test-case id="1120" name="T05a_PhysicsMaterialExists(&quot;Assets/PhysicsMaterials/Sticky.physicsMaterial2D&quot;)" fullname="Tests.Testat05.T05a_PhysicsMaterialExists(&quot;Assets/PhysicsMaterials/Sticky.physicsMaterial2D&quot;)" methodname="T05a_PhysicsMaterialExists" classname="Tests.Testat05" runstate="Runnable" seed="426521745" result="Passed" start-time="2020-12-18 16:00:51Z" end-time="2020-12-18 16:00:51Z" duration="0.000977" asserts="0">
              <properties />
            </test-case>
          </test-suite>
          <test-case id="1122" name="T05b_PhysicsMaterialsFriction" fullname="Tests.Testat05.T05b_PhysicsMaterialsFriction" methodname="T05b_PhysicsMaterialsFriction" classname="Tests.Testat05" runstate="Runnable" seed="1397014806" result="Passed" start-time="2020-12-18 16:00:51Z" end-time="2020-12-18 16:00:51Z" duration="0.001884" asserts="0">
            <properties />
          </test-case>
          <test-suite type="ParameterizedMethod" id="1117" name="T06_PrefabExists" fullname="Tests.Testat05.T06_PrefabExists" classname="Tests.Testat05" runstate="Runnable" testcasecount="4" result="Passed" start-time="2020-12-18 16:00:51Z" end-time="2020-12-18 16:00:51Z" duration="0.009204" total="4" passed="4" failed="0" inconclusive="0" skipped="0" asserts="0">
            <properties />
            <test-case id="1113" name="T06_PrefabExists(&quot;Assets/Prefabs/Mario.prefab&quot;)" fullname="Tests.Testat05.T06_PrefabExists(&quot;Assets/Prefabs/Mario.prefab&quot;)" methodname="T06_PrefabExists" classname="Tests.Testat05" runstate="Runnable" seed="71840008" result="Passed" start-time="2020-12-18 16:00:51Z" end-time="2020-12-18 16:00:51Z" duration="0.001109" asserts="0">
              <properties />
            </test-case>
            <test-case id="1114" name="T06_PrefabExists(&quot;Assets/Prefabs/Platform_Ice.prefab&quot;)" fullname="Tests.Testat05.T06_PrefabExists(&quot;Assets/Prefabs/Platform_Ice.prefab&quot;)" methodname="T06_PrefabExists" classname="Tests.Testat05" runstate="Runnable" seed="178678688" result="Passed" start-time="2020-12-18 16:00:51Z" end-time="2020-12-18 16:00:51Z" duration="0.001004" asserts="0">
              <properties />
            </test-case>
            <test-case id="1115" name="T06_PrefabExists(&quot;Assets/Prefabs/Platform_Metal.prefab&quot;)" fullname="Tests.Testat05.T06_PrefabExists(&quot;Assets/Prefabs/Platform_Metal.prefab&quot;)" methodname="T06_PrefabExists" classname="Tests.Testat05" runstate="Runnable" seed="1908890820" result="Passed" start-time="2020-12-18 16:00:51Z" end-time="2020-12-18 16:00:51Z" duration="0.001804" asserts="0">
              <properties />
            </test-case>
            <test-case id="1116" name="T06_PrefabExists(&quot;Assets/Prefabs/Platform_Dirt.prefab&quot;)" fullname="Tests.Testat05.T06_PrefabExists(&quot;Assets/Prefabs/Platform_Dirt.prefab&quot;)" methodname="T06_PrefabExists" classname="Tests.Testat05" runstate="Runnable" seed="416798246" result="Passed" start-time="2020-12-18 16:00:51Z" end-time="2020-12-18 16:00:51Z" duration="0.001168" asserts="0">
              <properties />
            </test-case>
          </test-suite>
          <test-case id="1131" name="T07a_SceneExists" fullname="Tests.Testat05.T07a_SceneExists" methodname="T07a_SceneExists" classname="Tests.Testat05" runstate="Runnable" seed="1209145348" result="Passed" start-time="2020-12-18 16:00:51Z" end-time="2020-12-18 16:00:51Z" duration="0.002062" asserts="0">
            <properties />
          </test-case>
          <test-case id="1132" name="T07b_PrefabInstancesExistInScene" fullname="Tests.Testat05.T07b_PrefabInstancesExistInScene" methodname="T07b_PrefabInstancesExistInScene" classname="Tests.Testat05" runstate="Runnable" seed="1901868462" result="Failed" label="Error" start-time="2020-12-18 16:00:51Z" end-time="2020-12-18 16:00:52Z" duration="0.364847" asserts="0">
            <properties>
              <property name="_JOINTYPE" value="UnityCombinatorial" />
            </properties>
            <failure>
              <message><![CDATA[System.NullReferenceException : Object reference not set to an instance of an object]]></message>
              <stack-trace><![CDATA[  at Tests.MethodBridge`1[T].Invoke (System.Object[] args) [0x0002c] in C:\Unity\workspace\2020WS.UnityPP.PietzkepopovRose\Assets\Tests\MethodBridge.cs:20 
  at Tests.Testat05+MarioBridge.GetCurrentAcceleration () [0x00001] in C:\Unity\workspace\2020WS.UnityPP.PietzkepopovRose\Assets\Tests\Testat05.cs:42 
  at Tests.Testat05+<T07b_PrefabInstancesExistInScene>d__30.MoveNext () [0x003d8] in C:\Unity\workspace\2020WS.UnityPP.PietzkepopovRose\Assets\Tests\Testat05.cs:371 
  at UnityEngine.TestTools.TestEnumerator+<Execute>d__6.MoveNext () [0x0004c] in C:\Unity\workspace\2020WS.UnityPP.PietzkepopovRose\Library\PackageCache\com.unity.test-framework@1.1.18\UnityEngine.TestRunner\NUnitExtensions\Attributes\TestEnumerator.cs:36 ]]></stack-trace>
            </failure>
          </test-case>
        </test-suite>
        <test-suite type="TestFixture" id="1133" name="Testat06" fullname="Tests.Testat06" classname="Tests.Testat06" runstate="Runnable" testcasecount="19" result="Passed" start-time="2020-12-18 16:00:52Z" end-time="2020-12-18 16:01:55Z" duration="63.139940" total="19" passed="19" failed="0" inconclusive="0" skipped="0" asserts="0">
          <properties />
          <test-suite type="ParameterizedMethod" id="1139" name="T01_PrefabExists" fullname="Tests.Testat06.T01_PrefabExists" classname="Tests.Testat06" runstate="Runnable" testcasecount="5" result="Passed" start-time="2020-12-18 16:00:52Z" end-time="2020-12-18 16:00:52Z" duration="0.014154" total="5" passed="5" failed="0" inconclusive="0" skipped="0" asserts="0">
            <properties />
            <test-case id="1134" name="T01_PrefabExists(&quot;Assets/Prefabs/Mario.prefab&quot;)" fullname="Tests.Testat06.T01_PrefabExists(&quot;Assets/Prefabs/Mario.prefab&quot;)" methodname="T01_PrefabExists" classname="Tests.Testat06" runstate="Runnable" seed="2100648918" result="Passed" start-time="2020-12-18 16:00:52Z" end-time="2020-12-18 16:00:52Z" duration="0.001255" asserts="0">
              <properties />
            </test-case>
            <test-case id="1135" name="T01_PrefabExists(&quot;Assets/Prefabs/Platform_Ice.prefab&quot;)" fullname="Tests.Testat06.T01_PrefabExists(&quot;Assets/Prefabs/Platform_Ice.prefab&quot;)" methodname="T01_PrefabExists" classname="Tests.Testat06" runstate="Runnable" seed="936369108" result="Passed" start-time="2020-12-18 16:00:52Z" end-time="2020-12-18 16:00:52Z" duration="0.002665" asserts="0">
              <properties />
            </test-case>
            <test-case id="1136" name="T01_PrefabExists(&quot;Assets/Prefabs/Platform_Metal.prefab&quot;)" fullname="Tests.Testat06.T01_PrefabExists(&quot;Assets/Prefabs/Platform_Metal.prefab&quot;)" methodname="T01_PrefabExists" classname="Tests.Testat06" runstate="Runnable" seed="1415684199" result="Passed" start-time="2020-12-18 16:00:52Z" end-time="2020-12-18 16:00:52Z" duration="0.001844" asserts="0">
              <properties />
            </test-case>
            <test-case id="1137" name="T01_PrefabExists(&quot;Assets/Prefabs/Platform_Dirt.prefab&quot;)" fullname="Tests.Testat06.T01_PrefabExists(&quot;Assets/Prefabs/Platform_Dirt.prefab&quot;)" methodname="T01_PrefabExists" classname="Tests.Testat06" runstate="Runnable" seed="1903637586" result="Passed" start-time="2020-12-18 16:00:52Z" end-time="2020-12-18 16:00:52Z" duration="0.001080" asserts="0">
              <properties />
            </test-case>
            <test-case id="1138" name="T01_PrefabExists(&quot;Assets/Prefabs/ContactParticles.prefab&quot;)" fullname="Tests.Testat06.T01_PrefabExists(&quot;Assets/Prefabs/ContactParticles.prefab&quot;)" methodname="T01_PrefabExists" classname="Tests.Testat06" runstate="Runnable" seed="1373855383" result="Passed" start-time="2020-12-18 16:00:52Z" end-time="2020-12-18 16:00:52Z" duration="0.001012" asserts="0">
              <properties />
            </test-case>
          </test-suite>
          <test-case id="1140" name="T02_ContactParticlesPrefab" fullname="Tests.Testat06.T02_ContactParticlesPrefab" methodname="T02_ContactParticlesPrefab" classname="Tests.Testat06" runstate="Runnable" seed="1887574278" result="Passed" start-time="2020-12-18 16:00:52Z" end-time="2020-12-18 16:00:52Z" duration="0.011893" asserts="0">
            <properties />
          </test-case>
          <test-case id="1141" name="T03a_MarioPrefab" fullname="Tests.Testat06.T03a_MarioPrefab" methodname="T03a_MarioPrefab" classname="Tests.Testat06" runstate="Runnable" seed="107951379" result="Passed" start-time="2020-12-18 16:00:52Z" end-time="2020-12-18 16:00:52Z" duration="0.002217" asserts="0">
            <properties />
          </test-case>
          <test-suite type="ParameterizedMethod" id="1148" name="T03b_ContactParticleSpawn" fullname="Tests.Testat06.T03b_ContactParticleSpawn" classname="Tests.Testat06" runstate="Runnable" testcasecount="6" result="Passed" start-time="2020-12-18 16:00:52Z" end-time="2020-12-18 16:01:24Z" duration="32.522455" total="6" passed="6" failed="0" inconclusive="0" skipped="0" asserts="0">
            <properties>
              <property name="_JOINTYPE" value="UnityCombinatorial" />
            </properties>
            <test-case id="1142" name="T03b_ContactParticleSpawn(&quot;Assets/Prefabs/Platform_Ice.prefab&quot;,((0.0, 0.0, 0.0), (0.0, 2.0, 0.0)))" fullname="Tests.Testat06.T03b_ContactParticleSpawn(&quot;Assets/Prefabs/Platform_Ice.prefab&quot;,((0.0, 0.0, 0.0), (0.0, 2.0, 0.0)))" methodname="T03b_ContactParticleSpawn" classname="Tests.Testat06" runstate="Runnable" seed="1206810691" result="Passed" start-time="2020-12-18 16:00:52Z" end-time="2020-12-18 16:00:57Z" duration="5.419986" asserts="0">
              <properties />
            </test-case>
            <test-case id="1143" name="T03b_ContactParticleSpawn(&quot;Assets/Prefabs/Platform_Ice.prefab&quot;,((1.2, -1.0, 0.0), (1.4, 1.0, 0.0)))" fullname="Tests.Testat06.T03b_ContactParticleSpawn(&quot;Assets/Prefabs/Platform_Ice.prefab&quot;,((1.2, -1.0, 0.0), (1.4, 1.0, 0.0)))" methodname="T03b_ContactParticleSpawn" classname="Tests.Testat06" runstate="Runnable" seed="1608076490" result="Passed" start-time="2020-12-18 16:00:57Z" end-time="2020-12-18 16:01:02Z" duration="5.418286" asserts="0">
              <properties />
            </test-case>
            <test-case id="1144" name="T03b_ContactParticleSpawn(&quot;Assets/Prefabs/Platform_Metal.prefab&quot;,((0.0, 0.0, 0.0), (0.0, 2.0, 0.0)))" fullname="Tests.Testat06.T03b_ContactParticleSpawn(&quot;Assets/Prefabs/Platform_Metal.prefab&quot;,((0.0, 0.0, 0.0), (0.0, 2.0, 0.0)))" methodname="T03b_ContactParticleSpawn" classname="Tests.Testat06" runstate="Runnable" seed="1180440629" result="Passed" start-time="2020-12-18 16:01:02Z" end-time="2020-12-18 16:01:08Z" duration="5.418968" asserts="0">
              <properties />
            </test-case>
            <test-case id="1145" name="T03b_ContactParticleSpawn(&quot;Assets/Prefabs/Platform_Metal.prefab&quot;,((1.2, -1.0, 0.0), (1.4, 1.0, 0.0)))" fullname="Tests.Testat06.T03b_ContactParticleSpawn(&quot;Assets/Prefabs/Platform_Metal.prefab&quot;,((1.2, -1.0, 0.0), (1.4, 1.0, 0.0)))" methodname="T03b_ContactParticleSpawn" classname="Tests.Testat06" runstate="Runnable" seed="1768848699" result="Passed" start-time="2020-12-18 16:01:08Z" end-time="2020-12-18 16:01:13Z" duration="5.419190" asserts="0">
              <properties />
            </test-case>
            <test-case id="1146" name="T03b_ContactParticleSpawn(&quot;Assets/Prefabs/Platform_Dirt.prefab&quot;,((0.0, 0.0, 0.0), (0.0, 2.0, 0.0)))" fullname="Tests.Testat06.T03b_ContactParticleSpawn(&quot;Assets/Prefabs/Platform_Dirt.prefab&quot;,((0.0, 0.0, 0.0), (0.0, 2.0, 0.0)))" methodname="T03b_ContactParticleSpawn" classname="Tests.Testat06" runstate="Runnable" seed="945428224" result="Passed" start-time="2020-12-18 16:01:13Z" end-time="2020-12-18 16:01:19Z" duration="5.419104" asserts="0">
              <properties />
            </test-case>
            <test-case id="1147" name="T03b_ContactParticleSpawn(&quot;Assets/Prefabs/Platform_Dirt.prefab&quot;,((1.2, -1.0, 0.0), (1.4, 1.0, 0.0)))" fullname="Tests.Testat06.T03b_ContactParticleSpawn(&quot;Assets/Prefabs/Platform_Dirt.prefab&quot;,((1.2, -1.0, 0.0), (1.4, 1.0, 0.0)))" methodname="T03b_ContactParticleSpawn" classname="Tests.Testat06" runstate="Runnable" seed="1517906241" result="Passed" start-time="2020-12-18 16:01:19Z" end-time="2020-12-18 16:01:24Z" duration="5.418928" asserts="0">
              <properties />
            </test-case>
          </test-suite>
          <test-suite type="ParameterizedMethod" id="1155" name="T04_PlatformBug" fullname="Tests.Testat06.T04_PlatformBug" classname="Tests.Testat06" runstate="Runnable" testcasecount="6" result="Passed" start-time="2020-12-18 16:01:24Z" end-time="2020-12-18 16:01:55Z" duration="30.575142" total="6" passed="6" failed="0" inconclusive="0" skipped="0" asserts="0">
            <properties>
              <property name="_JOINTYPE" value="UnityCombinatorial" />
            </properties>
            <test-case id="1149" name="T04_PlatformBug(&quot;Assets/Prefabs/Platform_Ice.prefab&quot;,((0.0, 1.0, 0.0), False))" fullname="Tests.Testat06.T04_PlatformBug(&quot;Assets/Prefabs/Platform_Ice.prefab&quot;,((0.0, 1.0, 0.0), False))" methodname="T04_PlatformBug" classname="Tests.Testat06" runstate="Runnable" seed="1653422785" result="Passed" start-time="2020-12-18 16:01:24Z" end-time="2020-12-18 16:01:29Z" duration="5.092617" asserts="0">
              <properties />
            </test-case>
            <test-case id="1150" name="T04_PlatformBug(&quot;Assets/Prefabs/Platform_Ice.prefab&quot;,((0.0, -1.0, 0.0), True))" fullname="Tests.Testat06.T04_PlatformBug(&quot;Assets/Prefabs/Platform_Ice.prefab&quot;,((0.0, -1.0, 0.0), True))" methodname="T04_PlatformBug" classname="Tests.Testat06" runstate="Runnable" seed="629475272" result="Passed" start-time="2020-12-18 16:01:29Z" end-time="2020-12-18 16:01:34Z" duration="5.098736" asserts="0">
              <properties />
            </test-case>
            <test-case id="1151" name="T04_PlatformBug(&quot;Assets/Prefabs/Platform_Metal.prefab&quot;,((0.0, 1.0, 0.0), False))" fullname="Tests.Testat06.T04_PlatformBug(&quot;Assets/Prefabs/Platform_Metal.prefab&quot;,((0.0, 1.0, 0.0), False))" methodname="T04_PlatformBug" classname="Tests.Testat06" runstate="Runnable" seed="1348305500" result="Passed" start-time="2020-12-18 16:01:34Z" end-time="2020-12-18 16:01:39Z" duration="5.079480" asserts="0">
              <properties />
            </test-case>
            <test-case id="1152" name="T04_PlatformBug(&quot;Assets/Prefabs/Platform_Metal.prefab&quot;,((0.0, -1.0, 0.0), True))" fullname="Tests.Testat06.T04_PlatformBug(&quot;Assets/Prefabs/Platform_Metal.prefab&quot;,((0.0, -1.0, 0.0), True))" methodname="T04_PlatformBug" classname="Tests.Testat06" runstate="Runnable" seed="425524986" result="Passed" start-time="2020-12-18 16:01:39Z" end-time="2020-12-18 16:01:45Z" duration="5.099642" asserts="0">
              <properties />
            </test-case>
            <test-case id="1153" name="T04_PlatformBug(&quot;Assets/Prefabs/Platform_Dirt.prefab&quot;,((0.0, 1.0, 0.0), False))" fullname="Tests.Testat06.T04_PlatformBug(&quot;Assets/Prefabs/Platform_Dirt.prefab&quot;,((0.0, 1.0, 0.0), False))" methodname="T04_PlatformBug" classname="Tests.Testat06" runstate="Runnable" seed="1676856645" result="Passed" start-time="2020-12-18 16:01:45Z" end-time="2020-12-18 16:01:50Z" duration="5.098428" asserts="0">
              <properties />
            </test-case>
            <test-case id="1154" name="T04_PlatformBug(&quot;Assets/Prefabs/Platform_Dirt.prefab&quot;,((0.0, -1.0, 0.0), True))" fullname="Tests.Testat06.T04_PlatformBug(&quot;Assets/Prefabs/Platform_Dirt.prefab&quot;,((0.0, -1.0, 0.0), True))" methodname="T04_PlatformBug" classname="Tests.Testat06" runstate="Runnable" seed="111623397" result="Passed" start-time="2020-12-18 16:01:50Z" end-time="2020-12-18 16:01:55Z" duration="5.099160" asserts="0">
              <properties />
            </test-case>
          </test-suite>
        </test-suite>
      </test-suite>
    </test-suite>
    <test-suite type="Assembly" id="1160" name="Unity.InputSystem.IntegrationTests.dll" fullname="C:/Unity/workspace/2020WS.UnityPP.PietzkepopovRose/Library/ScriptAssemblies/Unity.InputSystem.IntegrationTests.dll" runstate="Runnable" testcasecount="1" result="Passed" start-time="2020-12-18 16:01:55Z" end-time="2020-12-18 16:01:55Z" duration="0.022985" total="1" passed="1" failed="0" inconclusive="0" skipped="0" asserts="0">
      <properties>
        <property name="_PID" value="11464" />
        <property name="_APPDOMAIN" value="Unity Child Domain" />
        <property name="platform" value="PlayMode" />
      </properties>
      <test-suite type="TestFixture" id="1158" name="IntegrationTests" fullname="IntegrationTests" classname="IntegrationTests" runstate="Runnable" testcasecount="1" result="Passed" start-time="2020-12-18 16:01:55Z" end-time="2020-12-18 16:01:55Z" duration="0.021304" total="1" passed="1" failed="0" inconclusive="0" skipped="0" asserts="0">
        <properties />
        <test-case id="1159" name="Integration_CanSendAndReceiveEvents" fullname="IntegrationTests.Integration_CanSendAndReceiveEvents" methodname="Integration_CanSendAndReceiveEvents" classname="IntegrationTests" runstate="Runnable" seed="1655619285" result="Passed" start-time="2020-12-18 16:01:55Z" end-time="2020-12-18 16:01:55Z" duration="0.019626" asserts="0">
          <properties>
            <property name="Category" value="Integration" />
          </properties>
        </test-case>
      </test-suite>
    </test-suite>
  </test-suite>
</test-run>