<?xml version="1.0"?>
<report><test-id>Testat01</test-id><test-id>Testat02</test-id><test-id>Testat03</test-id><test-id>Testat04</test-id><test-id>Testat05</test-id><test-id>Testat06</test-id><test-id>Testat07</test-id><test-id>Testat08</test-id><test-id>Testat09</test-id><test-id>Testat10</test-id><test-id>Testat11</test-id><test-id>Testat12</test-id><test-id>Testat13</test-id><repository name="Faulo-Empty" href="https://github.com/Faulo/UnityPP2020-Empty" master="" path="C:\Unity\workspace\2020WS.UnityPP.Faulo-Empty" results="C:\Webserver\htdocs\workspace\devtools\unity-pp\results\Faulo-Empty.xml" unity="C:\Unity\workspace\2020WS.UnityPP.Faulo-Empty" company="bt@uni-bayreuth.de"><test-run id="2" testcasecount="98" result="Failed(Child)" total="98" passed="89" failed="9" inconclusive="0" skipped="0" asserts="0" engine-version="3.5.0.0" clr-version="4.0.30319.42000" start-time="2020-12-01 20:28:14Z" end-time="2020-12-01 20:28:24Z" duration="9,6782415">
  <test-suite type="TestSuite" id="1000" name="2020WS.UnityPP" fullname="2020WS.UnityPP" runstate="Runnable" testcasecount="98" result="Failed" site="Child" start-time="2020-12-01 20:28:14Z" end-time="2020-12-01 20:28:24Z" duration="9.678242" total="98" passed="89" failed="9" inconclusive="0" skipped="0" asserts="0">
    <properties/>
    <failure>
      <message><![CDATA[One or more child tests had errors]]></message>
    </failure>
    <test-suite type="Assembly" id="1112" name="Tests.dll" fullname="C:/Unity/workspace/2020WS.UnityPP.Faulo-Empty/Library/ScriptAssemblies/Tests.dll" runstate="Runnable" testcasecount="97" result="Failed" site="Child" start-time="2020-12-01 20:28:14Z" end-time="2020-12-01 20:28:24Z" duration="9.579991" total="97" passed="88" failed="9" inconclusive="0" skipped="0" asserts="0">
      <properties>
        <property name="_PID" value="15544"/>
        <property name="_APPDOMAIN" value="Unity Child Domain"/>
        <property name="platform" value="PlayMode"/>
      </properties>
      <failure>
        <message><![CDATA[One or more child tests had errors]]></message>
      </failure>
      <test-suite type="TestSuite" id="1113" name="Tests" fullname="Tests" runstate="Runnable" testcasecount="97" result="Failed" site="Child" start-time="2020-12-01 20:28:14Z" end-time="2020-12-01 20:28:24Z" duration="9.517834" total="97" passed="88" failed="9" inconclusive="0" skipped="0" asserts="0">
        <properties/>
        <failure>
          <message><![CDATA[One or more child tests had errors]]></message>
        </failure>
        <test-suite type="TestFixture" id="1001" name="Testat01" fullname="Tests.Testat01" classname="Tests.Testat01" runstate="Runnable" testcasecount="4" result="Passed" start-time="2020-12-01 20:28:14Z" end-time="2020-12-01 20:28:14Z" duration="0.118615" total="4" passed="4" failed="0" inconclusive="0" skipped="0" asserts="0">
          <properties/>
          <test-case id="1003" name="TestGitInitialized" fullname="Tests.Testat01.TestGitInitialized" methodname="TestGitInitialized" classname="Tests.Testat01" runstate="Runnable" seed="1574270224" result="Passed" start-time="2020-12-01 20:28:14Z" end-time="2020-12-01 20:28:14Z" duration="0.017335" asserts="0">
            <properties/>
          </test-case>
          <test-case id="1005" name="TestHelloWorldLog" fullname="Tests.Testat01.TestHelloWorldLog" methodname="TestHelloWorldLog" classname="Tests.Testat01" runstate="Runnable" seed="327447839" result="Passed" start-time="2020-12-01 20:28:14Z" end-time="2020-12-01 20:28:14Z" duration="0.074617" asserts="0">
            <properties>
              <property name="_JOINTYPE" value="UnityCombinatorial"/>
            </properties>
            <output><![CDATA[Hallo Welt!
]]></output>
          </test-case>
          <test-case id="1004" name="TestSceneExists" fullname="Tests.Testat01.TestSceneExists" methodname="TestSceneExists" classname="Tests.Testat01" runstate="Runnable" seed="2007355349" result="Passed" start-time="2020-12-01 20:28:14Z" end-time="2020-12-01 20:28:14Z" duration="0.001178" asserts="0">
            <properties/>
          </test-case>
          <test-case id="1002" name="TestUnityVersion" fullname="Tests.Testat01.TestUnityVersion" methodname="TestUnityVersion" classname="Tests.Testat01" runstate="Runnable" seed="1771804440" result="Passed" start-time="2020-12-01 20:28:14Z" end-time="2020-12-01 20:28:14Z" duration="0.000903" asserts="0">
            <properties/>
          </test-case>
        </test-suite>
        <test-suite type="TestFixture" id="1006" name="Testat02" fullname="Tests.Testat02" classname="Tests.Testat02" runstate="Runnable" testcasecount="62" result="Passed" start-time="2020-12-01 20:28:14Z" end-time="2020-12-01 20:28:19Z" duration="4.765533" total="62" passed="62" failed="0" inconclusive="0" skipped="0" asserts="0">
          <properties/>
          <test-case id="1012" name="TestAvatarExists" fullname="Tests.Testat02.TestAvatarExists" methodname="TestAvatarExists" classname="Tests.Testat02" runstate="Runnable" seed="1835979480" result="Passed" start-time="2020-12-01 20:28:14Z" end-time="2020-12-01 20:28:14Z" duration="0.054749" asserts="0">
            <properties>
              <property name="_JOINTYPE" value="UnityCombinatorial"/>
            </properties>
          </test-case>
          <test-suite type="ParameterizedMethod" id="1021" name="TestAvatarInput" fullname="Tests.Testat02.TestAvatarInput" classname="Tests.Testat02" runstate="Runnable" testcasecount="8" result="Passed" start-time="2020-12-01 20:28:14Z" end-time="2020-12-01 20:28:15Z" duration="0.796123" total="8" passed="8" failed="0" inconclusive="0" skipped="0" asserts="0">
            <properties>
              <property name="_JOINTYPE" value="UnityCombinatorial"/>
            </properties>
            <test-case id="1013" name="TestAvatarInput(upArrow)" fullname="Tests.Testat02.TestAvatarInput(upArrow)" methodname="TestAvatarInput" classname="Tests.Testat02" runstate="Runnable" seed="1215505455" result="Passed" start-time="2020-12-01 20:28:14Z" end-time="2020-12-01 20:28:14Z" duration="0.092713" asserts="0">
              <properties/>
            </test-case>
            <test-case id="1014" name="TestAvatarInput(downArrow)" fullname="Tests.Testat02.TestAvatarInput(downArrow)" methodname="TestAvatarInput" classname="Tests.Testat02" runstate="Runnable" seed="1975883695" result="Passed" start-time="2020-12-01 20:28:14Z" end-time="2020-12-01 20:28:15Z" duration="0.099521" asserts="0">
              <properties/>
            </test-case>
            <test-case id="1015" name="TestAvatarInput(leftArrow)" fullname="Tests.Testat02.TestAvatarInput(leftArrow)" methodname="TestAvatarInput" classname="Tests.Testat02" runstate="Runnable" seed="452546055" result="Passed" start-time="2020-12-01 20:28:15Z" end-time="2020-12-01 20:28:15Z" duration="0.099110" asserts="0">
              <properties/>
            </test-case>
            <test-case id="1016" name="TestAvatarInput(rightArrow)" fullname="Tests.Testat02.TestAvatarInput(rightArrow)" methodname="TestAvatarInput" classname="Tests.Testat02" runstate="Runnable" seed="544307011" result="Passed" start-time="2020-12-01 20:28:15Z" end-time="2020-12-01 20:28:15Z" duration="0.099391" asserts="0">
              <properties/>
            </test-case>
            <test-case id="1017" name="TestAvatarInput(upArrow+rightArrow)" fullname="Tests.Testat02.TestAvatarInput(upArrow+rightArrow)" methodname="TestAvatarInput" classname="Tests.Testat02" runstate="Runnable" seed="1567674844" result="Passed" start-time="2020-12-01 20:28:15Z" end-time="2020-12-01 20:28:15Z" duration="0.099697" asserts="0">
              <properties/>
            </test-case>
            <test-case id="1018" name="TestAvatarInput(downArrow+rightArrow)" fullname="Tests.Testat02.TestAvatarInput(downArrow+rightArrow)" methodname="TestAvatarInput" classname="Tests.Testat02" runstate="Runnable" seed="546808038" result="Passed" start-time="2020-12-01 20:28:15Z" end-time="2020-12-01 20:28:15Z" duration="0.099377" asserts="0">
              <properties/>
            </test-case>
            <test-case id="1019" name="TestAvatarInput(upArrow+leftArrow)" fullname="Tests.Testat02.TestAvatarInput(upArrow+leftArrow)" methodname="TestAvatarInput" classname="Tests.Testat02" runstate="Runnable" seed="2014121347" result="Passed" start-time="2020-12-01 20:28:15Z" end-time="2020-12-01 20:28:15Z" duration="0.099385" asserts="0">
              <properties/>
            </test-case>
            <test-case id="1020" name="TestAvatarInput(downArrow+leftArrow)" fullname="Tests.Testat02.TestAvatarInput(downArrow+leftArrow)" methodname="TestAvatarInput" classname="Tests.Testat02" runstate="Runnable" seed="1870684547" result="Passed" start-time="2020-12-01 20:28:15Z" end-time="2020-12-01 20:28:15Z" duration="0.099705" asserts="0">
              <properties/>
            </test-case>
          </test-suite>
          <test-case id="1022" name="TestAvatarSpeedFieldExists" fullname="Tests.Testat02.TestAvatarSpeedFieldExists" methodname="TestAvatarSpeedFieldExists" classname="Tests.Testat02" runstate="Runnable" seed="813894590" result="Passed" start-time="2020-12-01 20:28:15Z" end-time="2020-12-01 20:28:15Z" duration="0.035398" asserts="0">
            <properties>
              <property name="_JOINTYPE" value="UnityCombinatorial"/>
            </properties>
          </test-case>
          <test-suite type="ParameterizedMethod" id="1071" name="TestAvatarSpeedFieldWorks" fullname="Tests.Testat02.TestAvatarSpeedFieldWorks" classname="Tests.Testat02" runstate="Runnable" testcasecount="48" result="Passed" start-time="2020-12-01 20:28:15Z" end-time="2020-12-01 20:28:19Z" duration="3.840466" total="48" passed="48" failed="0" inconclusive="0" skipped="0" asserts="0">
            <properties>
              <property name="_JOINTYPE" value="UnityCombinatorial"/>
            </properties>
            <test-case id="1023" name="TestAvatarSpeedFieldWorks(upArrow,0.0f,0)" fullname="Tests.Testat02.TestAvatarSpeedFieldWorks(upArrow,0.0f,0)" methodname="TestAvatarSpeedFieldWorks" classname="Tests.Testat02" runstate="Runnable" seed="480613595" result="Passed" start-time="2020-12-01 20:28:15Z" end-time="2020-12-01 20:28:15Z" duration="0.034506" asserts="0">
              <properties/>
            </test-case>
            <test-case id="1024" name="TestAvatarSpeedFieldWorks(upArrow,0.0f,2)" fullname="Tests.Testat02.TestAvatarSpeedFieldWorks(upArrow,0.0f,2)" methodname="TestAvatarSpeedFieldWorks" classname="Tests.Testat02" runstate="Runnable" seed="2090137049" result="Passed" start-time="2020-12-01 20:28:15Z" end-time="2020-12-01 20:28:15Z" duration="0.072219" asserts="0">
              <properties/>
            </test-case>
            <test-case id="1025" name="TestAvatarSpeedFieldWorks(upArrow,0.0f,4)" fullname="Tests.Testat02.TestAvatarSpeedFieldWorks(upArrow,0.0f,4)" methodname="TestAvatarSpeedFieldWorks" classname="Tests.Testat02" runstate="Runnable" seed="1217195010" result="Passed" start-time="2020-12-01 20:28:15Z" end-time="2020-12-01 20:28:15Z" duration="0.119455" asserts="0">
              <properties/>
            </test-case>
            <test-case id="1026" name="TestAvatarSpeedFieldWorks(upArrow,5.0f,0)" fullname="Tests.Testat02.TestAvatarSpeedFieldWorks(upArrow,5.0f,0)" methodname="TestAvatarSpeedFieldWorks" classname="Tests.Testat02" runstate="Runnable" seed="215487749" result="Passed" start-time="2020-12-01 20:28:15Z" end-time="2020-12-01 20:28:15Z" duration="0.039322" asserts="0">
              <properties/>
            </test-case>
            <test-case id="1027" name="TestAvatarSpeedFieldWorks(upArrow,5.0f,2)" fullname="Tests.Testat02.TestAvatarSpeedFieldWorks(upArrow,5.0f,2)" methodname="TestAvatarSpeedFieldWorks" classname="Tests.Testat02" runstate="Runnable" seed="673658939" result="Passed" start-time="2020-12-01 20:28:15Z" end-time="2020-12-01 20:28:16Z" duration="0.079478" asserts="0">
              <properties/>
            </test-case>
            <test-case id="1028" name="TestAvatarSpeedFieldWorks(upArrow,5.0f,4)" fullname="Tests.Testat02.TestAvatarSpeedFieldWorks(upArrow,5.0f,4)" methodname="TestAvatarSpeedFieldWorks" classname="Tests.Testat02" runstate="Runnable" seed="734294461" result="Passed" start-time="2020-12-01 20:28:16Z" end-time="2020-12-01 20:28:16Z" duration="0.119355" asserts="0">
              <properties/>
            </test-case>
            <test-case id="1029" name="TestAvatarSpeedFieldWorks(downArrow,0.0f,0)" fullname="Tests.Testat02.TestAvatarSpeedFieldWorks(downArrow,0.0f,0)" methodname="TestAvatarSpeedFieldWorks" classname="Tests.Testat02" runstate="Runnable" seed="647349532" result="Passed" start-time="2020-12-01 20:28:16Z" end-time="2020-12-01 20:28:16Z" duration="0.039648" asserts="0">
              <properties/>
            </test-case>
            <test-case id="1030" name="TestAvatarSpeedFieldWorks(downArrow,0.0f,2)" fullname="Tests.Testat02.TestAvatarSpeedFieldWorks(downArrow,0.0f,2)" methodname="TestAvatarSpeedFieldWorks" classname="Tests.Testat02" runstate="Runnable" seed="509560544" result="Passed" start-time="2020-12-01 20:28:16Z" end-time="2020-12-01 20:28:16Z" duration="0.079306" asserts="0">
              <properties/>
            </test-case>
            <test-case id="1031" name="TestAvatarSpeedFieldWorks(downArrow,0.0f,4)" fullname="Tests.Testat02.TestAvatarSpeedFieldWorks(downArrow,0.0f,4)" methodname="TestAvatarSpeedFieldWorks" classname="Tests.Testat02" runstate="Runnable" seed="1817233952" result="Passed" start-time="2020-12-01 20:28:16Z" end-time="2020-12-01 20:28:16Z" duration="0.119346" asserts="0">
              <properties/>
            </test-case>
            <test-case id="1032" name="TestAvatarSpeedFieldWorks(downArrow,5.0f,0)" fullname="Tests.Testat02.TestAvatarSpeedFieldWorks(downArrow,5.0f,0)" methodname="TestAvatarSpeedFieldWorks" classname="Tests.Testat02" runstate="Runnable" seed="1679753111" result="Passed" start-time="2020-12-01 20:28:16Z" end-time="2020-12-01 20:28:16Z" duration="0.039220" asserts="0">
              <properties/>
            </test-case>
            <test-case id="1033" name="TestAvatarSpeedFieldWorks(downArrow,5.0f,2)" fullname="Tests.Testat02.TestAvatarSpeedFieldWorks(downArrow,5.0f,2)" methodname="TestAvatarSpeedFieldWorks" classname="Tests.Testat02" runstate="Runnable" seed="61049430" result="Passed" start-time="2020-12-01 20:28:16Z" end-time="2020-12-01 20:28:16Z" duration="0.079549" asserts="0">
              <properties/>
            </test-case>
            <test-case id="1034" name="TestAvatarSpeedFieldWorks(downArrow,5.0f,4)" fullname="Tests.Testat02.TestAvatarSpeedFieldWorks(downArrow,5.0f,4)" methodname="TestAvatarSpeedFieldWorks" classname="Tests.Testat02" runstate="Runnable" seed="1639282696" result="Passed" start-time="2020-12-01 20:28:16Z" end-time="2020-12-01 20:28:16Z" duration="0.119215" asserts="0">
              <properties/>
            </test-case>
            <test-case id="1035" name="TestAvatarSpeedFieldWorks(leftArrow,0.0f,0)" fullname="Tests.Testat02.TestAvatarSpeedFieldWorks(leftArrow,0.0f,0)" methodname="TestAvatarSpeedFieldWorks" classname="Tests.Testat02" runstate="Runnable" seed="427526210" result="Passed" start-time="2020-12-01 20:28:16Z" end-time="2020-12-01 20:28:16Z" duration="0.039334" asserts="0">
              <properties/>
            </test-case>
            <test-case id="1036" name="TestAvatarSpeedFieldWorks(leftArrow,0.0f,2)" fullname="Tests.Testat02.TestAvatarSpeedFieldWorks(leftArrow,0.0f,2)" methodname="TestAvatarSpeedFieldWorks" classname="Tests.Testat02" runstate="Runnable" seed="749288877" result="Passed" start-time="2020-12-01 20:28:16Z" end-time="2020-12-01 20:28:16Z" duration="0.079611" asserts="0">
              <properties/>
            </test-case>
            <test-case id="1037" name="TestAvatarSpeedFieldWorks(leftArrow,0.0f,4)" fullname="Tests.Testat02.TestAvatarSpeedFieldWorks(leftArrow,0.0f,4)" methodname="TestAvatarSpeedFieldWorks" classname="Tests.Testat02" runstate="Runnable" seed="1735964365" result="Passed" start-time="2020-12-01 20:28:16Z" end-time="2020-12-01 20:28:16Z" duration="0.119248" asserts="0">
              <properties/>
            </test-case>
            <test-case id="1038" name="TestAvatarSpeedFieldWorks(leftArrow,5.0f,0)" fullname="Tests.Testat02.TestAvatarSpeedFieldWorks(leftArrow,5.0f,0)" methodname="TestAvatarSpeedFieldWorks" classname="Tests.Testat02" runstate="Runnable" seed="185568650" result="Passed" start-time="2020-12-01 20:28:16Z" end-time="2020-12-01 20:28:16Z" duration="0.039270" asserts="0">
              <properties/>
            </test-case>
            <test-case id="1039" name="TestAvatarSpeedFieldWorks(leftArrow,5.0f,2)" fullname="Tests.Testat02.TestAvatarSpeedFieldWorks(leftArrow,5.0f,2)" methodname="TestAvatarSpeedFieldWorks" classname="Tests.Testat02" runstate="Runnable" seed="1655441906" result="Passed" start-time="2020-12-01 20:28:16Z" end-time="2020-12-01 20:28:17Z" duration="0.079745" asserts="0">
              <properties/>
            </test-case>
            <test-case id="1040" name="TestAvatarSpeedFieldWorks(leftArrow,5.0f,4)" fullname="Tests.Testat02.TestAvatarSpeedFieldWorks(leftArrow,5.0f,4)" methodname="TestAvatarSpeedFieldWorks" classname="Tests.Testat02" runstate="Runnable" seed="833561286" result="Passed" start-time="2020-12-01 20:28:17Z" end-time="2020-12-01 20:28:17Z" duration="0.119270" asserts="0">
              <properties/>
            </test-case>
            <test-case id="1041" name="TestAvatarSpeedFieldWorks(rightArrow,0.0f,0)" fullname="Tests.Testat02.TestAvatarSpeedFieldWorks(rightArrow,0.0f,0)" methodname="TestAvatarSpeedFieldWorks" classname="Tests.Testat02" runstate="Runnable" seed="1176128715" result="Passed" start-time="2020-12-01 20:28:17Z" end-time="2020-12-01 20:28:17Z" duration="0.039118" asserts="0">
              <properties/>
            </test-case>
            <test-case id="1042" name="TestAvatarSpeedFieldWorks(rightArrow,0.0f,2)" fullname="Tests.Testat02.TestAvatarSpeedFieldWorks(rightArrow,0.0f,2)" methodname="TestAvatarSpeedFieldWorks" classname="Tests.Testat02" runstate="Runnable" seed="1626995586" result="Passed" start-time="2020-12-01 20:28:17Z" end-time="2020-12-01 20:28:17Z" duration="0.079890" asserts="0">
              <properties/>
            </test-case>
            <test-case id="1043" name="TestAvatarSpeedFieldWorks(rightArrow,0.0f,4)" fullname="Tests.Testat02.TestAvatarSpeedFieldWorks(rightArrow,0.0f,4)" methodname="TestAvatarSpeedFieldWorks" classname="Tests.Testat02" runstate="Runnable" seed="1036627609" result="Passed" start-time="2020-12-01 20:28:17Z" end-time="2020-12-01 20:28:17Z" duration="0.119426" asserts="0">
              <properties/>
            </test-case>
            <test-case id="1044" name="TestAvatarSpeedFieldWorks(rightArrow,5.0f,0)" fullname="Tests.Testat02.TestAvatarSpeedFieldWorks(rightArrow,5.0f,0)" methodname="TestAvatarSpeedFieldWorks" classname="Tests.Testat02" runstate="Runnable" seed="817213517" result="Passed" start-time="2020-12-01 20:28:17Z" end-time="2020-12-01 20:28:17Z" duration="0.038845" asserts="0">
              <properties/>
            </test-case>
            <test-case id="1045" name="TestAvatarSpeedFieldWorks(rightArrow,5.0f,2)" fullname="Tests.Testat02.TestAvatarSpeedFieldWorks(rightArrow,5.0f,2)" methodname="TestAvatarSpeedFieldWorks" classname="Tests.Testat02" runstate="Runnable" seed="242215857" result="Passed" start-time="2020-12-01 20:28:17Z" end-time="2020-12-01 20:28:17Z" duration="0.086159" asserts="0">
              <properties/>
            </test-case>
            <test-case id="1046" name="TestAvatarSpeedFieldWorks(rightArrow,5.0f,4)" fullname="Tests.Testat02.TestAvatarSpeedFieldWorks(rightArrow,5.0f,4)" methodname="TestAvatarSpeedFieldWorks" classname="Tests.Testat02" runstate="Runnable" seed="2142409792" result="Passed" start-time="2020-12-01 20:28:17Z" end-time="2020-12-01 20:28:17Z" duration="0.113236" asserts="0">
              <properties/>
            </test-case>
            <test-case id="1047" name="TestAvatarSpeedFieldWorks(upArrow+rightArrow,0.0f,0)" fullname="Tests.Testat02.TestAvatarSpeedFieldWorks(upArrow+rightArrow,0.0f,0)" methodname="TestAvatarSpeedFieldWorks" classname="Tests.Testat02" runstate="Runnable" seed="469962422" result="Passed" start-time="2020-12-01 20:28:17Z" end-time="2020-12-01 20:28:17Z" duration="0.048059" asserts="0">
              <properties/>
            </test-case>
            <test-case id="1048" name="TestAvatarSpeedFieldWorks(upArrow+rightArrow,0.0f,2)" fullname="Tests.Testat02.TestAvatarSpeedFieldWorks(upArrow+rightArrow,0.0f,2)" methodname="TestAvatarSpeedFieldWorks" classname="Tests.Testat02" runstate="Runnable" seed="1729982825" result="Passed" start-time="2020-12-01 20:28:17Z" end-time="2020-12-01 20:28:17Z" duration="0.069795" asserts="0">
              <properties/>
            </test-case>
            <test-case id="1049" name="TestAvatarSpeedFieldWorks(upArrow+rightArrow,0.0f,4)" fullname="Tests.Testat02.TestAvatarSpeedFieldWorks(upArrow+rightArrow,0.0f,4)" methodname="TestAvatarSpeedFieldWorks" classname="Tests.Testat02" runstate="Runnable" seed="956766209" result="Passed" start-time="2020-12-01 20:28:17Z" end-time="2020-12-01 20:28:17Z" duration="0.119132" asserts="0">
              <properties/>
            </test-case>
            <test-case id="1050" name="TestAvatarSpeedFieldWorks(upArrow+rightArrow,5.0f,0)" fullname="Tests.Testat02.TestAvatarSpeedFieldWorks(upArrow+rightArrow,5.0f,0)" methodname="TestAvatarSpeedFieldWorks" classname="Tests.Testat02" runstate="Runnable" seed="544947070" result="Passed" start-time="2020-12-01 20:28:17Z" end-time="2020-12-01 20:28:17Z" duration="0.039521" asserts="0">
              <properties/>
            </test-case>
            <test-case id="1051" name="TestAvatarSpeedFieldWorks(upArrow+rightArrow,5.0f,2)" fullname="Tests.Testat02.TestAvatarSpeedFieldWorks(upArrow+rightArrow,5.0f,2)" methodname="TestAvatarSpeedFieldWorks" classname="Tests.Testat02" runstate="Runnable" seed="1663590913" result="Passed" start-time="2020-12-01 20:28:17Z" end-time="2020-12-01 20:28:17Z" duration="0.079599" asserts="0">
              <properties/>
            </test-case>
            <test-case id="1052" name="TestAvatarSpeedFieldWorks(upArrow+rightArrow,5.0f,4)" fullname="Tests.Testat02.TestAvatarSpeedFieldWorks(upArrow+rightArrow,5.0f,4)" methodname="TestAvatarSpeedFieldWorks" classname="Tests.Testat02" runstate="Runnable" seed="46337775" result="Passed" start-time="2020-12-01 20:28:17Z" end-time="2020-12-01 20:28:18Z" duration="0.119201" asserts="0">
              <properties/>
            </test-case>
            <test-case id="1053" name="TestAvatarSpeedFieldWorks(downArrow+rightArrow,0.0f,0)" fullname="Tests.Testat02.TestAvatarSpeedFieldWorks(downArrow+rightArrow,0.0f,0)" methodname="TestAvatarSpeedFieldWorks" classname="Tests.Testat02" runstate="Runnable" seed="1576339652" result="Passed" start-time="2020-12-01 20:28:18Z" end-time="2020-12-01 20:28:18Z" duration="0.039317" asserts="0">
              <properties/>
            </test-case>
            <test-case id="1054" name="TestAvatarSpeedFieldWorks(downArrow+rightArrow,0.0f,2)" fullname="Tests.Testat02.TestAvatarSpeedFieldWorks(downArrow+rightArrow,0.0f,2)" methodname="TestAvatarSpeedFieldWorks" classname="Tests.Testat02" runstate="Runnable" seed="709868726" result="Passed" start-time="2020-12-01 20:28:18Z" end-time="2020-12-01 20:28:18Z" duration="0.079442" asserts="0">
              <properties/>
            </test-case>
            <test-case id="1055" name="TestAvatarSpeedFieldWorks(downArrow+rightArrow,0.0f,4)" fullname="Tests.Testat02.TestAvatarSpeedFieldWorks(downArrow+rightArrow,0.0f,4)" methodname="TestAvatarSpeedFieldWorks" classname="Tests.Testat02" runstate="Runnable" seed="2069946228" result="Passed" start-time="2020-12-01 20:28:18Z" end-time="2020-12-01 20:28:18Z" duration="0.119065" asserts="0">
              <properties/>
            </test-case>
            <test-case id="1056" name="TestAvatarSpeedFieldWorks(downArrow+rightArrow,5.0f,0)" fullname="Tests.Testat02.TestAvatarSpeedFieldWorks(downArrow+rightArrow,5.0f,0)" methodname="TestAvatarSpeedFieldWorks" classname="Tests.Testat02" runstate="Runnable" seed="1102382419" result="Passed" start-time="2020-12-01 20:28:18Z" end-time="2020-12-01 20:28:18Z" duration="0.039483" asserts="0">
              <properties/>
            </test-case>
            <test-case id="1057" name="TestAvatarSpeedFieldWorks(downArrow+rightArrow,5.0f,2)" fullname="Tests.Testat02.TestAvatarSpeedFieldWorks(downArrow+rightArrow,5.0f,2)" methodname="TestAvatarSpeedFieldWorks" classname="Tests.Testat02" runstate="Runnable" seed="624119929" result="Passed" start-time="2020-12-01 20:28:18Z" end-time="2020-12-01 20:28:18Z" duration="0.079431" asserts="0">
              <properties/>
            </test-case>
            <test-case id="1058" name="TestAvatarSpeedFieldWorks(downArrow+rightArrow,5.0f,4)" fullname="Tests.Testat02.TestAvatarSpeedFieldWorks(downArrow+rightArrow,5.0f,4)" methodname="TestAvatarSpeedFieldWorks" classname="Tests.Testat02" runstate="Runnable" seed="645982357" result="Passed" start-time="2020-12-01 20:28:18Z" end-time="2020-12-01 20:28:18Z" duration="0.119439" asserts="0">
              <properties/>
            </test-case>
            <test-case id="1059" name="TestAvatarSpeedFieldWorks(upArrow+leftArrow,0.0f,0)" fullname="Tests.Testat02.TestAvatarSpeedFieldWorks(upArrow+leftArrow,0.0f,0)" methodname="TestAvatarSpeedFieldWorks" classname="Tests.Testat02" runstate="Runnable" seed="35769008" result="Passed" start-time="2020-12-01 20:28:18Z" end-time="2020-12-01 20:28:18Z" duration="0.039229" asserts="0">
              <properties/>
            </test-case>
            <test-case id="1060" name="TestAvatarSpeedFieldWorks(upArrow+leftArrow,0.0f,2)" fullname="Tests.Testat02.TestAvatarSpeedFieldWorks(upArrow+leftArrow,0.0f,2)" methodname="TestAvatarSpeedFieldWorks" classname="Tests.Testat02" runstate="Runnable" seed="1062755194" result="Passed" start-time="2020-12-01 20:28:18Z" end-time="2020-12-01 20:28:18Z" duration="0.079430" asserts="0">
              <properties/>
            </test-case>
            <test-case id="1061" name="TestAvatarSpeedFieldWorks(upArrow+leftArrow,0.0f,4)" fullname="Tests.Testat02.TestAvatarSpeedFieldWorks(upArrow+leftArrow,0.0f,4)" methodname="TestAvatarSpeedFieldWorks" classname="Tests.Testat02" runstate="Runnable" seed="23034151" result="Passed" start-time="2020-12-01 20:28:18Z" end-time="2020-12-01 20:28:18Z" duration="0.119264" asserts="0">
              <properties/>
            </test-case>
            <test-case id="1062" name="TestAvatarSpeedFieldWorks(upArrow+leftArrow,5.0f,0)" fullname="Tests.Testat02.TestAvatarSpeedFieldWorks(upArrow+leftArrow,5.0f,0)" methodname="TestAvatarSpeedFieldWorks" classname="Tests.Testat02" runstate="Runnable" seed="1386922844" result="Passed" start-time="2020-12-01 20:28:18Z" end-time="2020-12-01 20:28:18Z" duration="0.039351" asserts="0">
              <properties/>
            </test-case>
            <test-case id="1063" name="TestAvatarSpeedFieldWorks(upArrow+leftArrow,5.0f,2)" fullname="Tests.Testat02.TestAvatarSpeedFieldWorks(upArrow+leftArrow,5.0f,2)" methodname="TestAvatarSpeedFieldWorks" classname="Tests.Testat02" runstate="Runnable" seed="1913117665" result="Passed" start-time="2020-12-01 20:28:18Z" end-time="2020-12-01 20:28:18Z" duration="0.080444" asserts="0">
              <properties/>
            </test-case>
            <test-case id="1064" name="TestAvatarSpeedFieldWorks(upArrow+leftArrow,5.0f,4)" fullname="Tests.Testat02.TestAvatarSpeedFieldWorks(upArrow+leftArrow,5.0f,4)" methodname="TestAvatarSpeedFieldWorks" classname="Tests.Testat02" runstate="Runnable" seed="960800884" result="Passed" start-time="2020-12-01 20:28:18Z" end-time="2020-12-01 20:28:19Z" duration="0.118190" asserts="0">
              <properties/>
            </test-case>
            <test-case id="1065" name="TestAvatarSpeedFieldWorks(downArrow+leftArrow,0.0f,0)" fullname="Tests.Testat02.TestAvatarSpeedFieldWorks(downArrow+leftArrow,0.0f,0)" methodname="TestAvatarSpeedFieldWorks" classname="Tests.Testat02" runstate="Runnable" seed="26228847" result="Passed" start-time="2020-12-01 20:28:19Z" end-time="2020-12-01 20:28:19Z" duration="0.039283" asserts="0">
              <properties/>
            </test-case>
            <test-case id="1066" name="TestAvatarSpeedFieldWorks(downArrow+leftArrow,0.0f,2)" fullname="Tests.Testat02.TestAvatarSpeedFieldWorks(downArrow+leftArrow,0.0f,2)" methodname="TestAvatarSpeedFieldWorks" classname="Tests.Testat02" runstate="Runnable" seed="540161998" result="Passed" start-time="2020-12-01 20:28:19Z" end-time="2020-12-01 20:28:19Z" duration="0.079406" asserts="0">
              <properties/>
            </test-case>
            <test-case id="1067" name="TestAvatarSpeedFieldWorks(downArrow+leftArrow,0.0f,4)" fullname="Tests.Testat02.TestAvatarSpeedFieldWorks(downArrow+leftArrow,0.0f,4)" methodname="TestAvatarSpeedFieldWorks" classname="Tests.Testat02" runstate="Runnable" seed="1086237925" result="Passed" start-time="2020-12-01 20:28:19Z" end-time="2020-12-01 20:28:19Z" duration="0.119477" asserts="0">
              <properties/>
            </test-case>
            <test-case id="1068" name="TestAvatarSpeedFieldWorks(downArrow+leftArrow,5.0f,0)" fullname="Tests.Testat02.TestAvatarSpeedFieldWorks(downArrow+leftArrow,5.0f,0)" methodname="TestAvatarSpeedFieldWorks" classname="Tests.Testat02" runstate="Runnable" seed="1064565769" result="Passed" start-time="2020-12-01 20:28:19Z" end-time="2020-12-01 20:28:19Z" duration="0.039296" asserts="0">
              <properties/>
            </test-case>
            <test-case id="1069" name="TestAvatarSpeedFieldWorks(downArrow+leftArrow,5.0f,2)" fullname="Tests.Testat02.TestAvatarSpeedFieldWorks(downArrow+leftArrow,5.0f,2)" methodname="TestAvatarSpeedFieldWorks" classname="Tests.Testat02" runstate="Runnable" seed="1020323784" result="Passed" start-time="2020-12-01 20:28:19Z" end-time="2020-12-01 20:28:19Z" duration="0.079538" asserts="0">
              <properties/>
            </test-case>
            <test-case id="1070" name="TestAvatarSpeedFieldWorks(downArrow+leftArrow,5.0f,4)" fullname="Tests.Testat02.TestAvatarSpeedFieldWorks(downArrow+leftArrow,5.0f,4)" methodname="TestAvatarSpeedFieldWorks" classname="Tests.Testat02" runstate="Runnable" seed="1191217266" result="Passed" start-time="2020-12-01 20:28:19Z" end-time="2020-12-01 20:28:19Z" duration="0.119304" asserts="0">
              <properties/>
            </test-case>
          </test-suite>
          <test-case id="1010" name="TestEmailAddress" fullname="Tests.Testat02.TestEmailAddress" methodname="TestEmailAddress" classname="Tests.Testat02" runstate="Runnable" seed="1860743298" result="Passed" start-time="2020-12-01 20:28:19Z" end-time="2020-12-01 20:28:19Z" duration="0.001999" asserts="0">
            <properties/>
          </test-case>
          <test-suite type="ParameterizedMethod" id="1009" name="TestGitFiles" fullname="Tests.Testat02.TestGitFiles" classname="Tests.Testat02" runstate="Runnable" testcasecount="2" result="Passed" start-time="2020-12-01 20:28:19Z" end-time="2020-12-01 20:28:19Z" duration="0.004451" total="2" passed="2" failed="0" inconclusive="0" skipped="0" asserts="0">
            <properties/>
            <test-case id="1007" name="TestGitFiles(&quot;./.gitignore&quot;)" fullname="Tests.Testat02.TestGitFiles(&quot;./.gitignore&quot;)" methodname="TestGitFiles" classname="Tests.Testat02" runstate="Runnable" seed="429523970" result="Passed" start-time="2020-12-01 20:28:19Z" end-time="2020-12-01 20:28:19Z" duration="0.001258" asserts="0">
              <properties/>
            </test-case>
            <test-case id="1008" name="TestGitFiles(&quot;./.gitattributes&quot;)" fullname="Tests.Testat02.TestGitFiles(&quot;./.gitattributes&quot;)" methodname="TestGitFiles" classname="Tests.Testat02" runstate="Runnable" seed="852990920" result="Passed" start-time="2020-12-01 20:28:19Z" end-time="2020-12-01 20:28:19Z" duration="0.001194" asserts="0">
              <properties/>
            </test-case>
          </test-suite>
          <test-case id="1011" name="TestSceneExists" fullname="Tests.Testat02.TestSceneExists" methodname="TestSceneExists" classname="Tests.Testat02" runstate="Runnable" seed="832232152" result="Passed" start-time="2020-12-01 20:28:19Z" end-time="2020-12-01 20:28:19Z" duration="0.001131" asserts="0">
            <properties/>
          </test-case>
        </test-suite>
        <test-suite type="TestFixture" id="1072" name="Testat03" fullname="Tests.Testat03" classname="Tests.Testat03" runstate="Runnable" testcasecount="19" result="Passed" start-time="2020-12-01 20:28:19Z" end-time="2020-12-01 20:28:24Z" duration="4.400904" total="19" passed="19" failed="0" inconclusive="0" skipped="0" asserts="0">
          <properties/>
          <test-case id="1082" name="TestAvatarGravityWhenFalling" fullname="Tests.Testat03.TestAvatarGravityWhenFalling" methodname="TestAvatarGravityWhenFalling" classname="Tests.Testat03" runstate="Runnable" seed="1010798713" result="Passed" start-time="2020-12-01 20:28:19Z" end-time="2020-12-01 20:28:19Z" duration="0.221465" asserts="0">
            <properties>
              <property name="_JOINTYPE" value="UnityCombinatorial"/>
            </properties>
          </test-case>
          <test-case id="1092" name="TestAvatarGravityWhenGrounded" fullname="Tests.Testat03.TestAvatarGravityWhenGrounded" methodname="TestAvatarGravityWhenGrounded" classname="Tests.Testat03" runstate="Runnable" seed="568618679" result="Passed" start-time="2020-12-01 20:28:19Z" end-time="2020-12-01 20:28:20Z" duration="0.213795" asserts="0">
            <properties>
              <property name="_JOINTYPE" value="UnityCombinatorial"/>
            </properties>
          </test-case>
          <test-suite type="ParameterizedMethod" id="1091" name="TestAvatarMovement" fullname="Tests.Testat03.TestAvatarMovement" classname="Tests.Testat03" runstate="Runnable" testcasecount="8" result="Passed" start-time="2020-12-01 20:28:20Z" end-time="2020-12-01 20:28:21Z" duration="1.119076" total="8" passed="8" failed="0" inconclusive="0" skipped="0" asserts="0">
            <properties>
              <property name="_JOINTYPE" value="UnityCombinatorial"/>
            </properties>
            <test-case id="1083" name="TestAvatarMovement(rightArrow,0.0f,2)" fullname="Tests.Testat03.TestAvatarMovement(rightArrow,0.0f,2)" methodname="TestAvatarMovement" classname="Tests.Testat03" runstate="Runnable" seed="609262517" result="Passed" start-time="2020-12-01 20:28:20Z" end-time="2020-12-01 20:28:20Z" duration="0.075732" asserts="0">
              <properties/>
            </test-case>
            <test-case id="1084" name="TestAvatarMovement(rightArrow,0.0f,8)" fullname="Tests.Testat03.TestAvatarMovement(rightArrow,0.0f,8)" methodname="TestAvatarMovement" classname="Tests.Testat03" runstate="Runnable" seed="1254211229" result="Passed" start-time="2020-12-01 20:28:20Z" end-time="2020-12-01 20:28:20Z" duration="0.199373" asserts="0">
              <properties/>
            </test-case>
            <test-case id="1085" name="TestAvatarMovement(rightArrow,5.0f,2)" fullname="Tests.Testat03.TestAvatarMovement(rightArrow,5.0f,2)" methodname="TestAvatarMovement" classname="Tests.Testat03" runstate="Runnable" seed="327928700" result="Passed" start-time="2020-12-01 20:28:20Z" end-time="2020-12-01 20:28:20Z" duration="0.079706" asserts="0">
              <properties/>
            </test-case>
            <test-case id="1086" name="TestAvatarMovement(rightArrow,5.0f,8)" fullname="Tests.Testat03.TestAvatarMovement(rightArrow,5.0f,8)" methodname="TestAvatarMovement" classname="Tests.Testat03" runstate="Runnable" seed="444637824" result="Passed" start-time="2020-12-01 20:28:20Z" end-time="2020-12-01 20:28:20Z" duration="0.199206" asserts="0">
              <properties/>
            </test-case>
            <test-case id="1087" name="TestAvatarMovement(leftArrow,0.0f,2)" fullname="Tests.Testat03.TestAvatarMovement(leftArrow,0.0f,2)" methodname="TestAvatarMovement" classname="Tests.Testat03" runstate="Runnable" seed="1933268458" result="Passed" start-time="2020-12-01 20:28:20Z" end-time="2020-12-01 20:28:20Z" duration="0.079532" asserts="0">
              <properties/>
            </test-case>
            <test-case id="1088" name="TestAvatarMovement(leftArrow,0.0f,8)" fullname="Tests.Testat03.TestAvatarMovement(leftArrow,0.0f,8)" methodname="TestAvatarMovement" classname="Tests.Testat03" runstate="Runnable" seed="105307007" result="Passed" start-time="2020-12-01 20:28:20Z" end-time="2020-12-01 20:28:20Z" duration="0.199330" asserts="0">
              <properties/>
            </test-case>
            <test-case id="1089" name="TestAvatarMovement(leftArrow,5.0f,2)" fullname="Tests.Testat03.TestAvatarMovement(leftArrow,5.0f,2)" methodname="TestAvatarMovement" classname="Tests.Testat03" runstate="Runnable" seed="1147493367" result="Passed" start-time="2020-12-01 20:28:20Z" end-time="2020-12-01 20:28:20Z" duration="0.079459" asserts="0">
              <properties/>
            </test-case>
            <test-case id="1090" name="TestAvatarMovement(leftArrow,5.0f,8)" fullname="Tests.Testat03.TestAvatarMovement(leftArrow,5.0f,8)" methodname="TestAvatarMovement" classname="Tests.Testat03" runstate="Runnable" seed="2036762563" result="Passed" start-time="2020-12-01 20:28:20Z" end-time="2020-12-01 20:28:21Z" duration="0.199343" asserts="0">
              <properties/>
            </test-case>
          </test-suite>
          <test-case id="1081" name="TestAvatarPrefab" fullname="Tests.Testat03.TestAvatarPrefab" methodname="TestAvatarPrefab" classname="Tests.Testat03" runstate="Runnable" seed="719031446" result="Passed" start-time="2020-12-01 20:28:21Z" end-time="2020-12-01 20:28:21Z" duration="0.007304" asserts="0">
            <properties/>
          </test-case>
          <test-suite type="ParameterizedMethod" id="1075" name="TestGitTagExists" fullname="Tests.Testat03.TestGitTagExists" classname="Tests.Testat03" runstate="Runnable" testcasecount="2" result="Passed" start-time="2020-12-01 20:28:21Z" end-time="2020-12-01 20:28:21Z" duration="0.116654" total="2" passed="2" failed="0" inconclusive="0" skipped="0" asserts="0">
            <properties/>
            <test-case id="1073" name="TestGitTagExists(&quot;Tx01&quot;)" fullname="Tests.Testat03.TestGitTagExists(&quot;Tx01&quot;)" methodname="TestGitTagExists" classname="Tests.Testat03" runstate="Runnable" seed="1910229699" result="Passed" start-time="2020-12-01 20:28:21Z" end-time="2020-12-01 20:28:21Z" duration="0.063817" asserts="0">
              <properties/>
            </test-case>
            <test-case id="1074" name="TestGitTagExists(&quot;Tx02&quot;)" fullname="Tests.Testat03.TestGitTagExists(&quot;Tx02&quot;)" methodname="TestGitTagExists" classname="Tests.Testat03" runstate="Runnable" seed="467511998" result="Passed" start-time="2020-12-01 20:28:21Z" end-time="2020-12-01 20:28:21Z" duration="0.050377" asserts="0">
              <properties/>
            </test-case>
          </test-suite>
          <test-case id="1080" name="TestPlatformGravity" fullname="Tests.Testat03.TestPlatformGravity" methodname="TestPlatformGravity" classname="Tests.Testat03" runstate="Runnable" seed="621376637" result="Passed" start-time="2020-12-01 20:28:21Z" end-time="2020-12-01 20:28:21Z" duration="0.210020" asserts="0">
            <properties>
              <property name="_JOINTYPE" value="UnityCombinatorial"/>
            </properties>
          </test-case>
          <test-case id="1079" name="TestPlatformPrefab" fullname="Tests.Testat03.TestPlatformPrefab" methodname="TestPlatformPrefab" classname="Tests.Testat03" runstate="Runnable" seed="1140593329" result="Passed" start-time="2020-12-01 20:28:21Z" end-time="2020-12-01 20:28:21Z" duration="0.001468" asserts="0">
            <properties/>
          </test-case>
          <test-suite type="ParameterizedMethod" id="1078" name="TestPrefabExists" fullname="Tests.Testat03.TestPrefabExists" classname="Tests.Testat03" runstate="Runnable" testcasecount="2" result="Passed" start-time="2020-12-01 20:28:21Z" end-time="2020-12-01 20:28:21Z" duration="0.004043" total="2" passed="2" failed="0" inconclusive="0" skipped="0" asserts="0">
            <properties/>
            <test-case id="1076" name="TestPrefabExists(&quot;Assets/Prefabs/Avatar.prefab&quot;)" fullname="Tests.Testat03.TestPrefabExists(&quot;Assets/Prefabs/Avatar.prefab&quot;)" methodname="TestPrefabExists" classname="Tests.Testat03" runstate="Runnable" seed="206895141" result="Passed" start-time="2020-12-01 20:28:21Z" end-time="2020-12-01 20:28:21Z" duration="0.001081" asserts="0">
              <properties/>
            </test-case>
            <test-case id="1077" name="TestPrefabExists(&quot;Assets/Prefabs/Platform.prefab&quot;)" fullname="Tests.Testat03.TestPrefabExists(&quot;Assets/Prefabs/Platform.prefab&quot;)" methodname="TestPrefabExists" classname="Tests.Testat03" runstate="Runnable" seed="1669290799" result="Passed" start-time="2020-12-01 20:28:21Z" end-time="2020-12-01 20:28:21Z" duration="0.000861" asserts="0">
              <properties/>
            </test-case>
          </test-suite>
          <test-case id="1094" name="TestPrefabInstancesExistInScene" fullname="Tests.Testat03.TestPrefabInstancesExistInScene" methodname="TestPrefabInstancesExistInScene" classname="Tests.Testat03" runstate="Runnable" seed="2136923820" result="Passed" start-time="2020-12-01 20:28:21Z" end-time="2020-12-01 20:28:24Z" duration="2.491690" asserts="0">
            <properties>
              <property name="_JOINTYPE" value="UnityCombinatorial"/>
            </properties>
          </test-case>
          <test-case id="1093" name="TestSceneExists" fullname="Tests.Testat03.TestSceneExists" methodname="TestSceneExists" classname="Tests.Testat03" runstate="Runnable" seed="768112244" result="Passed" start-time="2020-12-01 20:28:24Z" end-time="2020-12-01 20:28:24Z" duration="0.001071" asserts="0">
            <properties/>
          </test-case>
        </test-suite>
        <test-suite type="TestFixture" id="1095" name="Testat04" fullname="Tests.Testat04" classname="Tests.Testat04" runstate="Runnable" testcasecount="12" result="Failed" site="Child" start-time="2020-12-01 20:28:24Z" end-time="2020-12-01 20:28:24Z" duration="0.169421" total="12" passed="3" failed="9" inconclusive="0" skipped="0" asserts="0">
          <properties/>
          <failure>
            <message><![CDATA[One or more child tests had errors]]></message>
          </failure>
          <test-suite type="ParameterizedMethod" id="1109" name="TestAvatarColor" fullname="Tests.Testat04.TestAvatarColor" classname="Tests.Testat04" runstate="Runnable" testcasecount="2" result="Failed" site="Child" start-time="2020-12-01 20:28:24Z" end-time="2020-12-01 20:28:24Z" duration="0.031654" total="2" passed="0" failed="2" inconclusive="0" skipped="0" asserts="0">
            <properties>
              <property name="_JOINTYPE" value="UnityCombinatorial"/>
            </properties>
            <failure>
              <message><![CDATA[One or more child tests had errors]]></message>
            </failure>
            <test-case id="1107" name="TestAvatarColor(RGBA(0.000, 1.000, 0.000, 1.000))" fullname="Tests.Testat04.TestAvatarColor(RGBA(0.000, 1.000, 0.000, 1.000))" methodname="TestAvatarColor" classname="Tests.Testat04" runstate="Runnable" seed="1163673028" result="Failed" start-time="2020-12-01 20:28:24Z" end-time="2020-12-01 20:28:24Z" duration="0.015149" asserts="0">
              <properties/>
              <failure>
                <message><![CDATA[  There must be exactly 1 field with the name of 'avatarColor' in GameObject 'Avatar(Clone) (UnityEngine.GameObject)'!
  Expected: 1
  But was:  0
]]></message>
                <stack-trace><![CDATA[at Tests.FieldBridge`1[T]..ctor (UnityEngine.GameObject obj, System.String name) [0x0001b] in C:\Unity\workspace\2020WS.UnityPP.Faulo-Empty\Assets\Tests\FieldBridge.cs:28
at Tests.GameObjectBridge.FindField[T] (System.String name) [0x00001] in C:\Unity\workspace\2020WS.UnityPP.Faulo-Empty\Assets\Tests\GameObjectBridge.cs:32
at Tests.Testat04+AvatarBridge..ctor (UnityEngine.GameObject gameObject, System.Boolean isInstance) [0x0001a] in C:\Unity\workspace\2020WS.UnityPP.Faulo-Empty\Assets\Tests\Testat04.cs:52
at Tests.Testat04.InstantiateAvatar (UnityEngine.Vector3 position) [0x0001a] in C:\Unity\workspace\2020WS.UnityPP.Faulo-Empty\Assets\Tests\Testat04.cs:240
at Tests.Testat04+<TestAvatarColor>d__23.MoveNext () [0x00046] in C:\Unity\workspace\2020WS.UnityPP.Faulo-Empty\Assets\Tests\Testat04.cs:157
at UnityEngine.TestTools.TestEnumerator+<Execute>d__6.MoveNext () [0x0004c] in C:\Unity\workspace\2020WS.UnityPP.Faulo-Empty\Library\PackageCache\com.unity.test-framework@1.1.18\UnityEngine.TestRunner\NUnitExtensions\Attributes\TestEnumerator.cs:36
]]></stack-trace>
              </failure>
            </test-case>
            <test-case id="1108" name="TestAvatarColor(RGBA(1.000, 0.000, 1.000, 1.000))" fullname="Tests.Testat04.TestAvatarColor(RGBA(1.000, 0.000, 1.000, 1.000))" methodname="TestAvatarColor" classname="Tests.Testat04" runstate="Runnable" seed="963382961" result="Failed" start-time="2020-12-01 20:28:24Z" end-time="2020-12-01 20:28:24Z" duration="0.010291" asserts="0">
              <properties/>
              <failure>
                <message><![CDATA[  There must be exactly 1 field with the name of 'avatarColor' in GameObject 'Avatar(Clone) (UnityEngine.GameObject)'!
  Expected: 1
  But was:  0
]]></message>
                <stack-trace><![CDATA[at Tests.FieldBridge`1[T]..ctor (UnityEngine.GameObject obj, System.String name) [0x0001b] in C:\Unity\workspace\2020WS.UnityPP.Faulo-Empty\Assets\Tests\FieldBridge.cs:28
at Tests.GameObjectBridge.FindField[T] (System.String name) [0x00001] in C:\Unity\workspace\2020WS.UnityPP.Faulo-Empty\Assets\Tests\GameObjectBridge.cs:32
at Tests.Testat04+AvatarBridge..ctor (UnityEngine.GameObject gameObject, System.Boolean isInstance) [0x0001a] in C:\Unity\workspace\2020WS.UnityPP.Faulo-Empty\Assets\Tests\Testat04.cs:52
at Tests.Testat04.InstantiateAvatar (UnityEngine.Vector3 position) [0x0001a] in C:\Unity\workspace\2020WS.UnityPP.Faulo-Empty\Assets\Tests\Testat04.cs:240
at Tests.Testat04+<TestAvatarColor>d__23.MoveNext () [0x00046] in C:\Unity\workspace\2020WS.UnityPP.Faulo-Empty\Assets\Tests\Testat04.cs:157
at UnityEngine.TestTools.TestEnumerator+<Execute>d__6.MoveNext () [0x0004c] in C:\Unity\workspace\2020WS.UnityPP.Faulo-Empty\Library\PackageCache\com.unity.test-framework@1.1.18\UnityEngine.TestRunner\NUnitExtensions\Attributes\TestEnumerator.cs:36
]]></stack-trace>
              </failure>
            </test-case>
          </test-suite>
          <test-case id="1106" name="TestAvatarPrefab" fullname="Tests.Testat04.TestAvatarPrefab" methodname="TestAvatarPrefab" classname="Tests.Testat04" runstate="Runnable" seed="17722956" result="Failed" start-time="2020-12-01 20:28:24Z" end-time="2020-12-01 20:28:24Z" duration="0.002524" asserts="0">
            <properties/>
            <failure>
              <message><![CDATA[  There must be exactly 1 field with the name of 'avatarColor' in GameObject 'Avatar (UnityEngine.GameObject)'!
  Expected: 1
  But was:  0
]]></message>
              <stack-trace><![CDATA[at Tests.FieldBridge`1[T]..ctor (UnityEngine.GameObject obj, System.String name) [0x0001b] in C:\Unity\workspace\2020WS.UnityPP.Faulo-Empty\Assets\Tests\FieldBridge.cs:28
at Tests.GameObjectBridge.FindField[T] (System.String name) [0x00001] in C:\Unity\workspace\2020WS.UnityPP.Faulo-Empty\Assets\Tests\GameObjectBridge.cs:32
at Tests.Testat04+AvatarBridge..ctor (UnityEngine.GameObject gameObject, System.Boolean isInstance) [0x0001a] in C:\Unity\workspace\2020WS.UnityPP.Faulo-Empty\Assets\Tests\Testat04.cs:52
at Tests.Testat04.TestAvatarPrefab () [0x0000c] in C:\Unity\workspace\2020WS.UnityPP.Faulo-Empty\Assets\Tests\Testat04.cs:146
]]></stack-trace>
            </failure>
          </test-case>
          <test-suite type="ParameterizedMethod" id="1101" name="TestMaterialsExists" fullname="Tests.Testat04.TestMaterialsExists" classname="Tests.Testat04" runstate="Runnable" testcasecount="2" result="Failed" site="Child" start-time="2020-12-01 20:28:24Z" end-time="2020-12-01 20:28:24Z" duration="0.008685" total="2" passed="0" failed="2" inconclusive="0" skipped="0" asserts="0">
            <properties/>
            <failure>
              <message><![CDATA[One or more child tests had errors]]></message>
            </failure>
            <test-case id="1099" name="TestMaterialsExists(&quot;Assets/Materials/Avatar.mat&quot;)" fullname="Tests.Testat04.TestMaterialsExists(&quot;Assets/Materials/Avatar.mat&quot;)" methodname="TestMaterialsExists" classname="Tests.Testat04" runstate="Runnable" seed="1881342452" result="Failed" start-time="2020-12-01 20:28:24Z" end-time="2020-12-01 20:28:24Z" duration="0.002666" asserts="0">
              <properties/>
              <failure>
                <message><![CDATA[  Expected: file exists
  But was:  <Assets/Materials/Avatar.mat>
]]></message>
                <stack-trace><![CDATA[at NUnit.Framework.FileAssert.Exists (System.IO.FileInfo actual, System.String message, System.Object[] args) [0x0000c] in <59819be142c34115ade688f6962021f1>:0
at NUnit.Framework.FileAssert.Exists (System.IO.FileInfo actual) [0x00001] in <59819be142c34115ade688f6962021f1>:0
at Tests.TestSuite.LoadAsset[T] (System.String path) [0x00001] in C:\Unity\workspace\2020WS.UnityPP.Faulo-Empty\Assets\Tests\TestSuite.cs:55
at Tests.Testat04.TestMaterialsExists (System.String path) [0x00001] in C:\Unity\workspace\2020WS.UnityPP.Faulo-Empty\Assets\Tests\Testat04.cs:114
]]></stack-trace>
              </failure>
            </test-case>
            <test-case id="1100" name="TestMaterialsExists(&quot;Assets/Materials/Platform.mat&quot;)" fullname="Tests.Testat04.TestMaterialsExists(&quot;Assets/Materials/Platform.mat&quot;)" methodname="TestMaterialsExists" classname="Tests.Testat04" runstate="Runnable" seed="1553252613" result="Failed" start-time="2020-12-01 20:28:24Z" end-time="2020-12-01 20:28:24Z" duration="0.001621" asserts="0">
              <properties/>
              <failure>
                <message><![CDATA[  Expected: file exists
  But was:  <Assets/Materials/Platform.mat>
]]></message>
                <stack-trace><![CDATA[at NUnit.Framework.FileAssert.Exists (System.IO.FileInfo actual, System.String message, System.Object[] args) [0x0000c] in <59819be142c34115ade688f6962021f1>:0
at NUnit.Framework.FileAssert.Exists (System.IO.FileInfo actual) [0x00001] in <59819be142c34115ade688f6962021f1>:0
at Tests.TestSuite.LoadAsset[T] (System.String path) [0x00001] in C:\Unity\workspace\2020WS.UnityPP.Faulo-Empty\Assets\Tests\TestSuite.cs:55
at Tests.Testat04.TestMaterialsExists (System.String path) [0x00001] in C:\Unity\workspace\2020WS.UnityPP.Faulo-Empty\Assets\Tests\Testat04.cs:114
]]></stack-trace>
              </failure>
            </test-case>
          </test-suite>
          <test-suite type="ParameterizedMethod" id="1105" name="TestPlatformColor" fullname="Tests.Testat04.TestPlatformColor" classname="Tests.Testat04" runstate="Runnable" testcasecount="2" result="Failed" site="Child" start-time="2020-12-01 20:28:24Z" end-time="2020-12-01 20:28:24Z" duration="0.036990" total="2" passed="0" failed="2" inconclusive="0" skipped="0" asserts="0">
            <properties>
              <property name="_JOINTYPE" value="UnityCombinatorial"/>
            </properties>
            <failure>
              <message><![CDATA[One or more child tests had errors]]></message>
            </failure>
            <test-case id="1103" name="TestPlatformColor(RGBA(0.000, 1.000, 0.000, 1.000))" fullname="Tests.Testat04.TestPlatformColor(RGBA(0.000, 1.000, 0.000, 1.000))" methodname="TestPlatformColor" classname="Tests.Testat04" runstate="Runnable" seed="126653656" result="Failed" start-time="2020-12-01 20:28:24Z" end-time="2020-12-01 20:28:24Z" duration="0.013582" asserts="0">
              <properties/>
              <failure>
                <message><![CDATA[  There must be exactly 1 field with the name of 'platformColor' in GameObject 'Platform(Clone) (UnityEngine.GameObject)'!
  Expected: 1
  But was:  0
]]></message>
                <stack-trace><![CDATA[at Tests.FieldBridge`1[T]..ctor (UnityEngine.GameObject obj, System.String name) [0x0001b] in C:\Unity\workspace\2020WS.UnityPP.Faulo-Empty\Assets\Tests\FieldBridge.cs:28
at Tests.GameObjectBridge.FindField[T] (System.String name) [0x00001] in C:\Unity\workspace\2020WS.UnityPP.Faulo-Empty\Assets\Tests\GameObjectBridge.cs:32
at Tests.Testat04+PlatformBridge..ctor (UnityEngine.GameObject gameObject) [0x00009] in C:\Unity\workspace\2020WS.UnityPP.Faulo-Empty\Assets\Tests\Testat04.cs:84
at Tests.Testat04.InstantiatePlatform (UnityEngine.Vector3 position) [0x0001a] in C:\Unity\workspace\2020WS.UnityPP.Faulo-Empty\Assets\Tests\Testat04.cs:251
at Tests.Testat04+<TestPlatformColor>d__21.MoveNext () [0x00046] in C:\Unity\workspace\2020WS.UnityPP.Faulo-Empty\Assets\Tests\Testat04.cs:131
at UnityEngine.TestTools.TestEnumerator+<Execute>d__6.MoveNext () [0x0004c] in C:\Unity\workspace\2020WS.UnityPP.Faulo-Empty\Library\PackageCache\com.unity.test-framework@1.1.18\UnityEngine.TestRunner\NUnitExtensions\Attributes\TestEnumerator.cs:36
]]></stack-trace>
              </failure>
            </test-case>
            <test-case id="1104" name="TestPlatformColor(RGBA(1.000, 0.000, 1.000, 1.000))" fullname="Tests.Testat04.TestPlatformColor(RGBA(1.000, 0.000, 1.000, 1.000))" methodname="TestPlatformColor" classname="Tests.Testat04" runstate="Runnable" seed="1869512560" result="Failed" start-time="2020-12-01 20:28:24Z" end-time="2020-12-01 20:28:24Z" duration="0.017323" asserts="0">
              <properties/>
              <failure>
                <message><![CDATA[  There must be exactly 1 field with the name of 'platformColor' in GameObject 'Platform(Clone) (UnityEngine.GameObject)'!
  Expected: 1
  But was:  0
]]></message>
                <stack-trace><![CDATA[at Tests.FieldBridge`1[T]..ctor (UnityEngine.GameObject obj, System.String name) [0x0001b] in C:\Unity\workspace\2020WS.UnityPP.Faulo-Empty\Assets\Tests\FieldBridge.cs:28
at Tests.GameObjectBridge.FindField[T] (System.String name) [0x00001] in C:\Unity\workspace\2020WS.UnityPP.Faulo-Empty\Assets\Tests\GameObjectBridge.cs:32
at Tests.Testat04+PlatformBridge..ctor (UnityEngine.GameObject gameObject) [0x00009] in C:\Unity\workspace\2020WS.UnityPP.Faulo-Empty\Assets\Tests\Testat04.cs:84
at Tests.Testat04.InstantiatePlatform (UnityEngine.Vector3 position) [0x0001a] in C:\Unity\workspace\2020WS.UnityPP.Faulo-Empty\Assets\Tests\Testat04.cs:251
at Tests.Testat04+<TestPlatformColor>d__21.MoveNext () [0x00046] in C:\Unity\workspace\2020WS.UnityPP.Faulo-Empty\Assets\Tests\Testat04.cs:131
at UnityEngine.TestTools.TestEnumerator+<Execute>d__6.MoveNext () [0x0004c] in C:\Unity\workspace\2020WS.UnityPP.Faulo-Empty\Library\PackageCache\com.unity.test-framework@1.1.18\UnityEngine.TestRunner\NUnitExtensions\Attributes\TestEnumerator.cs:36
]]></stack-trace>
              </failure>
            </test-case>
          </test-suite>
          <test-case id="1102" name="TestPlatformPrefab" fullname="Tests.Testat04.TestPlatformPrefab" methodname="TestPlatformPrefab" classname="Tests.Testat04" runstate="Runnable" seed="324913695" result="Failed" start-time="2020-12-01 20:28:24Z" end-time="2020-12-01 20:28:24Z" duration="0.002166" asserts="0">
            <properties/>
            <failure>
              <message><![CDATA[  There must be exactly 1 field with the name of 'platformColor' in GameObject 'Platform (UnityEngine.GameObject)'!
  Expected: 1
  But was:  0
]]></message>
              <stack-trace><![CDATA[at Tests.FieldBridge`1[T]..ctor (UnityEngine.GameObject obj, System.String name) [0x0001b] in C:\Unity\workspace\2020WS.UnityPP.Faulo-Empty\Assets\Tests\FieldBridge.cs:28
at Tests.GameObjectBridge.FindField[T] (System.String name) [0x00001] in C:\Unity\workspace\2020WS.UnityPP.Faulo-Empty\Assets\Tests\GameObjectBridge.cs:32
at Tests.Testat04+PlatformBridge..ctor (UnityEngine.GameObject gameObject) [0x00009] in C:\Unity\workspace\2020WS.UnityPP.Faulo-Empty\Assets\Tests\Testat04.cs:84
at Tests.Testat04.TestPlatformPrefab () [0x0000c] in C:\Unity\workspace\2020WS.UnityPP.Faulo-Empty\Assets\Tests\Testat04.cs:121
]]></stack-trace>
            </failure>
          </test-case>
          <test-suite type="ParameterizedMethod" id="1098" name="TestPrefabExists" fullname="Tests.Testat04.TestPrefabExists" classname="Tests.Testat04" runstate="Runnable" testcasecount="2" result="Passed" start-time="2020-12-01 20:28:24Z" end-time="2020-12-01 20:28:24Z" duration="0.004574" total="2" passed="2" failed="0" inconclusive="0" skipped="0" asserts="0">
            <properties/>
            <test-case id="1096" name="TestPrefabExists(&quot;Assets/Prefabs/Avatar.prefab&quot;)" fullname="Tests.Testat04.TestPrefabExists(&quot;Assets/Prefabs/Avatar.prefab&quot;)" methodname="TestPrefabExists" classname="Tests.Testat04" runstate="Runnable" seed="1128912022" result="Passed" start-time="2020-12-01 20:28:24Z" end-time="2020-12-01 20:28:24Z" duration="0.000987" asserts="0">
              <properties/>
            </test-case>
            <test-case id="1097" name="TestPrefabExists(&quot;Assets/Prefabs/Platform.prefab&quot;)" fullname="Tests.Testat04.TestPrefabExists(&quot;Assets/Prefabs/Platform.prefab&quot;)" methodname="TestPrefabExists" classname="Tests.Testat04" runstate="Runnable" seed="36534037" result="Passed" start-time="2020-12-01 20:28:24Z" end-time="2020-12-01 20:28:24Z" duration="0.001285" asserts="0">
              <properties/>
            </test-case>
          </test-suite>
          <test-case id="1111" name="TestPrefabInstancesExistInScene" fullname="Tests.Testat04.TestPrefabInstancesExistInScene" methodname="TestPrefabInstancesExistInScene" classname="Tests.Testat04" runstate="Runnable" seed="1613436106" result="Failed" start-time="2020-12-01 20:28:24Z" end-time="2020-12-01 20:28:24Z" duration="0.056861" asserts="0">
            <properties>
              <property name="_JOINTYPE" value="UnityCombinatorial"/>
            </properties>
            <failure>
              <message><![CDATA[  There must be exactly 1 field with the name of 'avatarColor' in GameObject 'Avatar (UnityEngine.GameObject)'!
  Expected: 1
  But was:  0
]]></message>
              <stack-trace><![CDATA[at Tests.FieldBridge`1[T]..ctor (UnityEngine.GameObject obj, System.String name) [0x0001b] in C:\Unity\workspace\2020WS.UnityPP.Faulo-Empty\Assets\Tests\FieldBridge.cs:28
at Tests.GameObjectBridge.FindField[T] (System.String name) [0x00001] in C:\Unity\workspace\2020WS.UnityPP.Faulo-Empty\Assets\Tests\GameObjectBridge.cs:32
at Tests.Testat04+AvatarBridge..ctor (UnityEngine.GameObject gameObject, System.Boolean isInstance) [0x0001a] in C:\Unity\workspace\2020WS.UnityPP.Faulo-Empty\Assets\Tests\Testat04.cs:52
at Tests.Testat04+<>c.<TestPrefabInstancesExistInScene>b__25_0 (UnityEngine.GameObject obj) [0x00000] in C:\Unity\workspace\2020WS.UnityPP.Faulo-Empty\Assets\Tests\Testat04.cs:185
at System.Linq.Enumerable+WhereSelectArrayIterator`2[TSource,TResult].ToArray () [0x00030] in <351e49e2a5bf4fd6beabb458ce2255f3>:0
at System.Linq.Enumerable.ToArray[TSource] (System.Collections.Generic.IEnumerable`1[T] source) [0x0001f] in <351e49e2a5bf4fd6beabb458ce2255f3>:0
at Tests.Testat04+<TestPrefabInstancesExistInScene>d__25.MoveNext () [0x000a6] in C:\Unity\workspace\2020WS.UnityPP.Faulo-Empty\Assets\Tests\Testat04.cs:184
at UnityEngine.TestTools.TestEnumerator+<Execute>d__6.MoveNext () [0x0004c] in C:\Unity\workspace\2020WS.UnityPP.Faulo-Empty\Library\PackageCache\com.unity.test-framework@1.1.18\UnityEngine.TestRunner\NUnitExtensions\Attributes\TestEnumerator.cs:36
]]></stack-trace>
            </failure>
          </test-case>
          <test-case id="1110" name="TestSceneExists" fullname="Tests.Testat04.TestSceneExists" methodname="TestSceneExists" classname="Tests.Testat04" runstate="Runnable" seed="1788900731" result="Passed" start-time="2020-12-01 20:28:24Z" end-time="2020-12-01 20:28:24Z" duration="0.001287" asserts="0">
            <properties/>
          </test-case>
        </test-suite>
      </test-suite>
    </test-suite>
    <test-suite type="Assembly" id="1116" name="Unity.InputSystem.IntegrationTests.dll" fullname="C:/Unity/workspace/2020WS.UnityPP.Faulo-Empty/Library/ScriptAssemblies/Unity.InputSystem.IntegrationTests.dll" runstate="Runnable" testcasecount="1" result="Passed" start-time="2020-12-01 20:28:24Z" end-time="2020-12-01 20:28:24Z" duration="0.024108" total="1" passed="1" failed="0" inconclusive="0" skipped="0" asserts="0">
      <properties>
        <property name="_PID" value="15544"/>
        <property name="_APPDOMAIN" value="Unity Child Domain"/>
        <property name="platform" value="PlayMode"/>
      </properties>
      <test-suite type="TestFixture" id="1114" name="IntegrationTests" fullname="IntegrationTests" classname="IntegrationTests" runstate="Runnable" testcasecount="1" result="Passed" start-time="2020-12-01 20:28:24Z" end-time="2020-12-01 20:28:24Z" duration="0.022391" total="1" passed="1" failed="0" inconclusive="0" skipped="0" asserts="0">
        <properties/>
        <test-case id="1115" name="Integration_CanSendAndReceiveEvents" fullname="IntegrationTests.Integration_CanSendAndReceiveEvents" methodname="Integration_CanSendAndReceiveEvents" classname="IntegrationTests" runstate="Runnable" seed="493496972" result="Passed" start-time="2020-12-01 20:28:24Z" end-time="2020-12-01 20:28:24Z" duration="0.020869" asserts="0">
          <properties>
            <property name="Category" value="Integration"/>
          </properties>
        </test-case>
      </test-suite>
    </test-suite>
  </test-suite>
</test-run></repository><repository name="Faulo-Master" href="https://github.com/Faulo/UnityPP2020" master="" path="C:\Unity\workspace\2020WS.UnityPP.Faulo-Master" results="C:\Webserver\htdocs\workspace\devtools\unity-pp\results\Faulo-Master.xml" unity="C:\Unity\workspace\2020WS.UnityPP.Faulo-Master" company="bt709175@uni-bayreuth.de"><test-run id="2" testcasecount="98" result="Passed" total="98" passed="98" failed="0" inconclusive="0" skipped="0" asserts="0" engine-version="3.5.0.0" clr-version="4.0.30319.42000" start-time="2020-12-01 20:28:54Z" end-time="2020-12-01 20:29:04Z" duration="10,6384656">
  <test-suite type="TestSuite" id="1000" name="2020WS.UnityPP" fullname="2020WS.UnityPP" runstate="Runnable" testcasecount="98" result="Passed" start-time="2020-12-01 20:28:54Z" end-time="2020-12-01 20:29:04Z" duration="10.638466" total="98" passed="98" failed="0" inconclusive="0" skipped="0" asserts="0">
    <properties/>
    <test-suite type="Assembly" id="1112" name="Tests.dll" fullname="C:/Unity/workspace/2020WS.UnityPP.Faulo-Master/Library/ScriptAssemblies/Tests.dll" runstate="Runnable" testcasecount="97" result="Passed" start-time="2020-12-01 20:28:54Z" end-time="2020-12-01 20:29:04Z" duration="10.560753" total="97" passed="97" failed="0" inconclusive="0" skipped="0" asserts="0">
      <properties>
        <property name="_PID" value="6932"/>
        <property name="_APPDOMAIN" value="Unity Child Domain"/>
        <property name="platform" value="PlayMode"/>
      </properties>
      <test-suite type="TestSuite" id="1113" name="Tests" fullname="Tests" runstate="Runnable" testcasecount="97" result="Passed" start-time="2020-12-01 20:28:54Z" end-time="2020-12-01 20:29:04Z" duration="10.515921" total="97" passed="97" failed="0" inconclusive="0" skipped="0" asserts="0">
        <properties/>
        <test-suite type="TestFixture" id="1001" name="Testat01" fullname="Tests.Testat01" classname="Tests.Testat01" runstate="Runnable" testcasecount="4" result="Passed" start-time="2020-12-01 20:28:54Z" end-time="2020-12-01 20:28:54Z" duration="0.112454" total="4" passed="4" failed="0" inconclusive="0" skipped="0" asserts="0">
          <properties/>
          <test-case id="1003" name="TestGitInitialized" fullname="Tests.Testat01.TestGitInitialized" methodname="TestGitInitialized" classname="Tests.Testat01" runstate="Runnable" seed="506127418" result="Passed" start-time="2020-12-01 20:28:54Z" end-time="2020-12-01 20:28:54Z" duration="0.017273" asserts="0">
            <properties/>
          </test-case>
          <test-case id="1005" name="TestHelloWorldLog" fullname="Tests.Testat01.TestHelloWorldLog" methodname="TestHelloWorldLog" classname="Tests.Testat01" runstate="Runnable" seed="2001075372" result="Passed" start-time="2020-12-01 20:28:54Z" end-time="2020-12-01 20:28:54Z" duration="0.068690" asserts="0">
            <properties>
              <property name="_JOINTYPE" value="UnityCombinatorial"/>
            </properties>
            <output><![CDATA[Hallo Welt!
]]></output>
          </test-case>
          <test-case id="1004" name="TestSceneExists" fullname="Tests.Testat01.TestSceneExists" methodname="TestSceneExists" classname="Tests.Testat01" runstate="Runnable" seed="1519580689" result="Passed" start-time="2020-12-01 20:28:54Z" end-time="2020-12-01 20:28:54Z" duration="0.001180" asserts="0">
            <properties/>
          </test-case>
          <test-case id="1002" name="TestUnityVersion" fullname="Tests.Testat01.TestUnityVersion" methodname="TestUnityVersion" classname="Tests.Testat01" runstate="Runnable" seed="141414165" result="Passed" start-time="2020-12-01 20:28:54Z" end-time="2020-12-01 20:28:54Z" duration="0.000880" asserts="0">
            <properties/>
          </test-case>
        </test-suite>
        <test-suite type="TestFixture" id="1006" name="Testat02" fullname="Tests.Testat02" classname="Tests.Testat02" runstate="Runnable" testcasecount="62" result="Passed" start-time="2020-12-01 20:28:54Z" end-time="2020-12-01 20:28:59Z" duration="4.751219" total="62" passed="62" failed="0" inconclusive="0" skipped="0" asserts="0">
          <properties/>
          <test-case id="1012" name="TestAvatarExists" fullname="Tests.Testat02.TestAvatarExists" methodname="TestAvatarExists" classname="Tests.Testat02" runstate="Runnable" seed="186700833" result="Passed" start-time="2020-12-01 20:28:54Z" end-time="2020-12-01 20:28:54Z" duration="0.045269" asserts="0">
            <properties>
              <property name="_JOINTYPE" value="UnityCombinatorial"/>
            </properties>
          </test-case>
          <test-suite type="ParameterizedMethod" id="1021" name="TestAvatarInput" fullname="Tests.Testat02.TestAvatarInput" classname="Tests.Testat02" runstate="Runnable" testcasecount="8" result="Passed" start-time="2020-12-01 20:28:54Z" end-time="2020-12-01 20:28:55Z" duration="0.791220" total="8" passed="8" failed="0" inconclusive="0" skipped="0" asserts="0">
            <properties>
              <property name="_JOINTYPE" value="UnityCombinatorial"/>
            </properties>
            <test-case id="1013" name="TestAvatarInput(upArrow)" fullname="Tests.Testat02.TestAvatarInput(upArrow)" methodname="TestAvatarInput" classname="Tests.Testat02" runstate="Runnable" seed="2041926355" result="Passed" start-time="2020-12-01 20:28:54Z" end-time="2020-12-01 20:28:54Z" duration="0.087973" asserts="0">
              <properties/>
            </test-case>
            <test-case id="1014" name="TestAvatarInput(downArrow)" fullname="Tests.Testat02.TestAvatarInput(downArrow)" methodname="TestAvatarInput" classname="Tests.Testat02" runstate="Runnable" seed="354751426" result="Passed" start-time="2020-12-01 20:28:54Z" end-time="2020-12-01 20:28:54Z" duration="0.099111" asserts="0">
              <properties/>
            </test-case>
            <test-case id="1015" name="TestAvatarInput(leftArrow)" fullname="Tests.Testat02.TestAvatarInput(leftArrow)" methodname="TestAvatarInput" classname="Tests.Testat02" runstate="Runnable" seed="2107185556" result="Passed" start-time="2020-12-01 20:28:54Z" end-time="2020-12-01 20:28:54Z" duration="0.100014" asserts="0">
              <properties/>
            </test-case>
            <test-case id="1016" name="TestAvatarInput(rightArrow)" fullname="Tests.Testat02.TestAvatarInput(rightArrow)" methodname="TestAvatarInput" classname="Tests.Testat02" runstate="Runnable" seed="153968435" result="Passed" start-time="2020-12-01 20:28:54Z" end-time="2020-12-01 20:28:54Z" duration="0.098851" asserts="0">
              <properties/>
            </test-case>
            <test-case id="1017" name="TestAvatarInput(upArrow+rightArrow)" fullname="Tests.Testat02.TestAvatarInput(upArrow+rightArrow)" methodname="TestAvatarInput" classname="Tests.Testat02" runstate="Runnable" seed="1154479469" result="Passed" start-time="2020-12-01 20:28:54Z" end-time="2020-12-01 20:28:54Z" duration="0.099658" asserts="0">
              <properties/>
            </test-case>
            <test-case id="1018" name="TestAvatarInput(downArrow+rightArrow)" fullname="Tests.Testat02.TestAvatarInput(downArrow+rightArrow)" methodname="TestAvatarInput" classname="Tests.Testat02" runstate="Runnable" seed="339160711" result="Passed" start-time="2020-12-01 20:28:54Z" end-time="2020-12-01 20:28:54Z" duration="0.099526" asserts="0">
              <properties/>
            </test-case>
            <test-case id="1019" name="TestAvatarInput(upArrow+leftArrow)" fullname="Tests.Testat02.TestAvatarInput(upArrow+leftArrow)" methodname="TestAvatarInput" classname="Tests.Testat02" runstate="Runnable" seed="814658209" result="Passed" start-time="2020-12-01 20:28:54Z" end-time="2020-12-01 20:28:55Z" duration="0.099193" asserts="0">
              <properties/>
            </test-case>
            <test-case id="1020" name="TestAvatarInput(downArrow+leftArrow)" fullname="Tests.Testat02.TestAvatarInput(downArrow+leftArrow)" methodname="TestAvatarInput" classname="Tests.Testat02" runstate="Runnable" seed="148909905" result="Passed" start-time="2020-12-01 20:28:55Z" end-time="2020-12-01 20:28:55Z" duration="0.099451" asserts="0">
              <properties/>
            </test-case>
          </test-suite>
          <test-case id="1022" name="TestAvatarSpeedFieldExists" fullname="Tests.Testat02.TestAvatarSpeedFieldExists" methodname="TestAvatarSpeedFieldExists" classname="Tests.Testat02" runstate="Runnable" seed="39340936" result="Passed" start-time="2020-12-01 20:28:55Z" end-time="2020-12-01 20:28:55Z" duration="0.035200" asserts="0">
            <properties>
              <property name="_JOINTYPE" value="UnityCombinatorial"/>
            </properties>
          </test-case>
          <test-suite type="ParameterizedMethod" id="1071" name="TestAvatarSpeedFieldWorks" fullname="Tests.Testat02.TestAvatarSpeedFieldWorks" classname="Tests.Testat02" runstate="Runnable" testcasecount="48" result="Passed" start-time="2020-12-01 20:28:55Z" end-time="2020-12-01 20:28:59Z" duration="3.841053" total="48" passed="48" failed="0" inconclusive="0" skipped="0" asserts="0">
            <properties>
              <property name="_JOINTYPE" value="UnityCombinatorial"/>
            </properties>
            <test-case id="1023" name="TestAvatarSpeedFieldWorks(upArrow,0.0f,0)" fullname="Tests.Testat02.TestAvatarSpeedFieldWorks(upArrow,0.0f,0)" methodname="TestAvatarSpeedFieldWorks" classname="Tests.Testat02" runstate="Runnable" seed="416367920" result="Passed" start-time="2020-12-01 20:28:55Z" end-time="2020-12-01 20:28:55Z" duration="0.035044" asserts="0">
              <properties/>
            </test-case>
            <test-case id="1024" name="TestAvatarSpeedFieldWorks(upArrow,0.0f,2)" fullname="Tests.Testat02.TestAvatarSpeedFieldWorks(upArrow,0.0f,2)" methodname="TestAvatarSpeedFieldWorks" classname="Tests.Testat02" runstate="Runnable" seed="976187031" result="Passed" start-time="2020-12-01 20:28:55Z" end-time="2020-12-01 20:28:55Z" duration="0.072051" asserts="0">
              <properties/>
            </test-case>
            <test-case id="1025" name="TestAvatarSpeedFieldWorks(upArrow,0.0f,4)" fullname="Tests.Testat02.TestAvatarSpeedFieldWorks(upArrow,0.0f,4)" methodname="TestAvatarSpeedFieldWorks" classname="Tests.Testat02" runstate="Runnable" seed="750990633" result="Passed" start-time="2020-12-01 20:28:55Z" end-time="2020-12-01 20:28:55Z" duration="0.119378" asserts="0">
              <properties/>
            </test-case>
            <test-case id="1026" name="TestAvatarSpeedFieldWorks(upArrow,5.0f,0)" fullname="Tests.Testat02.TestAvatarSpeedFieldWorks(upArrow,5.0f,0)" methodname="TestAvatarSpeedFieldWorks" classname="Tests.Testat02" runstate="Runnable" seed="1663209956" result="Passed" start-time="2020-12-01 20:28:55Z" end-time="2020-12-01 20:28:55Z" duration="0.039235" asserts="0">
              <properties/>
            </test-case>
            <test-case id="1027" name="TestAvatarSpeedFieldWorks(upArrow,5.0f,2)" fullname="Tests.Testat02.TestAvatarSpeedFieldWorks(upArrow,5.0f,2)" methodname="TestAvatarSpeedFieldWorks" classname="Tests.Testat02" runstate="Runnable" seed="1265246298" result="Passed" start-time="2020-12-01 20:28:55Z" end-time="2020-12-01 20:28:55Z" duration="0.079943" asserts="0">
              <properties/>
            </test-case>
            <test-case id="1028" name="TestAvatarSpeedFieldWorks(upArrow,5.0f,4)" fullname="Tests.Testat02.TestAvatarSpeedFieldWorks(upArrow,5.0f,4)" methodname="TestAvatarSpeedFieldWorks" classname="Tests.Testat02" runstate="Runnable" seed="661935922" result="Passed" start-time="2020-12-01 20:28:55Z" end-time="2020-12-01 20:28:55Z" duration="0.119055" asserts="0">
              <properties/>
            </test-case>
            <test-case id="1029" name="TestAvatarSpeedFieldWorks(downArrow,0.0f,0)" fullname="Tests.Testat02.TestAvatarSpeedFieldWorks(downArrow,0.0f,0)" methodname="TestAvatarSpeedFieldWorks" classname="Tests.Testat02" runstate="Runnable" seed="1275785366" result="Passed" start-time="2020-12-01 20:28:55Z" end-time="2020-12-01 20:28:55Z" duration="0.039593" asserts="0">
              <properties/>
            </test-case>
            <test-case id="1030" name="TestAvatarSpeedFieldWorks(downArrow,0.0f,2)" fullname="Tests.Testat02.TestAvatarSpeedFieldWorks(downArrow,0.0f,2)" methodname="TestAvatarSpeedFieldWorks" classname="Tests.Testat02" runstate="Runnable" seed="149889793" result="Passed" start-time="2020-12-01 20:28:55Z" end-time="2020-12-01 20:28:55Z" duration="0.079680" asserts="0">
              <properties/>
            </test-case>
            <test-case id="1031" name="TestAvatarSpeedFieldWorks(downArrow,0.0f,4)" fullname="Tests.Testat02.TestAvatarSpeedFieldWorks(downArrow,0.0f,4)" methodname="TestAvatarSpeedFieldWorks" classname="Tests.Testat02" runstate="Runnable" seed="452237985" result="Passed" start-time="2020-12-01 20:28:55Z" end-time="2020-12-01 20:28:55Z" duration="0.118973" asserts="0">
              <properties/>
            </test-case>
            <test-case id="1032" name="TestAvatarSpeedFieldWorks(downArrow,5.0f,0)" fullname="Tests.Testat02.TestAvatarSpeedFieldWorks(downArrow,5.0f,0)" methodname="TestAvatarSpeedFieldWorks" classname="Tests.Testat02" runstate="Runnable" seed="1138085930" result="Passed" start-time="2020-12-01 20:28:55Z" end-time="2020-12-01 20:28:55Z" duration="0.038968" asserts="0">
              <properties/>
            </test-case>
            <test-case id="1033" name="TestAvatarSpeedFieldWorks(downArrow,5.0f,2)" fullname="Tests.Testat02.TestAvatarSpeedFieldWorks(downArrow,5.0f,2)" methodname="TestAvatarSpeedFieldWorks" classname="Tests.Testat02" runstate="Runnable" seed="116449320" result="Passed" start-time="2020-12-01 20:28:55Z" end-time="2020-12-01 20:28:56Z" duration="0.079409" asserts="0">
              <properties/>
            </test-case>
            <test-case id="1034" name="TestAvatarSpeedFieldWorks(downArrow,5.0f,4)" fullname="Tests.Testat02.TestAvatarSpeedFieldWorks(downArrow,5.0f,4)" methodname="TestAvatarSpeedFieldWorks" classname="Tests.Testat02" runstate="Runnable" seed="2001536416" result="Passed" start-time="2020-12-01 20:28:56Z" end-time="2020-12-01 20:28:56Z" duration="0.119578" asserts="0">
              <properties/>
            </test-case>
            <test-case id="1035" name="TestAvatarSpeedFieldWorks(leftArrow,0.0f,0)" fullname="Tests.Testat02.TestAvatarSpeedFieldWorks(leftArrow,0.0f,0)" methodname="TestAvatarSpeedFieldWorks" classname="Tests.Testat02" runstate="Runnable" seed="456845137" result="Passed" start-time="2020-12-01 20:28:56Z" end-time="2020-12-01 20:28:56Z" duration="0.039093" asserts="0">
              <properties/>
            </test-case>
            <test-case id="1036" name="TestAvatarSpeedFieldWorks(leftArrow,0.0f,2)" fullname="Tests.Testat02.TestAvatarSpeedFieldWorks(leftArrow,0.0f,2)" methodname="TestAvatarSpeedFieldWorks" classname="Tests.Testat02" runstate="Runnable" seed="850946920" result="Passed" start-time="2020-12-01 20:28:56Z" end-time="2020-12-01 20:28:56Z" duration="0.079508" asserts="0">
              <properties/>
            </test-case>
            <test-case id="1037" name="TestAvatarSpeedFieldWorks(leftArrow,0.0f,4)" fullname="Tests.Testat02.TestAvatarSpeedFieldWorks(leftArrow,0.0f,4)" methodname="TestAvatarSpeedFieldWorks" classname="Tests.Testat02" runstate="Runnable" seed="471739380" result="Passed" start-time="2020-12-01 20:28:56Z" end-time="2020-12-01 20:28:56Z" duration="0.119463" asserts="0">
              <properties/>
            </test-case>
            <test-case id="1038" name="TestAvatarSpeedFieldWorks(leftArrow,5.0f,0)" fullname="Tests.Testat02.TestAvatarSpeedFieldWorks(leftArrow,5.0f,0)" methodname="TestAvatarSpeedFieldWorks" classname="Tests.Testat02" runstate="Runnable" seed="737242636" result="Passed" start-time="2020-12-01 20:28:56Z" end-time="2020-12-01 20:28:56Z" duration="0.039210" asserts="0">
              <properties/>
            </test-case>
            <test-case id="1039" name="TestAvatarSpeedFieldWorks(leftArrow,5.0f,2)" fullname="Tests.Testat02.TestAvatarSpeedFieldWorks(leftArrow,5.0f,2)" methodname="TestAvatarSpeedFieldWorks" classname="Tests.Testat02" runstate="Runnable" seed="1143978464" result="Passed" start-time="2020-12-01 20:28:56Z" end-time="2020-12-01 20:28:56Z" duration="0.079637" asserts="0">
              <properties/>
            </test-case>
            <test-case id="1040" name="TestAvatarSpeedFieldWorks(leftArrow,5.0f,4)" fullname="Tests.Testat02.TestAvatarSpeedFieldWorks(leftArrow,5.0f,4)" methodname="TestAvatarSpeedFieldWorks" classname="Tests.Testat02" runstate="Runnable" seed="772061400" result="Passed" start-time="2020-12-01 20:28:56Z" end-time="2020-12-01 20:28:56Z" duration="0.119166" asserts="0">
              <properties/>
            </test-case>
            <test-case id="1041" name="TestAvatarSpeedFieldWorks(rightArrow,0.0f,0)" fullname="Tests.Testat02.TestAvatarSpeedFieldWorks(rightArrow,0.0f,0)" methodname="TestAvatarSpeedFieldWorks" classname="Tests.Testat02" runstate="Runnable" seed="742653016" result="Passed" start-time="2020-12-01 20:28:56Z" end-time="2020-12-01 20:28:56Z" duration="0.039242" asserts="0">
              <properties/>
            </test-case>
[...]
&#10;        {&#13;&#10;            var mat = LoadAsset&lt;Material&gt;(path);&#13;&#10;            Assert.IsTrue(mat.HasProperty(COLOR_KEY), $&quot;Material {mat} must have property {COLOR_KEY}!&quot;);&#13;&#10;        }&#13;&#10;        [Test]&#13;&#10;        public void TestPlatformPrefab()&#13;&#10;        {&#13;&#10;            GameObject prefab = TestUtils.LoadPrefab(PLATFORM_PREFAB);&#13;&#10;            var platform = new PlatformBridge(prefab);&#13;&#10;            CustomAssert.AreEqual(Vector2.zero, platform.collider.offset, $&quot;Platform's Collider2D must have an offset of {Vector2.zero}, but was {platform.collider.offset}!&quot;);&#13;&#10;            CustomAssert.AreEqual(Vector2.one, platform.collider.size, $&quot;Platform's Collider2D must have an offset of {Vector2.one}, but was {platform.collider.size}!&quot;);&#13;&#10;            Assert.AreEqual(LoadAsset&lt;Material&gt;(PLATFORM_MATERIAL), platform.renderer.sharedMaterial, $&quot;Platform's renderer must use Platform material!&quot;);&#13;&#10;        }&#13;&#10;        [UnityTest]&#13;&#10;        public IEnumerator TestPlatformColor([ValueSource(nameof(COLOR_VALUES))] Color color)&#13;&#10;        {&#13;&#10;            yield return new WaitForFixedUpdate();&#13;&#10;&#13;&#10;            var platform = InstantiatePlatform(Vector3.zero);&#13;&#10;            platform.platformColor = color;&#13;&#10;            for (int i = 0; i &lt; 2; i++)&#13;&#10;            {&#13;&#10;                yield return new WaitForFixedUpdate();&#13;&#10;                CustomAssert.AreEqual(color, platform.platformColor, $&quot;Platform color must not change from script-set value of {color}!&quot;);&#13;&#10;                CustomAssert.AreEqual(color, platform.renderer.material.GetColor(COLOR_KEY), $&quot;Platform renderer's color should have been set to {color}!&quot;);&#13;&#10;            }&#13;&#10;            Object.Destroy(platform.gameObject);&#13;&#10;        }&#13;&#10;        [Test]&#13;&#10;        public void TestAvatarPrefab()&#13;&#10;        {&#13;&#10;            GameObject prefab = TestUtils.LoadPrefab(AVATAR_PREFAB);&#13;&#10;&#13;&#10;            var avatar = new AvatarBridge(prefab);&#13;&#10;            CustomAssert.AreEqual(Vector2.zero, avatar.collider.offset, $&quot;Avatar's Collider2D must have an offset of {Vector2.zero}, but was {avatar.collider.offset}!&quot;);&#13;&#10;            CustomAssert.AreEqual(Vector2.one, avatar.collider.size, $&quot;Avatar's Collider2D must have an offset of {Vector2.one}, but was {avatar.collider.size}!&quot;);&#13;&#10;            Assert.AreEqual(RigidbodyType2D.Dynamic, avatar.rigidbody.bodyType, $&quot;Avatar must have a Dynamic body type!&quot;);&#13;&#10;            Assert.AreEqual(LoadAsset&lt;Material&gt;(AVATAR_MATERIAL), avatar.renderer.sharedMaterial, $&quot;Avatar's renderer must use Avatar material!&quot;);&#13;&#10;        }&#13;&#10;        [UnityTest]&#13;&#10;        public IEnumerator TestAvatarColor([ValueSource(nameof(COLOR_VALUES))] Color color)&#13;&#10;        {&#13;&#10;            yield return new WaitForFixedUpdate();&#13;&#10;&#13;&#10;            var avatar = InstantiateAvatar(Vector3.zero);&#13;&#10;            avatar.avatarColor = color;&#13;&#10;            for (int i = 0; i &lt; 2; i++)&#13;&#10;            {&#13;&#10;                yield return new WaitForFixedUpdate();&#13;&#10;                CustomAssert.AreEqual(color, avatar.avatarColor, $&quot;Avatar color must not change from script-set value of {color}!&quot;);&#13;&#10;                CustomAssert.AreEqual(color, avatar.renderer.material.GetColor(COLOR_KEY), $&quot;Avatar renderer's color should have been set to {color}!&quot;);&#13;&#10;            }&#13;&#10;            Object.Destroy(avatar.gameObject);&#13;&#10;        }&#13;&#10;        [Test]&#13;&#10;        public void TestSceneExists()&#13;&#10;        {&#13;&#10;            FileInfo file = new FileInfo(SCENE_PATH);&#13;&#10;            FileAssert.Exists(file);&#13;&#10;        }&#13;&#10;        [UnityTest]&#13;&#10;        public IEnumerator TestPrefabInstancesExistInScene()&#13;&#10;        {&#13;&#10;            yield return new WaitForFixedUpdate();&#13;&#10;&#13;&#10;            GameObject avatarPrefab = TestUtils.LoadPrefab(AVATAR_PREFAB);&#13;&#10;            GameObject platformPrefab = TestUtils.LoadPrefab(PLATFORM_PREFAB);&#13;&#10;&#13;&#10;            LoadTestScene(SCENE_NAME);&#13;&#10;            yield return new WaitForFixedUpdate();&#13;&#10;&#13;&#10;            var avatars = FindPrefabInstances(avatarPrefab)&#13;&#10;                .Select(obj =&gt; new AvatarBridge(obj, true))&#13;&#10;                .ToArray();&#13;&#10;&#13;&#10;            var platforms = FindPrefabInstances(platformPrefab)&#13;&#10;                .Select(obj =&gt; new PlatformBridge(obj))&#13;&#10;                .ToArray();&#13;&#10;&#13;&#10;            var colors = avatars&#13;&#10;                .Select(a =&gt; a.avatarColor)&#13;&#10;                .Concat(platforms.Select(p =&gt; p.platformColor))&#13;&#10;                .Distinct()&#13;&#10;                .ToArray();&#13;&#10;&#13;&#10;            Assert.AreEqual(&#13;&#10;                SCENE_AVATAR_COUNT,&#13;&#10;                avatars.Length,&#13;&#10;                $&quot;Scene {SCENE_NAME} must have exactly {SCENE_AVATAR_COUNT} instance(s) of prefab {avatarPrefab}!&quot;&#13;&#10;            );&#13;&#10;            Assert.AreEqual(&#13;&#10;                SCENE_PLATFORM_COUNT,&#13;&#10;                platforms.Length,&#13;&#10;                $&quot;Scene {SCENE_NAME} must have exactly {SCENE_PLATFORM_COUNT} instance(s) of prefab {platformPrefab}!&quot;&#13;&#10;            );&#13;&#10;            Assert.AreEqual(&#13;&#10;                SCENE_AVATAR_COUNT + SCENE_PLATFORM_COUNT,&#13;&#10;                colors.Length,&#13;&#10;                $&quot;Each avatar and platform in scene {SCENE_NAME} must have a unique color!&quot;&#13;&#10;            );&#13;&#10;&#13;&#10;            var avatar = avatars[0];&#13;&#10;            PlatformBridge platform = default;&#13;&#10;&#13;&#10;            avatar.physics.onCollisionEnter += collision =&gt;&#13;&#10;            {&#13;&#10;                platform = new PlatformBridge(collision.gameObject);&#13;&#10;            };&#13;&#10;&#13;&#10;            float timeout = Time.time + SCENE_TIMEOUT;&#13;&#10;            yield return new WaitUntil(() =&gt; avatar.isGrounded || Time.time &gt; timeout);&#13;&#10;            Assert.IsTrue(avatar.isGrounded, $&quot;After waiting {SCENE_TIMEOUT}s, avatar should be grounded!&quot;);&#13;&#10;            Assert.IsNotNull(platform, $&quot;After being grounded, avatar should have collided with a platform!&quot;);&#13;&#10;            CustomAssert.AreEqual(platform.platformColor, avatar.renderer.material.GetColor(COLOR_KEY), $&quot;After being grounded, avatar's color should have changed to platform's color!&quot;);&#13;&#10;        }&#13;&#10;&#13;&#10;        private IEnumerable&lt;GameObject&gt; FindPrefabInstances(GameObject prefab)&#13;&#10;        {&#13;&#10;            return Object.FindObjectsOfType&lt;GameObject&gt;()&#13;&#10;                .Where(obj =&gt; obj.name.StartsWith(prefab.name));&#13;&#10;        }&#13;&#10;&#13;&#10;        private AvatarBridge InstantiateAvatar(Vector3 position)&#13;&#10;        {&#13;&#10;&#13;&#10;            GameObject prefab = TestUtils.LoadPrefab(AVATAR_PREFAB);&#13;&#10;            GameObject instance = InstantiateGameObject(prefab, position, Quaternion.identity);&#13;&#10;            var avatar = new AvatarBridge(instance, true);&#13;&#10;            avatar.rigidbody.mass = 1;&#13;&#10;            avatar.rigidbody.drag = 0;&#13;&#10;            return avatar;&#13;&#10;        }&#13;&#10;&#13;&#10;        private PlatformBridge InstantiatePlatform(Vector3 position)&#13;&#10;        {&#13;&#10;&#13;&#10;            GameObject prefab = TestUtils.LoadPrefab(PLATFORM_PREFAB);&#13;&#10;            GameObject instance = InstantiateGameObject(prefab, position, Quaternion.identity);&#13;&#10;            return new PlatformBridge(instance);&#13;&#10;        }&#13;&#10;    }&#13;&#10;}&#13;&#10;"><file author="Faulo-Empty" location="Assets\Tests\Testat04.cs"/><file author="Faulo-Master" location="Assets\Tests\Testat04.cs"/><file author="64Megabyte" location="Assets\Tests\Testat04.cs"/><file author="Ann-droids" location="Assets\Tests\Testat04.cs"/><file author="BenediktLieb" location="Assets\Tests\Testat04.cs"/><file author="DeliaSchimann" location="Assets\Tests\Testat04.cs"/><file author="DerELMO702995" location="Assets\Tests\Testat04.cs"/><file author="KaddaStrophe" location="Assets\Tests\Testat04.cs"/><file author="klasing-jan" location="Assets\Tests\Testat04.cs"/><file author="LauraWue" location="Assets\Tests\Testat04.cs"/><file author="Lodil" location="Assets\Tests\Testat04.cs"/><file author="LukeBrose" location="Assets\Tests\Testat04.cs"/><file author="PietzkepopovRose" location="Assets\Tests\Testat04.cs"/><file author="Rubycule" location="Assets\Tests\Testat04.cs"/><file author="SimonSchuster93" location="Assets\Tests\Testat04.cs"/></duplicate><duplicate content="&#xFEFF;using NUnit.Framework;&#13;&#10;using System.Collections;&#13;&#10;using System.Collections.Generic;&#13;&#10;using System.IO;&#13;&#10;using UnityEditor;&#13;&#10;using UnityEngine;&#13;&#10;using UnityEngine.SceneManagement;&#13;&#10;using UnityEngine.TestTools;&#13;&#10;&#13;&#10;namespace Tests&#13;&#10;{&#13;&#10;    public class TestSuite&#13;&#10;    {&#13;&#10;        protected Scene currentScene =&gt; loadedScene.IsValid()&#13;&#10;            ? loadedScene&#13;&#10;            : testScene;&#13;&#10;        private Scene testScene;&#13;&#10;        [UnitySetUp]&#13;&#10;        public IEnumerator UnitySetUp()&#13;&#10;        {&#13;&#10;            yield return null;&#13;&#10;            testScene = SceneManager.GetActiveScene();&#13;&#10;        }&#13;&#10;&#13;&#10;        [UnityTearDown]&#13;&#10;        public IEnumerator UnityTearDown()&#13;&#10;        {&#13;&#10;            while (loadedObjects.Count &gt; 0)&#13;&#10;            {&#13;&#10;                var obj = loadedObjects.Dequeue();&#13;&#10;                if (obj)&#13;&#10;                {&#13;&#10;                    Object.Destroy(obj);&#13;&#10;                    yield return null;&#13;&#10;                }&#13;&#10;            }&#13;&#10;&#13;&#10;            if (loadedScene.IsValid())&#13;&#10;            {&#13;&#10;                var operation = SceneManager.UnloadSceneAsync(loadedScene);&#13;&#10;                yield return new WaitUntil(() =&gt; operation.isDone);&#13;&#10;                loadedScene = default;&#13;&#10;            }&#13;&#10;        }&#13;&#10;        private Scene loadedScene;&#13;&#10;        protected Scene LoadTestScene(string name)&#13;&#10;        {&#13;&#10;            int sceneIndex = SceneManager.sceneCount;&#13;&#10;            SceneManager.LoadScene(name, LoadSceneMode.Additive);&#13;&#10;            loadedScene = SceneManager.GetSceneAt(sceneIndex);&#13;&#10;            return loadedScene;&#13;&#10;        }&#13;&#10;        protected T LoadAsset&lt;T&gt;(string path) where T : Object&#13;&#10;        {&#13;&#10;            FileAssert.Exists(new FileInfo(path));&#13;&#10;            var asset = AssetDatabase.LoadAssetAtPath&lt;T&gt;(path);&#13;&#10;            Assert.IsNotNull(asset, $&quot;Could not load asset of type {typeof(T).Name} at path {path}!&quot;);&#13;&#10;            return asset;&#13;&#10;        }&#13;&#10;&#13;&#10;        private readonly Queue&lt;GameObject&gt; loadedObjects = new Queue&lt;GameObject&gt;();&#13;&#10;        protected GameObject InstantiateGameObject(GameObject prefab, Vector3 position, Quaternion rotation)&#13;&#10;        {&#13;&#10;            GameObject instance = Object.Instantiate(prefab, position, rotation);&#13;&#10;            loadedObjects.Enqueue(instance);&#13;&#10;            return instance;&#13;&#10;        }&#13;&#10;    }&#13;&#10;}"><file author="Faulo-Empty" location="Assets\Tests\TestSuite.cs"/><file author="Faulo-Master" location="Assets\Tests\TestSuite.cs"/><file author="64Megabyte" location="Assets\Tests\TestSuite.cs"/><file author="Ann-droids" location="Assets\Tests\TestSuite.cs"/><file author="BenediktLieb" location="Assets\Tests\TestSuite.cs"/><file author="DeliaSchimann" location="Assets\Tests\TestSuite.cs"/><file author="DerELMO702995" location="Assets\Tests\TestSuite.cs"/><file author="KaddaStrophe" location="Assets\Tests\TestSuite.cs"/><file author="klasing-jan" location="Assets\Tests\TestSuite.cs"/><file author="LauraWue" location="Assets\Tests\TestSuite.cs"/><file author="Lodil" location="Assets\Tests\TestSuite.cs"/><file author="LukeBrose" location="Assets\Tests\TestSuite.cs"/><file author="PietzkepopovRose" location="Assets\Tests\TestSuite.cs"/><file author="Rubycule" location="Assets\Tests\TestSuite.cs"/><file author="SimonSchuster93" location="Assets\Tests\TestSuite.cs"/></duplicate><duplicate content="&#xFEFF;using NUnit.Framework;&#13;&#10;using System;&#13;&#10;using System.IO;&#13;&#10;using UnityEditor;&#13;&#10;using UnityEngine;&#13;&#10;&#13;&#10;namespace Tests&#13;&#10;{&#13;&#10;    public class TestUtils&#13;&#10;    {&#13;&#10;        private const float EPSILON = 0.000001f;&#13;&#10;        public static bool Approximately(float a, float b, float threshold = EPSILON)&#13;&#10;        {&#13;&#10;            if (threshold &gt; 0f)&#13;&#10;            {&#13;&#10;                return Mathf.Abs(a - b) &lt;= threshold;&#13;&#10;            }&#13;&#10;            else&#13;&#10;            {&#13;&#10;                return Mathf.Approximately(a, b);&#13;&#10;            }&#13;&#10;        }&#13;&#10;        public static bool Approximately(Vector2 one, Vector2 two, float threshold = EPSILON)&#13;&#10;        {&#13;&#10;            return Approximately(one.x, two.x, threshold)&#13;&#10;                &amp;&amp; Approximately(one.y, two.y, threshold);&#13;&#10;        }&#13;&#10;        public static bool Approximately(Vector3 one, Vector3 two, float threshold = EPSILON)&#13;&#10;        {&#13;&#10;            return Approximately(one.x, two.x, threshold)&#13;&#10;                &amp;&amp; Approximately(one.y, two.y, threshold)&#13;&#10;                &amp;&amp; Approximately(one.z, two.z, threshold);&#13;&#10;        }&#13;&#10;        public static bool Approximately(Bounds one, Bounds two, float threshold = EPSILON)&#13;&#10;        {&#13;&#10;            return Approximately(one.center, two.center, threshold)&#13;&#10;                &amp;&amp; Approximately(one.size, two.size, threshold);&#13;&#10;        }&#13;&#10;        public static string RunGitCommand(string projectPath, string gitCommand)&#13;&#10;        {&#13;&#10;            // Set up our processInfo to run the git command and log to output and errorOutput.&#13;&#10;            var processInfo = new System.Diagnostics.ProcessStartInfo(&quot;git&quot;, @gitCommand)&#13;&#10;            {&#13;&#10;                WorkingDirectory = projectPath,&#13;&#10;                CreateNoWindow = true,          // We want no visible pop-ups&#13;&#10;                UseShellExecute = false,        // Allows us to redirect input, output and error streams&#13;&#10;                RedirectStandardOutput = true,  // Allows us to read the output stream&#13;&#10;                RedirectStandardError = true    // Allows us to read the error stream&#13;&#10;            };&#13;&#10;&#13;&#10;            // Set up the Process&#13;&#10;            var process = new System.Diagnostics.Process&#13;&#10;            {&#13;&#10;                StartInfo = processInfo&#13;&#10;            };&#13;&#10;&#13;&#10;            try&#13;&#10;            {&#13;&#10;                process.Start();  // Try to start it, catching any exceptions if it fails&#13;&#10;            }&#13;&#10;            catch (Exception e)&#13;&#10;            {&#13;&#10;                // For now just assume its failed cause it can't find git.&#13;&#10;                Debug.LogError(&quot;Git is not set-up correctly, required to be on PATH, and to be a git project.&quot;);&#13;&#10;                throw e;&#13;&#10;            }&#13;&#10;&#13;&#10;            // Strings that will catch the output from our process.&#13;&#10;            // Read the results back from the process so we can get the output and check for errors&#13;&#10;            string output = process.StandardOutput.ReadToEnd();&#13;&#10;            string errorOutput = process.StandardError.ReadToEnd();&#13;&#10;&#13;&#10;            process.WaitForExit();  // Make sure we wait till the process has fully finished.&#13;&#10;            process.Close();        // Close the process ensuring it frees it resources.&#13;&#10;&#13;&#10;            // Log any errors.&#13;&#10;            if (errorOutput != &quot;&quot;)&#13;&#10;            {&#13;&#10;                Debug.LogError(&quot;Git Error: &quot; + errorOutput);&#13;&#10;            }&#13;&#10;&#13;&#10;            return output;  // Return the output from git.&#13;&#10;        }&#13;&#10;&#13;&#10;        public static GameObject LoadPrefab(string path)&#13;&#10;        {&#13;&#10;&#13;&#10;            FileInfo file = new FileInfo(path);&#13;&#10;            FileAssert.Exists(file);&#13;&#10;            var obj = AssetDatabase.LoadAssetAtPath&lt;GameObject&gt;(path);&#13;&#10;            Assert.NotNull(obj, $&quot;Prefab '{path}' is empty?&quot;);&#13;&#10;            return obj;&#13;&#10;        }&#13;&#10;    }&#13;&#10;}"><file author="Faulo-Empty" location="Assets\Tests\TestUtils.cs"/><file author="Faulo-Master" location="Assets\Tests\TestUtils.cs"/><file author="64Megabyte" location="Assets\Tests\TestUtils.cs"/><file author="Ann-droids" location="Assets\Tests\TestUtils.cs"/><file author="BenediktLieb" location="Assets\Tests\TestUtils.cs"/><file author="DeliaSchimann" location="Assets\Tests\TestUtils.cs"/><file author="DerELMO702995" location="Assets\Tests\TestUtils.cs"/><file author="KaddaStrophe" location="Assets\Tests\TestUtils.cs"/><file author="klasing-jan" location="Assets\Tests\TestUtils.cs"/><file author="LauraWue" location="Assets\Tests\TestUtils.cs"/><file author="Lodil" location="Assets\Tests\TestUtils.cs"/><file author="LukeBrose" location="Assets\Tests\TestUtils.cs"/><file author="PietzkepopovRose" location="Assets\Tests\TestUtils.cs"/><file author="Rubycule" location="Assets\Tests\TestUtils.cs"/><file author="SimonSchuster93" location="Assets\Tests\TestUtils.cs"/></duplicate><duplicate content="&#xFEFF;using UnityEngine;&#13;&#10;&#13;&#10;public class SampleScript : MonoBehaviour&#13;&#10;{&#13;&#10;    // Start is called before the first frame update&#13;&#10;    private void Start()&#13;&#10;    {&#13;&#10;        Debug.Log(&quot;Hallo Welt!&quot;);&#13;&#10;    }&#13;&#10;&#13;&#10;    // Update is called once per frame&#13;&#10;    private void Update()&#13;&#10;    {&#13;&#10;&#13;&#10;    }&#13;&#10;}&#13;&#10;"><file author="Lodil" location="Assets\Scripts\SampleScript.cs"/><file author="LukeBrose" location="Assets\Scripts\SampleScript.cs"/></duplicate><duplicate content="&#xFEFF;using System.Collections;&#13;&#10;using System.Collections.Generic;&#13;&#10;using UnityEngine;&#13;&#10;&#13;&#10;public class HelloWorld : MonoBehaviour&#13;&#10;{&#13;&#10;    // Start is called before the first frame update&#13;&#10;    void Start()&#13;&#10;    {&#13;&#10;        Debug.Log(&quot;Hallo Welt!&quot;);&#13;&#10;    }&#13;&#10;&#13;&#10;    // Update is called once per frame&#13;&#10;    void Update()&#13;&#10;    {&#13;&#10;        &#13;&#10;    }&#13;&#10;}&#13;&#10;"><file author="LauraWue" location="Assets\Scripts\HelloWorld.cs"/><file author="PietzkepopovRose" location="Assets\Scripts\HelloWorld.cs"/><file author="Rubycule" location="Assets\Scripts\HelloWorld.cs"/><file author="SimonSchuster93" location="Assets\Scripts\HelloWorld.cs"/></duplicate></report>
