<?xml version="1.0"?>
<report><repository name="64Megabyte" href="https://github.com/64Megabyte/Programmierpraktikum-WS20" path="C:\Unity\workspace\2020WS.UnityPP.64Megabyte" results="C:\Webserver\htdocs\workspace\devtools\unity-pp\results\64Megabyte.xml" unity="C:\Unity\workspace\2020WS.UnityPP.64Megabyte"><test-run id="2" testcasecount="4" result="Passed" total="4" passed="4" failed="0" inconclusive="0" skipped="0" asserts="0" engine-version="3.5.0.0" clr-version="4.0.30319.42000" start-time="2020-11-12 11:37:28Z" end-time="2020-11-12 11:37:28Z" duration="0,1087882">
  <test-suite type="TestSuite" id="1000" name="2020WS.UnityPP" fullname="2020WS.UnityPP" runstate="Runnable" testcasecount="4" result="Passed" start-time="2020-11-12 11:37:28Z" end-time="2020-11-12 11:37:28Z" duration="0.108788" total="4" passed="4" failed="0" inconclusive="0" skipped="0" asserts="0">
    <properties/>
    <test-suite type="Assembly" id="1006" name="Tests.dll" fullname="C:/Unity/workspace/2020WS.UnityPP.64Megabyte/Library/ScriptAssemblies/Tests.dll" runstate="Runnable" testcasecount="4" result="Passed" start-time="2020-11-12 11:37:28Z" end-time="2020-11-12 11:37:28Z" duration="0.094676" total="4" passed="4" failed="0" inconclusive="0" skipped="0" asserts="0">
      <properties>
        <property name="_PID" value="7004"/>
        <property name="_APPDOMAIN" value="Unity Child Domain"/>
        <property name="platform" value="PlayMode"/>
      </properties>
      <test-suite type="TestSuite" id="1007" name="Tests" fullname="Tests" runstate="Runnable" testcasecount="4" result="Passed" start-time="2020-11-12 11:37:28Z" end-time="2020-11-12 11:37:28Z" duration="0.091620" total="4" passed="4" failed="0" inconclusive="0" skipped="0" asserts="0">
        <properties/>
        <test-suite type="TestFixture" id="1001" name="Testat01" fullname="Tests.Testat01" classname="Tests.Testat01" runstate="Runnable" testcasecount="4" result="Passed" start-time="2020-11-12 11:37:28Z" end-time="2020-11-12 11:37:28Z" duration="0.087579" total="4" passed="4" failed="0" inconclusive="0" skipped="0" asserts="0">
          <properties/>
          <test-case id="1003" name="TestGitInitialized" fullname="Tests.Testat01.TestGitInitialized" methodname="TestGitInitialized" classname="Tests.Testat01" runstate="Runnable" seed="702656610" result="Passed" start-time="2020-11-12 11:37:28Z" end-time="2020-11-12 11:37:28Z" duration="0.020832" asserts="0">
            <properties/>
          </test-case>
          <test-case id="1005" name="TestHelloWorldLog" fullname="Tests.Testat01.TestHelloWorldLog" methodname="TestHelloWorldLog" classname="Tests.Testat01" runstate="Runnable" seed="1645669739" result="Passed" start-time="2020-11-12 11:37:28Z" end-time="2020-11-12 11:37:28Z" duration="0.038133" asserts="0">
            <properties>
              <property name="_JOINTYPE" value="UnityCombinatorial"/>
            </properties>
            <output><![CDATA[Hallo Welt!
]]></output>
          </test-case>
          <test-case id="1004" name="TestSceneExists" fullname="Tests.Testat01.TestSceneExists" methodname="TestSceneExists" classname="Tests.Testat01" runstate="Runnable" seed="1737588098" result="Passed" start-time="2020-11-12 11:37:28Z" end-time="2020-11-12 11:37:28Z" duration="0.000696" asserts="0">
            <properties/>
          </test-case>
          <test-case id="1002" name="TestUnityVersion" fullname="Tests.Testat01.TestUnityVersion" methodname="TestUnityVersion" classname="Tests.Testat01" runstate="Runnable" seed="1519000442" result="Passed" start-time="2020-11-12 11:37:28Z" end-time="2020-11-12 11:37:28Z" duration="0.000456" asserts="0">
            <properties/>
          </test-case>
        </test-suite>
      </test-suite>
    </test-suite>
  </test-suite>
</test-run></repository><repository name="Ann-droids" href="https://github.com/Ann-droids/Testat1" path="C:\Unity\workspace\2020WS.UnityPP.Ann-droids" results="C:\Webserver\htdocs\workspace\devtools\unity-pp\results\Ann-droids.xml" unity="C:\Unity\workspace\2020WS.UnityPP.Ann-droids"><test-run id="2" testcasecount="4" result="Passed" total="4" passed="4" failed="0" inconclusive="0" skipped="0" asserts="0" engine-version="3.5.0.0" clr-version="4.0.30319.42000" start-time="2020-11-12 11:38:28Z" end-time="2020-11-12 11:38:28Z" duration="0,1268467">
  <test-suite type="TestSuite" id="1000" name="2020WS.UnityPP" fullname="2020WS.UnityPP" runstate="Runnable" testcasecount="4" result="Passed" start-time="2020-11-12 11:38:28Z" end-time="2020-11-12 11:38:28Z" duration="0.126847" total="4" passed="4" failed="0" inconclusive="0" skipped="0" asserts="0">
    <properties/>
    <test-suite type="Assembly" id="1006" name="Tests.dll" fullname="C:/Unity/workspace/2020WS.UnityPP.Ann-droids/Library/ScriptAssemblies/Tests.dll" runstate="Runnable" testcasecount="4" result="Passed" start-time="2020-11-12 11:38:28Z" end-time="2020-11-12 11:38:28Z" duration="0.110822" total="4" passed="4" failed="0" inconclusive="0" skipped="0" asserts="0">
      <properties>
        <property name="_PID" value="9456"/>
        <property name="_APPDOMAIN" value="Unity Child Domain"/>
        <property name="platform" value="PlayMode"/>
      </properties>
      <test-suite type="TestSuite" id="1007" name="Tests" fullname="Tests" runstate="Runnable" testcasecount="4" result="Passed" start-time="2020-11-12 11:38:28Z" end-time="2020-11-12 11:38:28Z" duration="0.105916" total="4" passed="4" failed="0" inconclusive="0" skipped="0" asserts="0">
        <properties/>
        <test-suite type="TestFixture" id="1001" name="Testat01" fullname="Tests.Testat01" classname="Tests.Testat01" runstate="Runnable" testcasecount="4" result="Passed" start-time="2020-11-12 11:38:28Z" end-time="2020-11-12 11:38:28Z" duration="0.100443" total="4" passed="4" failed="0" inconclusive="0" skipped="0" asserts="0">
          <properties/>
          <test-case id="1003" name="TestGitInitialized" fullname="Tests.Testat01.TestGitInitialized" methodname="TestGitInitialized" classname="Tests.Testat01" runstate="Runnable" seed="1519766456" result="Passed" start-time="2020-11-12 11:38:28Z" end-time="2020-11-12 11:38:28Z" duration="0.020471" asserts="0">
            <properties/>
          </test-case>
          <test-case id="1005" name="TestHelloWorldLog" fullname="Tests.Testat01.TestHelloWorldLog" methodname="TestHelloWorldLog" classname="Tests.Testat01" runstate="Runnable" seed="1890278864" result="Passed" start-time="2020-11-12 11:38:28Z" end-time="2020-11-12 11:38:28Z" duration="0.049066" asserts="0">
            <properties>
              <property name="_JOINTYPE" value="UnityCombinatorial"/>
            </properties>
            <output><![CDATA[Hallo Welt!
]]></output>
          </test-case>
          <test-case id="1004" name="TestSceneExists" fullname="Tests.Testat01.TestSceneExists" methodname="TestSceneExists" classname="Tests.Testat01" runstate="Runnable" seed="485802226" result="Passed" start-time="2020-11-12 11:38:28Z" end-time="2020-11-12 11:38:28Z" duration="0.001682" asserts="0">
            <properties/>
          </test-case>
          <test-case id="1002" name="TestUnityVersion" fullname="Tests.Testat01.TestUnityVersion" methodname="TestUnityVersion" classname="Tests.Testat01" runstate="Runnable" seed="2116041800" result="Passed" start-time="2020-11-12 11:38:28Z" end-time="2020-11-12 11:38:28Z" duration="0.000721" asserts="0">
            <properties/>
          </test-case>
        </test-suite>
      </test-suite>
    </test-suite>
  </test-suite>
</test-run></repository><repository name="BenediktLieb" href="https://github.com/BenediktLieb/Testat-01" path="C:\Unity\workspace\2020WS.UnityPP.BenediktLieb" results="C:\Webserver\htdocs\workspace\devtools\unity-pp\results\BenediktLieb.xml" unity="C:\Unity\workspace\2020WS.UnityPP.BenediktLieb"><test-run id="2" testcasecount="4" result="Passed" total="4" passed="4" failed="0" inconclusive="0" skipped="0" asserts="0" engine-version="3.5.0.0" clr-version="4.0.30319.42000" start-time="2020-11-12 11:37:58Z" end-time="2020-11-12 11:37:58Z" duration="0,1867309">
  <test-suite type="TestSuite" id="1000" name="2020WS.UnityPP" fullname="2020WS.UnityPP" runstate="Runnable" testcasecount="4" result="Passed" start-time="2020-11-12 11:37:58Z" end-time="2020-11-12 11:37:58Z" duration="0.186731" total="4" passed="4" failed="0" inconclusive="0" skipped="0" asserts="0">
    <properties/>
    <test-suite type="Assembly" id="1006" name="Tests.dll" fullname="C:/Unity/workspace/2020WS.UnityPP.BenediktLieb/Library/ScriptAssemblies/Tests.dll" runstate="Runnable" testcasecount="4" result="Passed" start-time="2020-11-12 11:37:58Z" end-time="2020-11-12 11:37:58Z" duration="0.156101" total="4" passed="4" failed="0" inconclusive="0" skipped="0" asserts="0">
      <properties>
        <property name="_PID" value="14960"/>
        <property name="_APPDOMAIN" value="Unity Child Domain"/>
        <property name="platform" value="PlayMode"/>
      </properties>
      <test-suite type="TestSuite" id="1007" name="Tests" fullname="Tests" runstate="Runnable" testcasecount="4" result="Passed" start-time="2020-11-12 11:37:58Z" end-time="2020-11-12 11:37:58Z" duration="0.152031" total="4" passed="4" failed="0" inconclusive="0" skipped="0" asserts="0">
        <properties/>
        <test-suite type="TestFixture" id="1001" name="Testat01" fullname="Tests.Testat01" classname="Tests.Testat01" runstate="Runnable" testcasecount="4" result="Passed" start-time="2020-11-12 11:37:58Z" end-time="2020-11-12 11:37:58Z" duration="0.146383" total="4" passed="4" failed="0" inconclusive="0" skipped="0" asserts="0">
          <properties/>
          <test-case id="1003" name="TestGitInitialized" fullname="Tests.Testat01.TestGitInitialized" methodname="TestGitInitialized" classname="Tests.Testat01" runstate="Runnable" seed="959899878" result="Passed" start-time="2020-11-12 11:37:58Z" end-time="2020-11-12 11:37:58Z" duration="0.034875" asserts="0">
            <properties/>
          </test-case>
          <test-case id="1005" name="TestHelloWorldLog" fullname="Tests.Testat01.TestHelloWorldLog" methodname="TestHelloWorldLog" classname="Tests.Testat01" runstate="Runnable" seed="1624594277" result="Passed" start-time="2020-11-12 11:37:58Z" end-time="2020-11-12 11:37:58Z" duration="0.058034" asserts="0">
            <properties>
              <property name="_JOINTYPE" value="UnityCombinatorial"/>
            </properties>
            <output><![CDATA[Hallo Welt!
]]></output>
          </test-case>
          <test-case id="1004" name="TestSceneExists" fullname="Tests.Testat01.TestSceneExists" methodname="TestSceneExists" classname="Tests.Testat01" runstate="Runnable" seed="1619392930" result="Passed" start-time="2020-11-12 11:37:58Z" end-time="2020-11-12 11:37:58Z" duration="0.001003" asserts="0">
            <properties/>
          </test-case>
          <test-case id="1002" name="TestUnityVersion" fullname="Tests.Testat01.TestUnityVersion" methodname="TestUnityVersion" classname="Tests.Testat01" runstate="Runnable" seed="466075633" result="Passed" start-time="2020-11-12 11:37:58Z" end-time="2020-11-12 11:37:58Z" duration="0.001169" asserts="0">
            <properties/>
          </test-case>
        </test-suite>
      </test-suite>
    </test-suite>
  </test-suite>
</test-run></repository><repository name="DeliaSchimann" href="https://github.com/DeliaSchimann/GitTest" path="C:\Unity\workspace\2020WS.UnityPP.DeliaSchimann" results="C:\Webserver\htdocs\workspace\devtools\unity-pp\results\DeliaSchimann.xml" unity="C:\Unity\workspace\2020WS.UnityPP.DeliaSchimann"><test-run id="2" testcasecount="4" result="Passed" total="4" passed="4" failed="0" inconclusive="0" skipped="0" asserts="0" engine-version="3.5.0.0" clr-version="4.0.30319.42000" start-time="2020-11-12 11:36:58Z" end-time="2020-11-12 11:36:58Z" duration="0,1008156">
  <test-suite type="TestSuite" id="1000" name="2020WS.UnityPP" fullname="2020WS.UnityPP" runstate="Runnable" testcasecount="4" result="Passed" start-time="2020-11-12 11:36:58Z" end-time="2020-11-12 11:36:58Z" duration="0.100816" total="4" passed="4" failed="0" inconclusive="0" skipped="0" asserts="0">
    <properties/>
    <test-suite type="Assembly" id="1006" name="Tests.dll" fullname="C:/Unity/workspace/2020WS.UnityPP.DeliaSchimann/Library/ScriptAssemblies/Tests.dll" runstate="Runnable" testcasecount="4" result="Passed" start-time="2020-11-12 11:36:58Z" end-time="2020-11-12 11:36:58Z" duration="0.088145" total="4" passed="4" failed="0" inconclusive="0" skipped="0" asserts="0">
      <properties>
        <property name="_PID" value="6548"/>
        <property name="_APPDOMAIN" value="Unity Child Domain"/>
        <property name="platform" value="PlayMode"/>
      </properties>
      <test-suite type="TestSuite" id="1007" name="Tests" fullname="Tests" runstate="Runnable" testcasecount="4" result="Passed" start-time="2020-11-12 11:36:58Z" end-time="2020-11-12 11:36:58Z" duration="0.085178" total="4" passed="4" failed="0" inconclusive="0" skipped="0" asserts="0">
        <properties/>
        <test-suite type="TestFixture" id="1001" name="Testat01" fullname="Tests.Testat01" classname="Tests.Testat01" runstate="Runnable" testcasecount="4" result="Passed" start-time="2020-11-12 11:36:58Z" end-time="2020-11-12 11:36:58Z" duration="0.081295" total="4" passed="4" failed="0" inconclusive="0" skipped="0" asserts="0">
          <properties/>
          <test-case id="1003" name="TestGitInitialized" fullname="Tests.Testat01.TestGitInitialized" methodname="TestGitInitialized" classname="Tests.Testat01" runstate="Runnable" seed="1099497068" result="Passed" start-time="2020-11-12 11:36:58Z" end-time="2020-11-12 11:36:58Z" duration="0.014850" asserts="0">
            <properties/>
          </test-case>
          <test-case id="1005" name="TestHelloWorldLog" fullname="Tests.Testat01.TestHelloWorldLog" methodname="TestHelloWorldLog" classname="Tests.Testat01" runstate="Runnable" seed="1709674121" result="Passed" start-time="2020-11-12 11:36:58Z" end-time="2020-11-12 11:36:58Z" duration="0.039020" asserts="0">
            <properties>
              <property name="_JOINTYPE" value="UnityCombinatorial"/>
            </properties>
            <output><![CDATA[Hallo Welt!
]]></output>
          </test-case>
          <test-case id="1004" name="TestSceneExists" fullname="Tests.Testat01.TestSceneExists" methodname="TestSceneExists" classname="Tests.Testat01" runstate="Runnable" seed="715411079" result="Passed" start-time="2020-11-12 11:36:58Z" end-time="2020-11-12 11:36:58Z" duration="0.000692" asserts="0">
            <properties/>
          </test-case>
          <test-case id="1002" name="TestUnityVersion" fullname="Tests.Testat01.TestUnityVersion" methodname="TestUnityVersion" classname="Tests.Testat01" runstate="Runnable" seed="1657616300" result="Passed" start-time="2020-11-12 11:36:58Z" end-time="2020-11-12 11:36:58Z" duration="0.000514" asserts="0">
            <properties/>
          </test-case>
        </test-suite>
      </test-suite>
    </test-suite>
  </test-suite>
</test-run></repository><repository name="DerELMO702995" href="https://github.com/DerELMO702995/Programmierpraktikum" path="C:\Unity\workspace\2020WS.UnityPP.DerELMO702995" results="C:\Webserver\htdocs\workspace\devtools\unity-pp\results\DerELMO702995.xml" unity="C:\Unity\workspace\2020WS.UnityPP.DerELMO702995"><test-run id="2" testcasecount="4" result="Passed" total="4" passed="4" failed="0" inconclusive="0" skipped="0" asserts="0" engine-version="3.5.0.0" clr-version="4.0.30319.42000" start-time="2020-11-12 11:40:25Z" end-time="2020-11-12 11:40:25Z" duration="0,1389383">
  <test-suite type="TestSuite" id="1000" name="2020WS.UnityPP" fullname="2020WS.UnityPP" runstate="Runnable" testcasecount="4" result="Passed" start-time="2020-11-12 11:40:25Z" end-time="2020-11-12 11:40:25Z" duration="0.138938" total="4" passed="4" failed="0" inconclusive="0" skipped="0" asserts="0">
    <properties/>
    <test-suite type="Assembly" id="1006" name="Tests.dll" fullname="C:/Unity/workspace/2020WS.UnityPP.DerELMO702995/Library/ScriptAssemblies/Tests.dll" runstate="Runnable" testcasecount="4" result="Passed" start-time="2020-11-12 11:40:25Z" end-time="2020-11-12 11:40:25Z" duration="0.126639" total="4" passed="4" failed="0" inconclusive="0" skipped="0" asserts="0">
      <properties>
        <property name="_PID" value="16028"/>
        <property name="_APPDOMAIN" value="Unity Child Domain"/>
        <property name="platform" value="PlayMode"/>
      </properties>
      <test-suite type="TestSuite" id="1007" name="Tests" fullname="Tests" runstate="Runnable" testcasecount="4" result="Passed" start-time="2020-11-12 11:40:25Z" end-time="2020-11-12 11:40:25Z" duration="0.123922" total="4" passed="4" failed="0" inconclusive="0" skipped="0" asserts="0">
        <properties/>
        <test-suite type="TestFixture" id="1001" name="Testat01" fullname="Tests.Testat01" classname="Tests.Testat01" runstate="Runnable" testcasecount="4" result="Passed" start-time="2020-11-12 11:40:25Z" end-time="2020-11-12 11:40:25Z" duration="0.120254" total="4" passed="4" failed="0" inconclusive="0" skipped="0" asserts="0">
          <properties/>
          <test-case id="1003" name="TestGitInitialized" fullname="Tests.Testat01.TestGitInitialized" methodname="TestGitInitialized" classname="Tests.Testat01" runstate="Runnable" seed="1546818459" result="Passed" start-time="2020-11-12 11:40:25Z" end-time="2020-11-12 11:40:25Z" duration="0.014736" asserts="0">
            <properties/>
          </test-case>
          <test-case id="1005" name="TestHelloWorldLog" fullname="Tests.Testat01.TestHelloWorldLog" methodname="TestHelloWorldLog" classname="Tests.Testat01" runstate="Runnable" seed="639926535" result="Passed" start-time="2020-11-12 11:40:25Z" end-time="2020-11-12 11:40:25Z" duration="0.079284" asserts="0">
            <properties>
              <property name="_JOINTYPE" value="UnityCombinatorial"/>
            </properties>
            <output><![CDATA[Hallo Welt!
]]></output>
          </test-case>
          <test-case id="1004" name="TestSceneExists" fullname="Tests.Testat01.TestSceneExists" methodname="TestSceneExists" classname="Tests.Testat01" runstate="Runnable" seed="1063747641" result="Passed" start-time="2020-11-12 11:40:25Z" end-time="2020-11-12 11:40:25Z" duration="0.000702" asserts="0">
            <properties/>
          </test-case>
          <test-case id="1002" name="TestUnityVersion" fullname="Tests.Testat01.TestUnityVersion" methodname="TestUnityVersion" classname="Tests.Testat01" runstate="Runnable" seed="287310117" result="Passed" start-time="2020-11-12 11:40:25Z" end-time="2020-11-12 11:40:25Z" duration="0.000395" asserts="0">
            <properties/>
          </test-case>
        </test-suite>
      </test-suite>
    </test-suite>
  </test-suite>
</test-run></repository><repository name="Faulo" href="https://github.com/Faulo/UnityPP2020" path="C:\Unity\workspace\2020WS.UnityPP.Faulo" results="C:\Webserver\htdocs\workspace\devtools\unity-pp\results\Faulo.xml" unity="C:\Unity\workspace\2020WS.UnityPP.Faulo"><test-run id="2" testcasecount="5" result="Failed(Child)" total="5" passed="5" failed="0" inconclusive="0" skipped="0" asserts="0" engine-version="3.5.0.0" clr-version="4.0.30319.42000" start-time="2020-11-12 11:34:38Z" end-time="2020-11-12 11:34:39Z" duration="0,4265868">
  <test-suite type="TestSuite" id="1000" name="2020WS.UnityPP" fullname="2020WS.UnityPP" runstate="Runnable" testcasecount="5" result="Failed" site="Child" start-time="2020-11-12 11:34:38Z" end-time="2020-11-12 11:34:39Z" duration="0.426587" total="5" passed="5" failed="0" inconclusive="0" skipped="0" asserts="0">
    <properties/>
    <failure>
      <message><![CDATA[One or more child tests had errors]]></message>
    </failure>
    <test-suite type="Assembly" id="1011" name="Tests.dll" fullname="C:/Unity/workspace/2020WS.UnityPP.Faulo/Library/ScriptAssemblies/Tests.dll" runstate="Runnable" testcasecount="4" result="Failed" site="Child" start-time="2020-11-12 11:34:38Z" end-time="2020-11-12 11:34:38Z" duration="0.214058" total="4" passed="4" failed="0" inconclusive="0" skipped="0" asserts="0">
      <properties>
        <property name="_PID" value="2488"/>
        <property name="_APPDOMAIN" value="Unity Child Domain"/>
        <property name="platform" value="PlayMode"/>
      </properties>
      <failure>
        <message><![CDATA[One or more child tests had errors]]></message>
      </failure>
      <test-suite type="TestSuite" id="1012" name="Tests" fullname="Tests" runstate="Runnable" testcasecount="4" result="Failed" site="Child" start-time="2020-11-12 11:34:38Z" end-time="2020-11-12 11:34:38Z" duration="0.203836" total="4" passed="4" failed="0" inconclusive="0" skipped="0" asserts="0">
        <properties/>
        <failure>
          <message><![CDATA[One or more child tests had errors]]></message>
        </failure>
        <test-suite type="TestFixture" id="1001" name="Testat01" fullname="Tests.Testat01" classname="Tests.Testat01" runstate="Runnable" testcasecount="4" result="Passed" start-time="2020-11-12 11:34:38Z" end-time="2020-11-12 11:34:38Z" duration="0.185980" total="4" passed="4" failed="0" inconclusive="0" skipped="0" asserts="0">
          <properties/>
          <test-case id="1003" name="TestGitInitialized" fullname="Tests.Testat01.TestGitInitialized" methodname="TestGitInitialized" classname="Tests.Testat01" runstate="Runnable" seed="2000826273" result="Passed" start-time="2020-11-12 11:34:38Z" end-time="2020-11-12 11:34:38Z" duration="0.040265" asserts="0">
            <properties/>
          </test-case>
          <test-case id="1005" name="TestHelloWorldLog" fullname="Tests.Testat01.TestHelloWorldLog" methodname="TestHelloWorldLog" classname="Tests.Testat01" runstate="Runnable" seed="1964861781" result="Passed" start-time="2020-11-12 11:34:38Z" end-time="2020-11-12 11:34:38Z" duration="0.080150" asserts="0">
            <properties>
              <property name="_JOINTYPE" value="UnityCombinatorial"/>
            </properties>
            <output><![CDATA[Hallo Welt!
]]></output>
          </test-case>
          <test-case id="1004" name="TestSceneExists" fullname="Tests.Testat01.TestSceneExists" methodname="TestSceneExists" classname="Tests.Testat01" runstate="Runnable" seed="621320885" result="Passed" start-time="2020-11-12 11:34:38Z" end-time="2020-11-12 11:34:38Z" duration="0.001948" asserts="0">
            <properties/>
          </test-case>
          <test-case id="1002" name="TestUnityVersion" fullname="Tests.Testat01.TestUnityVersion" methodname="TestUnityVersion" classname="Tests.Testat01" runstate="Runnable" seed="681138109" result="Passed" start-time="2020-11-12 11:34:38Z" end-time="2020-11-12 11:34:38Z" duration="0.002377" asserts="0">
            <properties/>
          </test-case>
        </test-suite>
        <test-suite type="TestFixture" id="1010" name="Testat02" fullname="Tests.Testat02" classname="Tests.Testat02" runstate="NotRunnable" testcasecount="0" result="Failed" label="Invalid" site="SetUp" start-time="2020-11-12 11:34:38Z" end-time="2020-11-12 11:34:38Z" duration="0.002467" total="0" passed="0" failed="0" inconclusive="0" skipped="0" asserts="0">
          <properties>
            <property name="_SKIPREASON" value="An exception was thrown while loading the test.&#13;&#10;System.NullReferenceException: Object reference not set to an instance of an object&#13;&#10;  at Tests.Testat02.get_MOVEMENT_DIRECTIONS () [0x00007] in C:\Unity\workspace\2020WS.UnityPP.Faulo\Assets\Tests\Testat02.cs:44 &#13;&#10;  at System.Reflection.MonoProperty.StaticGetterAdapterFrame[R] (System.Reflection.MonoProperty+StaticGetter`1[R] getter, System.Object obj) [0x00000] in &lt;9577ac7a62ef43179789031239ba8798&gt;:0 &#13;&#10;  at System.Reflection.MonoProperty.GetValue (System.Object obj, System.Object[] index) [0x0005f] in &lt;9577ac7a62ef43179789031239ba8798&gt;:0 "/>
          </properties>
          <failure>
            <message><![CDATA[An exception was thrown while loading the test.
System.NullReferenceException: Object reference not set to an instance of an object
  at Tests.Testat02.get_MOVEMENT_DIRECTIONS () [0x00007] in C:\Unity\workspace\2020WS.UnityPP.Faulo\Assets\Tests\Testat02.cs:44 
  at System.Reflection.MonoProperty.StaticGetterAdapterFrame[R] (System.Reflection.MonoProperty+StaticGetter`1[R] getter, System.Object obj) [0x00000] in <9577ac7a62ef43179789031239ba8798>:0 
  at System.Reflection.MonoProperty.GetValue (System.Object obj, System.Object[] index) [0x0005f] in <9577ac7a62ef43179789031239ba8798>:0 ]]></message>
          </failure>
        </test-suite>
      </test-suite>
    </test-suite>
    <test-suite type="Assembly" id="1015" name="Unity.InputSystem.IntegrationTests.dll" fullname="C:/Unity/workspace/2020WS.UnityPP.Faulo/Library/ScriptAssemblies/Unity.InputSystem.IntegrationTests.dll" runstate="Runnable" testcasecount="1" result="Passed" start-time="2020-11-12 11:34:38Z" end-time="2020-11-12 11:34:39Z" duration="0.165870" total="1" passed="1" failed="0" inconclusive="0" skipped="0" asserts="0">
      <properties>
        <property name="_PID" value="2488"/>
        <property name="_APPDOMAIN" value="Unity Child Domain"/>
        <property name="platform" value="PlayMode"/>
      </properties>
      <test-suite type="TestFixture" id="1013" name="IntegrationTests" fullname="IntegrationTests" classname="IntegrationTests" runstate="Runnable" testcasecount="1" result="Passed" start-time="2020-11-12 11:34:38Z" end-time="2020-11-12 11:34:39Z" duration="0.139377" total="1" passed="1" failed="0" inconclusive="0" skipped="0" asserts="0">
        <properties/>
        <test-case id="1014" name="Integration_CanSendAndReceiveEvents" fullname="IntegrationTests.Integration_CanSendAndReceiveEvents" methodname="Integration_CanSendAndReceiveEvents" classname="IntegrationTests" runstate="Runnable" seed="1006537398" result="Passed" start-time="2020-11-12 11:34:38Z" end-time="2020-11-12 11:34:39Z" duration="0.134814" asserts="0">
          <properties>
            <property name="Category" value="Integration"/>
          </properties>
        </test-case>
      </test-suite>
    </test-suite>
  </test-suite>
</test-run></repository><repository name="LauraWue" href="https://github.com/LauraWue/Testat01" path="C:\Unity\workspace\2020WS.UnityPP.LauraWue" results="C:\Webserver\htdocs\workspace\devtools\unity-pp\results\LauraWue.xml" unity="C:\Unity\workspace\2020WS.UnityPP.LauraWue"><test-run id="2" testcasecount="4" result="Passed" total="4" passed="4" failed="0" inconclusive="0" skipped="0" asserts="0" engine-version="3.5.0.0" clr-version="4.0.30319.42000" start-time="2020-11-12 11:39:29Z" end-time="2020-11-12 11:39:29Z" duration="0,1060884">
  <test-suite type="TestSuite" id="1000" name="2020WS.UnityPP" fullname="2020WS.UnityPP" runstate="Runnable" testcasecount="4" result="Passed" start-time="2020-11-12 11:39:29Z" end-time="2020-11-12 11:39:29Z" duration="0.106088" total="4" passed="4" failed="0" inconclusive="0" skipped="0" asserts="0">
    <properties/>
    <test-suite type="Assembly" id="1006" name="Tests.dll" fullname="C:/Unity/workspace/2020WS.UnityPP.LauraWue/Library/ScriptAssemblies/Tests.dll" runstate="Runnable" testcasecount="4" result="Passed" start-time="2020-11-12 11:39:29Z" end-time="2020-11-12 11:39:29Z" duration="0.090812" total="4" passed="4" failed="0" inconclusive="0" skipped="0" asserts="0">
      <properties>
        <property name="_PID" value="14180"/>
        <property name="_APPDOMAIN" value="Unity Child Domain"/>
        <property name="platform" value="PlayMode"/>
      </properties>
      <test-suite type="TestSuite" id="1007" name="Tests" fullname="Tests" runstate="Runnable" testcasecount="4" result="Passed" start-time="2020-11-12 11:39:29Z" end-time="2020-11-12 11:39:29Z" duration="0.087821" total="4" passed="4" failed="0" inconclusive="0" skipped="0" asserts="0">
        <properties/>
        <test-suite type="TestFixture" id="1001" name="Testat01" fullname="Tests.Testat01" classname="Tests.Testat01" runstate="Runnable" testcasecount="4" result="Passed" start-time="2020-11-12 11:39:29Z" end-time="2020-11-12 11:39:29Z" duration="0.084006" total="4" passed="4" failed="0" inconclusive="0" skipped="0" asserts="0">
          <properties/>
          <test-case id="1003" name="TestGitInitialized" fullname="Tests.Testat01.TestGitInitialized" methodname="TestGitInitialized" classname="Tests.Testat01" runstate="Runnable" seed="730832302" result="Passed" start-time="2020-11-12 11:39:29Z" end-time="2020-11-12 11:39:29Z" duration="0.015882" asserts="0">
            <properties/>
          </test-case>
          <test-case id="1005" name="TestHelloWorldLog" fullname="Tests.Testat01.TestHelloWorldLog" methodname="TestHelloWorldLog" classname="Tests.Testat01" runstate="Runnable" seed="790647146" result="Passed" start-time="2020-11-12 11:39:29Z" end-time="2020-11-12 11:39:29Z" duration="0.040275" asserts="0">
            <properties>
              <property name="_JOINTYPE" value="UnityCombinatorial"/>
            </properties>
            <output><![CDATA[Hallo Welt!
]]></output>
          </test-case>
          <test-case id="1004" name="TestSceneExists" fullname="Tests.Testat01.TestSceneExists" methodname="TestSceneExists" classname="Tests.Testat01" runstate="Runnable" seed="783663221" result="Passed" start-time="2020-11-12 11:39:29Z" end-time="2020-11-12 11:39:29Z" duration="0.000630" asserts="0">
            <properties/>
          </test-case>
          <test-case id="1002" name="TestUnityVersion" fullname="Tests.Testat01.TestUnityVersion" methodname="TestUnityVersion" classname="Tests.Testat01" runstate="Runnable" seed="216306501" result="Passed" start-time="2020-11-12 11:39:29Z" end-time="2020-11-12 11:39:29Z" duration="0.000408" asserts="0">
            <properties/>
          </test-case>
        </test-suite>
      </test-suite>
    </test-suite>
  </test-suite>
</test-run></repository><repository name="Lodil" href="https://github.com/Lodil/PP-Unitykurs" path="C:\Unity\workspace\2020WS.UnityPP.Lodil" results="C:\Webserver\htdocs\workspace\devtools\unity-pp\results\Lodil.xml" unity="C:\Unity\workspace\2020WS.UnityPP.Lodil"><test-run id="2" testcasecount="4" result="Failed(Child)" total="4" passed="2" failed="2" inconclusive="0" skipped="0" asserts="0" engine-version="3.5.0.0" clr-version="4.0.30319.42000" start-time="2020-11-12 11:35:18Z" end-time="2020-11-12 11:35:18Z" duration="0,1904222">
  <test-suite type="TestSuite" id="1000" name="2020WS.UnityPP" fullname="2020WS.UnityPP" runstate="Runnable" testcasecount="4" result="Failed" site="Child" start-time="2020-11-12 11:35:18Z" end-time="2020-11-12 11:35:18Z" duration="0.190422" total="4" passed="2" failed="2" inconclusive="0" skipped="0" asserts="0">
    <properties/>
    <failure>
      <message><![CDATA[One or more child tests had errors]]></message>
    </failure>
    <test-suite type="Assembly" id="1006" name="Tests.dll" fullname="C:/Unity/workspace/2020WS.UnityPP.Lodil/Library/ScriptAssemblies/Tests.dll" runstate="Runnable" testcasecount="4" result="Failed" site="Child" start-time="2020-11-12 11:35:18Z" end-time="2020-11-12 11:35:18Z" duration="0.166221" total="4" passed="2" failed="2" inconclusive="0" skipped="0" asserts="0">
      <properties>
        <property name="_PID" value="5320"/>
        <property name="_APPDOMAIN" value="Unity Child Domain"/>
        <property name="platform" value="PlayMode"/>
      </properties>
      <failure>
        <message><![CDATA[One or more child tests had errors]]></message>
      </failure>
      <test-suite type="TestSuite" id="1007" name="Tests" fullname="Tests" runstate="Runnable" testcasecount="4" result="Failed" site="Child" start-time="2020-11-12 11:35:18Z" end-time="2020-11-12 11:35:18Z" duration="0.159576" total="4" passed="2" failed="2" inconclusive="0" skipped="0" asserts="0">
        <properties/>
        <failure>
          <message><![CDATA[One or more child tests had errors]]></message>
        </failure>
        <test-suite type="TestFixture" id="1001" name="Testat01" fullname="Tests.Testat01" classname="Tests.Testat01" runstate="Runnable" testcasecount="4" result="Failed" site="Child" start-time="2020-11-12 11:35:18Z" end-time="2020-11-12 11:35:18Z" duration="0.148372" total="4" passed="2" failed="2" inconclusive="0" skipped="0" asserts="0">
          <properties/>
          <failure>
            <message><![CDATA[One or more child tests had errors]]></message>
          </failure>
          <test-case id="1003" name="TestGitInitialized" fullname="Tests.Testat01.TestGitInitialized" methodname="TestGitInitialized" classname="Tests.Testat01" runstate="Runnable" seed="1996729080" result="Passed" start-time="2020-11-12 11:35:18Z" end-time="2020-11-12 11:35:18Z" duration="0.031839" asserts="0">
            <properties/>
          </test-case>
          <test-case id="1005" name="TestHelloWorldLog" fullname="Tests.Testat01.TestHelloWorldLog" methodname="TestHelloWorldLog" classname="Tests.Testat01" runstate="Runnable" seed="265048888" result="Failed" start-time="2020-11-12 11:35:18Z" end-time="2020-11-12 11:35:18Z" duration="0.036081" asserts="0">
            <properties>
              <property name="_JOINTYPE" value="UnityCombinatorial"/>
            </properties>
            <failure>
              <message><![CDATA[Unhandled log message: '[Error] Scene 'HelloWorld' couldn't be loaded because it has not been added to the build settings or the AssetBundle has not been loaded.
To add a scene to the build settings use the menu File->Build Settings...'. Use UnityEngine.TestTools.LogAssert.Expect]]></message>
              <stack-trace><![CDATA[UnityEngine.SceneManagement.SceneManager:LoadSceneAsync(String)
Tests.<TestHelloWorldLog>d__8:MoveNext() (at Assets/Tests/Testat01.cs:48)
UnityEngine.SetupCoroutine:InvokeMoveNext(IEnumerator, IntPtr)

]]></stack-trace>
            </failure>
            <output><![CDATA[Scene 'HelloWorld' couldn't be loaded because it has not been added to the build settings or the AssetBundle has not been loaded.
To add a scene to the build settings use the menu File->Build Settings...
]]></output>
          </test-case>
          <test-case id="1004" name="TestSceneExists" fullname="Tests.Testat01.TestSceneExists" methodname="TestSceneExists" classname="Tests.Testat01" runstate="Runnable" seed="784490131" result="Failed" start-time="2020-11-12 11:35:18Z" end-time="2020-11-12 11:35:18Z" duration="0.017699" asserts="0">
            <properties/>
            <failure>
              <message><![CDATA[  File 'C:\Unity\workspace\2020WS.UnityPP.Lodil\Assets\Scenes\HelloWorld.unity' not found.
  Expected: True
  But was:  False
]]></message>
              <stack-trace><![CDATA[at Tests.Testat01.TestSceneExists () [0x0000c] in C:\Unity\workspace\2020WS.UnityPP.Lodil\Assets\Tests\Testat01.cs:34
]]></stack-trace>
            </failure>
          </test-case>
          <test-case id="1002" name="TestUnityVersion" fullname="Tests.Testat01.TestUnityVersion" methodname="TestUnityVersion" classname="Tests.Testat01" runstate="Runnable" seed="2101364649" result="Passed" start-time="2020-11-12 11:35:18Z" end-time="2020-11-12 11:35:18Z" duration="0.010587" asserts="0">
            <properties/>
          </test-case>
        </test-suite>
      </test-suite>
    </test-suite>
  </test-suite>
</test-run></repository><repository name="LukeBrose" href="https://github.com/LukeBrose/Testat-01" path="C:\Unity\workspace\2020WS.UnityPP.LukeBrose" results="C:\Webserver\htdocs\workspace\devtools\unity-pp\results\LukeBrose.xml" unity="C:\Unity\workspace\2020WS.UnityPP.LukeBrose\Testskelett 1"><test-run id="2" testcasecount="4" result="Failed(Child)" total="4" passed="3" failed="1" inconclusive="0" skipped="0" asserts="0" engine-version="3.5.0.0" clr-version="4.0.30319.42000" start-time="2020-11-12 11:35:55Z" end-time="2020-11-12 11:35:55Z" duration="0,1323244">
  <test-suite type="TestSuite" id="1000" name="2020WS.UnityPP" fullname="2020WS.UnityPP" runstate="Runnable" testcasecount="4" result="Failed" site="Child" start-time="2020-11-12 11:35:55Z" end-time="2020-11-12 11:35:55Z" duration="0.132324" total="4" passed="3" failed="1" inconclusive="0" skipped="0" asserts="0">
    <properties/>
    <failure>
      <message><![CDATA[One or more child tests had errors]]></message>
    </failure>
    <test-suite type="Assembly" id="1006" name="Tests.dll" fullname="C:/Unity/workspace/2020WS.UnityPP.LukeBrose/Testskelett 1/Library/ScriptAssemblies/Tests.dll" runstate="Runnable" testcasecount="4" result="Failed" site="Child" start-time="2020-11-12 11:35:55Z" end-time="2020-11-12 11:35:55Z" duration="0.116930" total="4" passed="3" failed="1" inconclusive="0" skipped="0" asserts="0">
      <properties>
        <property name="_PID" value="15700"/>
        <property name="_APPDOMAIN" value="Unity Child Domain"/>
        <property name="platform" value="PlayMode"/>
      </properties>
      <failure>
        <message><![CDATA[One or more child tests had errors]]></message>
      </failure>
      <test-suite type="TestSuite" id="1007" name="Tests" fullname="Tests" runstate="Runnable" testcasecount="4" result="Failed" site="Child" start-time="2020-11-12 11:35:55Z" end-time="2020-11-12 11:35:55Z" duration="0.113141" total="4" passed="3" failed="1" inconclusive="0" skipped="0" asserts="0">
        <properties/>
        <failure>
          <message><![CDATA[One or more child tests had errors]]></message>
        </failure>
        <test-suite type="TestFixture" id="1001" name="Testat01" fullname="Tests.Testat01" classname="Tests.Testat01" runstate="Runnable" testcasecount="4" result="Failed" site="Child" start-time="2020-11-12 11:35:55Z" end-time="2020-11-12 11:35:55Z" duration="0.108124" total="4" passed="3" failed="1" inconclusive="0" skipped="0" asserts="0">
          <properties/>
          <failure>
            <message><![CDATA[One or more child tests had errors]]></message>
          </failure>
          <test-case id="1003" name="TestGitInitialized" fullname="Tests.Testat01.TestGitInitialized" methodname="TestGitInitialized" classname="Tests.Testat01" runstate="Runnable" seed="2119921625" result="Failed" start-time="2020-11-12 11:35:55Z" end-time="2020-11-12 11:35:55Z" duration="0.027141" asserts="0">
            <properties/>
            <failure>
              <message><![CDATA[  Directory 'C:\Unity\workspace\2020WS.UnityPP.LukeBrose\Testskelett 1\.git' not found. Did you initialize git?
  Expected: True
  But was:  False
]]></message>
              <stack-trace><![CDATA[at Tests.Testat01.TestGitInitialized () [0x0000c] in C:\Unity\workspace\2020WS.UnityPP.LukeBrose\Testskelett 1\Assets\Tests\Testat01.cs:27
]]></stack-trace>
            </failure>
          </test-case>
          <test-case id="1005" name="TestHelloWorldLog" fullname="Tests.Testat01.TestHelloWorldLog" methodname="TestHelloWorldLog" classname="Tests.Testat01" runstate="Runnable" seed="1035826641" result="Passed" start-time="2020-11-12 11:35:55Z" end-time="2020-11-12 11:35:55Z" duration="0.050719" asserts="0">
            <properties>
              <property name="_JOINTYPE" value="UnityCombinatorial"/>
            </properties>
            <output><![CDATA[Hallo Welt!
]]></output>
          </test-case>
          <test-case id="1004" name="TestSceneExists" fullname="Tests.Testat01.TestSceneExists" methodname="TestSceneExists" classname="Tests.Testat01" runstate="Runnable" seed="849729201" result="Passed" start-time="2020-11-12 11:35:55Z" end-time="2020-11-12 11:35:55Z" duration="0.001198" asserts="0">
            <properties/>
          </test-case>
          <test-case id="1002" name="TestUnityVersion" fullname="Tests.Testat01.TestUnityVersion" methodname="TestUnityVersion" classname="Tests.Testat01" runstate="Runnable" seed="1203224794" result="Passed" start-time="2020-11-12 11:35:55Z" end-time="2020-11-12 11:35:55Z" duration="0.000819" asserts="0">
            <properties/>
          </test-case>
        </test-suite>
      </test-suite>
    </test-suite>
  </test-suite>
</test-run></repository><repository name="PietzkepopovRose" href="https://github.com/PietzkepopovRose/ProgrammierPraktikum" path="C:\Unity\workspace\2020WS.UnityPP.PietzkepopovRose" results="C:\Webserver\htdocs\workspace\devtools\unity-pp\results\PietzkepopovRose.xml" unity="C:\Unity\workspace\2020WS.UnityPP.PietzkepopovRose\UnityPP.Projektskelett"><test-run id="2" testcasecount="4" result="Failed(Child)" total="4" passed="3" failed="1" inconclusive="0" skipped="0" asserts="0" engine-version="3.5.0.0" clr-version="4.0.30319.42000" start-time="2020-11-12 11:39:58Z" end-time="2020-11-12 11:39:58Z" duration="0,1263922">
  <test-suite type="TestSuite" id="1000" name="2020WS.UnityPP" fullname="2020WS.UnityPP" runstate="Runnable" testcasecount="4" result="Failed" site="Child" start-time="2020-11-12 11:39:58Z" end-time="2020-11-12 11:39:58Z" duration="0.126392" total="4" passed="3" failed="1" inconclusive="0" skipped="0" asserts="0">
    <properties/>
    <failure>
      <message><![CDATA[One or more child tests had errors]]></message>
    </failure>
    <test-suite type="Assembly" id="1006" name="Tests.dll" fullname="C:/Unity/workspace/2020WS.UnityPP.PietzkepopovRose/UnityPP.Projektskelett/Library/ScriptAssemblies/Tests.dll" runstate="Runnable" testcasecount="4" result="Failed" site="Child" start-time="2020-11-12 11:39:58Z" end-time="2020-11-12 11:39:58Z" duration="0.111639" total="4" passed="3" failed="1" inconclusive="0" skipped="0" asserts="0">
      <properties>
        <property name="_PID" value="4716"/>
        <property name="_APPDOMAIN" value="Unity Child Domain"/>
        <property name="platform" value="PlayMode"/>
      </properties>
      <failure>
        <message><![CDATA[One or more child tests had errors]]></message>
      </failure>
      <test-suite type="TestSuite" id="1007" name="Tests" fullname="Tests" runstate="Runnable" testcasecount="4" result="Failed" site="Child" start-time="2020-11-12 11:39:58Z" end-time="2020-11-12 11:39:58Z" duration="0.107578" total="4" passed="3" failed="1" inconclusive="0" skipped="0" asserts="0">
        <properties/>
        <failure>
          <message><![CDATA[One or more child tests had errors]]></message>
        </failure>
        <test-suite type="TestFixture" id="1001" name="Testat01" fullname="Tests.Testat01" classname="Tests.Testat01" runstate="Runnable" testcasecount="4" result="Failed" site="Child" start-time="2020-11-12 11:39:58Z" end-time="2020-11-12 11:39:58Z" duration="0.102853" total="4" passed="3" failed="1" inconclusive="0" skipped="0" asserts="0">
          <properties/>
          <failure>
            <message><![CDATA[One or more child tests had errors]]></message>
          </failure>
          <test-case id="1003" name="TestGitInitialized" fullname="Tests.Testat01.TestGitInitialized" methodname="TestGitInitialized" classname="Tests.Testat01" runstate="Runnable" seed="221421344" result="Failed" start-time="2020-11-12 11:39:58Z" end-time="2020-11-12 11:39:58Z" duration="0.025631" asserts="0">
            <properties/>
            <failure>
              <message><![CDATA[  Directory 'C:\Unity\workspace\2020WS.UnityPP.PietzkepopovRose\UnityPP.Projektskelett\.git' not found. Did you initialize git?
  Expected: True
  But was:  False
]]></message>
              <stack-trace><![CDATA[at Tests.Testat01.TestGitInitialized () [0x0000c] in C:\Unity\workspace\2020WS.UnityPP.PietzkepopovRose\UnityPP.Projektskelett\Assets\Tests\Testat01.cs:27
]]></stack-trace>
            </failure>
          </test-case>
          <test-case id="1005" name="TestHelloWorldLog" fullname="Tests.Testat01.TestHelloWorldLog" methodname="TestHelloWorldLog" classname="Tests.Testat01" runstate="Runnable" seed="674205329" result="Passed" start-time="2020-11-12 11:39:58Z" end-time="2020-11-12 11:39:58Z" duration="0.047760" asserts="0">
            <properties>
              <property name="_JOINTYPE" value="UnityCombinatorial"/>
            </properties>
            <output><![CDATA[Hallo Welt!
]]></output>
          </test-case>
          <test-case id="1004" name="TestSceneExists" fullname="Tests.Testat01.TestSceneExists" methodname="TestSceneExists" classname="Tests.Testat01" runstate="Runnable" seed="1089363094" result="Passed" start-time="2020-11-12 11:39:58Z" end-time="2020-11-12 11:39:58Z" duration="0.000777" asserts="0">
            <properties/>
          </test-case>
          <test-case id="1002" name="TestUnityVersion" fullname="Tests.Testat01.TestUnityVersion" methodname="TestUnityVersion" classname="Tests.Testat01" runstate="Runnable" seed="167424613" result="Passed" start-time="2020-11-12 11:39:58Z" end-time="2020-11-12 11:39:58Z" duration="0.000465" asserts="0">
            <properties/>
          </test-case>
        </test-suite>
      </test-suite>
    </test-suite>
  </test-suite>
</test-run></repository><repository name="Rubycule" href="https://github.com/Rubycule/PPP_1" path="C:\Unity\workspace\2020WS.UnityPP.Rubycule" results="C:\Webserver\htdocs\workspace\devtools\unity-pp\results\Rubycule.xml" unity="C:\Unity\workspace\2020WS.UnityPP.Rubycule"><test-run id="2" testcasecount="4" result="Passed" total="4" passed="4" failed="0" inconclusive="0" skipped="0" asserts="0" engine-version="3.5.0.0" clr-version="4.0.30319.42000" start-time="2020-11-12 11:36:25Z" end-time="2020-11-12 11:36:25Z" duration="0,1143237">
  <test-suite type="TestSuite" id="1000" name="2020WS.UnityPP" fullname="2020WS.UnityPP" runstate="Runnable" testcasecount="4" result="Passed" start-time="2020-11-12 11:36:25Z" end-time="2020-11-12 11:36:25Z" duration="0.114324" total="4" passed="4" failed="0" inconclusive="0" skipped="0" asserts="0">
    <properties/>
    <test-suite type="Assembly" id="1006" name="Tests.dll" fullname="C:/Unity/workspace/2020WS.UnityPP.Rubycule/Library/ScriptAssemblies/Tests.dll" runstate="Runnable" testcasecount="4" result="Passed" start-time="2020-11-12 11:36:25Z" end-time="2020-11-12 11:36:25Z" duration="0.098106" total="4" passed="4" failed="0" inconclusive="0" skipped="0" asserts="0">
      <properties>
        <property name="_PID" value="13716"/>
        <property name="_APPDOMAIN" value="Unity Child Domain"/>
        <property name="platform" value="PlayMode"/>
      </properties>
      <test-suite type="TestSuite" id="1007" name="Tests" fullname="Tests" runstate="Runnable" testcasecount="4" result="Passed" start-time="2020-11-12 11:36:25Z" end-time="2020-11-12 11:36:25Z" duration="0.094927" total="4" passed="4" failed="0" inconclusive="0" skipped="0" asserts="0">
        <properties/>
        <test-suite type="TestFixture" id="1001" name="Testat01" fullname="Tests.Testat01" classname="Tests.Testat01" runstate="Runnable" testcasecount="4" result="Passed" start-time="2020-11-12 11:36:25Z" end-time="2020-11-12 11:36:25Z" duration="0.090856" total="4" passed="4" failed="0" inconclusive="0" skipped="0" asserts="0">
          <properties/>
          <test-case id="1003" name="TestGitInitialized" fullname="Tests.Testat01.TestGitInitialized" methodname="TestGitInitialized" classname="Tests.Testat01" runstate="Runnable" seed="1090557452" result="Passed" start-time="2020-11-12 11:36:25Z" end-time="2020-11-12 11:36:25Z" duration="0.017382" asserts="0">
            <properties/>
          </test-case>
          <test-case id="1005" name="TestHelloWorldLog" fullname="Tests.Testat01.TestHelloWorldLog" methodname="TestHelloWorldLog" classname="Tests.Testat01" runstate="Runnable" seed="1006134710" result="Passed" start-time="2020-11-12 11:36:25Z" end-time="2020-11-12 11:36:25Z" duration="0.042587" asserts="0">
            <properties>
              <property name="_JOINTYPE" value="UnityCombinatorial"/>
            </properties>
            <output><![CDATA[Hallo Welt!
]]></output>
          </test-case>
          <test-case id="1004" name="TestSceneExists" fullname="Tests.Testat01.TestSceneExists" methodname="TestSceneExists" classname="Tests.Testat01" runstate="Runnable" seed="379508517" result="Passed" start-time="2020-11-12 11:36:25Z" end-time="2020-11-12 11:36:25Z" duration="0.000666" asserts="0">
            <properties/>
          </test-case>
          <test-case id="1002" name="TestUnityVersion" fullname="Tests.Testat01.TestUnityVersion" methodname="TestUnityVersion" classname="Tests.Testat01" runstate="Runnable" seed="640029132" result="Passed" start-time="2020-11-12 11:36:25Z" end-time="2020-11-12 11:36:25Z" duration="0.000445" asserts="0">
            <properties/>
          </test-case>
        </test-suite>
      </test-suite>
    </test-suite>
  </test-suite>
</test-run></repository><repository name="SimonSchuster93" href="https://github.com/SimonSchuster93/PP_SimonSchuster_1577430" path="C:\Unity\workspace\2020WS.UnityPP.SimonSchuster93" results="C:\Webserver\htdocs\workspace\devtools\unity-pp\results\SimonSchuster93.xml" unity="C:\Unity\workspace\2020WS.UnityPP.SimonSchuster93"><test-run id="2" testcasecount="4" result="Passed" total="4" passed="4" failed="0" inconclusive="0" skipped="0" asserts="0" engine-version="3.5.0.0" clr-version="4.0.30319.42000" start-time="2020-11-12 11:39:00Z" end-time="2020-11-12 11:39:00Z" duration="0,1072813">
  <test-suite type="TestSuite" id="1000" name="2020WS.UnityPP" fullname="2020WS.UnityPP" runstate="Runnable" testcasecount="4" result="Passed" start-time="2020-11-12 11:39:00Z" end-time="2020-11-12 11:39:00Z" duration="0.107281" total="4" passed="4" failed="0" inconclusive="0" skipped="0" asserts="0">
    <properties/>
    <test-suite type="Assembly" id="1006" name="Tests.dll" fullname="C:/Unity/workspace/2020WS.UnityPP.SimonSchuster93/Library/ScriptAssemblies/Tests.dll" runstate="Runnable" testcasecount="4" result="Passed" start-time="2020-11-12 11:39:00Z" end-time="2020-11-12 11:39:00Z" duration="0.093242" total="4" passed="4" failed="0" inconclusive="0" skipped="0" asserts="0">
      <properties>
        <property name="_PID" value="8940"/>
        <property name="_APPDOMAIN" value="Unity Child Domain"/>
        <property name="platform" value="PlayMode"/>
      </properties>
      <test-suite type="TestSuite" id="1007" name="Tests" fullname="Tests" runstate="Runnable" testcasecount="4" result="Passed" start-time="2020-11-12 11:39:00Z" end-time="2020-11-12 11:39:00Z" duration="0.089983" total="4" passed="4" failed="0" inconclusive="0" skipped="0" asserts="0">
        <properties/>
        <test-suite type="TestFixture" id="1001" name="Testat01" fullname="Tests.Testat01" classname="Tests.Testat01" runstate="Runnable" testcasecount="4" result="Passed" start-time="2020-11-12 11:39:00Z" end-time="2020-11-12 11:39:00Z" duration="0.085814" total="4" passed="4" failed="0" inconclusive="0" skipped="0" asserts="0">
          <properties/>
          <test-case id="1003" name="TestGitInitialized" fullname="Tests.Testat01.TestGitInitialized" methodname="TestGitInitialized" classname="Tests.Testat01" runstate="Runnable" seed="899320269" result="Passed" start-time="2020-11-12 11:39:00Z" end-time="2020-11-12 11:39:00Z" duration="0.017783" asserts="0">
            <properties/>
          </test-case>
          <test-case id="1005" name="TestHelloWorldLog" fullname="Tests.Testat01.TestHelloWorldLog" methodname="TestHelloWorldLog" classname="Tests.Testat01" runstate="Runnable" seed="1021587528" result="Passed" start-time="2020-11-12 11:39:00Z" end-time="2020-11-12 11:39:00Z" duration="0.039424" asserts="0">
            <properties>
              <property name="_JOINTYPE" value="UnityCombinatorial"/>
            </properties>
            <output><![CDATA[Hallo Welt!
]]></output>
          </test-case>
          <test-case id="1004" name="TestSceneExists" fullname="Tests.Testat01.TestSceneExists" methodname="TestSceneExists" classname="Tests.Testat01" runstate="Runnable" seed="1605909421" result="Passed" start-time="2020-11-12 11:39:00Z" end-time="2020-11-12 11:39:00Z" duration="0.000670" asserts="0">
            <properties/>
          </test-case>
          <test-case id="1002" name="TestUnityVersion" fullname="Tests.Testat01.TestUnityVersion" methodname="TestUnityVersion" classname="Tests.Testat01" runstate="Runnable" seed="1859360717" result="Passed" start-time="2020-11-12 11:39:00Z" end-time="2020-11-12 11:39:00Z" duration="0.000522" asserts="0">
            <properties/>
          </test-case>
        </test-suite>
      </test-suite>
    </test-suite>
  </test-suite>
</test-run></repository></report>
