<?xml version="1.0"?>
<report><test-id>Testat01</test-id><test-id>Testat02</test-id><test-id>Testat03</test-id><test-id>Testat04</test-id><test-id>Testat05</test-id><test-id>Testat06</test-id><test-id>Testat07</test-id><test-id>Testat08</test-id><test-id>Testat09</test-id><test-id>Testat10</test-id><test-id>Testat11</test-id><test-id>Testat12</test-id><test-id>Testat13</test-id><repository name="Faulo-Empty" href="https://github.com/Faulo/UnityPP2020-Empty" master="" path="C:\Unity\workspace\2020WS.UnityPP.Faulo-Empty" results="C:\Webserver\htdocs\workspace\devtools\unity-pp\results\Faulo-Empty.xml" unity="C:\Unity\workspace\2020WS.UnityPP.Faulo-Empty" company="bt@uni-bayreuth.de"><test-run id="2" testcasecount="98" result="Failed(Child)" total="98" passed="89" failed="9" inconclusive="0" skipped="0" asserts="0" engine-version="3.5.0.0" clr-version="4.0.30319.42000" start-time="2020-12-02 19:47:43Z" end-time="2020-12-02 19:47:52Z" duration="9,6930882">
  <test-suite type="TestSuite" id="1000" name="2020WS.UnityPP" fullname="2020WS.UnityPP" runstate="Runnable" testcasecount="98" result="Failed" site="Child" start-time="2020-12-02 19:47:43Z" end-time="2020-12-02 19:47:52Z" duration="9.693088" total="98" passed="89" failed="9" inconclusive="0" skipped="0" asserts="0">
    <properties/>
    <failure>
      <message><![CDATA[One or more child tests had errors]]></message>
    </failure>
    <test-suite type="Assembly" id="1112" name="Tests.dll" fullname="C:/Unity/workspace/2020WS.UnityPP.Faulo-Empty/Library/ScriptAssemblies/Tests.dll" runstate="Runnable" testcasecount="97" result="Failed" site="Child" start-time="2020-12-02 19:47:43Z" end-time="2020-12-02 19:47:52Z" duration="9.597024" total="97" passed="88" failed="9" inconclusive="0" skipped="0" asserts="0">
      <properties>
        <property name="_PID" value="12880"/>
        <property name="_APPDOMAIN" value="Unity Child Domain"/>
        <property name="platform" value="PlayMode"/>
      </properties>
      <failure>
        <message><![CDATA[One or more child tests had errors]]></message>
      </failure>
      <test-suite type="TestSuite" id="1113" name="Tests" fullname="Tests" runstate="Runnable" testcasecount="97" result="Failed" site="Child" start-time="2020-12-02 19:47:43Z" end-time="2020-12-02 19:47:52Z" duration="9.535638" total="97" passed="88" failed="9" inconclusive="0" skipped="0" asserts="0">
        <properties/>
        <failure>
          <message><![CDATA[One or more child tests had errors]]></message>
        </failure>
        <test-suite type="TestFixture" id="1001" name="Testat01" fullname="Tests.Testat01" classname="Tests.Testat01" runstate="Runnable" testcasecount="4" result="Passed" start-time="2020-12-02 19:47:43Z" end-time="2020-12-02 19:47:43Z" duration="0.130354" total="4" passed="4" failed="0" inconclusive="0" skipped="0" asserts="0">
          <properties/>
          <test-case id="1003" name="TestGitInitialized" fullname="Tests.Testat01.TestGitInitialized" methodname="TestGitInitialized" classname="Tests.Testat01" runstate="Runnable" seed="1764060028" result="Passed" start-time="2020-12-02 19:47:43Z" end-time="2020-12-02 19:47:43Z" duration="0.016769" asserts="0">
            <properties/>
          </test-case>
          <test-case id="1005" name="TestHelloWorldLog" fullname="Tests.Testat01.TestHelloWorldLog" methodname="TestHelloWorldLog" classname="Tests.Testat01" runstate="Runnable" seed="1411223120" result="Passed" start-time="2020-12-02 19:47:43Z" end-time="2020-12-02 19:47:43Z" duration="0.087314" asserts="0">
            <properties>
              <property name="_JOINTYPE" value="UnityCombinatorial"/>
            </properties>
            <output><![CDATA[Hallo Welt!
]]></output>
          </test-case>
          <test-case id="1004" name="TestSceneExists" fullname="Tests.Testat01.TestSceneExists" methodname="TestSceneExists" classname="Tests.Testat01" runstate="Runnable" seed="1193211125" result="Passed" start-time="2020-12-02 19:47:43Z" end-time="2020-12-02 19:47:43Z" duration="0.001234" asserts="0">
            <properties/>
          </test-case>
          <test-case id="1002" name="TestUnityVersion" fullname="Tests.Testat01.TestUnityVersion" methodname="TestUnityVersion" classname="Tests.Testat01" runstate="Runnable" seed="1067291358" result="Passed" start-time="2020-12-02 19:47:43Z" end-time="2020-12-02 19:47:43Z" duration="0.000861" asserts="0">
            <properties/>
          </test-case>
        </test-suite>
        <test-suite type="TestFixture" id="1006" name="Testat02" fullname="Tests.Testat02" classname="Tests.Testat02" runstate="Runnable" testcasecount="62" result="Passed" start-time="2020-12-02 19:47:43Z" end-time="2020-12-02 19:47:48Z" duration="4.776458" total="62" passed="62" failed="0" inconclusive="0" skipped="0" asserts="0">
          <properties/>
          <test-case id="1012" name="TestAvatarExists" fullname="Tests.Testat02.TestAvatarExists" methodname="TestAvatarExists" classname="Tests.Testat02" runstate="Runnable" seed="1718497672" result="Passed" start-time="2020-12-02 19:47:43Z" end-time="2020-12-02 19:47:43Z" duration="0.072601" asserts="0">
            <properties>
              <property name="_JOINTYPE" value="UnityCombinatorial"/>
            </properties>
          </test-case>
          <test-suite type="ParameterizedMethod" id="1021" name="TestAvatarInput" fullname="Tests.Testat02.TestAvatarInput" classname="Tests.Testat02" runstate="Runnable" testcasecount="8" result="Passed" start-time="2020-12-02 19:47:43Z" end-time="2020-12-02 19:47:44Z" duration="0.786142" total="8" passed="8" failed="0" inconclusive="0" skipped="0" asserts="0">
            <properties>
              <property name="_JOINTYPE" value="UnityCombinatorial"/>
            </properties>
            <test-case id="1013" name="TestAvatarInput(upArrow)" fullname="Tests.Testat02.TestAvatarInput(upArrow)" methodname="TestAvatarInput" classname="Tests.Testat02" runstate="Runnable" seed="2109938485" result="Passed" start-time="2020-12-02 19:47:43Z" end-time="2020-12-02 19:47:43Z" duration="0.082834" asserts="0">
              <properties/>
            </test-case>
            <test-case id="1014" name="TestAvatarInput(downArrow)" fullname="Tests.Testat02.TestAvatarInput(downArrow)" methodname="TestAvatarInput" classname="Tests.Testat02" runstate="Runnable" seed="766004289" result="Passed" start-time="2020-12-02 19:47:43Z" end-time="2020-12-02 19:47:43Z" duration="0.099267" asserts="0">
              <properties/>
            </test-case>
            <test-case id="1015" name="TestAvatarInput(leftArrow)" fullname="Tests.Testat02.TestAvatarInput(leftArrow)" methodname="TestAvatarInput" classname="Tests.Testat02" runstate="Runnable" seed="792844108" result="Passed" start-time="2020-12-02 19:47:43Z" end-time="2020-12-02 19:47:43Z" duration="0.099373" asserts="0">
              <properties/>
            </test-case>
            <test-case id="1016" name="TestAvatarInput(rightArrow)" fullname="Tests.Testat02.TestAvatarInput(rightArrow)" methodname="TestAvatarInput" classname="Tests.Testat02" runstate="Runnable" seed="1846561057" result="Passed" start-time="2020-12-02 19:47:43Z" end-time="2020-12-02 19:47:43Z" duration="0.099468" asserts="0">
              <properties/>
            </test-case>
            <test-case id="1017" name="TestAvatarInput(upArrow+rightArrow)" fullname="Tests.Testat02.TestAvatarInput(upArrow+rightArrow)" methodname="TestAvatarInput" classname="Tests.Testat02" runstate="Runnable" seed="1859780594" result="Passed" start-time="2020-12-02 19:47:43Z" end-time="2020-12-02 19:47:43Z" duration="0.099368" asserts="0">
              <properties/>
            </test-case>
            <test-case id="1018" name="TestAvatarInput(downArrow+rightArrow)" fullname="Tests.Testat02.TestAvatarInput(downArrow+rightArrow)" methodname="TestAvatarInput" classname="Tests.Testat02" runstate="Runnable" seed="1213310726" result="Passed" start-time="2020-12-02 19:47:43Z" end-time="2020-12-02 19:47:44Z" duration="0.099368" asserts="0">
              <properties/>
            </test-case>
            <test-case id="1019" name="TestAvatarInput(upArrow+leftArrow)" fullname="Tests.Testat02.TestAvatarInput(upArrow+leftArrow)" methodname="TestAvatarInput" classname="Tests.Testat02" runstate="Runnable" seed="1672677798" result="Passed" start-time="2020-12-02 19:47:44Z" end-time="2020-12-02 19:47:44Z" duration="0.099607" asserts="0">
              <properties/>
            </test-case>
            <test-case id="1020" name="TestAvatarInput(downArrow+leftArrow)" fullname="Tests.Testat02.TestAvatarInput(downArrow+leftArrow)" methodname="TestAvatarInput" classname="Tests.Testat02" runstate="Runnable" seed="879050994" result="Passed" start-time="2020-12-02 19:47:44Z" end-time="2020-12-02 19:47:44Z" duration="0.099223" asserts="0">
              <properties/>
            </test-case>
          </test-suite>
          <test-case id="1022" name="TestAvatarSpeedFieldExists" fullname="Tests.Testat02.TestAvatarSpeedFieldExists" methodname="TestAvatarSpeedFieldExists" classname="Tests.Testat02" runstate="Runnable" seed="43478527" result="Passed" start-time="2020-12-02 19:47:44Z" end-time="2020-12-02 19:47:44Z" duration="0.034378" asserts="0">
            <properties>
              <property name="_JOINTYPE" value="UnityCombinatorial"/>
            </properties>
          </test-case>
          <test-suite type="ParameterizedMethod" id="1071" name="TestAvatarSpeedFieldWorks" fullname="Tests.Testat02.TestAvatarSpeedFieldWorks" classname="Tests.Testat02" runstate="Runnable" testcasecount="48" result="Passed" start-time="2020-12-02 19:47:44Z" end-time="2020-12-02 19:47:48Z" duration="3.841714" total="48" passed="48" failed="0" inconclusive="0" skipped="0" asserts="0">
            <properties>
              <property name="_JOINTYPE" value="UnityCombinatorial"/>
            </properties>
            <test-case id="1023" name="TestAvatarSpeedFieldWorks(upArrow,0.0f,0)" fullname="Tests.Testat02.TestAvatarSpeedFieldWorks(upArrow,0.0f,0)" methodname="TestAvatarSpeedFieldWorks" classname="Tests.Testat02" runstate="Runnable" seed="1100291812" result="Passed" start-time="2020-12-02 19:47:44Z" end-time="2020-12-02 19:47:44Z" duration="0.034383" asserts="0">
              <properties/>
            </test-case>
            <test-case id="1024" name="TestAvatarSpeedFieldWorks(upArrow,0.0f,2)" fullname="Tests.Testat02.TestAvatarSpeedFieldWorks(upArrow,0.0f,2)" methodname="TestAvatarSpeedFieldWorks" classname="Tests.Testat02" runstate="Runnable" seed="459229633" result="Passed" start-time="2020-12-02 19:47:44Z" end-time="2020-12-02 19:47:44Z" duration="0.072069" asserts="0">
              <properties/>
            </test-case>
            <test-case id="1025" name="TestAvatarSpeedFieldWorks(upArrow,0.0f,4)" fullname="Tests.Testat02.TestAvatarSpeedFieldWorks(upArrow,0.0f,4)" methodname="TestAvatarSpeedFieldWorks" classname="Tests.Testat02" runstate="Runnable" seed="886013085" result="Passed" start-time="2020-12-02 19:47:44Z" end-time="2020-12-02 19:47:44Z" duration="0.119248" asserts="0">
              <properties/>
            </test-case>
            <test-case id="1026" name="TestAvatarSpeedFieldWorks(upArrow,5.0f,0)" fullname="Tests.Testat02.TestAvatarSpeedFieldWorks(upArrow,5.0f,0)" methodname="TestAvatarSpeedFieldWorks" classname="Tests.Testat02" runstate="Runnable" seed="1736102304" result="Passed" start-time="2020-12-02 19:47:44Z" end-time="2020-12-02 19:47:44Z" duration="0.039573" asserts="0">
              <properties/>
            </test-case>
            <test-case id="1027" name="TestAvatarSpeedFieldWorks(upArrow,5.0f,2)" fullname="Tests.Testat02.TestAvatarSpeedFieldWorks(upArrow,5.0f,2)" methodname="TestAvatarSpeedFieldWorks" classname="Tests.Testat02" runstate="Runnable" seed="1090072624" result="Passed" start-time="2020-12-02 19:47:44Z" end-time="2020-12-02 19:47:44Z" duration="0.079216" asserts="0">
              <properties/>
            </test-case>
            <test-case id="1028" name="TestAvatarSpeedFieldWorks(upArrow,5.0f,4)" fullname="Tests.Testat02.TestAvatarSpeedFieldWorks(upArrow,5.0f,4)" methodname="TestAvatarSpeedFieldWorks" classname="Tests.Testat02" runstate="Runnable" seed="1009780420" result="Passed" start-time="2020-12-02 19:47:44Z" end-time="2020-12-02 19:47:44Z" duration="0.119452" asserts="0">
              <properties/>
            </test-case>
            <test-case id="1029" name="TestAvatarSpeedFieldWorks(downArrow,0.0f,0)" fullname="Tests.Testat02.TestAvatarSpeedFieldWorks(downArrow,0.0f,0)" methodname="TestAvatarSpeedFieldWorks" classname="Tests.Testat02" runstate="Runnable" seed="809193172" result="Passed" start-time="2020-12-02 19:47:44Z" end-time="2020-12-02 19:47:44Z" duration="0.039336" asserts="0">
              <properties/>
            </test-case>
            <test-case id="1030" name="TestAvatarSpeedFieldWorks(downArrow,0.0f,2)" fullname="Tests.Testat02.TestAvatarSpeedFieldWorks(downArrow,0.0f,2)" methodname="TestAvatarSpeedFieldWorks" classname="Tests.Testat02" runstate="Runnable" seed="1032218449" result="Passed" start-time="2020-12-02 19:47:44Z" end-time="2020-12-02 19:47:44Z" duration="0.079314" asserts="0">
              <properties/>
            </test-case>
            <test-case id="1031" name="TestAvatarSpeedFieldWorks(downArrow,0.0f,4)" fullname="Tests.Testat02.TestAvatarSpeedFieldWorks(downArrow,0.0f,4)" methodname="TestAvatarSpeedFieldWorks" classname="Tests.Testat02" runstate="Runnable" seed="121902513" result="Passed" start-time="2020-12-02 19:47:44Z" end-time="2020-12-02 19:47:45Z" duration="0.119578" asserts="0">
              <properties/>
            </test-case>
            <test-case id="1032" name="TestAvatarSpeedFieldWorks(downArrow,5.0f,0)" fullname="Tests.Testat02.TestAvatarSpeedFieldWorks(downArrow,5.0f,0)" methodname="TestAvatarSpeedFieldWorks" classname="Tests.Testat02" runstate="Runnable" seed="1300086598" result="Passed" start-time="2020-12-02 19:47:45Z" end-time="2020-12-02 19:47:45Z" duration="0.039291" asserts="0">
              <properties/>
            </test-case>
            <test-case id="1033" name="TestAvatarSpeedFieldWorks(downArrow,5.0f,2)" fullname="Tests.Testat02.TestAvatarSpeedFieldWorks(downArrow,5.0f,2)" methodname="TestAvatarSpeedFieldWorks" classname="Tests.Testat02" runstate="Runnable" seed="563669276" result="Passed" start-time="2020-12-02 19:47:45Z" end-time="2020-12-02 19:47:45Z" duration="0.079297" asserts="0">
              <properties/>
            </test-case>
            <test-case id="1034" name="TestAvatarSpeedFieldWorks(downArrow,5.0f,4)" fullname="Tests.Testat02.TestAvatarSpeedFieldWorks(downArrow,5.0f,4)" methodname="TestAvatarSpeedFieldWorks" classname="Tests.Testat02" runstate="Runnable" seed="1300880163" result="Passed" start-time="2020-12-02 19:47:45Z" end-time="2020-12-02 19:47:45Z" duration="0.119485" asserts="0">
              <properties/>
            </test-case>
            <test-case id="1035" name="TestAvatarSpeedFieldWorks(leftArrow,0.0f,0)" fullname="Tests.Testat02.TestAvatarSpeedFieldWorks(leftArrow,0.0f,0)" methodname="TestAvatarSpeedFieldWorks" classname="Tests.Testat02" runstate="Runnable" seed="1002020742" result="Passed" start-time="2020-12-02 19:47:45Z" end-time="2020-12-02 19:47:45Z" duration="0.039202" asserts="0">
              <properties/>
            </test-case>
            <test-case id="1036" name="TestAvatarSpeedFieldWorks(leftArrow,0.0f,2)" fullname="Tests.Testat02.TestAvatarSpeedFieldWorks(leftArrow,0.0f,2)" methodname="TestAvatarSpeedFieldWorks" classname="Tests.Testat02" runstate="Runnable" seed="1409770198" result="Passed" start-time="2020-12-02 19:47:45Z" end-time="2020-12-02 19:47:45Z" duration="0.079319" asserts="0">
              <properties/>
            </test-case>
            <test-case id="1037" name="TestAvatarSpeedFieldWorks(leftArrow,0.0f,4)" fullname="Tests.Testat02.TestAvatarSpeedFieldWorks(leftArrow,0.0f,4)" methodname="TestAvatarSpeedFieldWorks" classname="Tests.Testat02" runstate="Runnable" seed="1274941268" result="Passed" start-time="2020-12-02 19:47:45Z" end-time="2020-12-02 19:47:45Z" duration="0.119593" asserts="0">
              <properties/>
            </test-case>
            <test-case id="1038" name="TestAvatarSpeedFieldWorks(leftArrow,5.0f,0)" fullname="Tests.Testat02.TestAvatarSpeedFieldWorks(leftArrow,5.0f,0)" methodname="TestAvatarSpeedFieldWorks" classname="Tests.Testat02" runstate="Runnable" seed="1614553311" result="Passed" start-time="2020-12-02 19:47:45Z" end-time="2020-12-02 19:47:45Z" duration="0.039387" asserts="0">
              <properties/>
            </test-case>
            <test-case id="1039" name="TestAvatarSpeedFieldWorks(leftArrow,5.0f,2)" fullname="Tests.Testat02.TestAvatarSpeedFieldWorks(leftArrow,5.0f,2)" methodname="TestAvatarSpeedFieldWorks" classname="Tests.Testat02" runstate="Runnable" seed="247517659" result="Passed" start-time="2020-12-02 19:47:45Z" end-time="2020-12-02 19:47:45Z" duration="0.079378" asserts="0">
              <properties/>
            </test-case>
            <test-case id="1040" name="TestAvatarSpeedFieldWorks(leftArrow,5.0f,4)" fullname="Tests.Testat02.TestAvatarSpeedFieldWorks(leftArrow,5.0f,4)" methodname="TestAvatarSpeedFieldWorks" classname="Tests.Testat02" runstate="Runnable" seed="797683217" result="Passed" start-time="2020-12-02 19:47:45Z" end-time="2020-12-02 19:47:45Z" duration="0.119281" asserts="0">
              <properties/>
            </test-case>
            <test-case id="1041" name="TestAvatarSpeedFieldWorks(rightArrow,0.0f,0)" fullname="Tests.Testat02.TestAvatarSpeedFieldWorks(rightArrow,0.0f,0)" methodname="TestAvatarSpeedFieldWorks" classname="Tests.Testat02" runstate="Runnable" seed="1781154073" result="Passed" start-time="2020-12-02 19:47:45Z" end-time="2020-12-02 19:47:45Z" duration="0.039367" asserts="0">
              <properties/>
            </test-case>
            <test-case id="1042" name="TestAvatarSpeedFieldWorks(rightArrow,0.0f,2)" fullname="Tests.Testat02.TestAvatarSpeedFieldWorks(rightArrow,0.0f,2)" methodname="TestAvatarSpeedFieldWorks" classname="Tests.Testat02" runstate="Runnable" seed="573549606" result="Passed" start-time="2020-12-02 19:47:45Z" end-time="2020-12-02 19:47:45Z" duration="0.079531" asserts="0">
              <properties/>
            </test-case>
            <test-case id="1043" name="TestAvatarSpeedFieldWorks(rightArrow,0.0f,4)" fullname="Tests.Testat02.TestAvatarSpeedFieldWorks(rightArrow,0.0f,4)" methodname="TestAvatarSpeedFieldWorks" classname="Tests.Testat02" runstate="Runnable" seed="733034637" result="Passed" start-time="2020-12-02 19:47:45Z" end-time="2020-12-02 19:47:46Z" duration="0.119260" asserts="0">
              <properties/>
            </test-case>
            <test-case id="1044" name="TestAvatarSpeedFieldWorks(rightArrow,5.0f,0)" fullname="Tests.Testat02.TestAvatarSpeedFieldWorks(rightArrow,5.0f,0)" methodname="TestAvatarSpeedFieldWorks" classname="Tests.Testat02" runstate="Runnable" seed="1538078414" result="Passed" start-time="2020-12-02 19:47:46Z" end-time="2020-12-02 19:47:46Z" duration="0.039186" asserts="0">
              <properties/>
            </test-case>
            <test-case id="1045" name="TestAvatarSpeedFieldWorks(rightArrow,5.0f,2)" fullname="Tests.Testat02.TestAvatarSpeedFieldWorks(rightArrow,5.0f,2)" methodname="TestAvatarSpeedFieldWorks" classname="Tests.Testat02" runstate="Runnable" seed="1677105496" result="Passed" start-time="2020-12-02 19:47:46Z" end-time="2020-12-02 19:47:46Z" duration="0.079484" asserts="0">
              <properties/>
            </test-case>
            <test-case id="1046" name="TestAvatarSpeedFieldWorks(rightArrow,5.0f,4)" fullname="Tests.Testat02.TestAvatarSpeedFieldWorks(rightArrow,5.0f,4)" methodname="TestAvatarSpeedFieldWorks" classname="Tests.Testat02" runstate="Runnable" seed="806616132" result="Passed" start-time="2020-12-02 19:47:46Z" end-time="2020-12-02 19:47:46Z" duration="0.119332" asserts="0">
              <properties/>
            </test-case>
            <test-case id="1047" name="TestAvatarSpeedFieldWorks(upArrow+rightArrow,0.0f,0)" fullname="Tests.Testat02.TestAvatarSpeedFieldWorks(upArrow+rightArrow,0.0f,0)" methodname="TestAvatarSpeedFieldWorks" classname="Tests.Testat02" runstate="Runnable" seed="2061755584" result="Passed" start-time="2020-12-02 19:47:46Z" end-time="2020-12-02 19:47:46Z" duration="0.039189" asserts="0">
              <properties/>
            </test-case>
            <test-case id="1048" name="TestAvatarSpeedFieldWorks(upArrow+rightArrow,0.0f,2)" fullname="Tests.Testat02.TestAvatarSpeedFieldWorks(upArrow+rightArrow,0.0f,2)" methodname="TestAvatarSpeedFieldWorks" classname="Tests.Testat02" runstate="Runnable" seed="1944426649" result="Passed" start-time="2020-12-02 19:47:46Z" end-time="2020-12-02 19:47:46Z" duration="0.079360" asserts="0">
              <properties/>
            </test-case>
            <test-case id="1049" name="TestAvatarSpeedFieldWorks(upArrow+rightArrow,0.0f,4)" fullname="Tests.Testat02.TestAvatarSpeedFieldWorks(upArrow+rightArrow,0.0f,4)" methodname="TestAvatarSpeedFieldWorks" classname="Tests.Testat02" runstate="Runnable" seed="2113671629" result="Passed" start-time="2020-12-02 19:47:46Z" end-time="2020-12-02 19:47:46Z" duration="0.119456" asserts="0">
              <properties/>
            </test-case>
            <test-case id="1050" name="TestAvatarSpeedFieldWorks(upArrow+rightArrow,5.0f,0)" fullname="Tests.Testat02.TestAvatarSpeedFieldWorks(upArrow+rightArrow,5.0f,0)" methodname="TestAvatarSpeedFieldWorks" classname="Tests.Testat02" runstate="Runnable" seed="361352706" result="Passed" start-time="2020-12-02 19:47:46Z" end-time="2020-12-02 19:47:46Z" duration="0.039533" asserts="0">
              <properties/>
            </test-case>
            <test-case id="1051" name="TestAvatarSpeedFieldWorks(upArrow+rightArrow,5.0f,2)" fullname="Tests.Testat02.TestAvatarSpeedFieldWorks(upArrow+rightArrow,5.0f,2)" methodname="TestAvatarSpeedFieldWorks" classname="Tests.Testat02" runstate="Runnable" seed="1664971713" result="Passed" start-time="2020-12-02 19:47:46Z" end-time="2020-12-02 19:47:46Z" duration="0.079786" asserts="0">
              <properties/>
            </test-case>
            <test-case id="1052" name="TestAvatarSpeedFieldWorks(upArrow+rightArrow,5.0f,4)" fullname="Tests.Testat02.TestAvatarSpeedFieldWorks(upArrow+rightArrow,5.0f,4)" methodname="TestAvatarSpeedFieldWorks" classname="Tests.Testat02" runstate="Runnable" seed="1940376376" result="Passed" start-time="2020-12-02 19:47:46Z" end-time="2020-12-02 19:47:46Z" duration="0.118790" asserts="0">
              <properties/>
            </test-case>
            <test-case id="1053" name="TestAvatarSpeedFieldWorks(downArrow+rightArrow,0.0f,0)" fullname="Tests.Testat02.TestAvatarSpeedFieldWorks(downArrow+rightArrow,0.0f,0)" methodname="TestAvatarSpeedFieldWorks" classname="Tests.Testat02" runstate="Runnable" seed="789363418" result="Passed" start-time="2020-12-02 19:47:46Z" end-time="2020-12-02 19:47:46Z" duration="0.039198" asserts="0">
              <properties/>
            </test-case>
            <test-case id="1054" name="TestAvatarSpeedFieldWorks(downArrow+rightArrow,0.0f,2)" fullname="Tests.Testat02.TestAvatarSpeedFieldWorks(downArrow+rightArrow,0.0f,2)" methodname="TestAvatarSpeedFieldWorks" classname="Tests.Testat02" runstate="Runnable" seed="1401839672" result="Passed" start-time="2020-12-02 19:47:46Z" end-time="2020-12-02 19:47:46Z" duration="0.079471" asserts="0">
              <properties/>
            </test-case>
            <test-case id="1055" name="TestAvatarSpeedFieldWorks(downArrow+rightArrow,0.0f,4)" fullname="Tests.Testat02.TestAvatarSpeedFieldWorks(downArrow+rightArrow,0.0f,4)" methodname="TestAvatarSpeedFieldWorks" classname="Tests.Testat02" runstate="Runnable" seed="178047140" result="Passed" start-time="2020-12-02 19:47:46Z" end-time="2020-12-02 19:47:46Z" duration="0.119266" asserts="0">
              <properties/>
            </test-case>
            <test-case id="1056" name="TestAvatarSpeedFieldWorks(downArrow+rightArrow,5.0f,0)" fullname="Tests.Testat02.TestAvatarSpeedFieldWorks(downArrow+rightArrow,5.0f,0)" methodname="TestAvatarSpeedFieldWorks" classname="Tests.Testat02" runstate="Runnable" seed="1040802469" result="Passed" start-time="2020-12-02 19:47:46Z" end-time="2020-12-02 19:47:47Z" duration="0.039493" asserts="0">
              <properties/>
            </test-case>
            <test-case id="1057" name="TestAvatarSpeedFieldWorks(downArrow+rightArrow,5.0f,2)" fullname="Tests.Testat02.TestAvatarSpeedFieldWorks(downArrow+rightArrow,5.0f,2)" methodname="TestAvatarSpeedFieldWorks" classname="Tests.Testat02" runstate="Runnable" seed="771724388" result="Passed" start-time="2020-12-02 19:47:47Z" end-time="2020-12-02 19:47:47Z" duration="0.079167" asserts="0">
              <properties/>
            </test-case>
            <test-case id="1058" name="TestAvatarSpeedFieldWorks(downArrow+rightArrow,5.0f,4)" fullname="Tests.Testat02.TestAvatarSpeedFieldWorks(downArrow+rightArrow,5.0f,4)" methodname="TestAvatarSpeedFieldWorks" classname="Tests.Testat02" runstate="Runnable" seed="778342013" result="Passed" start-time="2020-12-02 19:47:47Z" end-time="2020-12-02 19:47:47Z" duration="0.119468" asserts="0">
              <properties/>
            </test-case>
            <test-case id="1059" name="TestAvatarSpeedFieldWorks(upArrow+leftArrow,0.0f,0)" fullname="Tests.Testat02.TestAvatarSpeedFieldWorks(upArrow+leftArrow,0.0f,0)" methodname="TestAvatarSpeedFieldWorks" classname="Tests.Testat02" runstate="Runnable" seed="2056173765" result="Passed" start-time="2020-12-02 19:47:47Z" end-time="2020-12-02 19:47:47Z" duration="0.038920" asserts="0">
              <properties/>
            </test-case>
            <test-case id="1060" name="TestAvatarSpeedFieldWorks(upArrow+leftArrow,0.0f,2)" fullname="Tests.Testat02.TestAvatarSpeedFieldWorks(upArrow+leftArrow,0.0f,2)" methodname="TestAvatarSpeedFieldWorks" classname="Tests.Testat02" runstate="Runnable" seed="1571613255" result="Passed" start-time="2020-12-02 19:47:47Z" end-time="2020-12-02 19:47:47Z" duration="0.079446" asserts="0">
              <properties/>
            </test-case>
            <test-case id="1061" name="TestAvatarSpeedFieldWorks(upArrow+leftArrow,0.0f,4)" fullname="Tests.Testat02.TestAvatarSpeedFieldWorks(upArrow+leftArrow,0.0f,4)" methodname="TestAvatarSpeedFieldWorks" classname="Tests.Testat02" runstate="Runnable" seed="2009473459" result="Passed" start-time="2020-12-02 19:47:47Z" end-time="2020-12-02 19:47:47Z" duration="0.119440" asserts="0">
              <properties/>
            </test-case>
            <test-case id="1062" name="TestAvatarSpeedFieldWorks(upArrow+leftArrow,5.0f,0)" fullname="Tests.Testat02.TestAvatarSpeedFieldWorks(upArrow+leftArrow,5.0f,0)" methodname="TestAvatarSpeedFieldWorks" classname="Tests.Testat02" runstate="Runnable" seed="544049942" result="Passed" start-time="2020-12-02 19:47:47Z" end-time="2020-12-02 19:47:47Z" duration="0.039315" asserts="0">
              <properties/>
            </test-case>
            <test-case id="1063" name="TestAvatarSpeedFieldWorks(upArrow+leftArrow,5.0f,2)" fullname="Tests.Testat02.TestAvatarSpeedFieldWorks(upArrow+leftArrow,5.0f,2)" methodname="TestAvatarSpeedFieldWorks" classname="Tests.Testat02" runstate="Runnable" seed="1679260071" result="Passed" start-time="2020-12-02 19:47:47Z" end-time="2020-12-02 19:47:47Z" duration="0.079533" asserts="0">
              <properties/>
            </test-case>
            <test-case id="1064" name="TestAvatarSpeedFieldWorks(upArrow+leftArrow,5.0f,4)" fullname="Tests.Testat02.TestAvatarSpeedFieldWorks(upArrow+leftArrow,5.0f,4)" methodname="TestAvatarSpeedFieldWorks" classname="Tests.Testat02" runstate="Runnable" seed="1848235533" result="Passed" start-time="2020-12-02 19:47:47Z" end-time="2020-12-02 19:47:47Z" duration="0.119246" asserts="0">
              <properties/>
            </test-case>
            <test-case id="1065" name="TestAvatarSpeedFieldWorks(downArrow+leftArrow,0.0f,0)" fullname="Tests.Testat02.TestAvatarSpeedFieldWorks(downArrow+leftArrow,0.0f,0)" methodname="TestAvatarSpeedFieldWorks" classname="Tests.Testat02" runstate="Runnable" seed="708440875" result="Passed" start-time="2020-12-02 19:47:47Z" end-time="2020-12-02 19:47:47Z" duration="0.039177" asserts="0">
              <properties/>
            </test-case>
            <test-case id="1066" name="TestAvatarSpeedFieldWorks(downArrow+leftArrow,0.0f,2)" fullname="Tests.Testat02.TestAvatarSpeedFieldWorks(downArrow+leftArrow,0.0f,2)" methodname="TestAvatarSpeedFieldWorks" classname="Tests.Testat02" runstate="Runnable" seed="216698425" result="Passed" start-time="2020-12-02 19:47:47Z" end-time="2020-12-02 19:47:47Z" duration="0.079481" asserts="0">
              <properties/>
            </test-case>
            <test-case id="1067" name="TestAvatarSpeedFieldWorks(downArrow+leftArrow,0.0f,4)" fullname="Tests.Testat02.TestAvatarSpeedFieldWorks(downArrow+leftArrow,0.0f,4)" methodname="TestAvatarSpeedFieldWorks" classname="Tests.Testat02" runstate="Runnable" seed="1467759783" result="Passed" start-time="2020-12-02 19:47:47Z" end-time="2020-12-02 19:47:47Z" duration="0.119024" asserts="0">
              <properties/>
            </test-case>
            <test-case id="1068" name="TestAvatarSpeedFieldWorks(downArrow+leftArrow,5.0f,0)" fullname="Tests.Testat02.TestAvatarSpeedFieldWorks(downArrow+leftArrow,5.0f,0)" methodname="TestAvatarSpeedFieldWorks" classname="Tests.Testat02" runstate="Runnable" seed="1883319828" result="Passed" start-time="2020-12-02 19:47:47Z" end-time="2020-12-02 19:47:47Z" duration="0.039819" asserts="0">
              <properties/>
            </test-case>
            <test-case id="1069" name="TestAvatarSpeedFieldWorks(downArrow+leftArrow,5.0f,2)" fullname="Tests.Testat02.TestAvatarSpeedFieldWorks(downArrow+leftArrow,5.0f,2)" methodname="TestAvatarSpeedFieldWorks" classname="Tests.Testat02" runstate="Runnable" seed="780945106" result="Passed" start-time="2020-12-02 19:47:47Z" end-time="2020-12-02 19:47:48Z" duration="0.079025" asserts="0">
              <properties/>
            </test-case>
            <test-case id="1070" name="TestAvatarSpeedFieldWorks(downArrow+leftArrow,5.0f,4)" fullname="Tests.Testat02.TestAvatarSpeedFieldWorks(downArrow+leftArrow,5.0f,4)" methodname="TestAvatarSpeedFieldWorks" classname="Tests.Testat02" runstate="Runnable" seed="850560213" result="Passed" start-time="2020-12-02 19:47:48Z" end-time="2020-12-02 19:47:48Z" duration="0.119326" asserts="0">
              <properties/>
            </test-case>
          </test-suite>
          <test-case id="1010" name="TestEmailAddress" fullname="Tests.Testat02.TestEmailAddress" methodname="TestEmailAddress" classname="Tests.Testat02" runstate="Runnable" seed="1360778004" result="Passed" start-time="2020-12-02 19:47:48Z" end-time="2020-12-02 19:47:48Z" duration="0.003444" asserts="0">
            <properties/>
          </test-case>
          <test-suite type="ParameterizedMethod" id="1009" name="TestGitFiles" fullname="Tests.Testat02.TestGitFiles" classname="Tests.Testat02" runstate="Runnable" testcasecount="2" result="Passed" start-time="2020-12-02 19:47:48Z" end-time="2020-12-02 19:47:48Z" duration="0.005046" total="2" passed="2" failed="0" inconclusive="0" skipped="0" asserts="0">
            <properties/>
            <test-case id="1007" name="TestGitFiles(&quot;./.gitignore&quot;)" fullname="Tests.Testat02.TestGitFiles(&quot;./.gitignore&quot;)" methodname="TestGitFiles" classname="Tests.Testat02" runstate="Runnable" seed="1639862881" result="Passed" start-time="2020-12-02 19:47:48Z" end-time="2020-12-02 19:47:48Z" duration="0.001604" asserts="0">
              <properties/>
            </test-case>
            <test-case id="1008" name="TestGitFiles(&quot;./.gitattributes&quot;)" fullname="Tests.Testat02.TestGitFiles(&quot;./.gitattributes&quot;)" methodname="TestGitFiles" classname="Tests.Testat02" runstate="Runnable" seed="1097264179" result="Passed" start-time="2020-12-02 19:47:48Z" end-time="2020-12-02 19:47:48Z" duration="0.001125" asserts="0">
              <properties/>
            </test-case>
          </test-suite>
          <test-case id="1011" name="TestSceneExists" fullname="Tests.Testat02.TestSceneExists" methodname="TestSceneExists" classname="Tests.Testat02" runstate="Runnable" seed="2103528836" result="Passed" start-time="2020-12-02 19:47:48Z" end-time="2020-12-02 19:47:48Z" duration="0.001225" asserts="0">
            <properties/>
          </test-case>
        </test-suite>
        <test-suite type="TestFixture" id="1072" name="Testat03" fullname="Tests.Testat03" classname="Tests.Testat03" runstate="Runnable" testcasecount="19" result="Passed" start-time="2020-12-02 19:47:48Z" end-time="2020-12-02 19:47:52Z" duration="4.393107" total="19" passed="19" failed="0" inconclusive="0" skipped="0" asserts="0">
          <properties/>
          <test-case id="1082" name="TestAvatarGravityWhenFalling" fullname="Tests.Testat03.TestAvatarGravityWhenFalling" methodname="TestAvatarGravityWhenFalling" classname="Tests.Testat03" runstate="Runnable" seed="1313439491" result="Passed" start-time="2020-12-02 19:47:48Z" end-time="2020-12-02 19:47:48Z" duration="0.213741" asserts="0">
            <properties>
              <property name="_JOINTYPE" value="UnityCombinatorial"/>
            </properties>
          </test-case>
          <test-case id="1092" name="TestAvatarGravityWhenGrounded" fullname="Tests.Testat03.TestAvatarGravityWhenGrounded" methodname="TestAvatarGravityWhenGrounded" classname="Tests.Testat03" runstate="Runnable" seed="1000457714" result="Passed" start-time="2020-12-02 19:47:48Z" end-time="2020-12-02 19:47:48Z" duration="0.216524" asserts="0">
            <properties>
              <property name="_JOINTYPE" value="UnityCombinatorial"/>
            </properties>
          </test-case>
          <test-suite type="ParameterizedMethod" id="1091" name="TestAvatarMovement" fullname="Tests.Testat03.TestAvatarMovement" classname="Tests.Testat03" runstate="Runnable" testcasecount="8" result="Passed" start-time="2020-12-02 19:47:48Z" end-time="2020-12-02 19:47:49Z" duration="1.115851" total="8" passed="8" failed="0" inconclusive="0" skipped="0" asserts="0">
            <properties>
              <property name="_JOINTYPE" value="UnityCombinatorial"/>
            </properties>
            <test-case id="1083" name="TestAvatarMovement(rightArrow,0.0f,2)" fullname="Tests.Testat03.TestAvatarMovement(rightArrow,0.0f,2)" methodname="TestAvatarMovement" classname="Tests.Testat03" runstate="Runnable" seed="637281734" result="Passed" start-time="2020-12-02 19:47:48Z" end-time="2020-12-02 19:47:48Z" duration="0.072022" asserts="0">
              <properties/>
            </test-case>
            <test-case id="1084" name="TestAvatarMovement(rightArrow,0.0f,8)" fullname="Tests.Testat03.TestAvatarMovement(rightArrow,0.0f,8)" methodname="TestAvatarMovement" classname="Tests.Testat03" runstate="Runnable" seed="733277699" result="Passed" start-time="2020-12-02 19:47:48Z" end-time="2020-12-02 19:47:48Z" duration="0.199473" asserts="0">
              <properties/>
            </test-case>
            <test-case id="1085" name="TestAvatarMovement(rightArrow,5.0f,2)" fullname="Tests.Testat03.TestAvatarMovement(rightArrow,5.0f,2)" methodname="TestAvatarMovement" classname="Tests.Testat03" runstate="Runnable" seed="726765729" result="Passed" start-time="2020-12-02 19:47:48Z" end-time="2020-12-02 19:47:49Z" duration="0.079153" asserts="0">
              <properties/>
            </test-case>
            <test-case id="1086" name="TestAvatarMovement(rightArrow,5.0f,8)" fullname="Tests.Testat03.TestAvatarMovement(rightArrow,5.0f,8)" methodname="TestAvatarMovement" classname="Tests.Testat03" runstate="Runnable" seed="428136106" result="Passed" start-time="2020-12-02 19:47:49Z" end-time="2020-12-02 19:47:49Z" duration="0.199424" asserts="0">
              <properties/>
            </test-case>
            <test-case id="1087" name="TestAvatarMovement(leftArrow,0.0f,2)" fullname="Tests.Testat03.TestAvatarMovement(leftArrow,0.0f,2)" methodname="TestAvatarMovement" classname="Tests.Testat03" runstate="Runnable" seed="1999585340" result="Passed" start-time="2020-12-02 19:47:49Z" end-time="2020-12-02 19:47:49Z" duration="0.079373" asserts="0">
              <properties/>
            </test-case>
            <test-case id="1088" name="TestAvatarMovement(leftArrow,0.0f,8)" fullname="Tests.Testat03.TestAvatarMovement(leftArrow,0.0f,8)" methodname="TestAvatarMovement" classname="Tests.Testat03" runstate="Runnable" seed="966899231" result="Passed" start-time="2020-12-02 19:47:49Z" end-time="2020-12-02 19:47:49Z" duration="0.199703" asserts="0">
              <properties/>
            </test-case>
            <test-case id="1089" name="TestAvatarMovement(leftArrow,5.0f,2)" fullname="Tests.Testat03.TestAvatarMovement(leftArrow,5.0f,2)" methodname="TestAvatarMovement" classname="Tests.Testat03" runstate="Runnable" seed="1787664725" result="Passed" start-time="2020-12-02 19:47:49Z" end-time="2020-12-02 19:47:49Z" duration="0.079108" asserts="0">
              <properties/>
            </test-case>
            <test-case id="1090" name="TestAvatarMovement(leftArrow,5.0f,8)" fullname="Tests.Testat03.TestAvatarMovement(leftArrow,5.0f,8)" methodname="TestAvatarMovement" classname="Tests.Testat03" runstate="Runnable" seed="1771230660" result="Passed" start-time="2020-12-02 19:47:49Z" end-time="2020-12-02 19:47:49Z" duration="0.199353" asserts="0">
              <properties/>
            </test-case>
          </test-suite>
          <test-case id="1081" name="TestAvatarPrefab" fullname="Tests.Testat03.TestAvatarPrefab" methodname="TestAvatarPrefab" classname="Tests.Testat03" runstate="Runnable" seed="624263080" result="Passed" start-time="2020-12-02 19:47:49Z" end-time="2020-12-02 19:47:49Z" duration="0.004102" asserts="0">
            <properties/>
          </test-case>
          <test-suite type="ParameterizedMethod" id="1075" name="TestGitTagExists" fullname="Tests.Testat03.TestGitTagExists" classname="Tests.Testat03" runstate="Runnable" testcasecount="2" result="Passed" start-time="2020-12-02 19:47:49Z" end-time="2020-12-02 19:47:49Z" duration="0.116145" total="2" passed="2" failed="0" inconclusive="0" skipped="0" asserts="0">
            <properties/>
            <test-case id="1073" name="TestGitTagExists(&quot;Tx01&quot;)" fullname="Tests.Testat03.TestGitTagExists(&quot;Tx01&quot;)" methodname="TestGitTagExists" classname="Tests.Testat03" runstate="Runnable" seed="1935942203" result="Passed" start-time="2020-12-02 19:47:49Z" end-time="2020-12-02 19:47:49Z" duration="0.065516" asserts="0">
              <properties/>
            </test-case>
            <test-case id="1074" name="TestGitTagExists(&quot;Tx02&quot;)" fullname="Tests.Testat03.TestGitTagExists(&quot;Tx02&quot;)" methodname="TestGitTagExists" classname="Tests.Testat03" runstate="Runnable" seed="659233409" result="Passed" start-time="2020-12-02 19:47:49Z" end-time="2020-12-02 19:47:49Z" duration="0.048244" asserts="0">
              <properties/>
            </test-case>
          </test-suite>
          <test-case id="1080" name="TestPlatformGravity" fullname="Tests.Testat03.TestPlatformGravity" methodname="TestPlatformGravity" classname="Tests.Testat03" runstate="Runnable" seed="2010410500" result="Passed" start-time="2020-12-02 19:47:49Z" end-time="2020-12-02 19:47:50Z" duration="0.213881" asserts="0">
            <properties>
              <property name="_JOINTYPE" value="UnityCombinatorial"/>
            </properties>
          </test-case>
          <test-case id="1079" name="TestPlatformPrefab" fullname="Tests.Testat03.TestPlatformPrefab" methodname="TestPlatformPrefab" classname="Tests.Testat03" runstate="Runnable" seed="5891154" result="Passed" start-time="2020-12-02 19:47:50Z" end-time="2020-12-02 19:47:50Z" duration="0.001536" asserts="0">
            <properties/>
          </test-case>
          <test-suite type="ParameterizedMethod" id="1078" name="TestPrefabExists" fullname="Tests.Testat03.TestPrefabExists" classname="Tests.Testat03" runstate="Runnable" testcasecount="2" result="Passed" start-time="2020-12-02 19:47:50Z" end-time="2020-12-02 19:47:50Z" duration="0.004215" total="2" passed="2" failed="0" inconclusive="0" skipped="0" asserts="0">
            <properties/>
            <test-case id="1076" name="TestPrefabExists(&quot;Assets/Prefabs/Avatar.prefab&quot;)" fullname="Tests.Testat03.TestPrefabExists(&quot;Assets/Prefabs/Avatar.prefab&quot;)" methodname="TestPrefabExists" classname="Tests.Testat03" runstate="Runnable" seed="1592745754" result="Passed" start-time="2020-12-02 19:47:50Z" end-time="2020-12-02 19:47:50Z" duration="0.001051" asserts="0">
              <properties/>
            </test-case>
            <test-case id="1077" name="TestPrefabExists(&quot;Assets/Prefabs/Platform.prefab&quot;)" fullname="Tests.Testat03.TestPrefabExists(&quot;Assets/Prefabs/Platform.prefab&quot;)" methodname="TestPrefabExists" classname="Tests.Testat03" runstate="Runnable" seed="603814648" result="Passed" start-time="2020-12-02 19:47:50Z" end-time="2020-12-02 19:47:50Z" duration="0.000895" asserts="0">
              <properties/>
            </test-case>
          </test-suite>
          <test-case id="1094" name="TestPrefabInstancesExistInScene" fullname="Tests.Testat03.TestPrefabInstancesExistInScene" methodname="TestPrefabInstancesExistInScene" classname="Tests.Testat03" runstate="Runnable" seed="1999999903" result="Passed" start-time="2020-12-02 19:47:50Z" end-time="2020-12-02 19:47:52Z" duration="2.492017" asserts="0">
            <properties>
              <property name="_JOINTYPE" value="UnityCombinatorial"/>
            </properties>
          </test-case>
          <test-case id="1093" name="TestSceneExists" fullname="Tests.Testat03.TestSceneExists" methodname="TestSceneExists" classname="Tests.Testat03" runstate="Runnable" seed="342909675" result="Passed" start-time="2020-12-02 19:47:52Z" end-time="2020-12-02 19:47:52Z" duration="0.001248" asserts="0">
            <properties/>
          </test-case>
        </test-suite>
        <test-suite type="TestFixture" id="1095" name="Testat04" fullname="Tests.Testat04" classname="Tests.Testat04" runstate="Runnable" testcasecount="12" result="Failed" site="Child" start-time="2020-12-02 19:47:52Z" end-time="2020-12-02 19:47:52Z" duration="0.167376" total="12" passed="3" failed="9" inconclusive="0" skipped="0" asserts="0">
          <properties/>
          <failure>
            <message><![CDATA[One or more child tests had errors]]></message>
          </failure>
          <test-suite type="ParameterizedMethod" id="1109" name="TestAvatarColor" fullname="Tests.Testat04.TestAvatarColor" classname="Tests.Testat04" runstate="Runnable" testcasecount="2" result="Failed" site="Child" start-time="2020-12-02 19:47:52Z" end-time="2020-12-02 19:47:52Z" duration="0.030433" total="2" passed="0" failed="2" inconclusive="0" skipped="0" asserts="0">
            <properties>
              <property name="_JOINTYPE" value="UnityCombinatorial"/>
            </properties>
            <failure>
              <message><![CDATA[One or more child tests had errors]]></message>
            </failure>
            <test-case id="1107" name="TestAvatarColor(RGBA(0.000, 1.000, 0.000, 1.000))" fullname="Tests.Testat04.TestAvatarColor(RGBA(0.000, 1.000, 0.000, 1.000))" methodname="TestAvatarColor" classname="Tests.Testat04" runstate="Runnable" seed="1683508093" result="Failed" start-time="2020-12-02 19:47:52Z" end-time="2020-12-02 19:47:52Z" duration="0.019129" asserts="0">
              <properties/>
              <failure>
                <message><![CDATA[  There must be exactly 1 field with the name of 'avatarColor' in GameObject 'Avatar(Clone) (UnityEngine.GameObject)'!
  Expected: 1
  But was:  0
]]></message>
                <stack-trace><![CDATA[at Tests.FieldBridge`1[T]..ctor (UnityEngine.GameObject obj, System.String name) [0x0001b] in C:\Unity\workspace\2020WS.UnityPP.Faulo-Empty\Assets\Tests\FieldBridge.cs:28
at Tests.GameObjectBridge.FindField[T] (System.String name) [0x00001] in C:\Unity\workspace\2020WS.UnityPP.Faulo-Empty\Assets\Tests\GameObjectBridge.cs:32
at Tests.Testat04+AvatarBridge..ctor (UnityEngine.GameObject gameObject, System.Boolean isInstance) [0x0001a] in C:\Unity\workspace\2020WS.UnityPP.Faulo-Empty\Assets\Tests\Testat04.cs:52
at Tests.Testat04.InstantiateAvatar (UnityEngine.Vector3 position) [0x0001a] in C:\Unity\workspace\2020WS.UnityPP.Faulo-Empty\Assets\Tests\Testat04.cs:240
at Tests.Testat04+<TestAvatarColor>d__23.MoveNext () [0x00046] in C:\Unity\workspace\2020WS.UnityPP.Faulo-Empty\Assets\Tests\Testat04.cs:157
at UnityEngine.TestTools.TestEnumerator+<Execute>d__6.MoveNext () [0x0004c] in C:\Unity\workspace\2020WS.UnityPP.Faulo-Empty\Library\PackageCache\com.unity.test-framework@1.1.18\UnityEngine.TestRunner\NUnitExtensions\Attributes\TestEnumerator.cs:36
]]></stack-trace>
              </failure>
            </test-case>
            <test-case id="1108" name="TestAvatarColor(RGBA(1.000, 0.000, 1.000, 1.000))" fullname="Tests.Testat04.TestAvatarColor(RGBA(1.000, 0.000, 1.000, 1.000))" methodname="TestAvatarColor" classname="Tests.Testat04" runstate="Runnable" seed="960293624" result="Failed" start-time="2020-12-02 19:47:52Z" end-time="2020-12-02 19:47:52Z" duration="0.004985" asserts="0">
              <properties/>
              <failure>
                <message><![CDATA[  There must be exactly 1 field with the name of 'avatarColor' in GameObject 'Avatar(Clone) (UnityEngine.GameObject)'!
  Expected: 1
  But was:  0
]]></message>
                <stack-trace><![CDATA[at Tests.FieldBridge`1[T]..ctor (UnityEngine.GameObject obj, System.String name) [0x0001b] in C:\Unity\workspace\2020WS.UnityPP.Faulo-Empty\Assets\Tests\FieldBridge.cs:28
at Tests.GameObjectBridge.FindField[T] (System.String name) [0x00001] in C:\Unity\workspace\2020WS.UnityPP.Faulo-Empty\Assets\Tests\GameObjectBridge.cs:32
at Tests.Testat04+AvatarBridge..ctor (UnityEngine.GameObject gameObject, System.Boolean isInstance) [0x0001a] in C:\Unity\workspace\2020WS.UnityPP.Faulo-Empty\Assets\Tests\Testat04.cs:52
at Tests.Testat04.InstantiateAvatar (UnityEngine.Vector3 position) [0x0001a] in C:\Unity\workspace\2020WS.UnityPP.Faulo-Empty\Assets\Tests\Testat04.cs:240
at Tests.Testat04+<TestAvatarColor>d__23.MoveNext () [0x00046] in C:\Unity\workspace\2020WS.UnityPP.Faulo-Empty\Assets\Tests\Testat04.cs:157
at UnityEngine.TestTools.TestEnumerator+<Execute>d__6.MoveNext () [0x0004c] in C:\Unity\workspace\2020WS.UnityPP.Faulo-Empty\Library\PackageCache\com.unity.test-framework@1.1.18\UnityEngine.TestRunner\NUnitExtensions\Attributes\TestEnumerator.cs:36
]]></stack-trace>
              </failure>
            </test-case>
          </test-suite>
          <test-case id="1106" name="TestAvatarPrefab" fullname="Tests.Testat04.TestAvatarPrefab" methodname="TestAvatarPrefab" classname="Tests.Testat04" runstate="Runnable" seed="642252836" result="Failed" start-time="2020-12-02 19:47:52Z" end-time="2020-12-02 19:47:52Z" duration="0.002829" asserts="0">
            <properties/>
            <failure>
              <message><![CDATA[  There must be exactly 1 field with the name of 'avatarColor' in GameObject 'Avatar (UnityEngine.GameObject)'!
  Expected: 1
  But was:  0
]]></message>
              <stack-trace><![CDATA[at Tests.FieldBridge`1[T]..ctor (UnityEngine.GameObject obj, System.String name) [0x0001b] in C:\Unity\workspace\2020WS.UnityPP.Faulo-Empty\Assets\Tests\FieldBridge.cs:28
at Tests.GameObjectBridge.FindField[T] (System.String name) [0x00001] in C:\Unity\workspace\2020WS.UnityPP.Faulo-Empty\Assets\Tests\GameObjectBridge.cs:32
at Tests.Testat04+AvatarBridge..ctor (UnityEngine.GameObject gameObject, System.Boolean isInstance) [0x0001a] in C:\Unity\workspace\2020WS.UnityPP.Faulo-Empty\Assets\Tests\Testat04.cs:52
at Tests.Testat04.TestAvatarPrefab () [0x0000c] in C:\Unity\workspace\2020WS.UnityPP.Faulo-Empty\Assets\Tests\Testat04.cs:146
]]></stack-trace>
            </failure>
          </test-case>
          <test-suite type="ParameterizedMethod" id="1101" name="TestMaterialsExists" fullname="Tests.Testat04.TestMaterialsExists" classname="Tests.Testat04" runstate="Runnable" testcasecount="2" result="Failed" site="Child" start-time="2020-12-02 19:47:52Z" end-time="2020-12-02 19:47:52Z" duration="0.008175" total="2" passed="0" failed="2" inconclusive="0" skipped="0" asserts="0">
            <properties/>
            <failure>
              <message><![CDATA[One or more child tests had errors]]></message>
            </failure>
            <test-case id="1099" name="TestMaterialsExists(&quot;Assets/Materials/Avatar.mat&quot;)" fullname="Tests.Testat04.TestMaterialsExists(&quot;Assets/Materials/Avatar.mat&quot;)" methodname="TestMaterialsExists" classname="Tests.Testat04" runstate="Runnable" seed="1663489116" result="Failed" start-time="2020-12-02 19:47:52Z" end-time="2020-12-02 19:47:52Z" duration="0.002262" asserts="0">
              <properties/>
              <failure>
                <message><![CDATA[  Expected: file exists
  But was:  <Assets/Materials/Avatar.mat>
]]></message>
                <stack-trace><![CDATA[at NUnit.Framework.FileAssert.Exists (System.IO.FileInfo actual, System.String message, System.Object[] args) [0x0000c] in <59819be142c34115ade688f6962021f1>:0
at NUnit.Framework.FileAssert.Exists (System.IO.FileInfo actual) [0x00001] in <59819be142c34115ade688f6962021f1>:0
at Tests.TestSuite.LoadAsset[T] (System.String path) [0x00001] in C:\Unity\workspace\2020WS.UnityPP.Faulo-Empty\Assets\Tests\TestSuite.cs:55
at Tests.Testat04.TestMaterialsExists (System.String path) [0x00001] in C:\Unity\workspace\2020WS.UnityPP.Faulo-Empty\Assets\Tests\Testat04.cs:114
]]></stack-trace>
              </failure>
            </test-case>
            <test-case id="1100" name="TestMaterialsExists(&quot;Assets/Materials/Platform.mat&quot;)" fullname="Tests.Testat04.TestMaterialsExists(&quot;Assets/Materials/Platform.mat&quot;)" methodname="TestMaterialsExists" classname="Tests.Testat04" runstate="Runnable" seed="882071529" result="Failed" start-time="2020-12-02 19:47:52Z" end-time="2020-12-02 19:47:52Z" duration="0.001582" asserts="0">
              <properties/>
              <failure>
                <message><![CDATA[  Expected: file exists
  But was:  <Assets/Materials/Platform.mat>
]]></message>
                <stack-trace><![CDATA[at NUnit.Framework.FileAssert.Exists (System.IO.FileInfo actual, System.String message, System.Object[] args) [0x0000c] in <59819be142c34115ade688f6962021f1>:0
at NUnit.Framework.FileAssert.Exists (System.IO.FileInfo actual) [0x00001] in <59819be142c34115ade688f6962021f1>:0
at Tests.TestSuite.LoadAsset[T] (System.String path) [0x00001] in C:\Unity\workspace\2020WS.UnityPP.Faulo-Empty\Assets\Tests\TestSuite.cs:55
at Tests.Testat04.TestMaterialsExists (System.String path) [0x00001] in C:\Unity\workspace\2020WS.UnityPP.Faulo-Empty\Assets\Tests\Testat04.cs:114
]]></stack-trace>
              </failure>
            </test-case>
          </test-suite>
          <test-suite type="ParameterizedMethod" id="1105" name="TestPlatformColor" fullname="Tests.Testat04.TestPlatformColor" classname="Tests.Testat04" runstate="Runnable" testcasecount="2" result="Failed" site="Child" start-time="2020-12-02 19:47:52Z" end-time="2020-12-02 19:47:52Z" duration="0.037110" total="2" passed="0" failed="2" inconclusive="0" skipped="0" asserts="0">
            <properties>
              <property name="_JOINTYPE" value="UnityCombinatorial"/>
            </properties>
            <failure>
              <message><![CDATA[One or more child tests had errors]]></message>
            </failure>
            <test-case id="1103" name="TestPlatformColor(RGBA(0.000, 1.000, 0.000, 1.000))" fullname="Tests.Testat04.TestPlatformColor(RGBA(0.000, 1.000, 0.000, 1.000))" methodname="TestPlatformColor" classname="Tests.Testat04" runstate="Runnable" seed="951824651" result="Failed" start-time="2020-12-02 19:47:52Z" end-time="2020-12-02 19:47:52Z" duration="0.013674" asserts="0">
              <properties/>
              <failure>
                <message><![CDATA[  There must be exactly 1 field with the name of 'platformColor' in GameObject 'Platform(Clone) (UnityEngine.GameObject)'!
  Expected: 1
  But was:  0
]]></message>
                <stack-trace><![CDATA[at Tests.FieldBridge`1[T]..ctor (UnityEngine.GameObject obj, System.String name) [0x0001b] in C:\Unity\workspace\2020WS.UnityPP.Faulo-Empty\Assets\Tests\FieldBridge.cs:28
at Tests.GameObjectBridge.FindField[T] (System.String name) [0x00001] in C:\Unity\workspace\2020WS.UnityPP.Faulo-Empty\Assets\Tests\GameObjectBridge.cs:32
at Tests.Testat04+PlatformBridge..ctor (UnityEngine.GameObject gameObject) [0x00009] in C:\Unity\workspace\2020WS.UnityPP.Faulo-Empty\Assets\Tests\Testat04.cs:84
at Tests.Testat04.InstantiatePlatform (UnityEngine.Vector3 position) [0x0001a] in C:\Unity\workspace\2020WS.UnityPP.Faulo-Empty\Assets\Tests\Testat04.cs:251
at Tests.Testat04+<TestPlatformColor>d__21.MoveNext () [0x00046] in C:\Unity\workspace\2020WS.UnityPP.Faulo-Empty\Assets\Tests\Testat04.cs:131
at UnityEngine.TestTools.TestEnumerator+<Execute>d__6.MoveNext () [0x0004c] in C:\Unity\workspace\2020WS.UnityPP.Faulo-Empty\Library\PackageCache\com.unity.test-framework@1.1.18\UnityEngine.TestRunner\NUnitExtensions\Attributes\TestEnumerator.cs:36
]]></stack-trace>
              </failure>
            </test-case>
            <test-case id="1104" name="TestPlatformColor(RGBA(1.000, 0.000, 1.000, 1.000))" fullname="Tests.Testat04.TestPlatformColor(RGBA(1.000, 0.000, 1.000, 1.000))" methodname="TestPlatformColor" classname="Tests.Testat04" runstate="Runnable" seed="1913218843" result="Failed" start-time="2020-12-02 19:47:52Z" end-time="2020-12-02 19:47:52Z" duration="0.017030" asserts="0">
              <properties/>
              <failure>
                <message><![CDATA[  There must be exactly 1 field with the name of 'platformColor' in GameObject 'Platform(Clone) (UnityEngine.GameObject)'!
  Expected: 1
  But was:  0
]]></message>
                <stack-trace><![CDATA[at Tests.FieldBridge`1[T]..ctor (UnityEngine.GameObject obj, System.String name) [0x0001b] in C:\Unity\workspace\2020WS.UnityPP.Faulo-Empty\Assets\Tests\FieldBridge.cs:28
at Tests.GameObjectBridge.FindField[T] (System.String name) [0x00001] in C:\Unity\workspace\2020WS.UnityPP.Faulo-Empty\Assets\Tests\GameObjectBridge.cs:32
at Tests.Testat04+PlatformBridge..ctor (UnityEngine.GameObject gameObject) [0x00009] in C:\Unity\workspace\2020WS.UnityPP.Faulo-Empty\Assets\Tests\Testat04.cs:84
at Tests.Testat04.InstantiatePlatform (UnityEngine.Vector3 position) [0x0001a] in C:\Unity\workspace\2020WS.UnityPP.Faulo-Empty\Assets\Tests\Testat04.cs:251
at Tests.Testat04+<TestPlatformColor>d__21.MoveNext () [0x00046] in C:\Unity\workspace\2020WS.UnityPP.Faulo-Empty\Assets\Tests\Testat04.cs:131
at UnityEngine.TestTools.TestEnumerator+<Execute>d__6.MoveNext () [0x0004c] in C:\Unity\workspace\2020WS.UnityPP.Faulo-Empty\Library\PackageCache\com.unity.test-framework@1.1.18\UnityEngine.TestRunner\NUnitExtensions\Attributes\TestEnumerator.cs:36
]]></stack-trace>
              </failure>
            </test-case>
          </test-suite>
          <test-case id="1102" name="TestPlatformPrefab" fullname="Tests.Testat04.TestPlatformPrefab" methodname="TestPlatformPrefab" classname="Tests.Testat04" runstate="Runnable" seed="509232269" result="Failed" start-time="2020-12-02 19:47:52Z" end-time="2020-12-02 19:47:52Z" duration="0.002352" asserts="0">
            <properties/>
            <failure>
              <message><![CDATA[  There must be exactly 1 field with the name of 'platformColor' in GameObject 'Platform (UnityEngine.GameObject)'!
  Expected: 1
  But was:  0
]]></message>
              <stack-trace><![CDATA[at Tests.FieldBridge`1[T]..ctor (UnityEngine.GameObject obj, System.String name) [0x0001b] in C:\Unity\workspace\2020WS.UnityPP.Faulo-Empty\Assets\Tests\FieldBridge.cs:28
at Tests.GameObjectBridge.FindField[T] (System.String name) [0x00001] in C:\Unity\workspace\2020WS.UnityPP.Faulo-Empty\Assets\Tests\GameObjectBridge.cs:32
at Tests.Testat04+PlatformBridge..ctor (UnityEngine.GameObject gameObject) [0x00009] in C:\Unity\workspace\2020WS.UnityPP.Faulo-Empty\Assets\Tests\Testat04.cs:84
at Tests.Testat04.TestPlatformPrefab () [0x0000c] in C:\Unity\workspace\2020WS.UnityPP.Faulo-Empty\Assets\Tests\Testat04.cs:121
]]></stack-trace>
            </failure>
          </test-case>
          <test-suite type="ParameterizedMethod" id="1098" name="TestPrefabExists" fullname="Tests.Testat04.TestPrefabExists" classname="Tests.Testat04" runstate="Runnable" testcasecount="2" result="Passed" start-time="2020-12-02 19:47:52Z" end-time="2020-12-02 19:47:52Z" duration="0.004645" total="2" passed="2" failed="0" inconclusive="0" skipped="0" asserts="0">
            <properties/>
            <test-case id="1096" name="TestPrefabExists(&quot;Assets/Prefabs/Avatar.prefab&quot;)" fullname="Tests.Testat04.TestPrefabExists(&quot;Assets/Prefabs/Avatar.prefab&quot;)" methodname="TestPrefabExists" classname="Tests.Testat04" runstate="Runnable" seed="2114390580" result="Passed" start-time="2020-12-02 19:47:52Z" end-time="2020-12-02 19:47:52Z" duration="0.001262" asserts="0">
              <properties/>
            </test-case>
            <test-case id="1097" name="TestPrefabExists(&quot;Assets/Prefabs/Platform.prefab&quot;)" fullname="Tests.Testat04.TestPrefabExists(&quot;Assets/Prefabs/Platform.prefab&quot;)" methodname="TestPrefabExists" classname="Tests.Testat04" runstate="Runnable" seed="739965370" result="Passed" start-time="2020-12-02 19:47:52Z" end-time="2020-12-02 19:47:52Z" duration="0.000881" asserts="0">
              <properties/>
            </test-case>
          </test-suite>
          <test-case id="1111" name="TestPrefabInstancesExistInScene" fullname="Tests.Testat04.TestPrefabInstancesExistInScene" methodname="TestPrefabInstancesExistInScene" classname="Tests.Testat04" runstate="Runnable" seed="1634485155" result="Failed" start-time="2020-12-02 19:47:52Z" end-time="2020-12-02 19:47:52Z" duration="0.054773" asserts="0">
            <properties>
              <property name="_JOINTYPE" value="UnityCombinatorial"/>
            </properties>
            <failure>
              <message><![CDATA[  There must be exactly 1 field with the name of 'avatarColor' in GameObject 'Avatar (UnityEngine.GameObject)'!
  Expected: 1
  But was:  0
]]></message>
              <stack-trace><![CDATA[at Tests.FieldBridge`1[T]..ctor (UnityEngine.GameObject obj, System.String name) [0x0001b] in C:\Unity\workspace\2020WS.UnityPP.Faulo-Empty\Assets\Tests\FieldBridge.cs:28
at Tests.GameObjectBridge.FindField[T] (System.String name) [0x00001] in C:\Unity\workspace\2020WS.UnityPP.Faulo-Empty\Assets\Tests\GameObjectBridge.cs:32
at Tests.Testat04+AvatarBridge..ctor (UnityEngine.GameObject gameObject, System.Boolean isInstance) [0x0001a] in C:\Unity\workspace\2020WS.UnityPP.Faulo-Empty\Assets\Tests\Testat04.cs:52
at Tests.Testat04+<>c.<TestPrefabInstancesExistInScene>b__25_0 (UnityEngine.GameObject obj) [0x00000] in C:\Unity\workspace\2020WS.UnityPP.Faulo-Empty\Assets\Tests\Testat04.cs:185
at System.Linq.Enumerable+WhereSelectArrayIterator`2[TSource,TResult].ToArray () [0x00030] in <351e49e2a5bf4fd6beabb458ce2255f3>:0
at System.Linq.Enumerable.ToArray[TSource] (System.Collections.Generic.IEnumerable`1[T] source) [0x0001f] in <351e49e2a5bf4fd6beabb458ce2255f3>:0
at Tests.Testat04+<TestPrefabInstancesExistInScene>d__25.MoveNext () [0x000a6] in C:\Unity\workspace\2020WS.UnityPP.Faulo-Empty\Assets\Tests\Testat04.cs:184
at UnityEngine.TestTools.TestEnumerator+<Execute>d__6.MoveNext () [0x0004c] in C:\Unity\workspace\2020WS.UnityPP.Faulo-Empty\Library\PackageCache\com.unity.test-framework@1.1.18\UnityEngine.TestRunner\NUnitExtensions\Attributes\TestEnumerator.cs:36
]]></stack-trace>
            </failure>
          </test-case>
          <test-case id="1110" name="TestSceneExists" fullname="Tests.Testat04.TestSceneExists" methodname="TestSceneExists" classname="Tests.Testat04" runstate="Runnable" seed="1399772338" result="Passed" start-time="2020-12-02 19:47:52Z" end-time="2020-12-02 19:47:52Z" duration="0.001201" asserts="0">
            <properties/>
          </test-case>
        </test-suite>
      </test-suite>
    </test-suite>
    <test-suite type="Assembly" id="1116" name="Unity.InputSystem.IntegrationTests.dll" fullname="C:/Unity/workspace/2020WS.UnityPP.Faulo-Empty/Library/ScriptAssemblies/Unity.InputSystem.IntegrationTests.dll" runstate="Runnable" testcasecount="1" result="Passed" start-time="2020-12-02 19:47:52Z" end-time="2020-12-02 19:47:52Z" duration="0.018686" total="1" passed="1" failed="0" inconclusive="0" skipped="0" asserts="0">
      <properties>
        <property name="_PID" value="12880"/>
        <property name="_APPDOMAIN" value="Unity Child Domain"/>
        <property name="platform" value="PlayMode"/>
      </properties>
      <test-suite type="TestFixture" id="1114" name="IntegrationTests" fullname="IntegrationTests" classname="IntegrationTests" runstate="Runnable" testcasecount="1" result="Passed" start-time="2020-12-02 19:47:52Z" end-time="2020-12-02 19:47:52Z" duration="0.017008" total="1" passed="1" failed="0" inconclusive="0" skipped="0" asserts="0">
        <properties/>
        <test-case id="1115" name="Integration_CanSendAndReceiveEvents" fullname="IntegrationTests.Integration_CanSendAndReceiveEvents" methodname="Integration_CanSendAndReceiveEvents" classname="IntegrationTests" runstate="Runnable" seed="131368865" result="Passed" start-time="2020-12-02 19:47:52Z" end-time="2020-12-02 19:47:52Z" duration="0.015537" asserts="0">
          <properties>
            <property name="Category" value="Integration"/>
          </properties>
        </test-case>
      </test-suite>
    </test-suite>
  </test-suite>
</test-run></repository><repository name="Faulo-Master" href="https://github.com/Faulo/UnityPP2020" master="" path="C:\Unity\workspace\2020WS.UnityPP.Faulo-Master" results="C:\Webserver\htdocs\workspace\devtools\unity-pp\results\Faulo-Master.xml" unity="C:\Unity\workspace\2020WS.UnityPP.Faulo-Master" company="bt709175@uni-bayreuth.de"><test-run id="2" testcasecount="98" result="Passed" total="98" passed="98" failed="0" inconclusive="0" skipped="0" asserts="0" engine-version="3.5.0.0" clr-version="4.0.30319.42000" start-time="2020-12-02 19:48:21Z" end-time="2020-12-02 19:48:31Z" duration="10,6604988">
  <test-suite type="TestSuite" id="1000" name="2020WS.UnityPP" fullname="2020WS.UnityPP" runstate="Runnable" testcasecount="98" result="Passed" start-time="2020-12-02 19:48:21Z" end-time="2020-12-02 19:48:31Z" duration="10.660499" total="98" passed="98" failed="0" inconclusive="0" skipped="0" asserts="0">
    <properties/>
    <test-suite type="Assembly" id="1112" name="Tests.dll" fullname="C:/Unity/workspace/2020WS.UnityPP.Faulo-Master/Library/ScriptAssemblies/Tests.dll" runstate="Runnable" testcasecount="97" result="Passed" start-time="2020-12-02 19:48:21Z" end-time="2020-12-02 19:48:31Z" duration="10.584756" total="97" passed="97" failed="0" inconclusive="0" skipped="0" asserts="0">
      <properties>
        <property name="_PID" value="7628"/>
        <property name="_APPDOMAIN" value="Unity Child Domain"/>
        <property name="platform" value="PlayMode"/>
      </properties>
      <test-suite type="TestSuite" id="1113" name="Tests" fullname="Tests" runstate="Runnable" testcasecount="97" result="Passed" start-time="2020-12-02 19:48:21Z" end-time="2020-12-02 19:48:31Z" duration="10.540202" total="97" passed="97" failed="0" inconclusive="0" skipped="0" asserts="0">
        <properties/>
        <test-suite type="TestFixture" id="1001" name="Testat01" fullname="Tests.Testat01" classname="Tests.Testat01" runstate="Runnable" testcasecount="4" result="Passed" start-time="2020-12-02 19:48:21Z" end-time="2020-12-02 19:48:21Z" duration="0.109935" total="4" passed="4" failed="0" inconclusive="0" skipped="0" asserts="0">
          <properties/>
          <test-case id="1003" name="TestGitInitialized" fullname="Tests.Testat01.TestGitInitialized" methodname="TestGitInitialized" classname="Tests.Testat01" runstate="Runnable" seed="1775692289" result="Passed" start-time="2020-12-02 19:48:21Z" end-time="2020-12-02 19:48:21Z" duration="0.016856" asserts="0">
            <properties/>
          </test-case>
          <test-case id="1005" name="TestHelloWorldLog" fullname="Tests.Testat01.TestHelloWorldLog" methodname="TestHelloWorldLog" classname="Tests.Testat01" runstate="Runnable" seed="1803136659" result="Passed" start-time="2020-12-02 19:48:21Z" end-time="2020-12-02 19:48:21Z" duration="0.066942" asserts="0">
            <properties>
              <property name="_JOINTYPE" value="UnityCombinatorial"/>
            </properties>
            <output><![CDATA[Hallo Welt!
]]></output>
          </test-case>
          <test-case id="1004" name="TestSceneExists" fullname="Tests.Testat01.TestSceneExists" methodname="TestSceneExists" classname="Tests.Testat01" runstate="Runnable" seed="1135544563" result="Passed" start-time="2020-12-02 19:48:21Z" end-time="2020-12-02 19:48:21Z" duration="0.001162" asserts="0">
            <properties/>
          </test-case>
          <test-case id="1002" name="TestUnityVersion" fullname="Tests.Testat01.TestUnityVersion" methodname="TestUnityVersion" classname="Tests.Testat01" runstate="Runnable" seed="823382248" result="Passed" start-time="2020-12-02 19:48:21Z" end-time="2020-12-02 19:48:21Z" duration="0.000910" asserts="0">
            <properties/>
          </test-case>
        </test-suite>
        <test-suite type="TestFixture" id="1006" name="Testat02" fullname="Tests.Testat02" classname="Tests.Testat02" runstate="Runnable" testcasecount="62" result="Passed" start-time="2020-12-02 19:48:21Z" end-time="2020-12-02 19:48:25Z" duration="4.766365" total="62" passed="62" failed="0" inconclusive="0" skipped="0" asserts="0">
          <properties/>
          <test-case id="1012" name="TestAvatarExists" fullname="Tests.Testat02.TestAvatarExists" methodname="TestAvatarExists" classname="Tests.Testat02" runstate="Runnable" seed="1354355374" result="Passed" start-time="2020-12-02 19:48:21Z" end-time="2020-12-02 19:48:21Z" duration="0.044343" asserts="0">
            <properties>
              <property name="_JOINTYPE" value="UnityCombinatorial"/>
            </properties>
          </test-case>
          <test-suite type="ParameterizedMethod" id="1021" name="TestAvatarInput" fullname="Tests.Testat02.TestAvatarInput" classname="Tests.Testat02" runstate="Runnable" testcasecount="8" result="Passed" start-time="2020-12-02 19:48:21Z" end-time="2020-12-02 19:48:22Z" duration="0.795973" total="8" passed="8" failed="0" inconclusive="0" skipped="0" asserts="0">
            <properties>
              <property name="_JOINTYPE" value="UnityCombinatorial"/>
            </properties>
            <test-case id="1013" name="TestAvatarInput(upArrow)" fullname="Tests.Testat02.TestAvatarInput(upArrow)" methodname="TestAvatarInput" classname="Tests.Testat02" runstate="Runnable" seed="801183359" result="Passed" start-time="2020-12-02 19:48:21Z" end-time="2020-12-02 19:48:21Z" duration="0.092650" asserts="0">
              <properties/>
            </test-case>
            <test-case id="1014" name="TestAvatarInput(downArrow)" fullname="Tests.Testat02.TestAvatarInput(downArrow)" methodname="TestAvatarInput" classname="Tests.Testat02" runstate="Runnable" seed="2079085431" result="Passed" start-time="2020-12-02 19:48:21Z" end-time="2020-12-02 19:48:21Z" duration="0.098506" asserts="0">
              <properties/>
            </test-case>
            <test-case id="1015" name="TestAvatarInput(leftArrow)" fullname="Tests.Testat02.TestAvatarInput(leftArrow)" methodname="TestAvatarInput" classname="Tests.Testat02" runstate="Runnable" seed="2136007606" result="Passed" start-time="2020-12-02 19:48:21Z" end-time="2020-12-02 19:48:21Z" duration="0.099400" asserts="0">
              <properties/>
            </test-case>
            <test-case id="1016" name="TestAvatarInput(rightArrow)" fullname="Tests.Testat02.TestAvatarInput(rightArrow)" methodname="TestAvatarInput" classname="Tests.Testat02" runstate="Runnable" seed="1766663915" result="Passed" start-time="2020-12-02 19:48:21Z" end-time="2020-12-02 19:48:21Z" duration="0.099480" asserts="0">
              <properties/>
            </test-case>
            <test-case id="1017" name="TestAvatarInput(upArrow+rightArrow)" fullname="Tests.Testat02.TestAvatarInput(upArrow+rightArrow)" methodname="TestAvatarInput" classname="Tests.Testat02" runstate="Runnable" seed="1950238023" result="Passed" start-time="2020-12-02 19:48:21Z" end-time="2020-12-02 19:48:21Z" duration="0.099568" asserts="0">
              <properties/>
            </test-case>
            <test-case id="1018" name="TestAvatarInput(downArrow+rightArrow)" fullname="Tests.Testat02.TestAvatarInput(downArrow+rightArrow)" methodname="TestAvatarInput" classname="Tests.Testat02" runstate="Runnable" seed="433154116" result="Passed" start-time="2020-12-02 19:48:21Z" end-time="2020-12-02 19:48:21Z" duration="0.099341" asserts="0">
              <properties/>
            </test-case>
            <test-case id="1019" name="TestAvatarInput(upArrow+leftArrow)" fullname="Tests.Testat02.TestAvatarInput(upArrow+leftArrow)" methodname="TestAvatarInput" classname="Tests.Testat02" runstate="Runnable" seed="1995633420" result="Passed" start-time="2020-12-02 19:48:21Z" end-time="2020-12-02 19:48:21Z" duration="0.099455" asserts="0">
              <properties/>
            </test-case>
            <test-case id="1020" name="TestAvatarInput(downArrow+leftArrow)" fullname="Tests.Testat02.TestAvatarInput(downArrow+leftArrow)" methodname="TestAvatarInput" classname="Tests.Testat02" runstate="Runnable" seed="2071901848" result="Passed" start-time="2020-12-02 19:48:21Z" end-time="2020-12-02 19:48:22Z" duration="0.099544" asserts="0">
              <properties/>
            </test-case>
          </test-suite>
          <test-case id="1022" name="TestAvatarSpeedFieldExists" fullname="Tests.Testat02.TestAvatarSpeedFieldExists" methodname="TestAvatarSpeedFieldExists" classname="Tests.Testat02" runstate="Runnable" seed="2104159272" result="Passed" start-time="2020-12-02 19:48:22Z" end-time="2020-12-02 19:48:22Z" duration="0.035361" asserts="0">
            <properties>
              <property name="_JOINTYPE" value="UnityCombinatorial"/>
            </properties>
          </test-case>
          <test-suite type="ParameterizedMethod" id="1071" name="TestAvatarSpeedFieldWorks" fullname="Tests.Testat02.TestAvatarSpeedFieldWorks" classname="Tests.Testat02" runstate="Runnable" testcasecount="48" result="Passed" start-time="2020-12-02 19:48:22Z" end-time="2020-12-02 19:48:25Z" duration="3.838511" total="48" passed="48" failed="0" inconclusive="0" skipped="0" asserts="0">
            <properties>
              <property name="_JOINTYPE" value="UnityCombinatorial"/>
            </properties>
            <test-case id="1023" name="TestAvatarSpeedFieldWorks(upArrow,0.0f,0)" fullname="Tests.Testat02.TestAvatarSpeedFieldWorks(upArrow,0.0f,0)" methodname="TestAvatarSpeedFieldWorks" classname="Tests.Testat02" runstate="Runnable" seed="543706700" result="Passed" start-time="2020-12-02 19:48:22Z" end-time="2020-12-02 19:48:22Z" duration="0.037891" asserts="0">
              <properties/>
            </test-case>
            <test-case id="1024" name="TestAvatarSpeedFieldWorks(upArrow,0.0f,2)" fullname="Tests.Testat02.TestAvatarSpeedFieldWorks(upArrow,0.0f,2)" methodname="TestAvatarSpeedFieldWorks" classname="Tests.Testat02" runstate="Runnable" seed="953973197" result="Passed" start-time="2020-12-02 19:48:22Z" end-time="2020-12-02 19:48:22Z" duration="0.066338" asserts="0">
              <properties/>
            </test-case>
            <test-case id="1025" name="TestAvatarSpeedFieldWorks(upArrow,0.0f,4)" fullname="Tests.Testat02.TestAvatarSpeedFieldWorks(upArrow,0.0f,4)" methodname="TestAvatarSpeedFieldWorks" classname="Tests.Testat02" runstate="Runnable" seed="1495082145" result="Passed" start-time="2020-12-02 19:48:22Z" end-time="2020-12-02 19:48:22Z" duration="0.119369" asserts="0">
              <properties/>
            </test-case>
            <test-case id="1026" name="TestAvatarSpeedFieldWorks(upArrow,5.0f,0)" fullname="Tests.Testat02.TestAvatarSpeedFieldWorks(upArrow,5.0f,0)" methodname="TestAvatarSpeedFieldWorks" classname="Tests.Testat02" runstate="Runnable" seed="670282792" result="Passed" start-time="2020-12-02 19:48:22Z" end-time="2020-12-02 19:48:22Z" duration="0.039258" asserts="0">
              <properties/>
            </test-case>
            <test-case id="1027" name="TestAvatarSpeedFieldWorks(upArrow,5.0f,2)" fullname="Tests.Testat02.TestAvatarSpeedFieldWorks(upArrow,5.0f,2)" methodname="TestAvatarSpeedFieldWorks" classname="Tests.Testat02" runstate="Runnable" seed="816789205" result="Passed" start-time="2020-12-02 19:48:22Z" end-time="2020-12-02 19:48:22Z" duration="0.079452" asserts="0">
              <properties/>
            </test-case>
            <test-case id="1028" name="TestAvatarSpeedFieldWorks(upArrow,5.0f,4)" fullname="Tests.Testat02.TestAvatarSpeedFieldWorks(upArrow,5.0f,4)" methodname="TestAvatarSpeedFieldWorks" classname="Tests.Testat02" runstate="Runnable" seed="1959042879" result="Passed" start-time="2020-12-02 19:48:22Z" end-time="2020-12-02 19:48:22Z" duration="0.119358" asserts="0">
              <properties/>
            </test-case>
            <test-case id="1029" name="TestAvatarSpeedFieldWorks(downArrow,0.0f,0)" fullname="Tests.Testat02.TestAvatarSpeedFieldWorks(downArrow,0.0f,0)" methodname="TestAvatarSpeedFieldWorks" classname="Tests.Testat02" runstate="Runnable" seed="613707139" result="Passed" start-time="2020-12-02 19:48:22Z" end-time="2020-12-02 19:48:22Z" duration="0.039154" asserts="0">
              <properties/>
            </test-case>
            <test-case id="1030" name="TestAvatarSpeedFieldWorks(downArrow,0.0f,2)" fullname="Tests.Testat02.TestAvatarSpeedFieldWorks(downArrow,0.0f,2)" methodname="TestAvatarSpeedFieldWorks" classname="Tests.Testat02" runstate="Runnable" seed="1608846779" result="Passed" start-time="2020-12-02 19:48:22Z" end-time="2020-12-02 19:48:22Z" duration="0.080079" asserts="0">
              <properties/>
            </test-case>
            <test-case id="1031" name="TestAvatarSpeedFieldWorks(downArrow,0.0f,4)" fullname="Tests.Testat02.TestAvatarSpeedFieldWorks(downArrow,0.0f,4)" methodname="TestAvatarSpeedFieldWorks" classname="Tests.Testat02" runstate="Runnable" seed="1261632473" result="Passed" start-time="2020-12-02 19:48:22Z" end-time="2020-12-02 19:48:22Z" duration="0.118496" asserts="0">
              <properties/>
            </test-case>
            <test-case id="1032" name="TestAvatarSpeedFieldWorks(downArrow,5.0f,0)" fullname="Tests.Testat02.TestAvatarSpeedFieldWorks(downArrow,5.0f,0)" methodname="TestAvatarSpeedFieldWorks" classname="Tests.Testat02" runstate="Runnable" seed="1000937323" result="Passed" start-time="2020-12-02 19:48:22Z" end-time="2020-12-02 19:48:22Z" duration="0.039187" asserts="0">
              <properties/>
            </test-case>
            <test-case id="1033" name="TestAvatarSpeedFieldWorks(downArrow,5.0f,2)" fullname="Tests.Testat02.TestAvatarSpeedFieldWorks(downArrow,5.0f,2)" methodname="TestAvatarSpeedFieldWorks" classname="Tests.Testat02" runstate="Runnable" seed="1878216169" result="Passed" start-time="2020-12-02 19:48:22Z" end-time="2020-12-02 19:48:22Z" duration="0.079769" asserts="0">
              <properties/>
            </test-case>
            <test-case id="1034" name="TestAvatarSpeedFieldWorks(downArrow,5.0f,4)" fullname="Tests.Testat02.TestAvatarSpeedFieldWorks(downArrow,5.0f,4)" methodname="TestAvatarSpeedFieldWorks" classname="Tests.Testat02" runstate="Runnable" seed="270716384" result="Passed" start-time="2020-12-02 19:48:22Z" end-time="2020-12-02 19:48:23Z" duration="0.115435" asserts="0">
              <properties/>
            </test-case>
            <test-case id="1035" name="TestAvatarSpeedFieldWorks(leftArrow,0.0f,0)" fullname="Tests.Testat02.TestAvatarSpeedFieldWorks(leftArrow,0.0f,0)" methodname="TestAvatarSpeedFieldWorks" classname="Tests.Testat02" runstate="Runnable" seed="1933109499" result="Passed" start-time="2020-12-02 19:48:23Z" end-time="2020-12-02 19:48:23Z" duration="0.038986" asserts="0">
              <properties/>
            </test-case>
            <test-case id="1036" name="TestAvatarSpeedFieldWorks(leftArrow,0.0f,2)" fullname="Tests.Testat02.TestAvatarSpeedFieldWorks(leftArrow,0.0f,2)" methodname="TestAvatarSpeedFieldWorks" classname="Tests.Testat02" runstate="Runnable" seed="1252835995" result="Passed" start-time="2020-12-02 19:48:23Z" end-time="2020-12-02 19:48:23Z" duration="0.079479" asserts="0">
              <properties/>
            </test-case>
            <test-case id="1037" name="TestAvatarSpeedFieldWorks(leftArrow,0.0f,4)" fullname="Tests.Testat02.TestAvatarSpeedFieldWorks(leftArrow,0.0f,4)" methodname="TestAvatarSpeedFieldWorks" classname="Tests.Testat02" runstate="Runnable" seed="455199987" result="Passed" start-time="2020-12-02 19:48:23Z" end-time="2020-12-02 19:48:23Z" duration="0.119400" asserts="0">
              <properties/>
            </test-case>
            <test-case id="1038" name="TestAvatarSpeedFieldWorks(leftArrow,5.0f,0)" fullname="Tests.Testat02.TestAvatarSpeedFieldWorks(leftArrow,5.0f,0)" methodname="TestAvatarSpeedFieldWorks" classname="Tests.Testat02" runstate="Runnable" seed="1273909722" result="Passed" start-time="2020-12-02 19:48:23Z" end-time="2020-12-02 19:48:23Z" duration="0.039044" asserts="0">
              <properties/>
            </test-case>
            <test-case id="1039" name="TestAvatarSpeedFieldWorks(leftArrow,5.0f,2)" fullname="Tests.Testat02.TestAvatarSpeedFieldWorks(leftArrow,5.0f,2)" methodname="TestAvatarSpeedFieldWorks" classname="Tests.Testat02" runstate="Runnable" seed="776613852" result="Passed" start-time="2020-12-02 19:48:23Z" end-time="2020-12-02 19:48:23Z" duration="0.079351" asserts="0">
              <properties/>
            </test-case>
            <test-case id="1040" name="TestAvatarSpeedFieldWorks(leftArrow,5.0f,4)" fullname="Tests.Testat02.TestAvatarSpeedFieldWorks(leftArrow,5.0f,4)" methodname="TestAvatarSpeedFieldWorks" classname="Tests.Testat02" runstate="Runnable" seed="269646852" result="Passed" start-time="2020-12-02 19:48:23Z" end-time="2020-12-02 19:48:23Z" duration="0.119472" asserts="0">
              <properties/>
            </test-case>
            <test-case id="1041" name="TestAvatarSpeedFieldWorks(rightArrow,0.0f,0)" fullname="Tests.Testat02.TestAvatarSpeedFieldWorks(rightArrow,0.0f,0)" methodname="TestAvatarSpeedFieldWorks" classname="Tests.Testat02" runstate="Runnable" seed="1882211653" result="Passed" start-time="2020-12-02 19:48:23Z" end-time="2020-12-02 19:48:23Z" duration="0.039205" asserts="0">
              <properties/>
            </test-case>
[...]
&#10;        {&#13;&#10;            var mat = LoadAsset&lt;Material&gt;(path);&#13;&#10;            Assert.IsTrue(mat.HasProperty(COLOR_KEY), $&quot;Material {mat} must have property {COLOR_KEY}!&quot;);&#13;&#10;        }&#13;&#10;        [Test]&#13;&#10;        public void TestPlatformPrefab()&#13;&#10;        {&#13;&#10;            GameObject prefab = TestUtils.LoadPrefab(PLATFORM_PREFAB);&#13;&#10;            var platform = new PlatformBridge(prefab);&#13;&#10;            CustomAssert.AreEqual(Vector2.zero, platform.collider.offset, $&quot;Platform's Collider2D must have an offset of {Vector2.zero}, but was {platform.collider.offset}!&quot;);&#13;&#10;            CustomAssert.AreEqual(Vector2.one, platform.collider.size, $&quot;Platform's Collider2D must have an offset of {Vector2.one}, but was {platform.collider.size}!&quot;);&#13;&#10;            Assert.AreEqual(LoadAsset&lt;Material&gt;(PLATFORM_MATERIAL), platform.renderer.sharedMaterial, $&quot;Platform's renderer must use Platform material!&quot;);&#13;&#10;        }&#13;&#10;        [UnityTest]&#13;&#10;        public IEnumerator TestPlatformColor([ValueSource(nameof(COLOR_VALUES))] Color color)&#13;&#10;        {&#13;&#10;            yield return new WaitForFixedUpdate();&#13;&#10;&#13;&#10;            var platform = InstantiatePlatform(Vector3.zero);&#13;&#10;            platform.platformColor = color;&#13;&#10;            for (int i = 0; i &lt; 2; i++)&#13;&#10;            {&#13;&#10;                yield return new WaitForFixedUpdate();&#13;&#10;                CustomAssert.AreEqual(color, platform.platformColor, $&quot;Platform color must not change from script-set value of {color}!&quot;);&#13;&#10;                CustomAssert.AreEqual(color, platform.renderer.material.GetColor(COLOR_KEY), $&quot;Platform renderer's color should have been set to {color}!&quot;);&#13;&#10;            }&#13;&#10;            Object.Destroy(platform.gameObject);&#13;&#10;        }&#13;&#10;        [Test]&#13;&#10;        public void TestAvatarPrefab()&#13;&#10;        {&#13;&#10;            GameObject prefab = TestUtils.LoadPrefab(AVATAR_PREFAB);&#13;&#10;&#13;&#10;            var avatar = new AvatarBridge(prefab);&#13;&#10;            CustomAssert.AreEqual(Vector2.zero, avatar.collider.offset, $&quot;Avatar's Collider2D must have an offset of {Vector2.zero}, but was {avatar.collider.offset}!&quot;);&#13;&#10;            CustomAssert.AreEqual(Vector2.one, avatar.collider.size, $&quot;Avatar's Collider2D must have an offset of {Vector2.one}, but was {avatar.collider.size}!&quot;);&#13;&#10;            Assert.AreEqual(RigidbodyType2D.Dynamic, avatar.rigidbody.bodyType, $&quot;Avatar must have a Dynamic body type!&quot;);&#13;&#10;            Assert.AreEqual(LoadAsset&lt;Material&gt;(AVATAR_MATERIAL), avatar.renderer.sharedMaterial, $&quot;Avatar's renderer must use Avatar material!&quot;);&#13;&#10;        }&#13;&#10;        [UnityTest]&#13;&#10;        public IEnumerator TestAvatarColor([ValueSource(nameof(COLOR_VALUES))] Color color)&#13;&#10;        {&#13;&#10;            yield return new WaitForFixedUpdate();&#13;&#10;&#13;&#10;            var avatar = InstantiateAvatar(Vector3.zero);&#13;&#10;            avatar.avatarColor = color;&#13;&#10;            for (int i = 0; i &lt; 2; i++)&#13;&#10;            {&#13;&#10;                yield return new WaitForFixedUpdate();&#13;&#10;                CustomAssert.AreEqual(color, avatar.avatarColor, $&quot;Avatar color must not change from script-set value of {color}!&quot;);&#13;&#10;                CustomAssert.AreEqual(color, avatar.renderer.material.GetColor(COLOR_KEY), $&quot;Avatar renderer's color should have been set to {color}!&quot;);&#13;&#10;            }&#13;&#10;            Object.Destroy(avatar.gameObject);&#13;&#10;        }&#13;&#10;        [Test]&#13;&#10;        public void TestSceneExists()&#13;&#10;        {&#13;&#10;            FileInfo file = new FileInfo(SCENE_PATH);&#13;&#10;            FileAssert.Exists(file);&#13;&#10;        }&#13;&#10;        [UnityTest]&#13;&#10;        public IEnumerator TestPrefabInstancesExistInScene()&#13;&#10;        {&#13;&#10;            yield return new WaitForFixedUpdate();&#13;&#10;&#13;&#10;            GameObject avatarPrefab = TestUtils.LoadPrefab(AVATAR_PREFAB);&#13;&#10;            GameObject platformPrefab = TestUtils.LoadPrefab(PLATFORM_PREFAB);&#13;&#10;&#13;&#10;            LoadTestScene(SCENE_NAME);&#13;&#10;            yield return new WaitForFixedUpdate();&#13;&#10;&#13;&#10;            var avatars = FindPrefabInstances(avatarPrefab)&#13;&#10;                .Select(obj =&gt; new AvatarBridge(obj, true))&#13;&#10;                .ToArray();&#13;&#10;&#13;&#10;            var platforms = FindPrefabInstances(platformPrefab)&#13;&#10;                .Select(obj =&gt; new PlatformBridge(obj))&#13;&#10;                .ToArray();&#13;&#10;&#13;&#10;            var colors = avatars&#13;&#10;                .Select(a =&gt; a.avatarColor)&#13;&#10;                .Concat(platforms.Select(p =&gt; p.platformColor))&#13;&#10;                .Distinct()&#13;&#10;                .ToArray();&#13;&#10;&#13;&#10;            Assert.AreEqual(&#13;&#10;                SCENE_AVATAR_COUNT,&#13;&#10;                avatars.Length,&#13;&#10;                $&quot;Scene {SCENE_NAME} must have exactly {SCENE_AVATAR_COUNT} instance(s) of prefab {avatarPrefab}!&quot;&#13;&#10;            );&#13;&#10;            Assert.AreEqual(&#13;&#10;                SCENE_PLATFORM_COUNT,&#13;&#10;                platforms.Length,&#13;&#10;                $&quot;Scene {SCENE_NAME} must have exactly {SCENE_PLATFORM_COUNT} instance(s) of prefab {platformPrefab}!&quot;&#13;&#10;            );&#13;&#10;            Assert.AreEqual(&#13;&#10;                SCENE_AVATAR_COUNT + SCENE_PLATFORM_COUNT,&#13;&#10;                colors.Length,&#13;&#10;                $&quot;Each avatar and platform in scene {SCENE_NAME} must have a unique color!&quot;&#13;&#10;            );&#13;&#10;&#13;&#10;            var avatar = avatars[0];&#13;&#10;            PlatformBridge platform = default;&#13;&#10;&#13;&#10;            avatar.physics.onCollisionEnter += collision =&gt;&#13;&#10;            {&#13;&#10;                platform = new PlatformBridge(collision.gameObject);&#13;&#10;            };&#13;&#10;&#13;&#10;            float timeout = Time.time + SCENE_TIMEOUT;&#13;&#10;            yield return new WaitUntil(() =&gt; avatar.isGrounded || Time.time &gt; timeout);&#13;&#10;            Assert.IsTrue(avatar.isGrounded, $&quot;After waiting {SCENE_TIMEOUT}s, avatar should be grounded!&quot;);&#13;&#10;            Assert.IsNotNull(platform, $&quot;After being grounded, avatar should have collided with a platform!&quot;);&#13;&#10;            CustomAssert.AreEqual(platform.platformColor, avatar.renderer.material.GetColor(COLOR_KEY), $&quot;After being grounded, avatar's color should have changed to platform's color!&quot;);&#13;&#10;        }&#13;&#10;&#13;&#10;        private IEnumerable&lt;GameObject&gt; FindPrefabInstances(GameObject prefab)&#13;&#10;        {&#13;&#10;            return Object.FindObjectsOfType&lt;GameObject&gt;()&#13;&#10;                .Where(obj =&gt; obj.name.StartsWith(prefab.name));&#13;&#10;        }&#13;&#10;&#13;&#10;        private AvatarBridge InstantiateAvatar(Vector3 position)&#13;&#10;        {&#13;&#10;&#13;&#10;            GameObject prefab = TestUtils.LoadPrefab(AVATAR_PREFAB);&#13;&#10;            GameObject instance = InstantiateGameObject(prefab, position, Quaternion.identity);&#13;&#10;            var avatar = new AvatarBridge(instance, true);&#13;&#10;            avatar.rigidbody.mass = 1;&#13;&#10;            avatar.rigidbody.drag = 0;&#13;&#10;            return avatar;&#13;&#10;        }&#13;&#10;&#13;&#10;        private PlatformBridge InstantiatePlatform(Vector3 position)&#13;&#10;        {&#13;&#10;&#13;&#10;            GameObject prefab = TestUtils.LoadPrefab(PLATFORM_PREFAB);&#13;&#10;            GameObject instance = InstantiateGameObject(prefab, position, Quaternion.identity);&#13;&#10;            return new PlatformBridge(instance);&#13;&#10;        }&#13;&#10;    }&#13;&#10;}&#13;&#10;"><file author="Faulo-Empty" location="Assets\Tests\Testat04.cs"/><file author="Faulo-Master" location="Assets\Tests\Testat04.cs"/><file author="64Megabyte" location="Assets\Tests\Testat04.cs"/><file author="Ann-droids" location="Assets\Tests\Testat04.cs"/><file author="BenediktLieb" location="Assets\Tests\Testat04.cs"/><file author="DeliaSchimann" location="Assets\Tests\Testat04.cs"/><file author="DerELMO702995" location="Assets\Tests\Testat04.cs"/><file author="KaddaStrophe" location="Assets\Tests\Testat04.cs"/><file author="klasing-jan" location="Assets\Tests\Testat04.cs"/><file author="LauraWue" location="Assets\Tests\Testat04.cs"/><file author="Lodil" location="Assets\Tests\Testat04.cs"/><file author="LukeBrose" location="Assets\Tests\Testat04.cs"/><file author="PietzkepopovRose" location="Assets\Tests\Testat04.cs"/><file author="Rubycule" location="Assets\Tests\Testat04.cs"/><file author="SimonSchuster93" location="Assets\Tests\Testat04.cs"/></duplicate><duplicate content="&#xFEFF;using NUnit.Framework;&#13;&#10;using System.Collections;&#13;&#10;using System.Collections.Generic;&#13;&#10;using System.IO;&#13;&#10;using UnityEditor;&#13;&#10;using UnityEngine;&#13;&#10;using UnityEngine.SceneManagement;&#13;&#10;using UnityEngine.TestTools;&#13;&#10;&#13;&#10;namespace Tests&#13;&#10;{&#13;&#10;    public class TestSuite&#13;&#10;    {&#13;&#10;        protected Scene currentScene =&gt; loadedScene.IsValid()&#13;&#10;            ? loadedScene&#13;&#10;            : testScene;&#13;&#10;        private Scene testScene;&#13;&#10;        [UnitySetUp]&#13;&#10;        public IEnumerator UnitySetUp()&#13;&#10;        {&#13;&#10;            yield return null;&#13;&#10;            testScene = SceneManager.GetActiveScene();&#13;&#10;        }&#13;&#10;&#13;&#10;        [UnityTearDown]&#13;&#10;        public IEnumerator UnityTearDown()&#13;&#10;        {&#13;&#10;            while (loadedObjects.Count &gt; 0)&#13;&#10;            {&#13;&#10;                var obj = loadedObjects.Dequeue();&#13;&#10;                if (obj)&#13;&#10;                {&#13;&#10;                    Object.Destroy(obj);&#13;&#10;                    yield return null;&#13;&#10;                }&#13;&#10;            }&#13;&#10;&#13;&#10;            if (loadedScene.IsValid())&#13;&#10;            {&#13;&#10;                var operation = SceneManager.UnloadSceneAsync(loadedScene);&#13;&#10;                yield return new WaitUntil(() =&gt; operation.isDone);&#13;&#10;                loadedScene = default;&#13;&#10;            }&#13;&#10;        }&#13;&#10;        private Scene loadedScene;&#13;&#10;        protected Scene LoadTestScene(string name)&#13;&#10;        {&#13;&#10;            int sceneIndex = SceneManager.sceneCount;&#13;&#10;            SceneManager.LoadScene(name, LoadSceneMode.Additive);&#13;&#10;            loadedScene = SceneManager.GetSceneAt(sceneIndex);&#13;&#10;            return loadedScene;&#13;&#10;        }&#13;&#10;        protected T LoadAsset&lt;T&gt;(string path) where T : Object&#13;&#10;        {&#13;&#10;            FileAssert.Exists(new FileInfo(path));&#13;&#10;            var asset = AssetDatabase.LoadAssetAtPath&lt;T&gt;(path);&#13;&#10;            Assert.IsNotNull(asset, $&quot;Could not load asset of type {typeof(T).Name} at path {path}!&quot;);&#13;&#10;            return asset;&#13;&#10;        }&#13;&#10;&#13;&#10;        private readonly Queue&lt;GameObject&gt; loadedObjects = new Queue&lt;GameObject&gt;();&#13;&#10;        protected GameObject InstantiateGameObject(GameObject prefab, Vector3 position, Quaternion rotation)&#13;&#10;        {&#13;&#10;            GameObject instance = Object.Instantiate(prefab, position, rotation);&#13;&#10;            loadedObjects.Enqueue(instance);&#13;&#10;            return instance;&#13;&#10;        }&#13;&#10;    }&#13;&#10;}"><file author="Faulo-Empty" location="Assets\Tests\TestSuite.cs"/><file author="Faulo-Master" location="Assets\Tests\TestSuite.cs"/><file author="64Megabyte" location="Assets\Tests\TestSuite.cs"/><file author="Ann-droids" location="Assets\Tests\TestSuite.cs"/><file author="BenediktLieb" location="Assets\Tests\TestSuite.cs"/><file author="DeliaSchimann" location="Assets\Tests\TestSuite.cs"/><file author="DerELMO702995" location="Assets\Tests\TestSuite.cs"/><file author="KaddaStrophe" location="Assets\Tests\TestSuite.cs"/><file author="klasing-jan" location="Assets\Tests\TestSuite.cs"/><file author="LauraWue" location="Assets\Tests\TestSuite.cs"/><file author="Lodil" location="Assets\Tests\TestSuite.cs"/><file author="LukeBrose" location="Assets\Tests\TestSuite.cs"/><file author="PietzkepopovRose" location="Assets\Tests\TestSuite.cs"/><file author="Rubycule" location="Assets\Tests\TestSuite.cs"/><file author="SimonSchuster93" location="Assets\Tests\TestSuite.cs"/></duplicate><duplicate content="&#xFEFF;using NUnit.Framework;&#13;&#10;using System;&#13;&#10;using System.IO;&#13;&#10;using UnityEditor;&#13;&#10;using UnityEngine;&#13;&#10;&#13;&#10;namespace Tests&#13;&#10;{&#13;&#10;    public class TestUtils&#13;&#10;    {&#13;&#10;        private const float EPSILON = 0.000001f;&#13;&#10;        public static bool Approximately(float a, float b, float threshold = EPSILON)&#13;&#10;        {&#13;&#10;            if (threshold &gt; 0f)&#13;&#10;            {&#13;&#10;                return Mathf.Abs(a - b) &lt;= threshold;&#13;&#10;            }&#13;&#10;            else&#13;&#10;            {&#13;&#10;                return Mathf.Approximately(a, b);&#13;&#10;            }&#13;&#10;        }&#13;&#10;        public static bool Approximately(Vector2 one, Vector2 two, float threshold = EPSILON)&#13;&#10;        {&#13;&#10;            return Approximately(one.x, two.x, threshold)&#13;&#10;                &amp;&amp; Approximately(one.y, two.y, threshold);&#13;&#10;        }&#13;&#10;        public static bool Approximately(Vector3 one, Vector3 two, float threshold = EPSILON)&#13;&#10;        {&#13;&#10;            return Approximately(one.x, two.x, threshold)&#13;&#10;                &amp;&amp; Approximately(one.y, two.y, threshold)&#13;&#10;                &amp;&amp; Approximately(one.z, two.z, threshold);&#13;&#10;        }&#13;&#10;        public static bool Approximately(Bounds one, Bounds two, float threshold = EPSILON)&#13;&#10;        {&#13;&#10;            return Approximately(one.center, two.center, threshold)&#13;&#10;                &amp;&amp; Approximately(one.size, two.size, threshold);&#13;&#10;        }&#13;&#10;        public static string RunGitCommand(string projectPath, string gitCommand)&#13;&#10;        {&#13;&#10;            // Set up our processInfo to run the git command and log to output and errorOutput.&#13;&#10;            var processInfo = new System.Diagnostics.ProcessStartInfo(&quot;git&quot;, @gitCommand)&#13;&#10;            {&#13;&#10;                WorkingDirectory = projectPath,&#13;&#10;                CreateNoWindow = true,          // We want no visible pop-ups&#13;&#10;                UseShellExecute = false,        // Allows us to redirect input, output and error streams&#13;&#10;                RedirectStandardOutput = true,  // Allows us to read the output stream&#13;&#10;                RedirectStandardError = true    // Allows us to read the error stream&#13;&#10;            };&#13;&#10;&#13;&#10;            // Set up the Process&#13;&#10;            var process = new System.Diagnostics.Process&#13;&#10;            {&#13;&#10;                StartInfo = processInfo&#13;&#10;            };&#13;&#10;&#13;&#10;            try&#13;&#10;            {&#13;&#10;                process.Start();  // Try to start it, catching any exceptions if it fails&#13;&#10;            }&#13;&#10;            catch (Exception e)&#13;&#10;            {&#13;&#10;                // For now just assume its failed cause it can't find git.&#13;&#10;                Debug.LogError(&quot;Git is not set-up correctly, required to be on PATH, and to be a git project.&quot;);&#13;&#10;                throw e;&#13;&#10;            }&#13;&#10;&#13;&#10;            // Strings that will catch the output from our process.&#13;&#10;            // Read the results back from the process so we can get the output and check for errors&#13;&#10;            string output = process.StandardOutput.ReadToEnd();&#13;&#10;            string errorOutput = process.StandardError.ReadToEnd();&#13;&#10;&#13;&#10;            process.WaitForExit();  // Make sure we wait till the process has fully finished.&#13;&#10;            process.Close();        // Close the process ensuring it frees it resources.&#13;&#10;&#13;&#10;            // Log any errors.&#13;&#10;            if (errorOutput != &quot;&quot;)&#13;&#10;            {&#13;&#10;                Debug.LogError(&quot;Git Error: &quot; + errorOutput);&#13;&#10;            }&#13;&#10;&#13;&#10;            return output;  // Return the output from git.&#13;&#10;        }&#13;&#10;&#13;&#10;        public static GameObject LoadPrefab(string path)&#13;&#10;        {&#13;&#10;&#13;&#10;            FileInfo file = new FileInfo(path);&#13;&#10;            FileAssert.Exists(file);&#13;&#10;            var obj = AssetDatabase.LoadAssetAtPath&lt;GameObject&gt;(path);&#13;&#10;            Assert.NotNull(obj, $&quot;Prefab '{path}' is empty?&quot;);&#13;&#10;            return obj;&#13;&#10;        }&#13;&#10;    }&#13;&#10;}"><file author="Faulo-Empty" location="Assets\Tests\TestUtils.cs"/><file author="Faulo-Master" location="Assets\Tests\TestUtils.cs"/><file author="64Megabyte" location="Assets\Tests\TestUtils.cs"/><file author="Ann-droids" location="Assets\Tests\TestUtils.cs"/><file author="BenediktLieb" location="Assets\Tests\TestUtils.cs"/><file author="DeliaSchimann" location="Assets\Tests\TestUtils.cs"/><file author="DerELMO702995" location="Assets\Tests\TestUtils.cs"/><file author="KaddaStrophe" location="Assets\Tests\TestUtils.cs"/><file author="klasing-jan" location="Assets\Tests\TestUtils.cs"/><file author="LauraWue" location="Assets\Tests\TestUtils.cs"/><file author="Lodil" location="Assets\Tests\TestUtils.cs"/><file author="LukeBrose" location="Assets\Tests\TestUtils.cs"/><file author="PietzkepopovRose" location="Assets\Tests\TestUtils.cs"/><file author="Rubycule" location="Assets\Tests\TestUtils.cs"/><file author="SimonSchuster93" location="Assets\Tests\TestUtils.cs"/></duplicate><duplicate content="&#xFEFF;using UnityEngine;&#13;&#10;&#13;&#10;public class SampleScript : MonoBehaviour&#13;&#10;{&#13;&#10;    // Start is called before the first frame update&#13;&#10;    private void Start()&#13;&#10;    {&#13;&#10;        Debug.Log(&quot;Hallo Welt!&quot;);&#13;&#10;    }&#13;&#10;&#13;&#10;    // Update is called once per frame&#13;&#10;    private void Update()&#13;&#10;    {&#13;&#10;&#13;&#10;    }&#13;&#10;}&#13;&#10;"><file author="Lodil" location="Assets\Scripts\SampleScript.cs"/><file author="LukeBrose" location="Assets\Scripts\SampleScript.cs"/></duplicate><duplicate content="&#xFEFF;using System.Collections;&#13;&#10;using System.Collections.Generic;&#13;&#10;using UnityEngine;&#13;&#10;&#13;&#10;public class HelloWorld : MonoBehaviour&#13;&#10;{&#13;&#10;    // Start is called before the first frame update&#13;&#10;    void Start()&#13;&#10;    {&#13;&#10;        Debug.Log(&quot;Hallo Welt!&quot;);&#13;&#10;    }&#13;&#10;&#13;&#10;    // Update is called once per frame&#13;&#10;    void Update()&#13;&#10;    {&#13;&#10;        &#13;&#10;    }&#13;&#10;}&#13;&#10;"><file author="LauraWue" location="Assets\Scripts\HelloWorld.cs"/><file author="PietzkepopovRose" location="Assets\Scripts\HelloWorld.cs"/><file author="Rubycule" location="Assets\Scripts\HelloWorld.cs"/><file author="SimonSchuster93" location="Assets\Scripts\HelloWorld.cs"/></duplicate></report>
