<?xml version="1.0"?>
<report><test-id>Testat01</test-id><test-id>Testat02</test-id><test-id>Testat03</test-id><test-id>Testat04</test-id><test-id>Testat05</test-id><test-id>Testat06</test-id><test-id>Testat07</test-id><test-id>Testat08</test-id><test-id>Testat09</test-id><test-id>Testat10</test-id><test-id>Testat11</test-id><test-id>Testat12</test-id><test-id>Testat13</test-id><repository name="64Megabyte" href="https://github.com/64Megabyte/Programmierpraktikum-WS20" path="C:\Unity\workspace\2020WS.UnityPP.64Megabyte" results="C:\Webserver\htdocs\workspace\devtools\unity-pp\results\64Megabyte.xml" unity="C:\Unity\workspace\2020WS.UnityPP.64Megabyte"><test-run id="2" testcasecount="67" result="Failed(Child)" total="67" passed="7" failed="60" inconclusive="0" skipped="0" asserts="0" engine-version="3.5.0.0" clr-version="4.0.30319.42000" start-time="2020-11-16 21:21:40Z" end-time="2020-11-16 21:21:42Z" duration="1,4932515">
  <test-suite type="TestSuite" id="1000" name="2020WS.UnityPP" fullname="2020WS.UnityPP" runstate="Runnable" testcasecount="67" result="Failed" site="Child" start-time="2020-11-16 21:21:40Z" end-time="2020-11-16 21:21:42Z" duration="1.493252" total="67" passed="7" failed="60" inconclusive="0" skipped="0" asserts="0">
    <properties/>
    <failure>
      <message><![CDATA[One or more child tests had errors]]></message>
    </failure>
    <test-suite type="Assembly" id="1072" name="Tests.dll" fullname="C:/Unity/workspace/2020WS.UnityPP.64Megabyte/Library/ScriptAssemblies/Tests.dll" runstate="Runnable" testcasecount="66" result="Failed" site="Child" start-time="2020-11-16 21:21:40Z" end-time="2020-11-16 21:21:41Z" duration="1.332084" total="66" passed="6" failed="60" inconclusive="0" skipped="0" asserts="0">
      <properties>
        <property name="_PID" value="21488"/>
        <property name="_APPDOMAIN" value="Unity Child Domain"/>
        <property name="platform" value="PlayMode"/>
      </properties>
      <failure>
        <message><![CDATA[One or more child tests had errors]]></message>
      </failure>
      <test-suite type="TestSuite" id="1073" name="Tests" fullname="Tests" runstate="Runnable" testcasecount="66" result="Failed" site="Child" start-time="2020-11-16 21:21:40Z" end-time="2020-11-16 21:21:41Z" duration="1.227038" total="66" passed="6" failed="60" inconclusive="0" skipped="0" asserts="0">
        <properties/>
        <failure>
          <message><![CDATA[One or more child tests had errors]]></message>
        </failure>
        <test-suite type="TestFixture" id="1001" name="Testat01" fullname="Tests.Testat01" classname="Tests.Testat01" runstate="Runnable" testcasecount="4" result="Passed" start-time="2020-11-16 21:21:40Z" end-time="2020-11-16 21:21:40Z" duration="0.101070" total="4" passed="4" failed="0" inconclusive="0" skipped="0" asserts="0">
          <properties/>
          <test-case id="1003" name="TestGitInitialized" fullname="Tests.Testat01.TestGitInitialized" methodname="TestGitInitialized" classname="Tests.Testat01" runstate="Runnable" seed="1359608846" result="Passed" start-time="2020-11-16 21:21:40Z" end-time="2020-11-16 21:21:40Z" duration="0.015854" asserts="0">
            <properties/>
          </test-case>
          <test-case id="1005" name="TestHelloWorldLog" fullname="Tests.Testat01.TestHelloWorldLog" methodname="TestHelloWorldLog" classname="Tests.Testat01" runstate="Runnable" seed="490198431" result="Passed" start-time="2020-11-16 21:21:40Z" end-time="2020-11-16 21:21:40Z" duration="0.056598" asserts="0">
            <properties>
              <property name="_JOINTYPE" value="UnityCombinatorial"/>
            </properties>
            <output><![CDATA[Hallo Welt!
]]></output>
          </test-case>
          <test-case id="1004" name="TestSceneExists" fullname="Tests.Testat01.TestSceneExists" methodname="TestSceneExists" classname="Tests.Testat01" runstate="Runnable" seed="241350150" result="Passed" start-time="2020-11-16 21:21:40Z" end-time="2020-11-16 21:21:40Z" duration="0.000770" asserts="0">
            <properties/>
          </test-case>
          <test-case id="1002" name="TestUnityVersion" fullname="Tests.Testat01.TestUnityVersion" methodname="TestUnityVersion" classname="Tests.Testat01" runstate="Runnable" seed="871463939" result="Passed" start-time="2020-11-16 21:21:40Z" end-time="2020-11-16 21:21:40Z" duration="0.000491" asserts="0">
            <properties/>
          </test-case>
        </test-suite>
        <test-suite type="TestFixture" id="1006" name="Testat02" fullname="Tests.Testat02" classname="Tests.Testat02" runstate="Runnable" testcasecount="62" result="Failed" site="Child" start-time="2020-11-16 21:21:40Z" end-time="2020-11-16 21:21:41Z" duration="1.019174" total="62" passed="2" failed="60" inconclusive="0" skipped="0" asserts="0">
          <properties/>
          <failure>
            <message><![CDATA[One or more child tests had errors]]></message>
          </failure>
          <test-case id="1012" name="TestAvatarExists" fullname="Tests.Testat02.TestAvatarExists" methodname="TestAvatarExists" classname="Tests.Testat02" runstate="Runnable" seed="1652258281" result="Failed" start-time="2020-11-16 21:21:40Z" end-time="2020-11-16 21:21:40Z" duration="0.006784" asserts="0">
            <properties>
              <property name="_JOINTYPE" value="UnityCombinatorial"/>
            </properties>
            <failure>
              <message><![CDATA[Unhandled log message: '[Error] Scene 'InputTest' couldn't be loaded because it has not been added to the build settings or the AssetBundle has not been loaded.
To add a scene to the build settings use the menu File->Build Settings...'. Use UnityEngine.TestTools.LogAssert.Expect]]></message>
              <stack-trace><![CDATA[UnityEngine.SceneManagement.SceneManager:LoadSceneAsync(String)
Tests.<TestAvatarExists>d__16:MoveNext() (at Assets/Tests/Testat02.cs:120)
UnityEngine.SetupCoroutine:InvokeMoveNext(IEnumerator, IntPtr)

]]></stack-trace>
            </failure>
            <output><![CDATA[Scene 'InputTest' couldn't be loaded because it has not been added to the build settings or the AssetBundle has not been loaded.
To add a scene to the build settings use the menu File->Build Settings...
]]></output>
          </test-case>
          <test-suite type="ParameterizedMethod" id="1021" name="TestAvatarInput" fullname="Tests.Testat02.TestAvatarInput" classname="Tests.Testat02" runstate="Runnable" testcasecount="8" result="Failed" site="Child" start-time="2020-11-16 21:21:40Z" end-time="2020-11-16 21:21:40Z" duration="0.116530" total="8" passed="0" failed="8" inconclusive="0" skipped="0" asserts="0">
            <properties>
              <property name="_JOINTYPE" value="UnityCombinatorial"/>
            </properties>
            <failure>
              <message><![CDATA[One or more child tests had errors]]></message>
            </failure>
            <test-case id="1013" name="TestAvatarInput(upArrow)" fullname="Tests.Testat02.TestAvatarInput(upArrow)" methodname="TestAvatarInput" classname="Tests.Testat02" runstate="Runnable" seed="988862494" result="Failed" start-time="2020-11-16 21:21:40Z" end-time="2020-11-16 21:21:40Z" duration="0.005538" asserts="0">
              <properties/>
              <failure>
                <message><![CDATA[Unhandled log message: '[Error] Scene 'InputTest' couldn't be loaded because it has not been added to the build settings or the AssetBundle has not been loaded.
To add a scene to the build settings use the menu File->Build Settings...'. Use UnityEngine.TestTools.LogAssert.Expect]]></message>
                <stack-trace><![CDATA[UnityEngine.SceneManagement.SceneManager:LoadSceneAsync(String)
Tests.<TestAvatarInput>d__17:MoveNext() (at Assets/Tests/Testat02.cs:129)
UnityEngine.SetupCoroutine:InvokeMoveNext(IEnumerator, IntPtr)

]]></stack-trace>
              </failure>
              <output><![CDATA[Scene 'InputTest' couldn't be loaded because it has not been added to the build settings or the AssetBundle has not been loaded.
To add a scene to the build settings use the menu File->Build Settings...
]]></output>
            </test-case>
            <test-case id="1014" name="TestAvatarInput(downArrow)" fullname="Tests.Testat02.TestAvatarInput(downArrow)" methodname="TestAvatarInput" classname="Tests.Testat02" runstate="Runnable" seed="954867039" result="Failed" start-time="2020-11-16 21:21:40Z" end-time="2020-11-16 21:21:40Z" duration="0.014041" asserts="0">
              <properties/>
              <failure>
                <message><![CDATA[Unhandled log message: '[Error] Scene 'InputTest' couldn't be loaded because it has not been added to the build settings or the AssetBundle has not been loaded.
To add a scene to the build settings use the menu File->Build Settings...'. Use UnityEngine.TestTools.LogAssert.Expect]]></message>
                <stack-trace><![CDATA[UnityEngine.SceneManagement.SceneManager:LoadSceneAsync(String)
Tests.<TestAvatarInput>d__17:MoveNext() (at Assets/Tests/Testat02.cs:129)
UnityEngine.SetupCoroutine:InvokeMoveNext(IEnumerator, IntPtr)

]]></stack-trace>
              </failure>
              <output><![CDATA[Scene 'InputTest' couldn't be loaded because it has not been added to the build settings or the AssetBundle has not been loaded.
To add a scene to the build settings use the menu File->Build Settings...
]]></output>
            </test-case>
            <test-case id="1015" name="TestAvatarInput(leftArrow)" fullname="Tests.Testat02.TestAvatarInput(leftArrow)" methodname="TestAvatarInput" classname="Tests.Testat02" runstate="Runnable" seed="714225048" result="Failed" start-time="2020-11-16 21:21:40Z" end-time="2020-11-16 21:21:40Z" duration="0.012423" asserts="0">
              <properties/>
              <failure>
                <message><![CDATA[Unhandled log message: '[Error] Scene 'InputTest' couldn't be loaded because it has not been added to the build settings or the AssetBundle has not been loaded.
To add a scene to the build settings use the menu File->Build Settings...'. Use UnityEngine.TestTools.LogAssert.Expect]]></message>
                <stack-trace><![CDATA[UnityEngine.SceneManagement.SceneManager:LoadSceneAsync(String)
Tests.<TestAvatarInput>d__17:MoveNext() (at Assets/Tests/Testat02.cs:129)
UnityEngine.SetupCoroutine:InvokeMoveNext(IEnumerator, IntPtr)

]]></stack-trace>
              </failure>
              <output><![CDATA[Scene 'InputTest' couldn't be loaded because it has not been added to the build settings or the AssetBundle has not been loaded.
To add a scene to the build settings use the menu File->Build Settings...
]]></output>
            </test-case>
            <test-case id="1016" name="TestAvatarInput(rightArrow)" fullname="Tests.Testat02.TestAvatarInput(rightArrow)" methodname="TestAvatarInput" classname="Tests.Testat02" runstate="Runnable" seed="1164959038" result="Failed" start-time="2020-11-16 21:21:40Z" end-time="2020-11-16 21:21:40Z" duration="0.013655" asserts="0">
              <properties/>
              <failure>
                <message><![CDATA[Unhandled log message: '[Error] Scene 'InputTest' couldn't be loaded because it has not been added to the build settings or the AssetBundle has not been loaded.
To add a scene to the build settings use the menu File->Build Settings...'. Use UnityEngine.TestTools.LogAssert.Expect]]></message>
                <stack-trace><![CDATA[UnityEngine.SceneManagement.SceneManager:LoadSceneAsync(String)
Tests.<TestAvatarInput>d__17:MoveNext() (at Assets/Tests/Testat02.cs:129)
UnityEngine.SetupCoroutine:InvokeMoveNext(IEnumerator, IntPtr)

]]></stack-trace>
              </failure>
              <output><![CDATA[Scene 'InputTest' couldn't be loaded because it has not been added to the build settings or the AssetBundle has not been loaded.
To add a scene to the build settings use the menu File->Build Settings...
]]></output>
            </test-case>
            <test-case id="1017" name="TestAvatarInput(upArrow+rightArrow)" fullname="Tests.Testat02.TestAvatarInput(upArrow+rightArrow)" methodname="TestAvatarInput" classname="Tests.Testat02" runstate="Runnable" seed="1415749262" result="Failed" start-time="2020-11-16 21:21:40Z" end-time="2020-11-16 21:21:40Z" duration="0.012273" asserts="0">
              <properties/>
              <failure>
                <message><![CDATA[Unhandled log message: '[Error] Scene 'InputTest' couldn't be loaded because it has not been added to the build settings or the AssetBundle has not been loaded.
To add a scene to the build settings use the menu File->Build Settings...'. Use UnityEngine.TestTools.LogAssert.Expect]]></message>
                <stack-trace><![CDATA[UnityEngine.SceneManagement.SceneManager:LoadSceneAsync(String)
Tests.<TestAvatarInput>d__17:MoveNext() (at Assets/Tests/Testat02.cs:129)
UnityEngine.SetupCoroutine:InvokeMoveNext(IEnumerator, IntPtr)

]]></stack-trace>
              </failure>
              <output><![CDATA[Scene 'InputTest' couldn't be loaded because it has not been added to the build settings or the AssetBundle has not been loaded.
To add a scene to the build settings use the menu File->Build Settings...
]]></output>
            </test-case>
            <test-case id="1018" name="TestAvatarInput(downArrow+rightArrow)" fullname="Tests.Testat02.TestAvatarInput(downArrow+rightArrow)" methodname="TestAvatarInput" classname="Tests.Testat02" runstate="Runnable" seed="1270795064" result="Failed" start-time="2020-11-16 21:21:40Z" end-time="2020-11-16 21:21:40Z" duration="0.012954" asserts="0">
              <properties/>
              <failure>
                <message><![CDATA[Unhandled log message: '[Error] Scene 'InputTest' couldn't be loaded because it has not been added to the build settings or the AssetBundle has not been loaded.
To add a scene to the build settings use the menu File->Build Settings...'. Use UnityEngine.TestTools.LogAssert.Expect]]></message>
                <stack-trace><![CDATA[UnityEngine.SceneManagement.SceneManager:LoadSceneAsync(String)
Tests.<TestAvatarInput>d__17:MoveNext() (at Assets/Tests/Testat02.cs:129)
UnityEngine.SetupCoroutine:InvokeMoveNext(IEnumerator, IntPtr)

]]></stack-trace>
              </failure>
              <output><![CDATA[Scene 'InputTest' couldn't be loaded because it has not been added to the build settings or the AssetBundle has not been loaded.
To add a scene to the build settings use the menu File->Build Settings...
]]></output>
            </test-case>
            <test-case id="1019" name="TestAvatarInput(upArrow+leftArrow)" fullname="Tests.Testat02.TestAvatarInput(upArrow+leftArrow)" methodname="TestAvatarInput" classname="Tests.Testat02" runstate="Runnable" seed="779862870" result="Failed" start-time="2020-11-16 21:21:40Z" end-time="2020-11-16 21:21:40Z" duration="0.013284" asserts="0">
              <properties/>
              <failure>
                <message><![CDATA[Unhandled log message: '[Error] Scene 'InputTest' couldn't be loaded because it has not been added to the build settings or the AssetBundle has not been loaded.
To add a scene to the build settings use the menu File->Build Settings...'. Use UnityEngine.TestTools.LogAssert.Expect]]></message>
                <stack-trace><![CDATA[UnityEngine.SceneManagement.SceneManager:LoadSceneAsync(String)
Tests.<TestAvatarInput>d__17:MoveNext() (at Assets/Tests/Testat02.cs:129)
UnityEngine.SetupCoroutine:InvokeMoveNext(IEnumerator, IntPtr)

]]></stack-trace>
              </failure>
              <output><![CDATA[Scene 'InputTest' couldn't be loaded because it has not been added to the build settings or the AssetBundle has not been loaded.
To add a scene to the build settings use the menu File->Build Settings...
]]></output>
            </test-case>
            <test-case id="1020" name="TestAvatarInput(downArrow+leftArrow)" fullname="Tests.Testat02.TestAvatarInput(downArrow+leftArrow)" methodname="TestAvatarInput" classname="Tests.Testat02" runstate="Runnable" seed="1944314751" result="Failed" start-time="2020-11-16 21:21:40Z" end-time="2020-11-16 21:21:40Z" duration="0.012450" asserts="0">
              <properties/>
              <failure>
                <message><![CDATA[Unhandled log message: '[Error] Scene 'InputTest' couldn't be loaded because it has not been added to the build settings or the AssetBundle has not been loaded.
To add a scene to the build settings use the menu File->Build Settings...'. Use UnityEngine.TestTools.LogAssert.Expect]]></message>
                <stack-trace><![CDATA[UnityEngine.SceneManagement.SceneManager:LoadSceneAsync(String)
Tests.<TestAvatarInput>d__17:MoveNext() (at Assets/Tests/Testat02.cs:129)
UnityEngine.SetupCoroutine:InvokeMoveNext(IEnumerator, IntPtr)

]]></stack-trace>
              </failure>
              <output><![CDATA[Scene 'InputTest' couldn't be loaded because it has not been added to the build settings or the AssetBundle has not been loaded.
To add a scene to the build settings use the menu File->Build Settings...
]]></output>
            </test-case>
          </test-suite>
          <test-case id="1022" name="TestAvatarSpeedFieldExists" fullname="Tests.Testat02.TestAvatarSpeedFieldExists" methodname="TestAvatarSpeedFieldExists" classname="Tests.Testat02" runstate="Runnable" seed="707238840" result="Failed" start-time="2020-11-16 21:21:40Z" end-time="2020-11-16 21:21:40Z" duration="0.014641" asserts="0">
            <properties>
              <property name="_JOINTYPE" value="UnityCombinatorial"/>
            </properties>
            <failure>
              <message><![CDATA[Unhandled log message: '[Error] Scene 'InputTest' couldn't be loaded because it has not been added to the build settings or the AssetBundle has not been loaded.
To add a scene to the build settings use the menu File->Build Settings...'. Use UnityEngine.TestTools.LogAssert.Expect]]></message>
              <stack-trace><![CDATA[UnityEngine.SceneManagement.SceneManager:LoadSceneAsync(String)
Tests.<TestAvatarSpeedFieldExists>d__19:MoveNext() (at Assets/Tests/Testat02.cs:176)
UnityEngine.SetupCoroutine:InvokeMoveNext(IEnumerator, IntPtr)

]]></stack-trace>
            </failure>
            <output><![CDATA[Scene 'InputTest' couldn't be loaded because it has not been added to the build settings or the AssetBundle has not been loaded.
To add a scene to the build settings use the menu File->Build Settings...
]]></output>
          </test-case>
          <test-suite type="ParameterizedMethod" id="1071" name="TestAvatarSpeedFieldWorks" fullname="Tests.Testat02.TestAvatarSpeedFieldWorks" classname="Tests.Testat02" runstate="Runnable" testcasecount="48" result="Failed" site="Child" start-time="2020-11-16 21:21:40Z" end-time="2020-11-16 21:21:41Z" duration="0.739898" total="48" passed="0" failed="48" inconclusive="0" skipped="0" asserts="0">
            <properties>
              <property name="_JOINTYPE" value="UnityCombinatorial"/>
            </properties>
            <failure>
              <message><![CDATA[One or more child tests had errors]]></message>
            </failure>
            <test-case id="1023" name="TestAvatarSpeedFieldWorks(upArrow,0.0f,0)" fullname="Tests.Testat02.TestAvatarSpeedFieldWorks(upArrow,0.0f,0)" methodname="TestAvatarSpeedFieldWorks" classname="Tests.Testat02" runstate="Runnable" seed="2006372767" result="Failed" start-time="2020-11-16 21:21:40Z" end-time="2020-11-16 21:21:40Z" duration="0.017350" asserts="0">
              <properties/>
              <failure>
                <message><![CDATA[Unhandled log message: '[Error] Scene 'InputTest' couldn't be loaded because it has not been added to the build settings or the AssetBundle has not been loaded.
To add a scene to the build settings use the menu File->Build Settings...'. Use UnityEngine.TestTools.LogAssert.Expect]]></message>
                <stack-trace><![CDATA[UnityEngine.SceneManagement.SceneManager:LoadSceneAsync(String)
Tests.<TestAvatarSpeedFieldWorks>d__20:MoveNext() (at Assets/Tests/Testat02.cs:189)
UnityEngine.SetupCoroutine:InvokeMoveNext(IEnumerator, IntPtr)

]]></stack-trace>
              </failure>
              <output><![CDATA[Scene 'InputTest' couldn't be loaded because it has not been added to the build settings or the AssetBundle has not been loaded.
To add a scene to the build settings use the menu File->Build Settings...
]]></output>
            </test-case>
            <test-case id="1024" name="TestAvatarSpeedFieldWorks(upArrow,0.0f,2)" fullname="Tests.Testat02.TestAvatarSpeedFieldWorks(upArrow,0.0f,2)" methodname="TestAvatarSpeedFieldWorks" classname="Tests.Testat02" runstate="Runnable" seed="321294185" result="Failed" start-time="2020-11-16 21:21:40Z" end-time="2020-11-16 21:21:40Z" duration="0.013391" asserts="0">
              <properties/>
              <failure>
                <message><![CDATA[Unhandled log message: '[Error] Scene 'InputTest' couldn't be loaded because it has not been added to the build settings or the AssetBundle has not been loaded.
To add a scene to the build settings use the menu File->Build Settings...'. Use UnityEngine.TestTools.LogAssert.Expect]]></message>
                <stack-trace><![CDATA[UnityEngine.SceneManagement.SceneManager:LoadSceneAsync(String)
Tests.<TestAvatarSpeedFieldWorks>d__20:MoveNext() (at Assets/Tests/Testat02.cs:189)
UnityEngine.SetupCoroutine:InvokeMoveNext(IEnumerator, IntPtr)

]]></stack-trace>
              </failure>
              <output><![CDATA[Scene 'InputTest' couldn't be loaded because it has not been added to the build settings or the AssetBundle has not been loaded.
To add a scene to the build settings use the menu File->Build Settings...
]]></output>
            </test-case>
            <test-case id="1025" name="TestAvatarSpeedFieldWorks(upArrow,0.0f,4)" fullname="Tests.Testat02.TestAvatarSpeedFieldWorks(upArrow,0.0f,4)" methodname="TestAvatarSpeedFieldWorks" classname="Tests.Testat02" runstate="Runnable" seed="915397637" result="Failed" start-time="2020-11-16 21:21:40Z" end-time="2020-11-16 21:21:40Z" duration="0.012794" asserts="0">
              <properties/>
              <failure>
                <message><![CDATA[Unhandled log message: '[Error] Scene 'InputTest' couldn't be loaded because it has not been added to the build settings or the AssetBundle has not been loaded.
To add a scene to the build settings use the menu File->Build Settings...'. Use UnityEngine.TestTools.LogAssert.Expect]]></message>
                <stack-trace><![CDATA[UnityEngine.SceneManagement.SceneManager:LoadSceneAsync(String)
Tests.<TestAvatarSpeedFieldWorks>d__20:MoveNext() (at Assets/Tests/Testat02.cs:189)
UnityEngine.SetupCoroutine:InvokeMoveNext(IEnumerator, IntPtr)

]]></stack-trace>
              </failure>
              <output><![CDATA[Scene 'InputTest' couldn't be loaded because it has not been added to the build settings or the AssetBundle has not been loaded.
To add a scene to the build settings use the menu File->Build Settings...
]]></output>
            </test-case>
            <test-case id="1026" name="TestAvatarSpeedFieldWorks(upArrow,5.0f,0)" fullname="Tests.Testat02.TestAvatarSpeedFieldWorks(upArrow,5.0f,0)" methodname="TestAvatarSpeedFieldWorks" classname="Tests.Testat02" runstate="Runnable" seed="1481361743" result="Failed" start-time="2020-11-16 21:21:40Z" end-time="2020-11-16 21:21:40Z" duration="0.013328" asserts="0">
              <properties/>
              <failure>
                <message><![CDATA[Unhandled log message: '[Error] Scene 'InputTest' couldn't be loaded because it has not been added to the build settings or the AssetBundle has not been loaded.
To add a scene to the build settings use the menu File->Build Settings...'. Use UnityEngine.TestTools.LogAssert.Expect]]></message>
                <stack-trace><![CDATA[UnityEngine.SceneManagement.SceneManager:LoadSceneAsync(String)
Tests.<TestAvatarSpeedFieldWorks>d__20:MoveNext() (at Assets/Tests/Testat02.cs:189)
UnityEngine.SetupCoroutine:InvokeMoveNext(IEnumerator, IntPtr)

]]></stack-trace>
              </failure>
              <output><![CDATA[Scene 'InputTest' couldn't be loaded because it has not been added to the build settings or the AssetBundle has not been loaded.
To add a scene to the build settings use the menu File->Build Settings...
]]></output>
            </test-case>
            <test-case id="1027" name="TestAvatarSpeedFieldWorks(upArrow,5.0f,2)" fullname="Tests.Testat02.TestAvatarSpeedFieldWorks(upArrow,5.0f,2)" methodname="TestAvatarSpeedFieldWorks" classname="Tests.Testat02" runstate="Runnable" seed="1568137487" result="Failed" start-time="2020-11-16 21:21:40Z" end-time="2020-11-16 21:21:40Z" duration="0.013548" asserts="0">
              <properties/>
              <failure>
                <message><![CDATA[Unhandled log message: '[Error] Scene 'InputTest' couldn't be loaded because it has not been added to the build settings or the AssetBundle has not been loaded.
To add a scene to the build settings use the menu File->Build Settings...'. Use UnityEngine.TestTools.LogAssert.Expect]]></message>
                <stack-trace><![CDATA[UnityEngine.SceneManagement.SceneManager:LoadSceneAsync(String)
Tests.<TestAvatarSpeedFieldWorks>d__20:MoveNext() (at Assets/Tests/Testat02.cs:189)
UnityEngine.SetupCoroutine:InvokeMoveNext(IEnumerator, IntPtr)

]]></stack-trace>
              </failure>
              <output><![CDATA[Scene 'InputTest' couldn't be loaded because it has not been added to the build settings or the AssetBundle has not been loaded.
To add a scene to the build settings use the menu File->Build Settings...
]]></output>
            </test-case>
            <test-case id="1028" name="TestAvatarSpeedFieldWorks(upArrow,5.0f,4)" fullname="Tests.Testat02.TestAvatarSpeedFieldWorks(upArrow,5.0f,4)" methodname="TestAvatarSpeedFieldWorks" classname="Tests.Testat02" runstate="Runnable" seed="1542479077" result="Failed" start-time="2020-11-16 21:21:40Z" end-time="2020-11-16 21:21:40Z" duration="0.012797" asserts="0">
              <properties/>
              <failure>
                <message><![CDATA[Unhandled log message: '[Error] Scene 'InputTest' couldn't be loaded because it has not been added to the build settings or the AssetBundle has not been loaded.
To add a scene to the build settings use the menu File->Build Settings...'. Use UnityEngine.TestTools.LogAssert.Expect]]></message>
                <stack-trace><![CDATA[UnityEngine.SceneManagement.SceneManager:LoadSceneAsync(String)
Tests.<TestAvatarSpeedFieldWorks>d__20:MoveNext() (at Assets/Tests/Testat02.cs:189)
UnityEngine.SetupCoroutine:InvokeMoveNext(IEnumerator, IntPtr)

]]></stack-trace>
              </failure>
              <output><![CDATA[Scene 'InputTest' couldn't be loaded because it has not been added to the build settings or the AssetBundle has not been loaded.
To add a scene to the build settings use the menu File->Build Settings...
]]></output>
            </test-case>
            <test-case id="1029" name="TestAvatarSpeedFieldWorks(downArrow,0.0f,0)" fullname="Tests.Testat02.TestAvatarSpeedFieldWorks(downArrow,0.0f,0)" methodname="TestAvatarSpeedFieldWorks" classname="Tests.Testat02" runstate="Runnable" seed="1935351728" result="Failed" start-time="2020-11-16 21:21:40Z" end-time="2020-11-16 21:21:40Z" duration="0.014110" asserts="0">
              <properties/>
              <failure>
                <message><![CDATA[Unhandled log message: '[Error] Scene 'InputTest' couldn't be loaded because it has not been added to the build settings or the AssetBundle has not been loaded.
To add a scene to the build settings use the menu File->Build Settings...'. Use UnityEngine.TestTools.LogAssert.Expect]]></message>
                <stack-trace><![CDATA[UnityEngine.SceneManagement.SceneManager:LoadSceneAsync(String)
Tests.<TestAvatarSpeedFieldWorks>d__20:MoveNext() (at Assets/Tests/Testat02.cs:189)
UnityEngine.SetupCoroutine:InvokeMoveNext(IEnumerator, IntPtr)

]]></stack-trace>
              </failure>
              <output><![CDATA[Scene 'InputTest' couldn't be loaded because it has not been added to the build settings or the AssetBundle has not been loaded.
To add a scene to the build settings use the menu File->Build Settings...
]]></output>
            </test-case>
            <test-case id="1030" name="TestAvatarSpeedFieldWorks(downArrow,0.0f,2)" fullname="Tests.Testat02.TestAvatarSpeedFieldWorks(downArrow,0.0f,2)" methodname="TestAvatarSpeedFieldWorks" classname="Tests.Testat02" runstate="Runnable" seed="890498308" result="Failed" start-time="2020-11-16 21:21:40Z" end-time="2020-11-16 21:21:40Z" duration="0.012056" asserts="0">
              <properties/>
              <failure>
                <message><![CDATA[Unhandled log message: '[Error] Scene 'InputTest' couldn't be loaded because it has not been added to the build settings or the AssetBundle has not been loaded.
To add a scene to the build settings use the menu File->Build Settings...'. Use UnityEngine.TestTools.LogAssert.Expect]]></message>
                <stack-trace><![CDATA[UnityEngine.SceneManagement.SceneManager:LoadSceneAsync(String)
Tests.<TestAvatarSpeedFieldWorks>d__20:MoveNext() (at Assets/Tests/Testat02.cs:189)
UnityEngine.SetupCoroutine:InvokeMoveNext(IEnumerator, IntPtr)

]]></stack-trace>
              </failure>
              <output><![CDATA[Scene 'InputTest' couldn't be loaded because it has not been added to the build settings or the AssetBundle has not been loaded.
To add a scene to the build settings use the menu File->Build Settings...
]]></output>
            </test-case>
            <test-case id="1031" name="TestAvatarSpeedFieldWorks(downArrow,0.0f,4)" fullname="Tests.Testat02.TestAvatarSpeedFieldWorks(downArrow,0.0f,4)" methodname="TestAvatarSpeedFieldWorks" classname="Tests.Testat02" runstate="Runnable" seed="1679531573" result="Failed" start-time="2020-11-16 21:21:40Z" end-time="2020-11-16 21:21:40Z" duration="0.012900" asserts="0">
              <properties/>
              <failure>
                <message><![CDATA[Unhandled log message: '[Error] Scene 'InputTest' couldn't be loaded because it has not been added to the build settings or the AssetBundle has not been loaded.
To add a scene to the build settings use the menu File->Build Settings...'. Use UnityEngine.TestTools.LogAssert.Expect]]></message>
                <stack-trace><![CDATA[UnityEngine.SceneManagement.SceneManager:LoadSceneAsync(String)
Tests.<TestAvatarSpeedFieldWorks>d__20:MoveNext() (at Assets/Tests/Testat02.cs:189)
UnityEngine.SetupCoroutine:InvokeMoveNext(IEnumerator, IntPtr)

]]></stack-trace>
              </failure>
              <output><![CDATA[Scene 'InputTest' couldn't be loaded because it has not been added to the build settings or the AssetBundle has not been loaded.
To add a scene to the build settings use the menu File->Build Settings...
]]></output>
            </test-case>
            <test-case id="1032" name="TestAvatarSpeedFieldWorks(downArrow,5.0f,0)" fullname="Tests.Testat02.TestAvatarSpeedFieldWorks(downArrow,5.0f,0)" methodname="TestAvatarSpeedFieldWorks" classname="Tests.Testat02" runstate="Runnable" seed="1361435315" result="Failed" start-time="2020-11-16 21:21:40Z" end-time="2020-11-16 21:21:40Z" duration="0.013734" asserts="0">
              <properties/>
              <failure>
                <message><![CDATA[Unhandled log message: '[Error] Scene 'InputTest' couldn't be loaded because it has not been added to the build settings or the AssetBundle has not been loaded.
To add a scene to the build settings use the menu File->Build Settings...'. Use UnityEngine.TestTools.LogAssert.Expect]]></message>
                <stack-trace><![CDATA[UnityEngine.SceneManagement.SceneManager:LoadSceneAsync(String)
Tests.<TestAvatarSpeedFieldWorks>d__20:MoveNext() (at Assets/Tests/Testat02.cs:189)
UnityEngine.SetupCoroutine:InvokeMoveNext(IEnumerator, IntPtr)

]]></stack-trace>
              </failure>
              <output><![CDATA[Scene 'InputTest' couldn't be loaded because it has not been added to the build settings or the AssetBundle has not been loaded.
To add a scene to the build settings use the menu File->Build Settings...
]]></output>
            </test-case>
            <test-case id="1033" name="TestAvatarSpeedFieldWorks(downArrow,5.0f,2)" fullname="Tests.Testat02.TestAvatarSpeedFieldWorks(downArrow,5.0f,2)" methodname="TestAvatarSpeedFieldWorks" classname="Tests.Testat02" runstate="Runnable" seed="408862898" result="Failed" start-time="2020-11-16 21:21:40Z" end-time="2020-11-16 21:21:40Z" duration="0.012854" asserts="0">
              <properties/>
              <failure>
                <message><![CDATA[Unhandled log message: '[Error] Scene 'InputTest' couldn't be loaded because it has not been added to the build settings or the AssetBundle has not been loaded.
To add a scene to the build settings use the menu File->Build Settings...'. Use UnityEngine.TestTools.LogAssert.Expect]]></message>
                <stack-trace><![CDATA[UnityEngine.SceneManagement.SceneManager:LoadSceneAsync(String)
Tests.<TestAvatarSpeedFieldWorks>d__20:MoveNext() (at Assets/Tests/Testat02.cs:189)
UnityEngine.SetupCoroutine:InvokeMoveNext(IEnumerator, IntPtr)

]]></stack-trace>
              </failure>
              <output><![CDATA[Scene 'InputTest' couldn't be loaded because it has not been added to the build settings or the AssetBundle has not been loaded.
To add a scene to the build settings use the menu File->Build Settings...
]]></output>
            </test-case>
            <test-case id="1034" name="TestAvatarSpeedFieldWorks(downArrow,5.0f,4)" fullname="Tests.Testat02.TestAvatarSpeedFieldWorks(downArrow,5.0f,4)" methodname="TestAvatarSpeedFieldWorks" classname="Tests.Testat02" runstate="Runnable" seed="1137450282" result="Failed" start-time="2020-11-16 21:21:40Z" end-time="2020-11-16 21:21:40Z" duration="0.013663" asserts="0">
              <properties/>
              <failure>
                <message><![CDATA[Unhandled log message: '[Error] Scene 'InputTest' couldn't be loaded because it has not been added to the build settings or the AssetBundle has not been loaded.
To add a scene to the build settings use the menu File->Build Settings...'. Use UnityEngine.TestTools.LogAssert.Expect]]></message>
                <stack-trace><![CDATA[UnityEngine.SceneManagement.SceneManager:LoadSceneAsync(String)
Tests.<TestAvatarSpeedFieldWorks>d__20:MoveNext() (at Assets/Tests/Testat02.cs:189)
UnityEngine.SetupCoroutine:InvokeMoveNext(IEnumerator, IntPtr)

]]></stack-trace>
              </failure>
              <output><![CDATA[Scene 'InputTest' couldn't be loaded because it has not been added to the build settings or the AssetBundle has not been loaded.
To add a scene to the build settings use the menu File->Build Settings...
]]></output>
            </test-case>
            <test-case id="1035" name="TestAvatarSpeedFieldWorks(leftArrow,0.0f,0)" fullname="Tests.Testat02.TestAvatarSpeedFieldWorks(leftArrow,0.0f,0)" methodname="TestAvatarSpeedFieldWorks" classname="Tests.Testat02" runstate="Runnable" seed="427743034" result="Failed" start-time="2020-11-16 21:21:41Z" end-time="2020-11-16 21:21:41Z" duration="0.013460" asserts="0">
              <properties/>
              <failure>
                <message><![CDATA[Unhandled log message: '[Error] Scene 'InputTest' couldn't be loaded because it has not been added to the build settings or the AssetBundle has not been loaded.
To add a scene to the build settings use the menu File->Build Settings...'. Use UnityEngine.TestTools.LogAssert.Expect]]></message>
                <stack-trace><![CDATA[UnityEngine.SceneManagement.SceneManager:LoadSceneAsync(String)
Tests.<TestAvatarSpeedFieldWorks>d__20:MoveNext() (at Assets/Tests/Testat02.cs:189)
UnityEngine.SetupCoroutine:InvokeMoveNext(IEnumerator, IntPtr)

]]></stack-trace>
              </failure>
              <output><![CDATA[Scene 'InputTest' couldn't be loaded because it has not been added to the build settings or the AssetBundle has not been loaded.
To add a scene to the build settings use the menu File->Build Settings...
]]></output>
            </test-case>
            <test-case id="1036" name="TestAvatarSpeedFieldWorks(leftArrow,0.0f,2)" fullname="Tests.Testat02.TestAvatarSpeedFieldWorks(leftArrow,0.0f,2)" methodname="TestAvatarSpeedFieldWorks" classname="Tests.Testat02" runstate="Runnable" seed="683757035" result="Failed" start-time="2020-11-16 21:21:41Z" end-time="2020-11-16 21:21:41Z" duration="0.013998" asserts="0">
              <properties/>
              <failure>
                <message><![CDATA[Unhandled log message: '[Error] Scene 'InputTest' couldn't be loaded because it has not been added to the build settings or the AssetBundle has not been loaded.
To add a scene to the build settings use the menu File->Build Settings...'. Use UnityEngine.TestTools.LogAssert.Expect]]></message>
                <stack-trace><![CDATA[UnityEngine.SceneManagement.SceneManager:LoadSceneAsync(String)
Tests.<TestAvatarSpeedFieldWorks>d__20:MoveNext() (at Assets/Tests/Testat02.cs:189)
UnityEngine.SetupCoroutine:InvokeMoveNext(IEnumerator, IntPtr)

]]></stack-trace>
              </failure>
              <output><![CDATA[Scene 'InputTest' couldn't be loaded because it has not been added to the build settings or the AssetBundle has not been loaded.
To add a scene to the build settings use the menu File->Build Settings...
]]></output>
            </test-case>
            <test-case id="1037" name="TestAvatarSpeedFieldWorks(leftArrow,0.0f,4)" fullname="Tests.Testat02.TestAvatarSpeedFieldWorks(leftArrow,0.0f,4)" methodname="TestAvatarSpeedFieldWorks" classname="Tests.Testat02" runstate="Runnable" seed="1483312443" result="Failed" start-time="2020-11-16 21:21:41Z" end-time="2020-11-16 21:21:41Z" duration="0.012969" asserts="0">
              <properties/>
              <failure>
                <message><![CDATA[Unhandled log message: '[Error] Scene 'InputTest' couldn't be loaded because it has not been added to the build settings or the AssetBundle has not been loaded.
To add a scene to the build settings use the menu File->Build Settings...'. Use UnityEngine.TestTools.LogAssert.Expect]]></message>
                <stack-trace><![CDATA[UnityEngine.SceneManagement.SceneManager:LoadSceneAsync(String)
Tests.<TestAvatarSpeedFieldWorks>d__20:MoveNext() (at Assets/Tests/Testat02.cs:189)
UnityEngine.SetupCoroutine:InvokeMoveNext(IEnumerator, IntPtr)

]]></stack-trace>
              </failure>
              <output><![CDATA[Scene 'InputTest' couldn't be loaded because it has not been added to the build settings or the AssetBundle has not been loaded.
To add a scene to the build settings use the menu File->Build Settings...
]]></output>
            </test-case>
            <test-case id="1038" name="TestAvatarSpeedFieldWorks(leftArrow,5.0f,0)" fullname="Tests.Testat02.TestAvatarSpeedFieldWorks(leftArrow,5.0f,0)" methodname="TestAvatarSpeedFieldWorks" classname="Tests.Testat02" runstate="Runnable" seed="1931104088" result="Failed" start-time="2020-11-16 21:21:41Z" end-time="2020-11-16 21:21:41Z" duration="0.013798" asserts="0">
              <properties/>
              <failure>
                <message><![CDATA[Unhandled log message: '[Error] Scene 'InputTest' couldn't be loaded because it has not been added to the build settings or the AssetBundle has not been loaded.
To add a scene to the build settings use the menu File->Build Settings...'. Use UnityEngine.TestTools.LogAssert.Expect]]></message>
                <stack-trace><![CDATA[UnityEngine.SceneManagement.SceneManager:LoadSceneAsync(String)
Tests.<TestAvatarSpeedFieldWorks>d__20:MoveNext() (at Assets/Tests/Testat02.cs:189)
UnityEngine.SetupCoroutine:InvokeMoveNext(IEnumerator, IntPtr)

]]></stack-trace>
              </failure>
              <output><![CDATA[Scene 'InputTest' couldn't be loaded because it has not been added to the build settings or the AssetBundle has not been loaded.
To add a scene to the build settings use the menu File->Build Settings...
]]></output>
            </test-case>
            <test-case id="1039" name="TestAvatarSpeedFieldWorks(leftArrow,5.0f,2)" fullname="Tests.Testat02.TestAvatarSpeedFieldWorks(leftArrow,5.0f,2)" methodname="TestAvatarSpeedFieldWorks" classname="Tests.Testat02" runstate="Runnable" seed="1207237809" result="Failed" start-time="2020-11-16 21:21:41Z" end-time="2020-11-16 21:21:41Z" duration="0.012915" asserts="0">
              <properties/>
              <failure>
                <message><![CDATA[Unhandled log message: '[Error] Scene 'InputTest' couldn't be loaded because it has not been added to the build settings or the AssetBundle has not been loaded.
To add a scene to the build settings use the menu File->Build Settings...'. Use UnityEngine.TestTools.LogAssert.Expect]]></message>
                <stack-trace><![CDATA[UnityEngine.SceneManagement.SceneManager:LoadSceneAsync(String)
Tests.<TestAvatarSpeedFieldWorks>d__20:MoveNext() (at Assets/Tests/Testat02.cs:189)
UnityEngine.SetupCoroutine:InvokeMoveNext(IEnumerator, IntPtr)

]]></stack-trace>
              </failure>
              <output><![CDATA[Scene 'InputTest' couldn't be loaded because it has not been added to the build settings or the AssetBundle has not been loaded.
To add a scene to the build settings use the menu File->Build Settings...
]]></output>
            </test-case>
            <test-case id="1040" name="TestAvatarSpeedFieldWorks(leftArrow,5.0f,4)" fullname="Tests.Testat02.TestAvatarSpeedFieldWorks(leftArrow,5.0f,4)" methodname="TestAvatarSpeedFieldWorks" classname="Tests.Testat02" runstate="Runnable" seed="890709332" result="Failed" start-time="2020-11-16 21:21:41Z" end-time="2020-11-16 21:21:41Z" duration="0.012820" asserts="0">
              <properties/>
              <failure>
                <message><![CDATA[Unhandled log message: '[Error] Scene 'InputTest' couldn't be loaded because it has not been added to the build settings or the AssetBundle has not been loaded.
To add a scene to the build settings use the menu File->Build Settings...'. Use UnityEngine.TestTools.LogAssert.Expect]]></message>
                <stack-trace><![CDATA[UnityEngine.SceneManagement.SceneManager:LoadSceneAsync(String)
Tests.<TestAvatarSpeedFieldWorks>d__20:MoveNext() (at Assets/Tests/Testat02.cs:189)
UnityEngine.SetupCoroutine:InvokeMoveNext(IEnumerator, IntPtr)

]]></stack-trace>
              </failure>
              <output><![CDATA[Scene 'InputTest' couldn't be loaded because it has not been added to the build settings or the AssetBundle has not been loaded.
To add a scene to the build settings use the menu File->Build Settings...
]]></output>
            </test-case>
            <test-case id="1041" name="TestAvatarSpeedFieldWorks(rightArrow,0.0f,0)" fullname="Tests.Testat02.TestAvatarSpeedFieldWorks(rightArrow,0.0f,0)" methodname="TestAvatarSpeedFieldWorks" classname="Tests.Testat02" runstate="Runnable" seed="287729847" result="Failed" start-time="2020-11-16 21:21:41Z" end-time="2020-11-16 21:21:41Z" duration="0.012888" asserts="0">
              <properties/>
              <failure>
                <message><![CDATA[Unhandled log message: '[Error] Scene 'InputTest' couldn't be loaded because it has not been added to the build settings or the AssetBundle has not been loaded.
To add a scene to the build settings use the menu File->Build Settings...'. Use UnityEngine.TestTools.LogAssert.Expect]]></message>
                <stack-trace><![CDATA[UnityEngine.SceneManagement.SceneManager:LoadSceneAsync(String)
Tests.<TestAvatarSpeedFieldWorks>d__20:MoveNext() (at Assets/Tests/Testat02.cs:189)
UnityEngine.SetupCoroutine:InvokeMoveNext(IEnumerator, IntPtr)

]]></stack-trace>
              </failure>
              <output><![CDATA[Scene 'InputTest' couldn't be loaded because it has not been added to the build settings or the AssetBundle has not been loaded.
To add a scene to the build settings use the menu File->Build Settings...
]]></output>
            </test-case>
            <test-case id="1042" name="TestAvatarSpeedFieldWorks(rightArrow,0.0f,2)" fullname="Tests.Testat02.TestAvatarSpeedFieldWorks(rightArrow,0.0f,2)" methodname="TestAvatarSpeedFieldWorks" classname="Tests.Testat02" runstate="Runnable" seed="1748980132" result="Failed" start-time="2020-11-16 21:21:41Z" end-time="2020-11-16 21:21:41Z" duration="0.012801" asserts="0">
              <properties/>
              <failure>
                <message><![CDATA[Unhandled log message: '[Error] Scene 'InputTest' couldn't be loaded because it has not been added to the build settings or the AssetBundle has not been loaded.
To add a scene to the build settings use the menu File->Build Settings...'. Use UnityEngine.TestTools.LogAssert.Expect]]></message>
                <stack-trace><![CDATA[UnityEngine.SceneManagement.SceneManager:LoadSceneAsync(String)
Tests.<TestAvatarSpeedFieldWorks>d__20:MoveNext() (at Assets/Tests/Testat02.cs:189)
UnityEngine.SetupCoroutine:InvokeMoveNext(IEnumerator, IntPtr)

]]></stack-trace>
              </failure>
              <output><![CDATA[Scene 'InputTest' couldn't be loaded because it has not been added to the build settings or the AssetBundle has not been loaded.
To add a scene to the build settings use the menu File->Build Settings...
]]></output>
            </test-case>
            <test-case id="1043" name="TestAvatarSpeedFieldWorks(rightArrow,0.0f,4)" fullname="Tests.Testat02.TestAvatarSpeedFieldWorks(rightArrow,0.0f,4)" methodname="TestAvatarSpeedFieldWorks" classname="Tests.Testat02" runstate="Runnable" seed="1839024589" result="Failed" start-time="2020-11-16 21:21:41Z" end-time="2020-11-16 21:21:41Z" duration="0.012772" asserts="0">
              <properties/>
              <failure>
                <message><![CDATA[Unhandled log message: '[Error] Scene 'InputTest' couldn't be loaded because it has not been added to the build settings or the AssetBundle has not been loaded.
To add a scene to the build settings use the menu File->Build Settings...'. Use UnityEngine.TestTools.LogAssert.Expect]]></message>
                <stack-trace><![CDATA[UnityEngine.SceneManagement.SceneManager:LoadSceneAsync(String)
Tests.<TestAvatarSpeedFieldWorks>d__20:MoveNext() (at Assets/Tests/Testat02.cs:189)
UnityEngine.SetupCoroutine:InvokeMoveNext(IEnumerator, IntPtr)

]]></stack-trace>
              </failure>
              <output><![CDATA[Scene 'InputTest' couldn't be loaded because it has not been added to the build settings or the AssetBundle has not been loaded.
To add a scene to the build settings use the menu File->Build Settings...
]]></output>
            </test-case>
            <test-case id="1044" name="TestAvatarSpeedFieldWorks(rightArrow,5.0f,0)" fullname="Tests.Testat02.TestAvatarSpeedFieldWorks(rightArrow,5.0f,0)" methodname="TestAvatarSpeedFieldWorks" classname="Tests.Testat02" runstate="Runnable" seed="914759063" result="Failed" start-time="2020-11-16 21:21:41Z" end-time="2020-11-16 21:21:41Z" duration="0.012780" asserts="0">
              <properties/>
              <failure>
                <message><![CDATA[Unhandled log message: '[Error] Scene 'InputTest' couldn't be loaded because it has not been added to the build settings or the AssetBundle has not been loaded.
To add a scene to the build settings use the menu File->Build Settings...'. Use UnityEngine.TestTools.LogAssert.Expect]]></message>
                <stack-trace><![CDATA[UnityEngine.SceneManagement.SceneManager:LoadSceneAsync(String)
Tests.<TestAvatarSpeedFieldWorks>d__20:MoveNext() (at Assets/Tests/Testat02.cs:189)
UnityEngine.SetupCoroutine:InvokeMoveNext(IEnumerator, IntPtr)

]]></stack-trace>
              </failure>
              <output><![CDATA[Scene 'InputTest' couldn't be loaded because it has not been added to the build settings or the AssetBundle has not been loaded.
To add a scene to the build settings use the menu File->Build Settings...
]]></output>
            </test-case>
            <test-case id="1045" name="TestAvatarSpeedFieldWorks(rightArrow,5.0f,2)" fullname="Tests.Testat02.TestAvatarSpeedFieldWorks(rightArrow,5.0f,2)" methodname="TestAvatarSpeedFieldWorks" classname="Tests.Testat02" runstate="Runnable" seed="1871580416" result="Failed" start-time="2020-11-16 21:21:41Z" end-time="2020-11-16 21:21:41Z" duration="0.013722" asserts="0">
              <properties/>
              <failure>
                <message><![CDATA[Unhandled log message: '[Error] Scene 'InputTest' couldn't be loaded because it has not been added to the build settings or the AssetBundle has not been loaded.
To add a scene to the build settings use the menu File->Build Settings...'. Use UnityEngine.TestTools.LogAssert.Expect]]></message>
                <stack-trace><![CDATA[UnityEngine.SceneManagement.SceneManager:LoadSceneAsync(String)
Tests.<TestAvatarSpeedFieldWorks>d__20:MoveNext() (at Assets/Tests/Testat02.cs:189)
UnityEngine.SetupCoroutine:InvokeMoveNext(IEnumerator, IntPtr)

]]></stack-trace>
              </failure>
              <output><![CDATA[Scene 'InputTest' couldn't be loaded because it has not been added to the build settings or the AssetBundle has not been loaded.
To add a scene to the build settings use the menu File->Build Settings...
]]></output>
            </test-case>
            <test-case id="1046" name="TestAvatarSpeedFieldWorks(rightArrow,5.0f,4)" fullname="Tests.Testat02.TestAvatarSpeedFieldWorks(rightArrow,5.0f,4)" methodname="TestAvatarSpeedFieldWorks" classname="Tests.Testat02" runstate="Runnable" seed="392905255" result="Failed" start-time="2020-11-16 21:21:41Z" end-time="2020-11-16 21:21:41Z" duration="0.013100" asserts="0">
              <properties/>
              <failure>
                <message><![CDATA[Unhandled log message: '[Error] Scene 'InputTest' couldn't be loaded because it has not been added to the build settings or the AssetBundle has not been loaded.
To add a scene to the build settings use the menu File->Build Settings...'. Use UnityEngine.TestTools.LogAssert.Expect]]></message>
                <stack-trace><![CDATA[UnityEngine.SceneManagement.SceneManager:LoadSceneAsync(String)
Tests.<TestAvatarSpeedFieldWorks>d__20:MoveNext() (at Assets/Tests/Testat02.cs:189)
UnityEngine.SetupCoroutine:InvokeMoveNext(IEnumerator, IntPtr)

]]></stack-trace>
              </failure>
              <output><![CDATA[Scene 'InputTest' couldn't be loaded because it has not been added to the build settings or the AssetBundle has not been loaded.
To add a scene to the build settings use the menu File->Build Settings...
]]></output>
            </test-case>
            <test-case id="1047" name="TestAvatarSpeedFieldWorks(upArrow+rightArrow,0.0f,0)" fullname="Tests.Testat02.TestAvatarSpeedFieldWorks(upArrow+rightArrow,0.0f,0)" methodname="TestAvatarSpeedFieldWorks" classname="Tests.Testat02" runstate="Runnable" seed="1672196135" result="Failed" start-time="2020-11-16 21:21:41Z" end-time="2020-11-16 21:21:41Z" duration="0.013630" asserts="0">
              <properties/>
              <failure>
                <message><![CDATA[Unhandled log message: '[Error] Scene 'InputTest' couldn't be loaded because it has not been added to the build settings or the AssetBundle has not been loaded.
To add a scene to the build settings use the menu File->Build Settings...'. Use UnityEngine.TestTools.LogAssert.Expect]]></message>
                <stack-trace><![CDATA[UnityEngine.SceneManagement.SceneManager:LoadSceneAsync(String)
Tests.<TestAvatarSpeedFieldWorks>d__20:MoveNext() (at Assets/Tests/Testat02.cs:189)
UnityEngine.SetupCoroutine:InvokeMoveNext(IEnumerator, IntPtr)

]]></stack-trace>
              </failure>
              <output><![CDATA[Scene 'InputTest' couldn't be loaded because it has not been added to the build settings or the AssetBundle has not been loaded.
To add a scene to the build settings use the menu File->Build Settings...
]]></output>
            </test-case>
            <test-case id="1048" name="TestAvatarSpeedFieldWorks(upArrow+rightArrow,0.0f,2)" fullname="Tests.Testat02.TestAvatarSpeedFieldWorks(upArrow+rightArrow,0.0f,2)" methodname="TestAvatarSpeedFieldWorks" classname="Tests.Testat02" runstate="Runnable" seed="310955482" result="Failed" start-time="2020-11-16 21:21:41Z" end-time="2020-11-16 21:21:41Z" duration="0.013860" asserts="0">
              <properties/>
              <failure>
                <message><![CDATA[Unhandled log message: '[Error] Scene 'InputTest' couldn't be loaded because it has not been added to the build settings or the AssetBundle has not been loaded.
To add a scene to the build settings use the menu File->Build Settings...'. Use UnityEngine.TestTools.LogAssert.Expect]]></message>
                <stack-trace><![CDATA[UnityEngine.SceneManagement.SceneManager:LoadSceneAsync(String)
Tests.<TestAvatarSpeedFieldWorks>d__20:MoveNext() (at Assets/Tests/Testat02.cs:189)
UnityEngine.SetupCoroutine:InvokeMoveNext(IEnumerator, IntPtr)

]]></stack-trace>
              </failure>
              <output><![CDATA[Scene 'InputTest' couldn't be loaded because it has not been added to the build settings or the AssetBundle has not been loaded.
To add a scene to the build settings use the menu File->Build Settings...
]]></output>
            </test-case>
            <test-case id="1049" name="TestAvatarSpeedFieldWorks(upArrow+rightArrow,0.0f,4)" fullname="Tests.Testat02.TestAvatarSpeedFieldWorks(upArrow+rightArrow,0.0f,4)" methodname="TestAvatarSpeedFieldWorks" classname="Tests.Testat02" runstate="Runnable" seed="691782308" result="Failed" start-time="2020-11-16 21:21:41Z" end-time="2020-11-16 21:21:41Z" duration="0.014415" asserts="0">
              <properties/>
              <failure>
                <message><![CDATA[Unhandled log message: '[Error] Scene 'InputTest' couldn't be loaded because it has not been added to the build settings or the AssetBundle has not been loaded.
To add a scene to the build settings use the menu File->Build Settings...'. Use UnityEngine.TestTools.LogAssert.Expect]]></message>
                <stack-trace><![CDATA[UnityEngine.SceneManagement.SceneManager:LoadSceneAsync(String)
Tests.<TestAvatarSpeedFieldWorks>d__20:MoveNext() (at Assets/Tests/Testat02.cs:189)
UnityEngine.SetupCoroutine:InvokeMoveNext(IEnumerator, IntPtr)

]]></stack-trace>
              </failure>
              <output><![CDATA[Scene 'InputTest' couldn't be loaded because it has not been added to the build settings or the AssetBundle has not been loaded.
To add a scene to the build settings use the menu File->Build Settings...
]]></output>
            </test-case>
            <test-case id="1050" name="TestAvatarSpeedFieldWorks(upArrow+rightArrow,5.0f,0)" fullname="Tests.Testat02.TestAvatarSpeedFieldWorks(upArrow+rightArrow,5.0f,0)" methodname="TestAvatarSpeedFieldWorks" classname="Tests.Testat02" runstate="Runnable" seed="1679655589" result="Failed" start-time="2020-11-16 21:21:41Z" end-time="2020-11-16 21:21:41Z" duration="0.012732" asserts="0">
              <properties/>
              <failure>
                <message><![CDATA[Unhandled log message: '[Error] Scene 'InputTest' couldn't be loaded because it has not been added to the build settings or the AssetBundle has not been loaded.
To add a scene to the build settings use the menu File->Build Settings...'. Use UnityEngine.TestTools.LogAssert.Expect]]></message>
                <stack-trace><![CDATA[UnityEngine.SceneManagement.SceneManager:LoadSceneAsync(String)
Tests.<TestAvatarSpeedFieldWorks>d__20:MoveNext() (at Assets/Tests/Testat02.cs:189)
UnityEngine.SetupCoroutine:InvokeMoveNext(IEnumerator, IntPtr)

]]></stack-trace>
              </failure>
              <output><![CDATA[Scene 'InputTest' couldn't be loaded because it has not been added to the build settings or the AssetBundle has not been loaded.
To add a scene to the build settings use the menu File->Build Settings...
]]></output>
            </test-case>
            <test-case id="1051" name="TestAvatarSpeedFieldWorks(upArrow+rightArrow,5.0f,2)" fullname="Tests.Testat02.TestAvatarSpeedFieldWorks(upArrow+rightArrow,5.0f,2)" methodname="TestAvatarSpeedFieldWorks" classname="Tests.Testat02" runstate="Runnable" seed="111012223" result="Failed" start-time="2020-11-16 21:21:41Z" end-time="2020-11-16 21:21:41Z" duration="0.013050" asserts="0">
              <properties/>
              <failure>
                <message><![CDATA[Unhandled log message: '[Error] Scene 'InputTest' couldn't be loaded because it has not been added to the build settings or the AssetBundle has not been loaded.
To add a scene to the build settings use the menu File->Build Settings...'. Use UnityEngine.TestTools.LogAssert.Expect]]></message>
                <stack-trace><![CDATA[UnityEngine.SceneManagement.SceneManager:LoadSceneAsync(String)
Tests.<TestAvatarSpeedFieldWorks>d__20:MoveNext() (at Assets/Tests/Testat02.cs:189)
UnityEngine.SetupCoroutine:InvokeMoveNext(IEnumerator, IntPtr)

]]></stack-trace>
              </failure>
              <output><![CDATA[Scene 'InputTest' couldn't be loaded because it has not been added to the build settings or the AssetBundle has not been loaded.
To add a scene to the build settings use the menu File->Build Settings...
]]></output>
            </test-case>
            <test-case id="1052" name="TestAvatarSpeedFieldWorks(upArrow+rightArrow,5.0f,4)" fullname="Tests.Testat02.TestAvatarSpeedFieldWorks(upArrow+rightArrow,5.0f,4)" methodname="TestAvatarSpeedFieldWorks" classname="Tests.Testat02" runstate="Runnable" seed="1672833929" result="Failed" start-time="2020-11-16 21:21:41Z" end-time="2020-11-16 21:21:41Z" duration="0.013255" asserts="0">
              <properties/>
              <failure>
                <message><![CDATA[Unhandled log message: '[Error] Scene 'InputTest' couldn't be loaded because it has not been added to the build settings or the AssetBundle has not been loaded.
To add a scene to the build settings use the menu File->Build Settings...'. Use UnityEngine.TestTools.LogAssert.Expect]]></message>
                <stack-trace><![CDATA[UnityEngine.SceneManagement.SceneManager:LoadSceneAsync(String)
Tests.<TestAvatarSpeedFieldWorks>d__20:MoveNext() (at Assets/Tests/Testat02.cs:189)
UnityEngine.SetupCoroutine:InvokeMoveNext(IEnumerator, IntPtr)

]]></stack-trace>
              </failure>
              <output><![CDATA[Scene 'InputTest' couldn't be loaded because it has not been added to the build settings or the AssetBundle has not been loaded.
To add a scene to the build settings use the menu File->Build Settings...
]]></output>
            </test-case>
            <test-case id="1053" name="TestAvatarSpeedFieldWorks(downArrow+rightArrow,0.0f,0)" fullname="Tests.Testat02.TestAvatarSpeedFieldWorks(downArrow+rightArrow,0.0f,0)" methodname="TestAvatarSpeedFieldWorks" classname="Tests.Testat02" runstate="Runnable" seed="217654804" result="Failed" start-time="2020-11-16 21:21:41Z" end-time="2020-11-16 21:21:41Z" duration="0.011854" asserts="0">
              <properties/>
              <failure>
                <message><![CDATA[Unhandled log message: '[Error] Scene 'InputTest' couldn't be loaded because it has not been added to the build settings or the AssetBundle has not been loaded.
To add a scene to the build settings use the menu File->Build Settings...'. Use UnityEngine.TestTools.LogAssert.Expect]]></message>
                <stack-trace><![CDATA[UnityEngine.SceneManagement.SceneManager:LoadSceneAsync(String)
Tests.<TestAvatarSpeedFieldWorks>d__20:MoveNext() (at Assets/Tests/Testat02.cs:189)
UnityEngine.SetupCoroutine:InvokeMoveNext(IEnumerator, IntPtr)

]]></stack-trace>
              </failure>
              <output><![CDATA[Scene 'InputTest' couldn't be loaded because it has not been added to the build settings or the AssetBundle has not been loaded.
To add a scene to the build settings use the menu File->Build Settings...
]]></output>
            </test-case>
            <test-case id="1054" name="TestAvatarSpeedFieldWorks(downArrow+rightArrow,0.0f,2)" fullname="Tests.Testat02.TestAvatarSpeedFieldWorks(downArrow+rightArrow,0.0f,2)" methodname="TestAvatarSpeedFieldWorks" classname="Tests.Testat02" runstate="Runnable" seed="400650731" result="Failed" start-time="2020-11-16 21:21:41Z" end-time="2020-11-16 21:21:41Z" duration="0.013302" asserts="0">
              <properties/>
              <failure>
                <message><![CDATA[Unhandled log message: '[Error] Scene 'InputTest' couldn't be loaded because it has not been added to the build settings or the AssetBundle has not been loaded.
To add a scene to the build settings use the menu File->Build Settings...'. Use UnityEngine.TestTools.LogAssert.Expect]]></message>
                <stack-trace><![CDATA[UnityEngine.SceneManagement.SceneManager:LoadSceneAsync(String)
Tests.<TestAvatarSpeedFieldWorks>d__20:MoveNext() (at Assets/Tests/Testat02.cs:189)
UnityEngine.SetupCoroutine:InvokeMoveNext(IEnumerator, IntPtr)

]]></stack-trace>
              </failure>
              <output><![CDATA[Scene 'InputTest' couldn't be loaded because it has not been added to the build settings or the AssetBundle has not been loaded.
To add a scene to the build settings use the menu File->Build Settings...
]]></output>
            </test-case>
            <test-case id="1055" name="TestAvatarSpeedFieldWorks(downArrow+rightArrow,0.0f,4)" fullname="Tests.Testat02.TestAvatarSpeedFieldWorks(downArrow+rightArrow,0.0f,4)" methodname="TestAvatarSpeedFieldWorks" classname="Tests.Testat02" runstate="Runnable" seed="1881265486" result="Failed" start-time="2020-11-16 21:21:41Z" end-time="2020-11-16 21:21:41Z" duration="0.017825" asserts="0">
              <properties/>
              <failure>
                <message><![CDATA[Unhandled log message: '[Error] Scene 'InputTest' couldn't be loaded because it has not been added to the build settings or the AssetBundle has not been loaded.
To add a scene to the build settings use the menu File->Build Settings...'. Use UnityEngine.TestTools.LogAssert.Expect]]></message>
                <stack-trace><![CDATA[UnityEngine.SceneManagement.SceneManager:LoadSceneAsync(String)
Tests.<TestAvatarSpeedFieldWorks>d__20:MoveNext() (at Assets/Tests/Testat02.cs:189)
UnityEngine.SetupCoroutine:InvokeMoveNext(IEnumerator, IntPtr)

]]></stack-trace>
              </failure>
              <output><![CDATA[Scene 'InputTest' couldn't be loaded because it has not been added to the build settings or the AssetBundle has not been loaded.
To add a scene to the build settings use the menu File->Build Settings...
]]></output>
            </test-case>
            <test-case id="1056" name="TestAvatarSpeedFieldWorks(downArrow+rightArrow,5.0f,0)" fullname="Tests.Testat02.TestAvatarSpeedFieldWorks(downArrow+rightArrow,5.0f,0)" methodname="TestAvatarSpeedFieldWorks" classname="Tests.Testat02" runstate="Runnable" seed="862117302" result="Failed" start-time="2020-11-16 21:21:41Z" end-time="2020-11-16 21:21:41Z" duration="0.007572" asserts="0">
              <properties/>
              <failure>
                <message><![CDATA[Unhandled log message: '[Error] Scene 'InputTest' couldn't be loaded because it has not been added to the build settings or the AssetBundle has not been loaded.
To add a scene to the build settings use the menu File->Build Settings...'. Use UnityEngine.TestTools.LogAssert.Expect]]></message>
                <stack-trace><![CDATA[UnityEngine.SceneManagement.SceneManager:LoadSceneAsync(String)
Tests.<TestAvatarSpeedFieldWorks>d__20:MoveNext() (at Assets/Tests/Testat02.cs:189)
UnityEngine.SetupCoroutine:InvokeMoveNext(IEnumerator, IntPtr)

]]></stack-trace>
              </failure>
              <output><![CDATA[Scene 'InputTest' couldn't be loaded because it has not been added to the build settings or the AssetBundle has not been loaded.
To add a scene to the build settings use the menu File->Build Settings...
]]></output>
            </test-case>
            <test-case id="1057" name="TestAvatarSpeedFieldWorks(downArrow+rightArrow,5.0f,2)" fullname="Tests.Testat02.TestAvatarSpeedFieldWorks(downArrow+rightArrow,5.0f,2)" methodname="TestAvatarSpeedFieldWorks" classname="Tests.Testat02" runstate="Runnable" seed="119410549" result="Failed" start-time="2020-11-16 21:21:41Z" end-time="2020-11-16 21:21:41Z" duration="0.012728" asserts="0">
              <properties/>
              <failure>
                <message><![CDATA[Unhandled log message: '[Error] Scene 'InputTest' couldn't be loaded because it has not been added to the build settings or the AssetBundle has not been loaded.
To add a scene to the build settings use the menu File->Build Settings...'. Use UnityEngine.TestTools.LogAssert.Expect]]></message>
                <stack-trace><![CDATA[UnityEngine.SceneManagement.SceneManager:LoadSceneAsync(String)
Tests.<TestAvatarSpeedFieldWorks>d__20:MoveNext() (at Assets/Tests/Testat02.cs:189)
UnityEngine.SetupCoroutine:InvokeMoveNext(IEnumerator, IntPtr)

]]></stack-trace>
              </failure>
              <output><![CDATA[Scene 'InputTest' couldn't be loaded because it has not been added to the build settings or the AssetBundle has not been loaded.
To add a scene to the build settings use the menu File->Build Settings...
]]></output>
            </test-case>
            <test-case id="1058" name="TestAvatarSpeedFieldWorks(downArrow+rightArrow,5.0f,4)" fullname="Tests.Testat02.TestAvatarSpeedFieldWorks(downArrow+rightArrow,5.0f,4)" methodname="TestAvatarSpeedFieldWorks" classname="Tests.Testat02" runstate="Runnable" seed="314859454" result="Failed" start-time="2020-11-16 21:21:41Z" end-time="2020-11-16 21:21:41Z" duration="0.013498" asserts="0">
              <properties/>
              <failure>
                <message><![CDATA[Unhandled log message: '[Error] Scene 'InputTest' couldn't be loaded because it has not been added to the build settings or the AssetBundle has not been loaded.
To add a scene to the build settings use the menu File->Build Settings...'. Use UnityEngine.TestTools.LogAssert.Expect]]></message>
                <stack-trace><![CDATA[UnityEngine.SceneManagement.SceneManager:LoadSceneAsync(String)
Tests.<TestAvatarSpeedFieldWorks>d__20:MoveNext() (at Assets/Tests/Testat02.cs:189)
UnityEngine.SetupCoroutine:InvokeMoveNext(IEnumerator, IntPtr)

]]></stack-trace>
              </failure>
              <output><![CDATA[Scene 'InputTest' couldn't be loaded because it has not been added to the build settings or the AssetBundle has not been loaded.
To add a scene to the build settings use the menu File->Build Settings...
]]></output>
            </test-case>
            <test-case id="1059" name="TestAvatarSpeedFieldWorks(upArrow+leftArrow,0.0f,0)" fullname="Tests.Testat02.TestAvatarSpeedFieldWorks(upArrow+leftArrow,0.0f,0)" methodname="TestAvatarSpeedFieldWorks" classname="Tests.Testat02" runstate="Runnable" seed="329829905" result="Failed" start-time="2020-11-16 21:21:41Z" end-time="2020-11-16 21:21:41Z" duration="0.013272" asserts="0">
              <properties/>
              <failure>
                <message><![CDATA[Unhandled log message: '[Error] Scene 'InputTest' couldn't be loaded because it has not been added to the build settings or the AssetBundle has not been loaded.
To add a scene to the build settings use the menu File->Build Settings...'. Use UnityEngine.TestTools.LogAssert.Expect]]></message>
                <stack-trace><![CDATA[UnityEngine.SceneManagement.SceneManager:LoadSceneAsync(String)
Tests.<TestAvatarSpeedFieldWorks>d__20:MoveNext() (at Assets/Tests/Testat02.cs:189)
UnityEngine.SetupCoroutine:InvokeMoveNext(IEnumerator, IntPtr)

]]></stack-trace>
              </failure>
              <output><![CDATA[Scene 'InputTest' couldn't be loaded because it has not been added to the build settings or the AssetBundle has not been loaded.
To add a scene to the build settings use the menu File->Build Settings...
]]></output>
            </test-case>
            <test-case id="1060" name="TestAvatarSpeedFieldWorks(upArrow+leftArrow,0.0f,2)" fullname="Tests.Testat02.TestAvatarSpeedFieldWorks(upArrow+leftArrow,0.0f,2)" methodname="TestAvatarSpeedFieldWorks" classname="Tests.Testat02" runstate="Runnable" seed="801490123" result="Failed" start-time="2020-11-16 21:21:41Z" end-time="2020-11-16 21:21:41Z" duration="0.013733" asserts="0">
              <properties/>
              <failure>
                <message><![CDATA[Unhandled log message: '[Error] Scene 'InputTest' couldn't be loaded because it has not been added to the build settings or the AssetBundle has not been loaded.
To add a scene to the build settings use the menu File->Build Settings...'. Use UnityEngine.TestTools.LogAssert.Expect]]></message>
                <stack-trace><![CDATA[UnityEngine.SceneManagement.SceneManager:LoadSceneAsync(String)
Tests.<TestAvatarSpeedFieldWorks>d__20:MoveNext() (at Assets/Tests/Testat02.cs:189)
UnityEngine.SetupCoroutine:InvokeMoveNext(IEnumerator, IntPtr)

]]></stack-trace>
              </failure>
              <output><![CDATA[Scene 'InputTest' couldn't be loaded because it has not been added to the build settings or the AssetBundle has not been loaded.
To add a scene to the build settings use the menu File->Build Settings...
]]></output>
            </test-case>
            <test-case id="1061" name="TestAvatarSpeedFieldWorks(upArrow+leftArrow,0.0f,4)" fullname="Tests.Testat02.TestAvatarSpeedFieldWorks(upArrow+leftArrow,0.0f,4)" methodname="TestAvatarSpeedFieldWorks" classname="Tests.Testat02" runstate="Runnable" seed="973644815" result="Failed" start-time="2020-11-16 21:21:41Z" end-time="2020-11-16 21:21:41Z" duration="0.011631" asserts="0">
              <properties/>
              <failure>
                <message><![CDATA[Unhandled log message: '[Error] Scene 'InputTest' couldn't be loaded because it has not been added to the build settings or the AssetBundle has not been loaded.
To add a scene to the build settings use the menu File->Build Settings...'. Use UnityEngine.TestTools.LogAssert.Expect]]></message>
                <stack-trace><![CDATA[UnityEngine.SceneManagement.SceneManager:LoadSceneAsync(String)
Tests.<TestAvatarSpeedFieldWorks>d__20:MoveNext() (at Assets/Tests/Testat02.cs:189)
UnityEngine.SetupCoroutine:InvokeMoveNext(IEnumerator, IntPtr)

]]></stack-trace>
              </failure>
              <output><![CDATA[Scene 'InputTest' couldn't be loaded because it has not been added to the build settings or the AssetBundle has not been loaded.
To add a scene to the build settings use the menu File->Build Settings...
]]></output>
            </test-case>
            <test-case id="1062" name="TestAvatarSpeedFieldWorks(upArrow+leftArrow,5.0f,0)" fullname="Tests.Testat02.TestAvatarSpeedFieldWorks(upArrow+leftArrow,5.0f,0)" methodname="TestAvatarSpeedFieldWorks" classname="Tests.Testat02" runstate="Runnable" seed="2015807837" result="Failed" start-time="2020-11-16 21:21:41Z" end-time="2020-11-16 21:21:41Z" duration="0.013255" asserts="0">
              <properties/>
              <failure>
                <message><![CDATA[Unhandled log message: '[Error] Scene 'InputTest' couldn't be loaded because it has not been added to the build settings or the AssetBundle has not been loaded.
To add a scene to the build settings use the menu File->Build Settings...'. Use UnityEngine.TestTools.LogAssert.Expect]]></message>
                <stack-trace><![CDATA[UnityEngine.SceneManagement.SceneManager:LoadSceneAsync(String)
Tests.<TestAvatarSpeedFieldWorks>d__20:MoveNext() (at Assets/Tests/Testat02.cs:189)
UnityEngine.SetupCoroutine:InvokeMoveNext(IEnumerator, IntPtr)

]]></stack-trace>
              </failure>
              <output><![CDATA[Scene 'InputTest' couldn't be loaded because it has not been added to the build settings or the AssetBundle has not been loaded.
To add a scene to the build settings use the menu File->Build Settings...
]]></output>
            </test-case>
            <test-case id="1063" name="TestAvatarSpeedFieldWorks(upArrow+leftArrow,5.0f,2)" fullname="Tests.Testat02.TestAvatarSpeedFieldWorks(upArrow+leftArrow,5.0f,2)" methodname="TestAvatarSpeedFieldWorks" classname="Tests.Testat02" runstate="Runnable" seed="1928524574" result="Failed" start-time="2020-11-16 21:21:41Z" end-time="2020-11-16 21:21:41Z" duration="0.012859" asserts="0">
              <properties/>
              <failure>
                <message><![CDATA[Unhandled log message: '[Error] Scene 'InputTest' couldn't be loaded because it has not been added to the build settings or the AssetBundle has not been loaded.
To add a scene to the build settings use the menu File->Build Settings...'. Use UnityEngine.TestTools.LogAssert.Expect]]></message>
                <stack-trace><![CDATA[UnityEngine.SceneManagement.SceneManager:LoadSceneAsync(String)
Tests.<TestAvatarSpeedFieldWorks>d__20:MoveNext() (at Assets/Tests/Testat02.cs:189)
UnityEngine.SetupCoroutine:InvokeMoveNext(IEnumerator, IntPtr)

]]></stack-trace>
              </failure>
              <output><![CDATA[Scene 'InputTest' couldn't be loaded because it has not been added to the build settings or the AssetBundle has not been loaded.
To add a scene to the build settings use the menu File->Build Settings...
]]></output>
            </test-case>
            <test-case id="1064" name="TestAvatarSpeedFieldWorks(upArrow+leftArrow,5.0f,4)" fullname="Tests.Testat02.TestAvatarSpeedFieldWorks(upArrow+leftArrow,5.0f,4)" methodname="TestAvatarSpeedFieldWorks" classname="Tests.Testat02" runstate="Runnable" seed="1228710661" result="Failed" start-time="2020-11-16 21:21:41Z" end-time="2020-11-16 21:21:41Z" duration="0.012705" asserts="0">
              <properties/>
              <failure>
                <message><![CDATA[Unhandled log message: '[Error] Scene 'InputTest' couldn't be loaded because it has not been added to the build settings or the AssetBundle has not been loaded.
To add a scene to the build settings use the menu File->Build Settings...'. Use UnityEngine.TestTools.LogAssert.Expect]]></message>
                <stack-trace><![CDATA[UnityEngine.SceneManagement.SceneManager:LoadSceneAsync(String)
Tests.<TestAvatarSpeedFieldWorks>d__20:MoveNext() (at Assets/Tests/Testat02.cs:189)
UnityEngine.SetupCoroutine:InvokeMoveNext(IEnumerator, IntPtr)

]]></stack-trace>
              </failure>
              <output><![CDATA[Scene 'InputTest' couldn't be loaded because it has not been added to the build settings or the AssetBundle has not been loaded.
To add a scene to the build settings use the menu File->Build Settings...
]]></output>
            </test-case>
            <test-case id="1065" name="TestAvatarSpeedFieldWorks(downArrow+leftArrow,0.0f,0)" fullname="Tests.Testat02.TestAvatarSpeedFieldWorks(downArrow+leftArrow,0.0f,0)" methodname="TestAvatarSpeedFieldWorks" classname="Tests.Testat02" runstate="Runnable" seed="515165371" result="Failed" start-time="2020-11-16 21:21:41Z" end-time="2020-11-16 21:21:41Z" duration="0.013558" asserts="0">
              <properties/>
              <failure>
                <message><![CDATA[Unhandled log message: '[Error] Scene 'InputTest' couldn't be loaded because it has not been added to the build settings or the AssetBundle has not been loaded.
To add a scene to the build settings use the menu File->Build Settings...'. Use UnityEngine.TestTools.LogAssert.Expect]]></message>
                <stack-trace><![CDATA[UnityEngine.SceneManagement.SceneManager:LoadSceneAsync(String)
Tests.<TestAvatarSpeedFieldWorks>d__20:MoveNext() (at Assets/Tests/Testat02.cs:189)
UnityEngine.SetupCoroutine:InvokeMoveNext(IEnumerator, IntPtr)

]]></stack-trace>
              </failure>
              <output><![CDATA[Scene 'InputTest' couldn't be loaded because it has not been added to the build settings or the AssetBundle has not been loaded.
To add a scene to the build settings use the menu File->Build Settings...
]]></output>
            </test-case>
            <test-case id="1066" name="TestAvatarSpeedFieldWorks(downArrow+leftArrow,0.0f,2)" fullname="Tests.Testat02.TestAvatarSpeedFieldWorks(downArrow+leftArrow,0.0f,2)" methodname="TestAvatarSpeedFieldWorks" classname="Tests.Testat02" runstate="Runnable" seed="1206249346" result="Failed" start-time="2020-11-16 21:21:41Z" end-time="2020-11-16 21:21:41Z" duration="0.012866" asserts="0">
              <properties/>
              <failure>
                <message><![CDATA[Unhandled log message: '[Error] Scene 'InputTest' couldn't be loaded because it has not been added to the build settings or the AssetBundle has not been loaded.
To add a scene to the build settings use the menu File->Build Settings...'. Use UnityEngine.TestTools.LogAssert.Expect]]></message>
                <stack-trace><![CDATA[UnityEngine.SceneManagement.SceneManager:LoadSceneAsync(String)
Tests.<TestAvatarSpeedFieldWorks>d__20:MoveNext() (at Assets/Tests/Testat02.cs:189)
UnityEngine.SetupCoroutine:InvokeMoveNext(IEnumerator, IntPtr)

]]></stack-trace>
              </failure>
              <output><![CDATA[Scene 'InputTest' couldn't be loaded because it has not been added to the build settings or the AssetBundle has not been loaded.
To add a scene to the build settings use the menu File->Build Settings...
]]></output>
            </test-case>
            <test-case id="1067" name="TestAvatarSpeedFieldWorks(downArrow+leftArrow,0.0f,4)" fullname="Tests.Testat02.TestAvatarSpeedFieldWorks(downArrow+leftArrow,0.0f,4)" methodname="TestAvatarSpeedFieldWorks" classname="Tests.Testat02" runstate="Runnable" seed="1782043522" result="Failed" start-time="2020-11-16 21:21:41Z" end-time="2020-11-16 21:21:41Z" duration="0.013088" asserts="0">
              <properties/>
              <failure>
                <message><![CDATA[Unhandled log message: '[Error] Scene 'InputTest' couldn't be loaded because it has not been added to the build settings or the AssetBundle has not been loaded.
To add a scene to the build settings use the menu File->Build Settings...'. Use UnityEngine.TestTools.LogAssert.Expect]]></message>
                <stack-trace><![CDATA[UnityEngine.SceneManagement.SceneManager:LoadSceneAsync(String)
Tests.<TestAvatarSpeedFieldWorks>d__20:MoveNext() (at Assets/Tests/Testat02.cs:189)
UnityEngine.SetupCoroutine:InvokeMoveNext(IEnumerator, IntPtr)

]]></stack-trace>
              </failure>
              <output><![CDATA[Scene 'InputTest' couldn't be loaded because it has not been added to the build settings or the AssetBundle has not been loaded.
To add a scene to the build settings use the menu File->Build Settings...
]]></output>
            </test-case>
            <test-case id="1068" name="TestAvatarSpeedFieldWorks(downArrow+leftArrow,5.0f,0)" fullname="Tests.Testat02.TestAvatarSpeedFieldWorks(downArrow+leftArrow,5.0f,0)" methodname="TestAvatarSpeedFieldWorks" classname="Tests.Testat02" runstate="Runnable" seed="1832493247" result="Failed" start-time="2020-11-16 21:21:41Z" end-time="2020-11-16 21:21:41Z" duration="0.013220" asserts="0">
              <properties/>
              <failure>
                <message><![CDATA[Unhandled log message: '[Error] Scene 'InputTest' couldn't be loaded because it has not been added to the build settings or the AssetBundle has not been loaded.
To add a scene to the build settings use the menu File->Build Settings...'. Use UnityEngine.TestTools.LogAssert.Expect]]></message>
                <stack-trace><![CDATA[UnityEngine.SceneManagement.SceneManager:LoadSceneAsync(String)
Tests.<TestAvatarSpeedFieldWorks>d__20:MoveNext() (at Assets/Tests/Testat02.cs:189)
UnityEngine.SetupCoroutine:InvokeMoveNext(IEnumerator, IntPtr)

]]></stack-trace>
              </failure>
              <output><![CDATA[Scene 'InputTest' couldn't be loaded because it has not been added to the build settings or the AssetBundle has not been loaded.
[...]
              <properties/>
            </test-case>
            <test-case id="1034" name="TestAvatarSpeedFieldWorks(downArrow,5.0f,4)" fullname="Tests.Testat02.TestAvatarSpeedFieldWorks(downArrow,5.0f,4)" methodname="TestAvatarSpeedFieldWorks" classname="Tests.Testat02" runstate="Runnable" seed="1836269503" result="Passed" start-time="2020-11-16 21:30:17Z" end-time="2020-11-16 21:30:17Z" duration="0.093071" asserts="0">
              <properties/>
            </test-case>
            <test-case id="1035" name="TestAvatarSpeedFieldWorks(leftArrow,0.0f,0)" fullname="Tests.Testat02.TestAvatarSpeedFieldWorks(leftArrow,0.0f,0)" methodname="TestAvatarSpeedFieldWorks" classname="Tests.Testat02" runstate="Runnable" seed="493452545" result="Passed" start-time="2020-11-16 21:30:17Z" end-time="2020-11-16 21:30:17Z" duration="0.019175" asserts="0">
              <properties/>
            </test-case>
            <test-case id="1036" name="TestAvatarSpeedFieldWorks(leftArrow,0.0f,2)" fullname="Tests.Testat02.TestAvatarSpeedFieldWorks(leftArrow,0.0f,2)" methodname="TestAvatarSpeedFieldWorks" classname="Tests.Testat02" runstate="Runnable" seed="1218212212" result="Passed" start-time="2020-11-16 21:30:17Z" end-time="2020-11-16 21:30:17Z" duration="0.048288" asserts="0">
              <properties/>
            </test-case>
            <test-case id="1037" name="TestAvatarSpeedFieldWorks(leftArrow,0.0f,4)" fullname="Tests.Testat02.TestAvatarSpeedFieldWorks(leftArrow,0.0f,4)" methodname="TestAvatarSpeedFieldWorks" classname="Tests.Testat02" runstate="Runnable" seed="632016793" result="Passed" start-time="2020-11-16 21:30:17Z" end-time="2020-11-16 21:30:17Z" duration="0.092351" asserts="0">
              <properties/>
            </test-case>
            <test-case id="1038" name="TestAvatarSpeedFieldWorks(leftArrow,5.0f,0)" fullname="Tests.Testat02.TestAvatarSpeedFieldWorks(leftArrow,5.0f,0)" methodname="TestAvatarSpeedFieldWorks" classname="Tests.Testat02" runstate="Runnable" seed="1670807680" result="Passed" start-time="2020-11-16 21:30:17Z" end-time="2020-11-16 21:30:17Z" duration="0.016763" asserts="0">
              <properties/>
            </test-case>
            <test-case id="1039" name="TestAvatarSpeedFieldWorks(leftArrow,5.0f,2)" fullname="Tests.Testat02.TestAvatarSpeedFieldWorks(leftArrow,5.0f,2)" methodname="TestAvatarSpeedFieldWorks" classname="Tests.Testat02" runstate="Runnable" seed="1037951451" result="Passed" start-time="2020-11-16 21:30:17Z" end-time="2020-11-16 21:30:17Z" duration="0.046094" asserts="0">
              <properties/>
            </test-case>
            <test-case id="1040" name="TestAvatarSpeedFieldWorks(leftArrow,5.0f,4)" fullname="Tests.Testat02.TestAvatarSpeedFieldWorks(leftArrow,5.0f,4)" methodname="TestAvatarSpeedFieldWorks" classname="Tests.Testat02" runstate="Runnable" seed="530029164" result="Passed" start-time="2020-11-16 21:30:17Z" end-time="2020-11-16 21:30:17Z" duration="0.090990" asserts="0">
              <properties/>
            </test-case>
            <test-case id="1041" name="TestAvatarSpeedFieldWorks(rightArrow,0.0f,0)" fullname="Tests.Testat02.TestAvatarSpeedFieldWorks(rightArrow,0.0f,0)" methodname="TestAvatarSpeedFieldWorks" classname="Tests.Testat02" runstate="Runnable" seed="1563339013" result="Passed" start-time="2020-11-16 21:30:17Z" end-time="2020-11-16 21:30:17Z" duration="0.016244" asserts="0">
              <properties/>
            </test-case>
            <test-case id="1042" name="TestAvatarSpeedFieldWorks(rightArrow,0.0f,2)" fullname="Tests.Testat02.TestAvatarSpeedFieldWorks(rightArrow,0.0f,2)" methodname="TestAvatarSpeedFieldWorks" classname="Tests.Testat02" runstate="Runnable" seed="516719888" result="Passed" start-time="2020-11-16 21:30:17Z" end-time="2020-11-16 21:30:17Z" duration="0.048981" asserts="0">
              <properties/>
            </test-case>
            <test-case id="1043" name="TestAvatarSpeedFieldWorks(rightArrow,0.0f,4)" fullname="Tests.Testat02.TestAvatarSpeedFieldWorks(rightArrow,0.0f,4)" methodname="TestAvatarSpeedFieldWorks" classname="Tests.Testat02" runstate="Runnable" seed="415266721" result="Passed" start-time="2020-11-16 21:30:17Z" end-time="2020-11-16 21:30:17Z" duration="0.091062" asserts="0">
              <properties/>
            </test-case>
            <test-case id="1044" name="TestAvatarSpeedFieldWorks(rightArrow,5.0f,0)" fullname="Tests.Testat02.TestAvatarSpeedFieldWorks(rightArrow,5.0f,0)" methodname="TestAvatarSpeedFieldWorks" classname="Tests.Testat02" runstate="Runnable" seed="665540313" result="Passed" start-time="2020-11-16 21:30:17Z" end-time="2020-11-16 21:30:17Z" duration="0.017844" asserts="0">
              <properties/>
            </test-case>
            <test-case id="1045" name="TestAvatarSpeedFieldWorks(rightArrow,5.0f,2)" fullname="Tests.Testat02.TestAvatarSpeedFieldWorks(rightArrow,5.0f,2)" methodname="TestAvatarSpeedFieldWorks" classname="Tests.Testat02" runstate="Runnable" seed="1887878828" result="Passed" start-time="2020-11-16 21:30:17Z" end-time="2020-11-16 21:30:17Z" duration="0.045933" asserts="0">
              <properties/>
            </test-case>
            <test-case id="1046" name="TestAvatarSpeedFieldWorks(rightArrow,5.0f,4)" fullname="Tests.Testat02.TestAvatarSpeedFieldWorks(rightArrow,5.0f,4)" methodname="TestAvatarSpeedFieldWorks" classname="Tests.Testat02" runstate="Runnable" seed="1301367050" result="Passed" start-time="2020-11-16 21:30:17Z" end-time="2020-11-16 21:30:17Z" duration="0.092498" asserts="0">
              <properties/>
            </test-case>
            <test-case id="1047" name="TestAvatarSpeedFieldWorks(upArrow+rightArrow,0.0f,0)" fullname="Tests.Testat02.TestAvatarSpeedFieldWorks(upArrow+rightArrow,0.0f,0)" methodname="TestAvatarSpeedFieldWorks" classname="Tests.Testat02" runstate="Runnable" seed="189938621" result="Passed" start-time="2020-11-16 21:30:17Z" end-time="2020-11-16 21:30:17Z" duration="0.019568" asserts="0">
              <properties/>
            </test-case>
            <test-case id="1048" name="TestAvatarSpeedFieldWorks(upArrow+rightArrow,0.0f,2)" fullname="Tests.Testat02.TestAvatarSpeedFieldWorks(upArrow+rightArrow,0.0f,2)" methodname="TestAvatarSpeedFieldWorks" classname="Tests.Testat02" runstate="Runnable" seed="1979424228" result="Passed" start-time="2020-11-16 21:30:17Z" end-time="2020-11-16 21:30:17Z" duration="0.048288" asserts="0">
              <properties/>
            </test-case>
            <test-case id="1049" name="TestAvatarSpeedFieldWorks(upArrow+rightArrow,0.0f,4)" fullname="Tests.Testat02.TestAvatarSpeedFieldWorks(upArrow+rightArrow,0.0f,4)" methodname="TestAvatarSpeedFieldWorks" classname="Tests.Testat02" runstate="Runnable" seed="1506944387" result="Passed" start-time="2020-11-16 21:30:17Z" end-time="2020-11-16 21:30:17Z" duration="0.091702" asserts="0">
              <properties/>
            </test-case>
            <test-case id="1050" name="TestAvatarSpeedFieldWorks(upArrow+rightArrow,5.0f,0)" fullname="Tests.Testat02.TestAvatarSpeedFieldWorks(upArrow+rightArrow,5.0f,0)" methodname="TestAvatarSpeedFieldWorks" classname="Tests.Testat02" runstate="Runnable" seed="46860670" result="Passed" start-time="2020-11-16 21:30:17Z" end-time="2020-11-16 21:30:17Z" duration="0.022896" asserts="0">
              <properties/>
            </test-case>
            <test-case id="1051" name="TestAvatarSpeedFieldWorks(upArrow+rightArrow,5.0f,2)" fullname="Tests.Testat02.TestAvatarSpeedFieldWorks(upArrow+rightArrow,5.0f,2)" methodname="TestAvatarSpeedFieldWorks" classname="Tests.Testat02" runstate="Runnable" seed="2058749089" result="Passed" start-time="2020-11-16 21:30:17Z" end-time="2020-11-16 21:30:18Z" duration="0.046722" asserts="0">
              <properties/>
            </test-case>
            <test-case id="1052" name="TestAvatarSpeedFieldWorks(upArrow+rightArrow,5.0f,4)" fullname="Tests.Testat02.TestAvatarSpeedFieldWorks(upArrow+rightArrow,5.0f,4)" methodname="TestAvatarSpeedFieldWorks" classname="Tests.Testat02" runstate="Runnable" seed="1936862589" result="Passed" start-time="2020-11-16 21:30:18Z" end-time="2020-11-16 21:30:18Z" duration="0.095486" asserts="0">
              <properties/>
            </test-case>
            <test-case id="1053" name="TestAvatarSpeedFieldWorks(downArrow+rightArrow,0.0f,0)" fullname="Tests.Testat02.TestAvatarSpeedFieldWorks(downArrow+rightArrow,0.0f,0)" methodname="TestAvatarSpeedFieldWorks" classname="Tests.Testat02" runstate="Runnable" seed="1618146863" result="Passed" start-time="2020-11-16 21:30:18Z" end-time="2020-11-16 21:30:18Z" duration="0.023213" asserts="0">
              <properties/>
            </test-case>
            <test-case id="1054" name="TestAvatarSpeedFieldWorks(downArrow+rightArrow,0.0f,2)" fullname="Tests.Testat02.TestAvatarSpeedFieldWorks(downArrow+rightArrow,0.0f,2)" methodname="TestAvatarSpeedFieldWorks" classname="Tests.Testat02" runstate="Runnable" seed="1323121447" result="Passed" start-time="2020-11-16 21:30:18Z" end-time="2020-11-16 21:30:18Z" duration="0.048368" asserts="0">
              <properties/>
            </test-case>
            <test-case id="1055" name="TestAvatarSpeedFieldWorks(downArrow+rightArrow,0.0f,4)" fullname="Tests.Testat02.TestAvatarSpeedFieldWorks(downArrow+rightArrow,0.0f,4)" methodname="TestAvatarSpeedFieldWorks" classname="Tests.Testat02" runstate="Runnable" seed="1794680444" result="Passed" start-time="2020-11-16 21:30:18Z" end-time="2020-11-16 21:30:18Z" duration="0.098441" asserts="0">
              <properties/>
            </test-case>
            <test-case id="1056" name="TestAvatarSpeedFieldWorks(downArrow+rightArrow,5.0f,0)" fullname="Tests.Testat02.TestAvatarSpeedFieldWorks(downArrow+rightArrow,5.0f,0)" methodname="TestAvatarSpeedFieldWorks" classname="Tests.Testat02" runstate="Runnable" seed="619450102" result="Passed" start-time="2020-11-16 21:30:18Z" end-time="2020-11-16 21:30:18Z" duration="0.019042" asserts="0">
              <properties/>
            </test-case>
            <test-case id="1057" name="TestAvatarSpeedFieldWorks(downArrow+rightArrow,5.0f,2)" fullname="Tests.Testat02.TestAvatarSpeedFieldWorks(downArrow+rightArrow,5.0f,2)" methodname="TestAvatarSpeedFieldWorks" classname="Tests.Testat02" runstate="Runnable" seed="1462715677" result="Passed" start-time="2020-11-16 21:30:18Z" end-time="2020-11-16 21:30:18Z" duration="0.046131" asserts="0">
              <properties/>
            </test-case>
            <test-case id="1058" name="TestAvatarSpeedFieldWorks(downArrow+rightArrow,5.0f,4)" fullname="Tests.Testat02.TestAvatarSpeedFieldWorks(downArrow+rightArrow,5.0f,4)" methodname="TestAvatarSpeedFieldWorks" classname="Tests.Testat02" runstate="Runnable" seed="1101100883" result="Passed" start-time="2020-11-16 21:30:18Z" end-time="2020-11-16 21:30:18Z" duration="0.093154" asserts="0">
              <properties/>
            </test-case>
            <test-case id="1059" name="TestAvatarSpeedFieldWorks(upArrow+leftArrow,0.0f,0)" fullname="Tests.Testat02.TestAvatarSpeedFieldWorks(upArrow+leftArrow,0.0f,0)" methodname="TestAvatarSpeedFieldWorks" classname="Tests.Testat02" runstate="Runnable" seed="817285881" result="Passed" start-time="2020-11-16 21:30:18Z" end-time="2020-11-16 21:30:18Z" duration="0.017716" asserts="0">
              <properties/>
            </test-case>
            <test-case id="1060" name="TestAvatarSpeedFieldWorks(upArrow+leftArrow,0.0f,2)" fullname="Tests.Testat02.TestAvatarSpeedFieldWorks(upArrow+leftArrow,0.0f,2)" methodname="TestAvatarSpeedFieldWorks" classname="Tests.Testat02" runstate="Runnable" seed="1031984831" result="Passed" start-time="2020-11-16 21:30:18Z" end-time="2020-11-16 21:30:18Z" duration="0.049300" asserts="0">
              <properties/>
            </test-case>
            <test-case id="1061" name="TestAvatarSpeedFieldWorks(upArrow+leftArrow,0.0f,4)" fullname="Tests.Testat02.TestAvatarSpeedFieldWorks(upArrow+leftArrow,0.0f,4)" methodname="TestAvatarSpeedFieldWorks" classname="Tests.Testat02" runstate="Runnable" seed="818643435" result="Passed" start-time="2020-11-16 21:30:18Z" end-time="2020-11-16 21:30:18Z" duration="0.095125" asserts="0">
              <properties/>
            </test-case>
            <test-case id="1062" name="TestAvatarSpeedFieldWorks(upArrow+leftArrow,5.0f,0)" fullname="Tests.Testat02.TestAvatarSpeedFieldWorks(upArrow+leftArrow,5.0f,0)" methodname="TestAvatarSpeedFieldWorks" classname="Tests.Testat02" runstate="Runnable" seed="1422206835" result="Passed" start-time="2020-11-16 21:30:18Z" end-time="2020-11-16 21:30:18Z" duration="0.018158" asserts="0">
              <properties/>
            </test-case>
            <test-case id="1063" name="TestAvatarSpeedFieldWorks(upArrow+leftArrow,5.0f,2)" fullname="Tests.Testat02.TestAvatarSpeedFieldWorks(upArrow+leftArrow,5.0f,2)" methodname="TestAvatarSpeedFieldWorks" classname="Tests.Testat02" runstate="Runnable" seed="336605029" result="Passed" start-time="2020-11-16 21:30:18Z" end-time="2020-11-16 21:30:18Z" duration="0.046556" asserts="0">
              <properties/>
            </test-case>
            <test-case id="1064" name="TestAvatarSpeedFieldWorks(upArrow+leftArrow,5.0f,4)" fullname="Tests.Testat02.TestAvatarSpeedFieldWorks(upArrow+leftArrow,5.0f,4)" methodname="TestAvatarSpeedFieldWorks" classname="Tests.Testat02" runstate="Runnable" seed="44664530" result="Passed" start-time="2020-11-16 21:30:18Z" end-time="2020-11-16 21:30:18Z" duration="0.093299" asserts="0">
              <properties/>
            </test-case>
            <test-case id="1065" name="TestAvatarSpeedFieldWorks(downArrow+leftArrow,0.0f,0)" fullname="Tests.Testat02.TestAvatarSpeedFieldWorks(downArrow+leftArrow,0.0f,0)" methodname="TestAvatarSpeedFieldWorks" classname="Tests.Testat02" runstate="Runnable" seed="466548816" result="Passed" start-time="2020-11-16 21:30:18Z" end-time="2020-11-16 21:30:18Z" duration="0.016952" asserts="0">
              <properties/>
            </test-case>
            <test-case id="1066" name="TestAvatarSpeedFieldWorks(downArrow+leftArrow,0.0f,2)" fullname="Tests.Testat02.TestAvatarSpeedFieldWorks(downArrow+leftArrow,0.0f,2)" methodname="TestAvatarSpeedFieldWorks" classname="Tests.Testat02" runstate="Runnable" seed="901463101" result="Passed" start-time="2020-11-16 21:30:18Z" end-time="2020-11-16 21:30:18Z" duration="0.046457" asserts="0">
              <properties/>
            </test-case>
            <test-case id="1067" name="TestAvatarSpeedFieldWorks(downArrow+leftArrow,0.0f,4)" fullname="Tests.Testat02.TestAvatarSpeedFieldWorks(downArrow+leftArrow,0.0f,4)" methodname="TestAvatarSpeedFieldWorks" classname="Tests.Testat02" runstate="Runnable" seed="1037281254" result="Passed" start-time="2020-11-16 21:30:18Z" end-time="2020-11-16 21:30:18Z" duration="0.091803" asserts="0">
              <properties/>
            </test-case>
            <test-case id="1068" name="TestAvatarSpeedFieldWorks(downArrow+leftArrow,5.0f,0)" fullname="Tests.Testat02.TestAvatarSpeedFieldWorks(downArrow+leftArrow,5.0f,0)" methodname="TestAvatarSpeedFieldWorks" classname="Tests.Testat02" runstate="Runnable" seed="1224681258" result="Passed" start-time="2020-11-16 21:30:18Z" end-time="2020-11-16 21:30:18Z" duration="0.017279" asserts="0">
              <properties/>
            </test-case>
            <test-case id="1069" name="TestAvatarSpeedFieldWorks(downArrow+leftArrow,5.0f,2)" fullname="Tests.Testat02.TestAvatarSpeedFieldWorks(downArrow+leftArrow,5.0f,2)" methodname="TestAvatarSpeedFieldWorks" classname="Tests.Testat02" runstate="Runnable" seed="1061073416" result="Passed" start-time="2020-11-16 21:30:18Z" end-time="2020-11-16 21:30:19Z" duration="0.047391" asserts="0">
              <properties/>
            </test-case>
            <test-case id="1070" name="TestAvatarSpeedFieldWorks(downArrow+leftArrow,5.0f,4)" fullname="Tests.Testat02.TestAvatarSpeedFieldWorks(downArrow+leftArrow,5.0f,4)" methodname="TestAvatarSpeedFieldWorks" classname="Tests.Testat02" runstate="Runnable" seed="696119412" result="Passed" start-time="2020-11-16 21:30:19Z" end-time="2020-11-16 21:30:19Z" duration="0.090954" asserts="0">
              <properties/>
            </test-case>
          </test-suite>
          <test-case id="1010" name="TestEmailAddress" fullname="Tests.Testat02.TestEmailAddress" methodname="TestEmailAddress" classname="Tests.Testat02" runstate="Runnable" seed="427091471" result="Passed" start-time="2020-11-16 21:30:19Z" end-time="2020-11-16 21:30:19Z" duration="0.001808" asserts="0">
            <properties/>
          </test-case>
          <test-suite type="ParameterizedMethod" id="1009" name="TestGitFiles" fullname="Tests.Testat02.TestGitFiles" classname="Tests.Testat02" runstate="Runnable" testcasecount="2" result="Passed" start-time="2020-11-16 21:30:19Z" end-time="2020-11-16 21:30:19Z" duration="0.003985" total="2" passed="2" failed="0" inconclusive="0" skipped="0" asserts="0">
            <properties/>
            <test-case id="1007" name="TestGitFiles(&quot;./.gitignore&quot;)" fullname="Tests.Testat02.TestGitFiles(&quot;./.gitignore&quot;)" methodname="TestGitFiles" classname="Tests.Testat02" runstate="Runnable" seed="979075770" result="Passed" start-time="2020-11-16 21:30:19Z" end-time="2020-11-16 21:30:19Z" duration="0.000905" asserts="0">
              <properties/>
            </test-case>
            <test-case id="1008" name="TestGitFiles(&quot;./.gitattributes&quot;)" fullname="Tests.Testat02.TestGitFiles(&quot;./.gitattributes&quot;)" methodname="TestGitFiles" classname="Tests.Testat02" runstate="Runnable" seed="571807990" result="Passed" start-time="2020-11-16 21:30:19Z" end-time="2020-11-16 21:30:19Z" duration="0.000587" asserts="0">
              <properties/>
            </test-case>
          </test-suite>
          <test-case id="1011" name="TestSceneExists" fullname="Tests.Testat02.TestSceneExists" methodname="TestSceneExists" classname="Tests.Testat02" runstate="Runnable" seed="1862519179" result="Passed" start-time="2020-11-16 21:30:19Z" end-time="2020-11-16 21:30:19Z" duration="0.000658" asserts="0">
            <properties/>
          </test-case>
        </test-suite>
      </test-suite>
    </test-suite>
    <test-suite type="Assembly" id="1076" name="Unity.InputSystem.IntegrationTests.dll" fullname="C:/Unity/workspace/2020WS.UnityPP.SimonSchuster93/Library/ScriptAssemblies/Unity.InputSystem.IntegrationTests.dll" runstate="Runnable" testcasecount="1" result="Passed" start-time="2020-11-16 21:30:19Z" end-time="2020-11-16 21:30:19Z" duration="0.025003" total="1" passed="1" failed="0" inconclusive="0" skipped="0" asserts="0">
      <properties>
        <property name="_PID" value="2716"/>
        <property name="_APPDOMAIN" value="Unity Child Domain"/>
        <property name="platform" value="PlayMode"/>
      </properties>
      <test-suite type="TestFixture" id="1074" name="IntegrationTests" fullname="IntegrationTests" classname="IntegrationTests" runstate="Runnable" testcasecount="1" result="Passed" start-time="2020-11-16 21:30:19Z" end-time="2020-11-16 21:30:19Z" duration="0.021816" total="1" passed="1" failed="0" inconclusive="0" skipped="0" asserts="0">
        <properties/>
        <test-case id="1075" name="Integration_CanSendAndReceiveEvents" fullname="IntegrationTests.Integration_CanSendAndReceiveEvents" methodname="Integration_CanSendAndReceiveEvents" classname="IntegrationTests" runstate="Runnable" seed="1948454146" result="Passed" start-time="2020-11-16 21:30:19Z" end-time="2020-11-16 21:30:19Z" duration="0.019435" asserts="0">
          <properties>
            <property name="Category" value="Integration"/>
          </properties>
        </test-case>
      </test-suite>
    </test-suite>
  </test-suite>
</test-run></repository></report>
